Dec 01, 2022 1:43:06 PM java.util.logging.LogManager$RootLogger log
INFO: Start of solver :getFeasiblePins() : Thu Dec 01 13:43:06 EST 2022


Dec 01, 2022 1:43:06 PM java.util.logging.LogManager$RootLogger log
INFO: 
timeout(ask_feasible_mapping([reserved([cpu,0,exception,nmi],'cpu_ctrl_xmc4$01637679009$0'),
reserved([cpu,0,exception,hardfault],'cpu_ctrl_xmc4$0571328980$0'),
reserved([cpu,0,exception,memmanage],'cpu_ctrl_xmc4$1768468879$0'),
reserved([cpu,0,exception,busfault],'cpu_ctrl_xmc4$1763234541$0'),
reserved([cpu,0,exception,usagefault],'cpu_ctrl_xmc4$1814460844$0'),
reserved([cpu,0,debug],'cpu_ctrl_xmc4$1964564605$0'),
reserved([debug_port,_,pad,_],'cpu_ctrl_xmc4$01540614004$0'),
reserved([debug_port,_,pad,_],'cpu_ctrl_xmc4$01540614322$0'),
reserved([fce,_,kernel,E_EEPROM_XMC40sv0],'e_eeprom_xmc4$02046768833$0'),
reserved([ccu4,_,cc4,_],'timer$844337652$0'),
reserved([ccu4,GLOBAL_CCU40sv0,global],'global_ccu4$01760137752$0'),
reserved([scu,_,gcu,ccu4_global_enable,GLOBAL_CCU40sv0],'global_ccu4$89752826$0'),
reserved([scu,0,clkctrl,0,pll],'clock_xmc4$01551378862$0'),
reserved([scu,0,clkctrl,0,sys],'clock_xmc4$01551375569$0'),
reserved([scu,0,clkctrl,0,cpu],'clock_xmc4$01551391222$0'),
reserved([scu,0,clkctrl,0,perbridge],'clock_xmc4$494804424$0'),
reserved([scu,0,clkctrl,0,ccu],'clock_xmc4$01551391625$0'),
reserved([scu,0,clkctrl,0,wdt],'clock_xmc4$01551372375$0'),
reserved([scu,0,clkctrl,0,usb],'clock_xmc4$01551373850$0'),
reserved([scu,0,clkctrl,0,sdmmc],'clock_xmc4$01551381723$0'),
reserved([scu,0,pwrctrl,0,hibernate],'clock_xmc4$0778278092$0'),
reserved([scu,0,rtcclksel],'clock_xmc4$1142722683$0'),
reserved([scu,0,trap,0,sysoscwd],'clock_xmc4$1091210735$0'),
reserved([scu,0,trap,0,sysvcolock],'clock_xmc4$1586947406$0'),
reserved([scu,0,trap,0,usbvcolock],'clock_xmc4$0261647995$0'),
reserved([scu,0,trap,0,ulpwdg],'clock_xmc4$01047137491$0'),
reserved([cpu,0,nvic,interrupt,_],'interrupt$01436523993$0'),
reserved([ecat,0,ecat],'ecat_ssc$0436332980$0'),
reserved([p,_,pad,_],'ecat_ssc$0298576776$0'),
reserved([p,_,pad,_],'ecat_ssc$0284923166$0'),
reserved([p,_,pad,_],'ecat_ssc$2141508748$0'),
reserved([p,_,pad,_],'ecat_ssc$0762203075$0'),
reserved([p,_,pad,_],'ecat_ssc$0620958616$0'),
reserved([p,_,pad,_],'ecat_ssc$0620971198$0'),
reserved([p,_,pad,_],'ecat_ssc$940416335$0'),
reserved([p,_,pad,_],'ecat_ssc$940416336$0'),
reserved([p,_,pad,_],'ecat_ssc$1407471914$0'),
reserved([p,_,pad,_],'ecat_ssc$0149012263$0'),
reserved([p,_,pad,_],'ecat_ssc$687929851$0'),
reserved([p,_,pad,_],'ecat_ssc$1407664706$0'),
reserved([p,_,pad,_],'ecat_ssc$1407664707$0'),
reserved([p,_,pad,_],'ecat_ssc$1407664708$0'),
reserved([p,_,pad,_],'ecat_ssc$1407664709$0'),
reserved([p,_,pad,_],'ecat_ssc$0149010148$0'),
reserved([p,_,pad,_],'ecat_ssc$1407724288$0'),
reserved([p,_,pad,_],'ecat_ssc$1407724289$0'),
reserved([p,_,pad,_],'ecat_ssc$1407724290$0'),
reserved([p,_,pad,_],'ecat_ssc$1407724291$0'),
reserved([p,_,pad,_],'ecat_ssc$091751987$0'),
reserved([p,_,pad,_],'ecat_ssc$091753961$0'),
reserved([p,_,pad,_],'ecat_ssc$1436101065$0'),
reserved([p,_,pad,_],'ecat_ssc$1593798072$0'),
reserved([p,_,pad,_],'ecat_ssc$1575433532$0'),
reserved([p,_,pad,_],'ecat_ssc$1436293857$0'),
reserved([p,_,pad,_],'ecat_ssc$1436293858$0'),
reserved([p,_,pad,_],'ecat_ssc$1436293859$0'),
reserved([p,_,pad,_],'ecat_ssc$1436293860$0'),
reserved([p,_,pad,_],'ecat_ssc$1593800187$0'),
reserved([p,_,pad,_],'ecat_ssc$1436353439$0'),
reserved([p,_,pad,_],'ecat_ssc$1436353440$0'),
reserved([p,_,pad,_],'ecat_ssc$1436353441$0'),
reserved([p,_,pad,_],'ecat_ssc$1436353442$0'),
reserved([p,_,pad,_],'ecat_ssc$1651058348$0'),
reserved([p,_,pad,_],'ecat_ssc$1651056374$0'),
reserved([devicepackage,0,_],'ecat_ssc$124947970$0'),
uri([devicepackage,0,70],'ecat_ssc$124947970$0'),
reserved([devicepackage,0,_],'ecat_ssc$138601580$0'),
uri([devicepackage,0,44],'ecat_ssc$138601580$0'),
reserved([devicepackage,0,_],'ecat_ssc$405736642$0'),
uri([devicepackage,0,94],'ecat_ssc$405736642$0'),
reserved([devicepackage,0,_],'ecat_ssc$1952750919$0'),
uri([devicepackage,0,93],'ecat_ssc$1952750919$0'),
reserved([devicepackage,0,_],'ecat_ssc$398475378$0'),
uri([devicepackage,0,72],'ecat_ssc$398475378$0'),
reserved([devicepackage,0,_],'ecat_ssc$398462796$0'),
uri([devicepackage,0,73],'ecat_ssc$398462796$0'),
reserved([devicepackage,0,_],'ecat_ssc$1089029977$0'),
uri([devicepackage,0,71],'ecat_ssc$1089029977$0'),
reserved([devicepackage,0,_],'ecat_ssc$1089029978$0'),
uri([devicepackage,0,95],'ecat_ssc$1089029978$0'),
reserved([devicepackage,0,_],'ecat_ssc$01867868596$0'),
uri([devicepackage,0,75],'ecat_ssc$01867868596$0'),
reserved([devicepackage,0,_],'ecat_ssc$01867868595$0'),
uri([devicepackage,0,57],'ecat_ssc$01867868595$0'),
reserved([devicepackage,0,_],'ecat_ssc$01867868594$0'),
uri([devicepackage,0,56],'ecat_ssc$01867868594$0'),
reserved([devicepackage,0,_],'ecat_ssc$01867868593$0'),
uri([devicepackage,0,55],'ecat_ssc$01867868593$0'),
reserved([devicepackage,0,_],'ecat_ssc$02069354703$0'),
uri([devicepackage,0,80],'ecat_ssc$02069354703$0'),
reserved([devicepackage,0,_],'ecat_ssc$274514598$0'),
uri([devicepackage,0,54],'ecat_ssc$274514598$0'),
reserved([devicepackage,0,_],'ecat_ssc$274512483$0'),
uri([devicepackage,0,78],'ecat_ssc$274512483$0'),
reserved([devicepackage,0,_],'ecat_ssc$01868061388$0'),
uri([devicepackage,0,68],'ecat_ssc$01868061388$0'),
reserved([devicepackage,0,_],'ecat_ssc$01839239445$0'),
uri([devicepackage,0,24],'ecat_ssc$01839239445$0'),
reserved([devicepackage,0,_],'ecat_ssc$01839239444$0'),
uri([devicepackage,0,23],'ecat_ssc$01839239444$0'),
reserved([devicepackage,0,_],'ecat_ssc$01839239443$0'),
uri([devicepackage,0,22],'ecat_ssc$01839239443$0'),
reserved([devicepackage,0,_],'ecat_ssc$01839239442$0'),
uri([devicepackage,0,21],'ecat_ssc$01839239442$0'),
reserved([devicepackage,0,_],'ecat_ssc$01181851022$0'),
uri([devicepackage,0,20],'ecat_ssc$01181851022$0'),
reserved([devicepackage,0,_],'ecat_ssc$2017324933$0'),
uri([devicepackage,0,19],'ecat_ssc$2017324933$0'),
reserved([devicepackage,0,_],'ecat_ssc$2017322818$0'),
uri([devicepackage,0,25],'ecat_ssc$2017322818$0'),
reserved([devicepackage,0,_],'ecat_ssc$01839432237$0'),
uri([devicepackage,0,18],'ecat_ssc$01839432237$0'),
reserved([devicepackage,0,_],'ecat_ssc$01867809014$0'),
uri([devicepackage,0,83],'ecat_ssc$01867809014$0'),
reserved([devicepackage,0,_],'ecat_ssc$01867809013$0'),
uri([devicepackage,0,82],'ecat_ssc$01867809013$0'),
reserved([devicepackage,0,_],'ecat_ssc$01867809012$0'),
uri([devicepackage,0,81],'ecat_ssc$01867809012$0'),
reserved([devicepackage,0,_],'ecat_ssc$01867809011$0'),
uri([devicepackage,0,77],'ecat_ssc$01867809011$0'),
reserved([devicepackage,0,_],'ecat_ssc$331770785$0'),
uri([devicepackage,0,79],'ecat_ssc$331770785$0'),
reserved([devicepackage,0,_],'ecat_ssc$331772759$0'),
uri([devicepackage,0,76],'ecat_ssc$331772759$0'),
reserved([devicepackage,0,_],'ecat_ssc$01839179863$0'),
uri([devicepackage,0,6],'ecat_ssc$01839179863$0'),
reserved([devicepackage,0,_],'ecat_ssc$01839179862$0'),
uri([devicepackage,0,5],'ecat_ssc$01839179862$0'),
reserved([devicepackage,0,_],'ecat_ssc$01839179861$0'),
uri([devicepackage,0,100],'ecat_ssc$01839179861$0'),
reserved([devicepackage,0,_],'ecat_ssc$01839179860$0'),
uri([devicepackage,0,99],'ecat_ssc$01839179860$0'),
reserved([devicepackage,0,_],'ecat_ssc$2074581120$0'),
uri([devicepackage,0,3],'ecat_ssc$2074581120$0'),
reserved([devicepackage,0,_],'ecat_ssc$2074583094$0'),
uri([devicepackage,0,7],'ecat_ssc$2074583094$0'),
reserved([usic,_,channel,_],'i2c_master$0517290200$0'),
reserved([cpu,0,nvic,interrupt,_],'i2c_master$692300405$0'),
reserved([cpu,0,nvic,interrupt,_],'i2c_master$692300343$0'),
reserved([p,_,pad,_],'i2c_master$0125934497$0'),
reserved([p,_,pad,_],'i2c_master$0125934517$0'),
reserved([devicepackage,0,_],'i2c_master$01076929067$0'),
reserved([devicepackage,0,_],'i2c_master$01076929087$0'),
uri([devicepackage,0,88],'i2c_master$01076929087$0'),
reserved([usic,_,channel,_],'uart$02118624699$0'),
reserved([p,_,pad,_],'uart$01053640812$0'),
reserved([p,_,pad,_],'uart$01053640750$0'),
reserved([cpu,0,nvic,interrupt,_],'uart$01148723541$0'),
reserved([cpu,0,nvic,interrupt,_],'uart$01148723603$0'),
reserved([devicepackage,0,_],'uart$0164365666$0'),
uri([devicepackage,0,50],'uart$0164365666$0'),
reserved([devicepackage,0,_],'uart$0164365604$0'),
uri([devicepackage,0,47],'uart$0164365604$0'),
reserved([usic,_,channel,_],'uart$0611072890$1'),
reserved([p,_,pad,_],'uart$01120647565$1'),
reserved([p,_,pad,_],'uart$01120647503$1'),
reserved([cpu,0,nvic,interrupt,_],'uart$01557547766$1'),
reserved([cpu,0,nvic,interrupt,_],'uart$01557547828$1'),
reserved([devicepackage,0,_],'uart$0153049539$1'),
uri([devicepackage,0,98],'uart$0153049539$1'),
reserved([devicepackage,0,_],'uart$0153049477$1'),
uri([devicepackage,0,97],'uart$0153049477$1'),
reserved([p,BUS_IO0sv0,pad,_],'bus_io$220146366$0'),
reserved([p,BUS_IO0sv1,pad,_],'bus_io$220146367$0'),
reserved([devicepackage,0,_],'bus_io$0834710442$0'),
reserved([devicepackage,0,_],'bus_io$0834710441$0'),
reserved([p,ANALOG_IO0sv0,pad,_],'analog_io$0459569530$0'),
reserved([devicepackage,0,_],'analog_io$01694626416$0'),
reserved([usic,_,channel,_],'uart_config$01648198931$0'),
signal('cpu_ctrl_xmc4$01637679009$0',nmi_in,'cpu_ctrl_xmc4$01637679009$0$nmi_in'),
signal('cpu_ctrl_xmc4$1964564605$0',db_tck,'cpu_ctrl_xmc4$1964564605$0$db_tck'),
signal('cpu_ctrl_xmc4$1964564605$0',db_tms,'cpu_ctrl_xmc4$1964564605$0$db_tms'),
signal('timer$844337652$0',pmus_omds,'timer$844337652$0$pmus_omds'),
signal('timer$844337652$0',global_signal,'timer$844337652$0$global_signal'),
signal('global_ccu4$01760137752$0',global_signal,'global_ccu4$01760137752$0$global_signal'),
signal('global_ccu4$01760137752$0',clk,'global_ccu4$01760137752$0$clk'),
signal('global_ccu4$89752826$0',gsc_enable,'global_ccu4$89752826$0$gsc_enable'),
signal('clock_xmc4$494804424$0',fpb,'clock_xmc4$494804424$0$fpb'),
signal('clock_xmc4$01551391625$0',fccu,'clock_xmc4$01551391625$0$fccu'),
signal('interrupt$01436523993$0',signal_in,'interrupt$01436523993$0$signal_in'),
signal('ecat_ssc$0298576776$0',pad,'ecat_ssc$0298576776$0$pad'),
signal('ecat_ssc$0284923166$0',pad,'ecat_ssc$0284923166$0$pad'),
signal('ecat_ssc$0620958616$0',pad,'ecat_ssc$0620958616$0$pad'),
signal('ecat_ssc$0620971198$0',pad,'ecat_ssc$0620971198$0$pad'),
signal('ecat_ssc$940416335$0',pad,'ecat_ssc$940416335$0$pad'),
signal('ecat_ssc$940416336$0',pad,'ecat_ssc$940416336$0$pad'),
signal('ecat_ssc$2141508748$0',pad,'ecat_ssc$2141508748$0$pad'),
signal('ecat_ssc$2141508748$0',hw_o,'ecat_ssc$2141508748$0$hw_o'),
signal('ecat_ssc$0762203075$0',pad,'ecat_ssc$0762203075$0$pad'),
signal('ecat_ssc$1407664706$0',pad,'ecat_ssc$1407664706$0$pad'),
signal('ecat_ssc$1407664707$0',pad,'ecat_ssc$1407664707$0$pad'),
signal('ecat_ssc$1407664708$0',pad,'ecat_ssc$1407664708$0$pad'),
signal('ecat_ssc$1407664709$0',pad,'ecat_ssc$1407664709$0$pad'),
signal('ecat_ssc$687929851$0',pad,'ecat_ssc$687929851$0$pad'),
signal('ecat_ssc$0149010148$0',pad,'ecat_ssc$0149010148$0$pad'),
signal('ecat_ssc$0149012263$0',pad,'ecat_ssc$0149012263$0$pad'),
signal('ecat_ssc$1407471914$0',pad,'ecat_ssc$1407471914$0$pad'),
signal('ecat_ssc$1436293857$0',pad,'ecat_ssc$1436293857$0$pad'),
signal('ecat_ssc$1436293858$0',pad,'ecat_ssc$1436293858$0$pad'),
signal('ecat_ssc$1436293859$0',pad,'ecat_ssc$1436293859$0$pad'),
signal('ecat_ssc$1436293860$0',pad,'ecat_ssc$1436293860$0$pad'),
signal('ecat_ssc$1575433532$0',pad,'ecat_ssc$1575433532$0$pad'),
signal('ecat_ssc$1593800187$0',pad,'ecat_ssc$1593800187$0$pad'),
signal('ecat_ssc$1593798072$0',pad,'ecat_ssc$1593798072$0$pad'),
signal('ecat_ssc$1436101065$0',pad,'ecat_ssc$1436101065$0$pad'),
signal('ecat_ssc$1407724288$0',pad,'ecat_ssc$1407724288$0$pad'),
signal('ecat_ssc$1407724289$0',pad,'ecat_ssc$1407724289$0$pad'),
signal('ecat_ssc$1407724290$0',pad,'ecat_ssc$1407724290$0$pad'),
signal('ecat_ssc$1407724291$0',pad,'ecat_ssc$1407724291$0$pad'),
signal('ecat_ssc$091753961$0',pad,'ecat_ssc$091753961$0$pad'),
signal('ecat_ssc$091751987$0',pad,'ecat_ssc$091751987$0$pad'),
signal('ecat_ssc$1436353439$0',pad,'ecat_ssc$1436353439$0$pad'),
signal('ecat_ssc$1436353440$0',pad,'ecat_ssc$1436353440$0$pad'),
signal('ecat_ssc$1436353441$0',pad,'ecat_ssc$1436353441$0$pad'),
signal('ecat_ssc$1436353442$0',pad,'ecat_ssc$1436353442$0$pad'),
signal('ecat_ssc$1651056374$0',pad,'ecat_ssc$1651056374$0$pad'),
signal('ecat_ssc$1651058348$0',pad,'ecat_ssc$1651058348$0$pad'),
signal('ecat_ssc$0436332980$0',phy_clk25,'ecat_ssc$0436332980$0$phy_clk25'),
signal('ecat_ssc$0436332980$0',phy_reset,'ecat_ssc$0436332980$0$phy_reset'),
signal('ecat_ssc$0436332980$0',led_run,'ecat_ssc$0436332980$0$led_run'),
signal('ecat_ssc$0436332980$0',led_err,'ecat_ssc$0436332980$0$led_err'),
signal('ecat_ssc$0436332980$0',p0_led_link_act,'ecat_ssc$0436332980$0$p0_led_link_act'),
signal('ecat_ssc$0436332980$0',p1_led_link_act,'ecat_ssc$0436332980$0$p1_led_link_act'),
signal('ecat_ssc$0436332980$0',mdio,'ecat_ssc$0436332980$0$mdio'),
signal('ecat_ssc$0436332980$0',mdo,'ecat_ssc$0436332980$0$mdo'),
signal('ecat_ssc$0436332980$0',mclk,'ecat_ssc$0436332980$0$mclk'),
signal('ecat_ssc$0436332980$0',latchin0,'ecat_ssc$0436332980$0$latchin0'),
signal('ecat_ssc$0436332980$0',latchin1,'ecat_ssc$0436332980$0$latchin1'),
signal('ecat_ssc$0436332980$0',sync0,'ecat_ssc$0436332980$0$sync0'),
signal('ecat_ssc$0436332980$0',sync1,'ecat_ssc$0436332980$0$sync1'),
signal('ecat_ssc$0436332980$0',p0_rxd0,'ecat_ssc$0436332980$0$p0_rxd0'),
signal('ecat_ssc$0436332980$0',p0_rxd1,'ecat_ssc$0436332980$0$p0_rxd1'),
signal('ecat_ssc$0436332980$0',p0_rxd2,'ecat_ssc$0436332980$0$p0_rxd2'),
signal('ecat_ssc$0436332980$0',p0_rxd3,'ecat_ssc$0436332980$0$p0_rxd3'),
signal('ecat_ssc$0436332980$0',p0_rx_dv,'ecat_ssc$0436332980$0$p0_rx_dv'),
signal('ecat_ssc$0436332980$0',p0_rx_err,'ecat_ssc$0436332980$0$p0_rx_err'),
signal('ecat_ssc$0436332980$0',p0_rx_clk,'ecat_ssc$0436332980$0$p0_rx_clk'),
signal('ecat_ssc$0436332980$0',p0_link,'ecat_ssc$0436332980$0$p0_link'),
signal('ecat_ssc$0436332980$0',p1_rxd0,'ecat_ssc$0436332980$0$p1_rxd0'),
signal('ecat_ssc$0436332980$0',p1_rxd1,'ecat_ssc$0436332980$0$p1_rxd1'),
signal('ecat_ssc$0436332980$0',p1_rxd2,'ecat_ssc$0436332980$0$p1_rxd2'),
signal('ecat_ssc$0436332980$0',p1_rxd3,'ecat_ssc$0436332980$0$p1_rxd3'),
signal('ecat_ssc$0436332980$0',p1_rx_dv,'ecat_ssc$0436332980$0$p1_rx_dv'),
signal('ecat_ssc$0436332980$0',p1_rx_err,'ecat_ssc$0436332980$0$p1_rx_err'),
signal('ecat_ssc$0436332980$0',p1_rx_clk,'ecat_ssc$0436332980$0$p1_rx_clk'),
signal('ecat_ssc$0436332980$0',p1_link,'ecat_ssc$0436332980$0$p1_link'),
signal('ecat_ssc$0436332980$0',p0_txd0,'ecat_ssc$0436332980$0$p0_txd0'),
signal('ecat_ssc$0436332980$0',p0_txd1,'ecat_ssc$0436332980$0$p0_txd1'),
signal('ecat_ssc$0436332980$0',p0_txd2,'ecat_ssc$0436332980$0$p0_txd2'),
signal('ecat_ssc$0436332980$0',p0_txd3,'ecat_ssc$0436332980$0$p0_txd3'),
signal('ecat_ssc$0436332980$0',p0_tx_clk,'ecat_ssc$0436332980$0$p0_tx_clk'),
signal('ecat_ssc$0436332980$0',p0_tx_ena,'ecat_ssc$0436332980$0$p0_tx_ena'),
signal('ecat_ssc$0436332980$0',p1_txd0,'ecat_ssc$0436332980$0$p1_txd0'),
signal('ecat_ssc$0436332980$0',p1_txd1,'ecat_ssc$0436332980$0$p1_txd1'),
signal('ecat_ssc$0436332980$0',p1_txd2,'ecat_ssc$0436332980$0$p1_txd2'),
signal('ecat_ssc$0436332980$0',p1_txd3,'ecat_ssc$0436332980$0$p1_txd3'),
signal('ecat_ssc$0436332980$0',p1_tx_clk,'ecat_ssc$0436332980$0$p1_tx_clk'),
signal('ecat_ssc$0436332980$0',p1_tx_ena,'ecat_ssc$0436332980$0$p1_tx_ena'),
signal('ecat_ssc$124947970$0',pin,'ecat_ssc$124947970$0$pin'),
signal('ecat_ssc$138601580$0',pin,'ecat_ssc$138601580$0$pin'),
signal('ecat_ssc$405736642$0',pin,'ecat_ssc$405736642$0$pin'),
signal('ecat_ssc$1952750919$0',pin,'ecat_ssc$1952750919$0$pin'),
signal('ecat_ssc$398475378$0',pin,'ecat_ssc$398475378$0$pin'),
signal('ecat_ssc$398462796$0',pin,'ecat_ssc$398462796$0$pin'),
signal('ecat_ssc$1089029977$0',pin,'ecat_ssc$1089029977$0$pin'),
signal('ecat_ssc$1089029978$0',pin,'ecat_ssc$1089029978$0$pin'),
signal('ecat_ssc$01867868596$0',pin,'ecat_ssc$01867868596$0$pin'),
signal('ecat_ssc$01867868595$0',pin,'ecat_ssc$01867868595$0$pin'),
signal('ecat_ssc$01867868594$0',pin,'ecat_ssc$01867868594$0$pin'),
signal('ecat_ssc$01867868593$0',pin,'ecat_ssc$01867868593$0$pin'),
signal('ecat_ssc$02069354703$0',pin,'ecat_ssc$02069354703$0$pin'),
signal('ecat_ssc$274514598$0',pin,'ecat_ssc$274514598$0$pin'),
signal('ecat_ssc$274512483$0',pin,'ecat_ssc$274512483$0$pin'),
signal('ecat_ssc$01868061388$0',pin,'ecat_ssc$01868061388$0$pin'),
signal('ecat_ssc$01839239445$0',pin,'ecat_ssc$01839239445$0$pin'),
signal('ecat_ssc$01839239444$0',pin,'ecat_ssc$01839239444$0$pin'),
signal('ecat_ssc$01839239443$0',pin,'ecat_ssc$01839239443$0$pin'),
signal('ecat_ssc$01839239442$0',pin,'ecat_ssc$01839239442$0$pin'),
signal('ecat_ssc$01181851022$0',pin,'ecat_ssc$01181851022$0$pin'),
signal('ecat_ssc$2017324933$0',pin,'ecat_ssc$2017324933$0$pin'),
signal('ecat_ssc$2017322818$0',pin,'ecat_ssc$2017322818$0$pin'),
signal('ecat_ssc$01839432237$0',pin,'ecat_ssc$01839432237$0$pin'),
signal('ecat_ssc$01867809014$0',pin,'ecat_ssc$01867809014$0$pin'),
signal('ecat_ssc$01867809013$0',pin,'ecat_ssc$01867809013$0$pin'),
signal('ecat_ssc$01867809012$0',pin,'ecat_ssc$01867809012$0$pin'),
signal('ecat_ssc$01867809011$0',pin,'ecat_ssc$01867809011$0$pin'),
signal('ecat_ssc$331770785$0',pin,'ecat_ssc$331770785$0$pin'),
signal('ecat_ssc$331772759$0',pin,'ecat_ssc$331772759$0$pin'),
signal('ecat_ssc$01839179863$0',pin,'ecat_ssc$01839179863$0$pin'),
signal('ecat_ssc$01839179862$0',pin,'ecat_ssc$01839179862$0$pin'),
signal('ecat_ssc$01839179861$0',pin,'ecat_ssc$01839179861$0$pin'),
signal('ecat_ssc$01839179860$0',pin,'ecat_ssc$01839179860$0$pin'),
signal('ecat_ssc$2074581120$0',pin,'ecat_ssc$2074581120$0$pin'),
signal('ecat_ssc$2074583094$0',pin,'ecat_ssc$2074583094$0$pin'),
signal('i2c_master$0125934497$0',pad,'i2c_master$0125934497$0$pad'),
signal('i2c_master$0125934517$0',pad,'i2c_master$0125934517$0$pad'),
signal('i2c_master$0517290200$0',dout0,'i2c_master$0517290200$0$dout0'),
signal('i2c_master$0517290200$0',dx0ins,'i2c_master$0517290200$0$dx0ins'),
signal('i2c_master$0517290200$0',dx1ins,'i2c_master$0517290200$0$dx1ins'),
signal('i2c_master$0517290200$0',sclkout,'i2c_master$0517290200$0$sclkout'),
signal('i2c_master$0517290200$0',standard_transmit_buffer_int,'i2c_master$0517290200$0$standard_transmit_buffer_int'),
signal('i2c_master$0517290200$0',standard_receive_buffer_int,'i2c_master$0517290200$0$standard_receive_buffer_int'),
signal('i2c_master$0517290200$0',alternate_receive_buffer_int,'i2c_master$0517290200$0$alternate_receive_buffer_int'),
signal('i2c_master$0517290200$0',protocol_specific_int,'i2c_master$0517290200$0$protocol_specific_int'),
signal('i2c_master$692300405$0',signal_in,'i2c_master$692300405$0$signal_in'),
signal('i2c_master$692300343$0',signal_in,'i2c_master$692300343$0$signal_in'),
signal('i2c_master$01076929067$0',pin,'i2c_master$01076929067$0$pin'),
signal('i2c_master$01076929087$0',pin,'i2c_master$01076929087$0$pin'),
signal('uart$02118624699$0',dx0ins,'uart$02118624699$0$dx0ins'),
signal('uart$02118624699$0',dx3ins,'uart$02118624699$0$dx3ins'),
signal('uart$02118624699$0',dout0,'uart$02118624699$0$dout0'),
signal('uart$01053640812$0',pad,'uart$01053640812$0$pad'),
signal('uart$01053640750$0',pad,'uart$01053640750$0$pad'),
signal('uart$02118624699$0',protocol_specific_int,'uart$02118624699$0$protocol_specific_int'),
signal('uart$02118624699$0',standard_transmit_buffer_int,'uart$02118624699$0$standard_transmit_buffer_int'),
signal('uart$02118624699$0',standard_receive_buffer_int,'uart$02118624699$0$standard_receive_buffer_int'),
signal('uart$02118624699$0',alternate_receive_buffer_int,'uart$02118624699$0$alternate_receive_buffer_int'),
signal('uart$01148723541$0',signal_in,'uart$01148723541$0$signal_in'),
signal('uart$01148723603$0',signal_in,'uart$01148723603$0$signal_in'),
signal('uart$0164365666$0',pin,'uart$0164365666$0$pin'),
signal('uart$0164365604$0',pin,'uart$0164365604$0$pin'),
signal('uart$0611072890$1',dx0ins,'uart$0611072890$1$dx0ins'),
signal('uart$0611072890$1',dx3ins,'uart$0611072890$1$dx3ins'),
signal('uart$0611072890$1',dout0,'uart$0611072890$1$dout0'),
signal('uart$01120647565$1',pad,'uart$01120647565$1$pad'),
signal('uart$01120647503$1',pad,'uart$01120647503$1$pad'),
signal('uart$0611072890$1',protocol_specific_int,'uart$0611072890$1$protocol_specific_int'),
signal('uart$0611072890$1',standard_transmit_buffer_int,'uart$0611072890$1$standard_transmit_buffer_int'),
signal('uart$0611072890$1',standard_receive_buffer_int,'uart$0611072890$1$standard_receive_buffer_int'),
signal('uart$0611072890$1',alternate_receive_buffer_int,'uart$0611072890$1$alternate_receive_buffer_int'),
signal('uart$01557547766$1',signal_in,'uart$01557547766$1$signal_in'),
signal('uart$01557547828$1',signal_in,'uart$01557547828$1$signal_in'),
signal('uart$0153049539$1',pin,'uart$0153049539$1$pin'),
signal('uart$0153049477$1',pin,'uart$0153049477$1$pin'),
signal('bus_io$220146366$0',pad,'bus_io$220146366$0$pad'),
signal('bus_io$220146367$0',pad,'bus_io$220146367$0$pad'),
signal('bus_io$0834710442$0',pin,'bus_io$0834710442$0$pin'),
signal('bus_io$0834710441$0',pin,'bus_io$0834710441$0$pin'),
signal('analog_io$0459569530$0',pad,'analog_io$0459569530$0$pad'),
signal('analog_io$01694626416$0',pin,'analog_io$01694626416$0$pin'),
signal('uart_config$01648198931$0',dx0ins,'uart_config$01648198931$0$dx0ins'),
signal('uart_config$01648198931$0',dx1ins,'uart_config$01648198931$0$dx1ins'),
signal('uart_config$01648198931$0',dx2ins,'uart_config$01648198931$0$dx2ins'),
signal('uart_config$01648198931$0',dout0,'uart_config$01648198931$0$dout0'),
signal('uart_config$01648198931$0',transmit_buffer_int,'uart_config$01648198931$0$transmit_buffer_int'),
signal('uart_config$01648198931$0',standard_receive_int,'uart_config$01648198931$0$standard_receive_int'),
signal('uart_config$01648198931$0',transmit_shift_int,'uart_config$01648198931$0$transmit_shift_int'),
signal('uart_config$01648198931$0',receive_start_int,'uart_config$01648198931$0$receive_start_int'),
signal('uart_config$01648198931$0',alternate_receive_int,'uart_config$01648198931$0$alternate_receive_int'),
signal('uart_config$01648198931$0',protocol_specific_int,'uart_config$01648198931$0$protocol_specific_int'),
connected('global_ccu4$01760137752$0$global_signal','timer$844337652$0$global_signal',1),
connected('clock_xmc4$01551391625$0$fccu','global_ccu4$01760137752$0$clk',1),
connected('ecat_ssc$398462796$0$pin','ecat_ssc$0620971198$0$pad',1),
connected('ecat_ssc$1089029977$0$pin','ecat_ssc$940416335$0$pad',1),
connected('ecat_ssc$1089029978$0$pin','ecat_ssc$940416336$0$pad',1),
connected('ecat_ssc$398475378$0$pin','ecat_ssc$0620958616$0$pad',1),
connected('ecat_ssc$1952750919$0$pin','ecat_ssc$0762203075$0$pad',1),
connected('ecat_ssc$405736642$0$pin','ecat_ssc$2141508748$0$pad',1),
connected('ecat_ssc$01868061388$0$pin','ecat_ssc$1407471914$0$pad',1),
connected('ecat_ssc$274512483$0$pin','ecat_ssc$0149012263$0$pad',1),
connected('ecat_ssc$02069354703$0$pin','ecat_ssc$687929851$0$pad',1),
connected('ecat_ssc$274514598$0$pin','ecat_ssc$0149010148$0$pad',1),
connected('ecat_ssc$01867868596$0$pin','ecat_ssc$1407664706$0$pad',1),
connected('ecat_ssc$01867868595$0$pin','ecat_ssc$1407664707$0$pad',1),
connected('ecat_ssc$01867868594$0$pin','ecat_ssc$1407664708$0$pad',1),
connected('ecat_ssc$01867868593$0$pin','ecat_ssc$1407664709$0$pad',1),
connected('ecat_ssc$331770785$0$pin','ecat_ssc$091753961$0$pad',1),
connected('ecat_ssc$331772759$0$pin','ecat_ssc$091751987$0$pad',1),
connected('ecat_ssc$01867809014$0$pin','ecat_ssc$1407724288$0$pad',1),
connected('ecat_ssc$01867809013$0$pin','ecat_ssc$1407724289$0$pad',1),
connected('ecat_ssc$01867809012$0$pin','ecat_ssc$1407724290$0$pad',1),
connected('ecat_ssc$01867809011$0$pin','ecat_ssc$1407724291$0$pad',1),
connected('ecat_ssc$01839432237$0$pin','ecat_ssc$1436101065$0$pad',1),
connected('ecat_ssc$2017322818$0$pin','ecat_ssc$1593798072$0$pad',1),
connected('ecat_ssc$01181851022$0$pin','ecat_ssc$1575433532$0$pad',1),
connected('ecat_ssc$2017324933$0$pin','ecat_ssc$1593800187$0$pad',1),
connected('ecat_ssc$01839239445$0$pin','ecat_ssc$1436293857$0$pad',1),
connected('ecat_ssc$01839239444$0$pin','ecat_ssc$1436293858$0$pad',1),
connected('ecat_ssc$01839239443$0$pin','ecat_ssc$1436293859$0$pad',1),
connected('ecat_ssc$01839239442$0$pin','ecat_ssc$1436293860$0$pad',1),
connected('ecat_ssc$2074581120$0$pin','ecat_ssc$1651056374$0$pad',1),
connected('ecat_ssc$2074583094$0$pin','ecat_ssc$1651058348$0$pad',1),
connected('ecat_ssc$01839179863$0$pin','ecat_ssc$1436353439$0$pad',1),
connected('ecat_ssc$01839179862$0$pin','ecat_ssc$1436353440$0$pad',1),
connected('ecat_ssc$01839179861$0$pin','ecat_ssc$1436353441$0$pad',1),
connected('ecat_ssc$01839179860$0$pin','ecat_ssc$1436353442$0$pad',1),
connected('ecat_ssc$124947970$0$pin','ecat_ssc$0298576776$0$pad',1),
connected('ecat_ssc$138601580$0$pin','ecat_ssc$0284923166$0$pad',1),
connected('ecat_ssc$0436332980$0$led_err','ecat_ssc$0620971198$0$pad',1),
connected('ecat_ssc$0436332980$0$p0_led_link_act','ecat_ssc$940416335$0$pad',1),
connected('ecat_ssc$0436332980$0$p1_led_link_act','ecat_ssc$940416336$0$pad',1),
connected('ecat_ssc$0436332980$0$led_run','ecat_ssc$0620958616$0$pad',1),
connected('ecat_ssc$0436332980$0$mclk','ecat_ssc$0762203075$0$pad',1),
connected('ecat_ssc$0436332980$0$mdo','ecat_ssc$2141508748$0$hw_o',1),
connected('ecat_ssc$0436332980$0$p0_tx_ena','ecat_ssc$091751987$0$pad',1),
connected('ecat_ssc$0436332980$0$p0_txd0','ecat_ssc$1407724288$0$pad',1),
connected('ecat_ssc$0436332980$0$p0_txd1','ecat_ssc$1407724289$0$pad',1),
connected('ecat_ssc$0436332980$0$p0_txd2','ecat_ssc$1407724290$0$pad',1),
connected('ecat_ssc$0436332980$0$p0_txd3','ecat_ssc$1407724291$0$pad',1),
connected('ecat_ssc$0436332980$0$p1_tx_ena','ecat_ssc$1651058348$0$pad',1),
connected('ecat_ssc$0436332980$0$p1_txd0','ecat_ssc$1436353439$0$pad',1),
connected('ecat_ssc$0436332980$0$p1_txd1','ecat_ssc$1436353440$0$pad',1),
connected('ecat_ssc$0436332980$0$p1_txd2','ecat_ssc$1436353441$0$pad',1),
connected('ecat_ssc$0436332980$0$p1_txd3','ecat_ssc$1436353442$0$pad',1),
connected('ecat_ssc$0436332980$0$phy_clk25','ecat_ssc$0298576776$0$pad',1),
connected('ecat_ssc$0436332980$0$phy_reset','ecat_ssc$0284923166$0$pad',1),
connected('ecat_ssc$0620971198$0$pad','ecat_ssc$398462796$0$pin',1),
connected('ecat_ssc$940416335$0$pad','ecat_ssc$1089029977$0$pin',1),
connected('ecat_ssc$940416336$0$pad','ecat_ssc$1089029978$0$pin',1),
connected('ecat_ssc$0620958616$0$pad','ecat_ssc$398475378$0$pin',1),
connected('ecat_ssc$0762203075$0$pad','ecat_ssc$1952750919$0$pin',1),
connected('ecat_ssc$2141508748$0$pad','ecat_ssc$405736642$0$pin',1),
connected('ecat_ssc$2141508748$0$pad','ecat_ssc$0436332980$0$mdio',1),
connected('ecat_ssc$1407471914$0$pad','ecat_ssc$01868061388$0$pin',1),
connected('ecat_ssc$1407471914$0$pad','ecat_ssc$0436332980$0$p0_link',1),
connected('ecat_ssc$0149012263$0$pad','ecat_ssc$274512483$0$pin',1),
connected('ecat_ssc$0149012263$0$pad','ecat_ssc$0436332980$0$p0_rx_clk',1),
connected('ecat_ssc$687929851$0$pad','ecat_ssc$02069354703$0$pin',1),
connected('ecat_ssc$687929851$0$pad','ecat_ssc$0436332980$0$p0_rx_dv',1),
connected('ecat_ssc$0149010148$0$pad','ecat_ssc$274514598$0$pin',1),
connected('ecat_ssc$0149010148$0$pad','ecat_ssc$0436332980$0$p0_rx_err',1),
connected('ecat_ssc$1407664706$0$pad','ecat_ssc$01867868596$0$pin',1),
connected('ecat_ssc$1407664706$0$pad','ecat_ssc$0436332980$0$p0_rxd0',1),
connected('ecat_ssc$1407664707$0$pad','ecat_ssc$01867868595$0$pin',1),
connected('ecat_ssc$1407664707$0$pad','ecat_ssc$0436332980$0$p0_rxd1',1),
connected('ecat_ssc$1407664708$0$pad','ecat_ssc$01867868594$0$pin',1),
connected('ecat_ssc$1407664708$0$pad','ecat_ssc$0436332980$0$p0_rxd2',1),
connected('ecat_ssc$1407664709$0$pad','ecat_ssc$01867868593$0$pin',1),
connected('ecat_ssc$1407664709$0$pad','ecat_ssc$0436332980$0$p0_rxd3',1),
connected('ecat_ssc$091753961$0$pad','ecat_ssc$331770785$0$pin',1),
connected('ecat_ssc$091753961$0$pad','ecat_ssc$0436332980$0$p0_tx_clk',1),
connected('ecat_ssc$091751987$0$pad','ecat_ssc$331772759$0$pin',1),
connected('ecat_ssc$1407724288$0$pad','ecat_ssc$01867809014$0$pin',1),
connected('ecat_ssc$1407724289$0$pad','ecat_ssc$01867809013$0$pin',1),
connected('ecat_ssc$1407724290$0$pad','ecat_ssc$01867809012$0$pin',1),
connected('ecat_ssc$1407724291$0$pad','ecat_ssc$01867809011$0$pin',1),
connected('ecat_ssc$1436101065$0$pad','ecat_ssc$01839432237$0$pin',1),
connected('ecat_ssc$1436101065$0$pad','ecat_ssc$0436332980$0$p1_link',1),
connected('ecat_ssc$1593798072$0$pad','ecat_ssc$2017322818$0$pin',1),
connected('ecat_ssc$1593798072$0$pad','ecat_ssc$0436332980$0$p1_rx_clk',1),
connected('ecat_ssc$1575433532$0$pad','ecat_ssc$01181851022$0$pin',1),
connected('ecat_ssc$1575433532$0$pad','ecat_ssc$0436332980$0$p1_rx_dv',1),
connected('ecat_ssc$1593800187$0$pad','ecat_ssc$2017324933$0$pin',1),
connected('ecat_ssc$1593800187$0$pad','ecat_ssc$0436332980$0$p1_rx_err',1),
connected('ecat_ssc$1436293857$0$pad','ecat_ssc$01839239445$0$pin',1),
connected('ecat_ssc$1436293857$0$pad','ecat_ssc$0436332980$0$p1_rxd0',1),
connected('ecat_ssc$1436293858$0$pad','ecat_ssc$01839239444$0$pin',1),
connected('ecat_ssc$1436293858$0$pad','ecat_ssc$0436332980$0$p1_rxd1',1),
connected('ecat_ssc$1436293859$0$pad','ecat_ssc$01839239443$0$pin',1),
connected('ecat_ssc$1436293859$0$pad','ecat_ssc$0436332980$0$p1_rxd2',1),
connected('ecat_ssc$1436293860$0$pad','ecat_ssc$01839239442$0$pin',1),
connected('ecat_ssc$1436293860$0$pad','ecat_ssc$0436332980$0$p1_rxd3',1),
connected('ecat_ssc$1651056374$0$pad','ecat_ssc$2074581120$0$pin',1),
connected('ecat_ssc$1651056374$0$pad','ecat_ssc$0436332980$0$p1_tx_clk',1),
connected('ecat_ssc$1651058348$0$pad','ecat_ssc$2074583094$0$pin',1),
connected('ecat_ssc$1436353439$0$pad','ecat_ssc$01839179863$0$pin',1),
connected('ecat_ssc$1436353440$0$pad','ecat_ssc$01839179862$0$pin',1),
connected('ecat_ssc$1436353441$0$pad','ecat_ssc$01839179861$0$pin',1),
connected('ecat_ssc$1436353442$0$pad','ecat_ssc$01839179860$0$pin',1),
connected('ecat_ssc$0298576776$0$pad','ecat_ssc$124947970$0$pin',1),
connected('ecat_ssc$0284923166$0$pad','ecat_ssc$138601580$0$pin',1),
connected('timer$844337652$0$pmus_omds','interrupt$01436523993$0$signal_in',1),
connected('i2c_master$01076929087$0$pin','i2c_master$0125934517$0$pad',1),
connected('i2c_master$01076929067$0$pin','i2c_master$0125934497$0$pad',1),
connected('i2c_master$0517290200$0$sclkout','i2c_master$0125934517$0$pad',1),
connected('i2c_master$0517290200$0$dout0','i2c_master$0125934497$0$pad',1),
connected('i2c_master$0517290200$0$alternate_receive_buffer_int','i2c_master$692300343$0$signal_in',1),
connected('i2c_master$0517290200$0$standard_receive_buffer_int','i2c_master$692300343$0$signal_in',1),
connected('i2c_master$0517290200$0$standard_transmit_buffer_int','i2c_master$692300405$0$signal_in',1),
connected('i2c_master$0125934517$0$pad','i2c_master$01076929087$0$pin',1),
connected('i2c_master$0125934517$0$pad','i2c_master$0517290200$0$dx1ins',1),
connected('i2c_master$0125934497$0$pad','i2c_master$01076929067$0$pin',1),
connected('i2c_master$0125934497$0$pad','i2c_master$0517290200$0$dx0ins',1),
connected('uart$0164365666$0$pin','uart$01053640812$0$pad',1),
connected('uart$0164365604$0$pin','uart$01053640750$0$pad',1),
connected('uart$02118624699$0$dout0','uart$01053640750$0$pad',1),
connected('uart$02118624699$0$alternate_receive_buffer_int','uart$01148723603$0$signal_in',1),
connected('uart$02118624699$0$standard_receive_buffer_int','uart$01148723603$0$signal_in',1),
connected('uart$02118624699$0$standard_transmit_buffer_int','uart$01148723541$0$signal_in',1),
connected('uart$01053640812$0$pad','uart$0164365666$0$pin',1),
connected('uart$01053640812$0$pad','uart$02118624699$0$dx0ins',1),
connected('uart$01053640750$0$pad','uart$0164365604$0$pin',1),
connected('uart$0153049539$1$pin','uart$01120647565$1$pad',1),
connected('uart$0153049477$1$pin','uart$01120647503$1$pad',1),
connected('uart$0611072890$1$dout0','uart$01120647503$1$pad',1),
connected('uart$0611072890$1$alternate_receive_buffer_int','uart$01557547828$1$signal_in',1),
connected('uart$0611072890$1$standard_receive_buffer_int','uart$01557547828$1$signal_in',1),
connected('uart$0611072890$1$standard_transmit_buffer_int','uart$01557547766$1$signal_in',1),
connected('uart$01120647565$1$pad','uart$0153049539$1$pin',1),
connected('uart$01120647565$1$pad','uart$0611072890$1$dx0ins',1),
connected('uart$01120647503$1$pad','uart$0153049477$1$pin',1),
connected('bus_io$220146366$0$pad','bus_io$0834710442$0$pin',1),
connected('bus_io$220146367$0$pad','bus_io$0834710441$0$pin',1),
connected('bus_io$0834710442$0$pin','bus_io$220146366$0$pad',1),
connected('bus_io$0834710441$0$pin','bus_io$220146367$0$pad',1),
connected('analog_io$01694626416$0$pin','analog_io$0459569530$0$pad',1),
connected('analog_io$0459569530$0$pad','analog_io$01694626416$0$pin',1),
register_value('uart$0611072890$1',ccr_hpcen,0),
register_value('uart$0611072890$1',tbctr_size,4),
register_value('uart$0611072890$1',rbctr_size,4),
uri_element_range(BUS_IO0sv0,[0, 1, 2, 3, 4, 5, 6, 7, 8, 9, 14, 15]),
uri_element_range(BUS_IO0sv1,[0, 1, 2, 3, 4, 5, 6, 7, 8, 9, 14, 15]),
uri_element_range(E_EEPROM_XMC40sv0,[0, 1]),
register_range('uart_config$01648198931$0',dx1cr_dsel,[0, 1, 2, 3, 4]),
register_range('uart_config$01648198931$0',dx2cr_dsel,[0, 1, 2, 3, 4, 5]),
uri_element_range(ANALOG_IO0sv0,[14, 15]),
register_value('i2c_master$0517290200$0',tbctr_size,4),
register_value('i2c_master$0517290200$0',rbctr_size,4),
register_value('uart$02118624699$0',ccr_hpcen,0),
register_value('uart$02118624699$0',tbctr_size,4),
register_value('uart$02118624699$0',rbctr_size,4)],'i2c_master$01076929067$0',Result),15,writeln(timeout),all_solution, Timer, Due, Remainder).



Dec 01, 2022 1:43:07 PM java.util.logging.LogManager$RootLogger log
INFO: 
End of solver : getFeasiblePins() :  Difference in ms 299


Dec 01, 2022 1:43:07 PM java.util.logging.LogManager$RootLogger log
INFO: [/devicepackage/0/74]


Dec 20, 2022 5:11:56 PM java.util.logging.LogManager$RootLogger log
INFO: Start of solver :getOutputSignals() : Tue Dec 20 17:11:56 EST 2022


Dec 20, 2022 5:11:56 PM java.util.logging.LogManager$RootLogger log
INFO: 
timeout(reserved_resource_group_output_signals([reserved([cpu,0,exception,nmi],'cpu_ctrl_xmc4$01637679009$0'),
reserved([cpu,0,exception,hardfault],'cpu_ctrl_xmc4$0571328980$0'),
reserved([cpu,0,exception,memmanage],'cpu_ctrl_xmc4$1768468879$0'),
reserved([cpu,0,exception,busfault],'cpu_ctrl_xmc4$1763234541$0'),
reserved([cpu,0,exception,usagefault],'cpu_ctrl_xmc4$1814460844$0'),
reserved([cpu,0,debug],'cpu_ctrl_xmc4$1964564605$0'),
reserved([debug_port,_,pad,_],'cpu_ctrl_xmc4$01540614004$0'),
reserved([debug_port,_,pad,_],'cpu_ctrl_xmc4$01540614322$0'),
reserved([fce,_,kernel,E_EEPROM_XMC40sv0],'e_eeprom_xmc4$02046768833$0'),
reserved([ccu4,_,cc4,_],'timer$844337652$0'),
reserved([ccu4,GLOBAL_CCU40sv0,global],'global_ccu4$01760137752$0'),
reserved([scu,_,gcu,ccu4_global_enable,GLOBAL_CCU40sv0],'global_ccu4$89752826$0'),
reserved([scu,0,clkctrl,0,pll],'clock_xmc4$01551378862$0'),
reserved([scu,0,clkctrl,0,sys],'clock_xmc4$01551375569$0'),
reserved([scu,0,clkctrl,0,cpu],'clock_xmc4$01551391222$0'),
reserved([scu,0,clkctrl,0,perbridge],'clock_xmc4$494804424$0'),
reserved([scu,0,clkctrl,0,ccu],'clock_xmc4$01551391625$0'),
reserved([scu,0,clkctrl,0,wdt],'clock_xmc4$01551372375$0'),
reserved([scu,0,clkctrl,0,usb],'clock_xmc4$01551373850$0'),
reserved([scu,0,clkctrl,0,sdmmc],'clock_xmc4$01551381723$0'),
reserved([scu,0,pwrctrl,0,hibernate],'clock_xmc4$0778278092$0'),
reserved([scu,0,rtcclksel],'clock_xmc4$1142722683$0'),
reserved([scu,0,trap,0,sysoscwd],'clock_xmc4$1091210735$0'),
reserved([scu,0,trap,0,sysvcolock],'clock_xmc4$1586947406$0'),
reserved([scu,0,trap,0,usbvcolock],'clock_xmc4$0261647995$0'),
reserved([scu,0,trap,0,ulpwdg],'clock_xmc4$01047137491$0'),
reserved([cpu,0,nvic,interrupt,_],'interrupt$01436523993$0'),
reserved([ecat,0,ecat],'ecat_ssc$0436332980$0'),
reserved([p,_,pad,_],'ecat_ssc$0298576776$0'),
reserved([p,_,pad,_],'ecat_ssc$0284923166$0'),
reserved([p,_,pad,_],'ecat_ssc$2141508748$0'),
reserved([p,_,pad,_],'ecat_ssc$0762203075$0'),
reserved([p,_,pad,_],'ecat_ssc$0620958616$0'),
reserved([p,_,pad,_],'ecat_ssc$0620971198$0'),
reserved([p,_,pad,_],'ecat_ssc$940416335$0'),
reserved([p,_,pad,_],'ecat_ssc$940416336$0'),
reserved([p,_,pad,_],'ecat_ssc$1407471914$0'),
reserved([p,_,pad,_],'ecat_ssc$0149012263$0'),
reserved([p,_,pad,_],'ecat_ssc$687929851$0'),
reserved([p,_,pad,_],'ecat_ssc$1407664706$0'),
reserved([p,_,pad,_],'ecat_ssc$1407664707$0'),
reserved([p,_,pad,_],'ecat_ssc$1407664708$0'),
reserved([p,_,pad,_],'ecat_ssc$1407664709$0'),
reserved([p,_,pad,_],'ecat_ssc$0149010148$0'),
reserved([p,_,pad,_],'ecat_ssc$1407724288$0'),
reserved([p,_,pad,_],'ecat_ssc$1407724289$0'),
reserved([p,_,pad,_],'ecat_ssc$1407724290$0'),
reserved([p,_,pad,_],'ecat_ssc$1407724291$0'),
reserved([p,_,pad,_],'ecat_ssc$091751987$0'),
reserved([p,_,pad,_],'ecat_ssc$091753961$0'),
reserved([p,_,pad,_],'ecat_ssc$1436101065$0'),
reserved([p,_,pad,_],'ecat_ssc$1593798072$0'),
reserved([p,_,pad,_],'ecat_ssc$1575433532$0'),
reserved([p,_,pad,_],'ecat_ssc$1436293857$0'),
reserved([p,_,pad,_],'ecat_ssc$1436293858$0'),
reserved([p,_,pad,_],'ecat_ssc$1436293859$0'),
reserved([p,_,pad,_],'ecat_ssc$1436293860$0'),
reserved([p,_,pad,_],'ecat_ssc$1593800187$0'),
reserved([p,_,pad,_],'ecat_ssc$1436353439$0'),
reserved([p,_,pad,_],'ecat_ssc$1436353440$0'),
reserved([p,_,pad,_],'ecat_ssc$1436353441$0'),
reserved([p,_,pad,_],'ecat_ssc$1436353442$0'),
reserved([p,_,pad,_],'ecat_ssc$1651058348$0'),
reserved([p,_,pad,_],'ecat_ssc$1651056374$0'),
reserved([devicepackage,0,_],'ecat_ssc$124947970$0'),
uri([devicepackage,0,70],'ecat_ssc$124947970$0'),
reserved([devicepackage,0,_],'ecat_ssc$138601580$0'),
uri([devicepackage,0,44],'ecat_ssc$138601580$0'),
reserved([devicepackage,0,_],'ecat_ssc$405736642$0'),
uri([devicepackage,0,94],'ecat_ssc$405736642$0'),
reserved([devicepackage,0,_],'ecat_ssc$1952750919$0'),
uri([devicepackage,0,93],'ecat_ssc$1952750919$0'),
reserved([devicepackage,0,_],'ecat_ssc$398475378$0'),
uri([devicepackage,0,72],'ecat_ssc$398475378$0'),
reserved([devicepackage,0,_],'ecat_ssc$398462796$0'),
uri([devicepackage,0,73],'ecat_ssc$398462796$0'),
reserved([devicepackage,0,_],'ecat_ssc$1089029977$0'),
uri([devicepackage,0,71],'ecat_ssc$1089029977$0'),
reserved([devicepackage,0,_],'ecat_ssc$1089029978$0'),
uri([devicepackage,0,95],'ecat_ssc$1089029978$0'),
reserved([devicepackage,0,_],'ecat_ssc$01867868596$0'),
uri([devicepackage,0,75],'ecat_ssc$01867868596$0'),
reserved([devicepackage,0,_],'ecat_ssc$01867868595$0'),
uri([devicepackage,0,57],'ecat_ssc$01867868595$0'),
reserved([devicepackage,0,_],'ecat_ssc$01867868594$0'),
uri([devicepackage,0,56],'ecat_ssc$01867868594$0'),
reserved([devicepackage,0,_],'ecat_ssc$01867868593$0'),
uri([devicepackage,0,55],'ecat_ssc$01867868593$0'),
reserved([devicepackage,0,_],'ecat_ssc$02069354703$0'),
uri([devicepackage,0,80],'ecat_ssc$02069354703$0'),
reserved([devicepackage,0,_],'ecat_ssc$274514598$0'),
uri([devicepackage,0,54],'ecat_ssc$274514598$0'),
reserved([devicepackage,0,_],'ecat_ssc$274512483$0'),
uri([devicepackage,0,78],'ecat_ssc$274512483$0'),
reserved([devicepackage,0,_],'ecat_ssc$01868061388$0'),
uri([devicepackage,0,68],'ecat_ssc$01868061388$0'),
reserved([devicepackage,0,_],'ecat_ssc$01839239445$0'),
uri([devicepackage,0,24],'ecat_ssc$01839239445$0'),
reserved([devicepackage,0,_],'ecat_ssc$01839239444$0'),
uri([devicepackage,0,23],'ecat_ssc$01839239444$0'),
reserved([devicepackage,0,_],'ecat_ssc$01839239443$0'),
uri([devicepackage,0,22],'ecat_ssc$01839239443$0'),
reserved([devicepackage,0,_],'ecat_ssc$01839239442$0'),
uri([devicepackage,0,21],'ecat_ssc$01839239442$0'),
reserved([devicepackage,0,_],'ecat_ssc$01181851022$0'),
uri([devicepackage,0,20],'ecat_ssc$01181851022$0'),
reserved([devicepackage,0,_],'ecat_ssc$2017324933$0'),
uri([devicepackage,0,19],'ecat_ssc$2017324933$0'),
reserved([devicepackage,0,_],'ecat_ssc$2017322818$0'),
uri([devicepackage,0,25],'ecat_ssc$2017322818$0'),
reserved([devicepackage,0,_],'ecat_ssc$01839432237$0'),
uri([devicepackage,0,18],'ecat_ssc$01839432237$0'),
reserved([devicepackage,0,_],'ecat_ssc$01867809014$0'),
uri([devicepackage,0,83],'ecat_ssc$01867809014$0'),
reserved([devicepackage,0,_],'ecat_ssc$01867809013$0'),
uri([devicepackage,0,82],'ecat_ssc$01867809013$0'),
reserved([devicepackage,0,_],'ecat_ssc$01867809012$0'),
uri([devicepackage,0,81],'ecat_ssc$01867809012$0'),
reserved([devicepackage,0,_],'ecat_ssc$01867809011$0'),
uri([devicepackage,0,77],'ecat_ssc$01867809011$0'),
reserved([devicepackage,0,_],'ecat_ssc$331770785$0'),
uri([devicepackage,0,79],'ecat_ssc$331770785$0'),
reserved([devicepackage,0,_],'ecat_ssc$331772759$0'),
uri([devicepackage,0,76],'ecat_ssc$331772759$0'),
reserved([devicepackage,0,_],'ecat_ssc$01839179863$0'),
uri([devicepackage,0,6],'ecat_ssc$01839179863$0'),
reserved([devicepackage,0,_],'ecat_ssc$01839179862$0'),
uri([devicepackage,0,5],'ecat_ssc$01839179862$0'),
reserved([devicepackage,0,_],'ecat_ssc$01839179861$0'),
uri([devicepackage,0,100],'ecat_ssc$01839179861$0'),
reserved([devicepackage,0,_],'ecat_ssc$01839179860$0'),
uri([devicepackage,0,99],'ecat_ssc$01839179860$0'),
reserved([devicepackage,0,_],'ecat_ssc$2074581120$0'),
uri([devicepackage,0,3],'ecat_ssc$2074581120$0'),
reserved([devicepackage,0,_],'ecat_ssc$2074583094$0'),
uri([devicepackage,0,7],'ecat_ssc$2074583094$0'),
reserved([usic,_,channel,_],'i2c_master$0517290200$0'),
reserved([cpu,0,nvic,interrupt,_],'i2c_master$692300405$0'),
reserved([cpu,0,nvic,interrupt,_],'i2c_master$692300343$0'),
reserved([p,_,pad,_],'i2c_master$0125934497$0'),
reserved([p,_,pad,_],'i2c_master$0125934517$0'),
reserved([devicepackage,0,_],'i2c_master$01076929067$0'),
uri([devicepackage,0,74],'i2c_master$01076929067$0'),
reserved([devicepackage,0,_],'i2c_master$01076929087$0'),
uri([devicepackage,0,88],'i2c_master$01076929087$0'),
reserved([usic,_,channel,_],'uart$02118624699$0'),
reserved([p,_,pad,_],'uart$01053640812$0'),
reserved([p,_,pad,_],'uart$01053640750$0'),
reserved([cpu,0,nvic,interrupt,_],'uart$01148723541$0'),
reserved([cpu,0,nvic,interrupt,_],'uart$01148723603$0'),
reserved([devicepackage,0,_],'uart$0164365666$0'),
uri([devicepackage,0,50],'uart$0164365666$0'),
reserved([devicepackage,0,_],'uart$0164365604$0'),
uri([devicepackage,0,47],'uart$0164365604$0'),
reserved([usic,_,channel,_],'uart$0611072890$1'),
reserved([p,_,pad,_],'uart$01120647565$1'),
reserved([p,_,pad,_],'uart$01120647503$1'),
reserved([cpu,0,nvic,interrupt,_],'uart$01557547766$1'),
reserved([cpu,0,nvic,interrupt,_],'uart$01557547828$1'),
reserved([devicepackage,0,_],'uart$0153049539$1'),
uri([devicepackage,0,98],'uart$0153049539$1'),
reserved([devicepackage,0,_],'uart$0153049477$1'),
uri([devicepackage,0,97],'uart$0153049477$1'),
reserved([p,BUS_IO0sv0,pad,_],'bus_io$220146366$0'),
reserved([p,BUS_IO0sv1,pad,_],'bus_io$220146367$0'),
reserved([devicepackage,0,_],'bus_io$0834710442$0'),
reserved([devicepackage,0,_],'bus_io$0834710441$0'),
reserved([p,ANALOG_IO0sv0,pad,_],'analog_io$0459569530$0'),
reserved([devicepackage,0,_],'analog_io$01694626416$0'),
reserved([usic,_,channel,_],'uart_config$01648198931$0'),
signal('cpu_ctrl_xmc4$01637679009$0',nmi_in,'cpu_ctrl_xmc4$01637679009$0$nmi_in'),
signal('cpu_ctrl_xmc4$1964564605$0',db_tck,'cpu_ctrl_xmc4$1964564605$0$db_tck'),
signal('cpu_ctrl_xmc4$1964564605$0',db_tms,'cpu_ctrl_xmc4$1964564605$0$db_tms'),
signal('timer$844337652$0',pmus_omds,'timer$844337652$0$pmus_omds'),
signal('timer$844337652$0',global_signal,'timer$844337652$0$global_signal'),
signal('global_ccu4$01760137752$0',global_signal,'global_ccu4$01760137752$0$global_signal'),
signal('global_ccu4$01760137752$0',clk,'global_ccu4$01760137752$0$clk'),
signal('global_ccu4$89752826$0',gsc_enable,'global_ccu4$89752826$0$gsc_enable'),
signal('clock_xmc4$494804424$0',fpb,'clock_xmc4$494804424$0$fpb'),
signal('clock_xmc4$01551391625$0',fccu,'clock_xmc4$01551391625$0$fccu'),
signal('interrupt$01436523993$0',signal_in,'interrupt$01436523993$0$signal_in'),
signal('ecat_ssc$0298576776$0',pad,'ecat_ssc$0298576776$0$pad'),
signal('ecat_ssc$0284923166$0',pad,'ecat_ssc$0284923166$0$pad'),
signal('ecat_ssc$0620958616$0',pad,'ecat_ssc$0620958616$0$pad'),
signal('ecat_ssc$0620971198$0',pad,'ecat_ssc$0620971198$0$pad'),
signal('ecat_ssc$940416335$0',pad,'ecat_ssc$940416335$0$pad'),
signal('ecat_ssc$940416336$0',pad,'ecat_ssc$940416336$0$pad'),
signal('ecat_ssc$2141508748$0',pad,'ecat_ssc$2141508748$0$pad'),
signal('ecat_ssc$2141508748$0',hw_o,'ecat_ssc$2141508748$0$hw_o'),
signal('ecat_ssc$0762203075$0',pad,'ecat_ssc$0762203075$0$pad'),
signal('ecat_ssc$1407664706$0',pad,'ecat_ssc$1407664706$0$pad'),
signal('ecat_ssc$1407664707$0',pad,'ecat_ssc$1407664707$0$pad'),
signal('ecat_ssc$1407664708$0',pad,'ecat_ssc$1407664708$0$pad'),
signal('ecat_ssc$1407664709$0',pad,'ecat_ssc$1407664709$0$pad'),
signal('ecat_ssc$687929851$0',pad,'ecat_ssc$687929851$0$pad'),
signal('ecat_ssc$0149010148$0',pad,'ecat_ssc$0149010148$0$pad'),
signal('ecat_ssc$0149012263$0',pad,'ecat_ssc$0149012263$0$pad'),
signal('ecat_ssc$1407471914$0',pad,'ecat_ssc$1407471914$0$pad'),
signal('ecat_ssc$1436293857$0',pad,'ecat_ssc$1436293857$0$pad'),
signal('ecat_ssc$1436293858$0',pad,'ecat_ssc$1436293858$0$pad'),
signal('ecat_ssc$1436293859$0',pad,'ecat_ssc$1436293859$0$pad'),
signal('ecat_ssc$1436293860$0',pad,'ecat_ssc$1436293860$0$pad'),
signal('ecat_ssc$1575433532$0',pad,'ecat_ssc$1575433532$0$pad'),
signal('ecat_ssc$1593800187$0',pad,'ecat_ssc$1593800187$0$pad'),
signal('ecat_ssc$1593798072$0',pad,'ecat_ssc$1593798072$0$pad'),
signal('ecat_ssc$1436101065$0',pad,'ecat_ssc$1436101065$0$pad'),
signal('ecat_ssc$1407724288$0',pad,'ecat_ssc$1407724288$0$pad'),
signal('ecat_ssc$1407724289$0',pad,'ecat_ssc$1407724289$0$pad'),
signal('ecat_ssc$1407724290$0',pad,'ecat_ssc$1407724290$0$pad'),
signal('ecat_ssc$1407724291$0',pad,'ecat_ssc$1407724291$0$pad'),
signal('ecat_ssc$091753961$0',pad,'ecat_ssc$091753961$0$pad'),
signal('ecat_ssc$091751987$0',pad,'ecat_ssc$091751987$0$pad'),
signal('ecat_ssc$1436353439$0',pad,'ecat_ssc$1436353439$0$pad'),
signal('ecat_ssc$1436353440$0',pad,'ecat_ssc$1436353440$0$pad'),
signal('ecat_ssc$1436353441$0',pad,'ecat_ssc$1436353441$0$pad'),
signal('ecat_ssc$1436353442$0',pad,'ecat_ssc$1436353442$0$pad'),
signal('ecat_ssc$1651056374$0',pad,'ecat_ssc$1651056374$0$pad'),
signal('ecat_ssc$1651058348$0',pad,'ecat_ssc$1651058348$0$pad'),
signal('ecat_ssc$0436332980$0',phy_clk25,'ecat_ssc$0436332980$0$phy_clk25'),
signal('ecat_ssc$0436332980$0',phy_reset,'ecat_ssc$0436332980$0$phy_reset'),
signal('ecat_ssc$0436332980$0',led_run,'ecat_ssc$0436332980$0$led_run'),
signal('ecat_ssc$0436332980$0',led_err,'ecat_ssc$0436332980$0$led_err'),
signal('ecat_ssc$0436332980$0',p0_led_link_act,'ecat_ssc$0436332980$0$p0_led_link_act'),
signal('ecat_ssc$0436332980$0',p1_led_link_act,'ecat_ssc$0436332980$0$p1_led_link_act'),
signal('ecat_ssc$0436332980$0',mdio,'ecat_ssc$0436332980$0$mdio'),
signal('ecat_ssc$0436332980$0',mdo,'ecat_ssc$0436332980$0$mdo'),
signal('ecat_ssc$0436332980$0',mclk,'ecat_ssc$0436332980$0$mclk'),
signal('ecat_ssc$0436332980$0',latchin0,'ecat_ssc$0436332980$0$latchin0'),
signal('ecat_ssc$0436332980$0',latchin1,'ecat_ssc$0436332980$0$latchin1'),
signal('ecat_ssc$0436332980$0',sync0,'ecat_ssc$0436332980$0$sync0'),
signal('ecat_ssc$0436332980$0',sync1,'ecat_ssc$0436332980$0$sync1'),
signal('ecat_ssc$0436332980$0',p0_rxd0,'ecat_ssc$0436332980$0$p0_rxd0'),
signal('ecat_ssc$0436332980$0',p0_rxd1,'ecat_ssc$0436332980$0$p0_rxd1'),
signal('ecat_ssc$0436332980$0',p0_rxd2,'ecat_ssc$0436332980$0$p0_rxd2'),
signal('ecat_ssc$0436332980$0',p0_rxd3,'ecat_ssc$0436332980$0$p0_rxd3'),
signal('ecat_ssc$0436332980$0',p0_rx_dv,'ecat_ssc$0436332980$0$p0_rx_dv'),
signal('ecat_ssc$0436332980$0',p0_rx_err,'ecat_ssc$0436332980$0$p0_rx_err'),
signal('ecat_ssc$0436332980$0',p0_rx_clk,'ecat_ssc$0436332980$0$p0_rx_clk'),
signal('ecat_ssc$0436332980$0',p0_link,'ecat_ssc$0436332980$0$p0_link'),
signal('ecat_ssc$0436332980$0',p1_rxd0,'ecat_ssc$0436332980$0$p1_rxd0'),
signal('ecat_ssc$0436332980$0',p1_rxd1,'ecat_ssc$0436332980$0$p1_rxd1'),
signal('ecat_ssc$0436332980$0',p1_rxd2,'ecat_ssc$0436332980$0$p1_rxd2'),
signal('ecat_ssc$0436332980$0',p1_rxd3,'ecat_ssc$0436332980$0$p1_rxd3'),
signal('ecat_ssc$0436332980$0',p1_rx_dv,'ecat_ssc$0436332980$0$p1_rx_dv'),
signal('ecat_ssc$0436332980$0',p1_rx_err,'ecat_ssc$0436332980$0$p1_rx_err'),
signal('ecat_ssc$0436332980$0',p1_rx_clk,'ecat_ssc$0436332980$0$p1_rx_clk'),
signal('ecat_ssc$0436332980$0',p1_link,'ecat_ssc$0436332980$0$p1_link'),
signal('ecat_ssc$0436332980$0',p0_txd0,'ecat_ssc$0436332980$0$p0_txd0'),
signal('ecat_ssc$0436332980$0',p0_txd1,'ecat_ssc$0436332980$0$p0_txd1'),
signal('ecat_ssc$0436332980$0',p0_txd2,'ecat_ssc$0436332980$0$p0_txd2'),
signal('ecat_ssc$0436332980$0',p0_txd3,'ecat_ssc$0436332980$0$p0_txd3'),
signal('ecat_ssc$0436332980$0',p0_tx_clk,'ecat_ssc$0436332980$0$p0_tx_clk'),
signal('ecat_ssc$0436332980$0',p0_tx_ena,'ecat_ssc$0436332980$0$p0_tx_ena'),
signal('ecat_ssc$0436332980$0',p1_txd0,'ecat_ssc$0436332980$0$p1_txd0'),
signal('ecat_ssc$0436332980$0',p1_txd1,'ecat_ssc$0436332980$0$p1_txd1'),
signal('ecat_ssc$0436332980$0',p1_txd2,'ecat_ssc$0436332980$0$p1_txd2'),
signal('ecat_ssc$0436332980$0',p1_txd3,'ecat_ssc$0436332980$0$p1_txd3'),
signal('ecat_ssc$0436332980$0',p1_tx_clk,'ecat_ssc$0436332980$0$p1_tx_clk'),
signal('ecat_ssc$0436332980$0',p1_tx_ena,'ecat_ssc$0436332980$0$p1_tx_ena'),
signal('ecat_ssc$124947970$0',pin,'ecat_ssc$124947970$0$pin'),
signal('ecat_ssc$138601580$0',pin,'ecat_ssc$138601580$0$pin'),
signal('ecat_ssc$405736642$0',pin,'ecat_ssc$405736642$0$pin'),
signal('ecat_ssc$1952750919$0',pin,'ecat_ssc$1952750919$0$pin'),
signal('ecat_ssc$398475378$0',pin,'ecat_ssc$398475378$0$pin'),
signal('ecat_ssc$398462796$0',pin,'ecat_ssc$398462796$0$pin'),
signal('ecat_ssc$1089029977$0',pin,'ecat_ssc$1089029977$0$pin'),
signal('ecat_ssc$1089029978$0',pin,'ecat_ssc$1089029978$0$pin'),
signal('ecat_ssc$01867868596$0',pin,'ecat_ssc$01867868596$0$pin'),
signal('ecat_ssc$01867868595$0',pin,'ecat_ssc$01867868595$0$pin'),
signal('ecat_ssc$01867868594$0',pin,'ecat_ssc$01867868594$0$pin'),
signal('ecat_ssc$01867868593$0',pin,'ecat_ssc$01867868593$0$pin'),
signal('ecat_ssc$02069354703$0',pin,'ecat_ssc$02069354703$0$pin'),
signal('ecat_ssc$274514598$0',pin,'ecat_ssc$274514598$0$pin'),
signal('ecat_ssc$274512483$0',pin,'ecat_ssc$274512483$0$pin'),
signal('ecat_ssc$01868061388$0',pin,'ecat_ssc$01868061388$0$pin'),
signal('ecat_ssc$01839239445$0',pin,'ecat_ssc$01839239445$0$pin'),
signal('ecat_ssc$01839239444$0',pin,'ecat_ssc$01839239444$0$pin'),
signal('ecat_ssc$01839239443$0',pin,'ecat_ssc$01839239443$0$pin'),
signal('ecat_ssc$01839239442$0',pin,'ecat_ssc$01839239442$0$pin'),
signal('ecat_ssc$01181851022$0',pin,'ecat_ssc$01181851022$0$pin'),
signal('ecat_ssc$2017324933$0',pin,'ecat_ssc$2017324933$0$pin'),
signal('ecat_ssc$2017322818$0',pin,'ecat_ssc$2017322818$0$pin'),
signal('ecat_ssc$01839432237$0',pin,'ecat_ssc$01839432237$0$pin'),
signal('ecat_ssc$01867809014$0',pin,'ecat_ssc$01867809014$0$pin'),
signal('ecat_ssc$01867809013$0',pin,'ecat_ssc$01867809013$0$pin'),
signal('ecat_ssc$01867809012$0',pin,'ecat_ssc$01867809012$0$pin'),
signal('ecat_ssc$01867809011$0',pin,'ecat_ssc$01867809011$0$pin'),
signal('ecat_ssc$331770785$0',pin,'ecat_ssc$331770785$0$pin'),
signal('ecat_ssc$331772759$0',pin,'ecat_ssc$331772759$0$pin'),
signal('ecat_ssc$01839179863$0',pin,'ecat_ssc$01839179863$0$pin'),
signal('ecat_ssc$01839179862$0',pin,'ecat_ssc$01839179862$0$pin'),
signal('ecat_ssc$01839179861$0',pin,'ecat_ssc$01839179861$0$pin'),
signal('ecat_ssc$01839179860$0',pin,'ecat_ssc$01839179860$0$pin'),
signal('ecat_ssc$2074581120$0',pin,'ecat_ssc$2074581120$0$pin'),
signal('ecat_ssc$2074583094$0',pin,'ecat_ssc$2074583094$0$pin'),
signal('i2c_master$0125934497$0',pad,'i2c_master$0125934497$0$pad'),
signal('i2c_master$0125934517$0',pad,'i2c_master$0125934517$0$pad'),
signal('i2c_master$0517290200$0',dout0,'i2c_master$0517290200$0$dout0'),
signal('i2c_master$0517290200$0',dx0ins,'i2c_master$0517290200$0$dx0ins'),
signal('i2c_master$0517290200$0',dx1ins,'i2c_master$0517290200$0$dx1ins'),
signal('i2c_master$0517290200$0',sclkout,'i2c_master$0517290200$0$sclkout'),
signal('i2c_master$0517290200$0',standard_transmit_buffer_int,'i2c_master$0517290200$0$standard_transmit_buffer_int'),
signal('i2c_master$0517290200$0',standard_receive_buffer_int,'i2c_master$0517290200$0$standard_receive_buffer_int'),
signal('i2c_master$0517290200$0',alternate_receive_buffer_int,'i2c_master$0517290200$0$alternate_receive_buffer_int'),
signal('i2c_master$0517290200$0',protocol_specific_int,'i2c_master$0517290200$0$protocol_specific_int'),
signal('i2c_master$692300405$0',signal_in,'i2c_master$692300405$0$signal_in'),
signal('i2c_master$692300343$0',signal_in,'i2c_master$692300343$0$signal_in'),
signal('i2c_master$01076929067$0',pin,'i2c_master$01076929067$0$pin'),
signal('i2c_master$01076929087$0',pin,'i2c_master$01076929087$0$pin'),
signal('uart$02118624699$0',dx0ins,'uart$02118624699$0$dx0ins'),
signal('uart$02118624699$0',dx3ins,'uart$02118624699$0$dx3ins'),
signal('uart$02118624699$0',dout0,'uart$02118624699$0$dout0'),
signal('uart$01053640812$0',pad,'uart$01053640812$0$pad'),
signal('uart$01053640750$0',pad,'uart$01053640750$0$pad'),
signal('uart$02118624699$0',protocol_specific_int,'uart$02118624699$0$protocol_specific_int'),
signal('uart$02118624699$0',standard_transmit_buffer_int,'uart$02118624699$0$standard_transmit_buffer_int'),
signal('uart$02118624699$0',standard_receive_buffer_int,'uart$02118624699$0$standard_receive_buffer_int'),
signal('uart$02118624699$0',alternate_receive_buffer_int,'uart$02118624699$0$alternate_receive_buffer_int'),
signal('uart$01148723541$0',signal_in,'uart$01148723541$0$signal_in'),
signal('uart$01148723603$0',signal_in,'uart$01148723603$0$signal_in'),
signal('uart$0164365666$0',pin,'uart$0164365666$0$pin'),
signal('uart$0164365604$0',pin,'uart$0164365604$0$pin'),
signal('uart$0611072890$1',dx0ins,'uart$0611072890$1$dx0ins'),
signal('uart$0611072890$1',dx3ins,'uart$0611072890$1$dx3ins'),
signal('uart$0611072890$1',dout0,'uart$0611072890$1$dout0'),
signal('uart$01120647565$1',pad,'uart$01120647565$1$pad'),
signal('uart$01120647503$1',pad,'uart$01120647503$1$pad'),
signal('uart$0611072890$1',protocol_specific_int,'uart$0611072890$1$protocol_specific_int'),
signal('uart$0611072890$1',standard_transmit_buffer_int,'uart$0611072890$1$standard_transmit_buffer_int'),
signal('uart$0611072890$1',standard_receive_buffer_int,'uart$0611072890$1$standard_receive_buffer_int'),
signal('uart$0611072890$1',alternate_receive_buffer_int,'uart$0611072890$1$alternate_receive_buffer_int'),
signal('uart$01557547766$1',signal_in,'uart$01557547766$1$signal_in'),
signal('uart$01557547828$1',signal_in,'uart$01557547828$1$signal_in'),
signal('uart$0153049539$1',pin,'uart$0153049539$1$pin'),
signal('uart$0153049477$1',pin,'uart$0153049477$1$pin'),
signal('bus_io$220146366$0',pad,'bus_io$220146366$0$pad'),
signal('bus_io$220146367$0',pad,'bus_io$220146367$0$pad'),
signal('bus_io$0834710442$0',pin,'bus_io$0834710442$0$pin'),
signal('bus_io$0834710441$0',pin,'bus_io$0834710441$0$pin'),
signal('analog_io$0459569530$0',pad,'analog_io$0459569530$0$pad'),
signal('analog_io$01694626416$0',pin,'analog_io$01694626416$0$pin'),
signal('uart_config$01648198931$0',dx0ins,'uart_config$01648198931$0$dx0ins'),
signal('uart_config$01648198931$0',dx1ins,'uart_config$01648198931$0$dx1ins'),
signal('uart_config$01648198931$0',dx2ins,'uart_config$01648198931$0$dx2ins'),
signal('uart_config$01648198931$0',dout0,'uart_config$01648198931$0$dout0'),
signal('uart_config$01648198931$0',transmit_buffer_int,'uart_config$01648198931$0$transmit_buffer_int'),
signal('uart_config$01648198931$0',standard_receive_int,'uart_config$01648198931$0$standard_receive_int'),
signal('uart_config$01648198931$0',transmit_shift_int,'uart_config$01648198931$0$transmit_shift_int'),
signal('uart_config$01648198931$0',receive_start_int,'uart_config$01648198931$0$receive_start_int'),
signal('uart_config$01648198931$0',alternate_receive_int,'uart_config$01648198931$0$alternate_receive_int'),
signal('uart_config$01648198931$0',protocol_specific_int,'uart_config$01648198931$0$protocol_specific_int'),
connected('global_ccu4$01760137752$0$global_signal','timer$844337652$0$global_signal',1),
connected('clock_xmc4$01551391625$0$fccu','global_ccu4$01760137752$0$clk',1),
connected('ecat_ssc$398462796$0$pin','ecat_ssc$0620971198$0$pad',1),
connected('ecat_ssc$1089029977$0$pin','ecat_ssc$940416335$0$pad',1),
connected('ecat_ssc$1089029978$0$pin','ecat_ssc$940416336$0$pad',1),
connected('ecat_ssc$398475378$0$pin','ecat_ssc$0620958616$0$pad',1),
connected('ecat_ssc$1952750919$0$pin','ecat_ssc$0762203075$0$pad',1),
connected('ecat_ssc$405736642$0$pin','ecat_ssc$2141508748$0$pad',1),
connected('ecat_ssc$01868061388$0$pin','ecat_ssc$1407471914$0$pad',1),
connected('ecat_ssc$274512483$0$pin','ecat_ssc$0149012263$0$pad',1),
connected('ecat_ssc$02069354703$0$pin','ecat_ssc$687929851$0$pad',1),
connected('ecat_ssc$274514598$0$pin','ecat_ssc$0149010148$0$pad',1),
connected('ecat_ssc$01867868596$0$pin','ecat_ssc$1407664706$0$pad',1),
connected('ecat_ssc$01867868595$0$pin','ecat_ssc$1407664707$0$pad',1),
connected('ecat_ssc$01867868594$0$pin','ecat_ssc$1407664708$0$pad',1),
connected('ecat_ssc$01867868593$0$pin','ecat_ssc$1407664709$0$pad',1),
connected('ecat_ssc$331770785$0$pin','ecat_ssc$091753961$0$pad',1),
connected('ecat_ssc$331772759$0$pin','ecat_ssc$091751987$0$pad',1),
connected('ecat_ssc$01867809014$0$pin','ecat_ssc$1407724288$0$pad',1),
connected('ecat_ssc$01867809013$0$pin','ecat_ssc$1407724289$0$pad',1),
connected('ecat_ssc$01867809012$0$pin','ecat_ssc$1407724290$0$pad',1),
connected('ecat_ssc$01867809011$0$pin','ecat_ssc$1407724291$0$pad',1),
connected('ecat_ssc$01839432237$0$pin','ecat_ssc$1436101065$0$pad',1),
connected('ecat_ssc$2017322818$0$pin','ecat_ssc$1593798072$0$pad',1),
connected('ecat_ssc$01181851022$0$pin','ecat_ssc$1575433532$0$pad',1),
connected('ecat_ssc$2017324933$0$pin','ecat_ssc$1593800187$0$pad',1),
connected('ecat_ssc$01839239445$0$pin','ecat_ssc$1436293857$0$pad',1),
connected('ecat_ssc$01839239444$0$pin','ecat_ssc$1436293858$0$pad',1),
connected('ecat_ssc$01839239443$0$pin','ecat_ssc$1436293859$0$pad',1),
connected('ecat_ssc$01839239442$0$pin','ecat_ssc$1436293860$0$pad',1),
connected('ecat_ssc$2074581120$0$pin','ecat_ssc$1651056374$0$pad',1),
connected('ecat_ssc$2074583094$0$pin','ecat_ssc$1651058348$0$pad',1),
connected('ecat_ssc$01839179863$0$pin','ecat_ssc$1436353439$0$pad',1),
connected('ecat_ssc$01839179862$0$pin','ecat_ssc$1436353440$0$pad',1),
connected('ecat_ssc$01839179861$0$pin','ecat_ssc$1436353441$0$pad',1),
connected('ecat_ssc$01839179860$0$pin','ecat_ssc$1436353442$0$pad',1),
connected('ecat_ssc$124947970$0$pin','ecat_ssc$0298576776$0$pad',1),
connected('ecat_ssc$138601580$0$pin','ecat_ssc$0284923166$0$pad',1),
connected('ecat_ssc$0436332980$0$led_err','ecat_ssc$0620971198$0$pad',1),
connected('ecat_ssc$0436332980$0$p0_led_link_act','ecat_ssc$940416335$0$pad',1),
connected('ecat_ssc$0436332980$0$p1_led_link_act','ecat_ssc$940416336$0$pad',1),
connected('ecat_ssc$0436332980$0$led_run','ecat_ssc$0620958616$0$pad',1),
connected('ecat_ssc$0436332980$0$mclk','ecat_ssc$0762203075$0$pad',1),
connected('ecat_ssc$0436332980$0$mdo','ecat_ssc$2141508748$0$hw_o',1),
connected('ecat_ssc$0436332980$0$p0_tx_ena','ecat_ssc$091751987$0$pad',1),
connected('ecat_ssc$0436332980$0$p0_txd0','ecat_ssc$1407724288$0$pad',1),
connected('ecat_ssc$0436332980$0$p0_txd1','ecat_ssc$1407724289$0$pad',1),
connected('ecat_ssc$0436332980$0$p0_txd2','ecat_ssc$1407724290$0$pad',1),
connected('ecat_ssc$0436332980$0$p0_txd3','ecat_ssc$1407724291$0$pad',1),
connected('ecat_ssc$0436332980$0$p1_tx_ena','ecat_ssc$1651058348$0$pad',1),
connected('ecat_ssc$0436332980$0$p1_txd0','ecat_ssc$1436353439$0$pad',1),
connected('ecat_ssc$0436332980$0$p1_txd1','ecat_ssc$1436353440$0$pad',1),
connected('ecat_ssc$0436332980$0$p1_txd2','ecat_ssc$1436353441$0$pad',1),
connected('ecat_ssc$0436332980$0$p1_txd3','ecat_ssc$1436353442$0$pad',1),
connected('ecat_ssc$0436332980$0$phy_clk25','ecat_ssc$0298576776$0$pad',1),
connected('ecat_ssc$0436332980$0$phy_reset','ecat_ssc$0284923166$0$pad',1),
connected('ecat_ssc$0620971198$0$pad','ecat_ssc$398462796$0$pin',1),
connected('ecat_ssc$940416335$0$pad','ecat_ssc$1089029977$0$pin',1),
connected('ecat_ssc$940416336$0$pad','ecat_ssc$1089029978$0$pin',1),
connected('ecat_ssc$0620958616$0$pad','ecat_ssc$398475378$0$pin',1),
connected('ecat_ssc$0762203075$0$pad','ecat_ssc$1952750919$0$pin',1),
connected('ecat_ssc$2141508748$0$pad','ecat_ssc$405736642$0$pin',1),
connected('ecat_ssc$2141508748$0$pad','ecat_ssc$0436332980$0$mdio',1),
connected('ecat_ssc$1407471914$0$pad','ecat_ssc$01868061388$0$pin',1),
connected('ecat_ssc$1407471914$0$pad','ecat_ssc$0436332980$0$p0_link',1),
connected('ecat_ssc$0149012263$0$pad','ecat_ssc$274512483$0$pin',1),
connected('ecat_ssc$0149012263$0$pad','ecat_ssc$0436332980$0$p0_rx_clk',1),
connected('ecat_ssc$687929851$0$pad','ecat_ssc$02069354703$0$pin',1),
connected('ecat_ssc$687929851$0$pad','ecat_ssc$0436332980$0$p0_rx_dv',1),
connected('ecat_ssc$0149010148$0$pad','ecat_ssc$274514598$0$pin',1),
connected('ecat_ssc$0149010148$0$pad','ecat_ssc$0436332980$0$p0_rx_err',1),
connected('ecat_ssc$1407664706$0$pad','ecat_ssc$01867868596$0$pin',1),
connected('ecat_ssc$1407664706$0$pad','ecat_ssc$0436332980$0$p0_rxd0',1),
connected('ecat_ssc$1407664707$0$pad','ecat_ssc$01867868595$0$pin',1),
connected('ecat_ssc$1407664707$0$pad','ecat_ssc$0436332980$0$p0_rxd1',1),
connected('ecat_ssc$1407664708$0$pad','ecat_ssc$01867868594$0$pin',1),
connected('ecat_ssc$1407664708$0$pad','ecat_ssc$0436332980$0$p0_rxd2',1),
connected('ecat_ssc$1407664709$0$pad','ecat_ssc$01867868593$0$pin',1),
connected('ecat_ssc$1407664709$0$pad','ecat_ssc$0436332980$0$p0_rxd3',1),
connected('ecat_ssc$091753961$0$pad','ecat_ssc$331770785$0$pin',1),
connected('ecat_ssc$091753961$0$pad','ecat_ssc$0436332980$0$p0_tx_clk',1),
connected('ecat_ssc$091751987$0$pad','ecat_ssc$331772759$0$pin',1),
connected('ecat_ssc$1407724288$0$pad','ecat_ssc$01867809014$0$pin',1),
connected('ecat_ssc$1407724289$0$pad','ecat_ssc$01867809013$0$pin',1),
connected('ecat_ssc$1407724290$0$pad','ecat_ssc$01867809012$0$pin',1),
connected('ecat_ssc$1407724291$0$pad','ecat_ssc$01867809011$0$pin',1),
connected('ecat_ssc$1436101065$0$pad','ecat_ssc$01839432237$0$pin',1),
connected('ecat_ssc$1436101065$0$pad','ecat_ssc$0436332980$0$p1_link',1),
connected('ecat_ssc$1593798072$0$pad','ecat_ssc$2017322818$0$pin',1),
connected('ecat_ssc$1593798072$0$pad','ecat_ssc$0436332980$0$p1_rx_clk',1),
connected('ecat_ssc$1575433532$0$pad','ecat_ssc$01181851022$0$pin',1),
connected('ecat_ssc$1575433532$0$pad','ecat_ssc$0436332980$0$p1_rx_dv',1),
connected('ecat_ssc$1593800187$0$pad','ecat_ssc$2017324933$0$pin',1),
connected('ecat_ssc$1593800187$0$pad','ecat_ssc$0436332980$0$p1_rx_err',1),
connected('ecat_ssc$1436293857$0$pad','ecat_ssc$01839239445$0$pin',1),
connected('ecat_ssc$1436293857$0$pad','ecat_ssc$0436332980$0$p1_rxd0',1),
connected('ecat_ssc$1436293858$0$pad','ecat_ssc$01839239444$0$pin',1),
connected('ecat_ssc$1436293858$0$pad','ecat_ssc$0436332980$0$p1_rxd1',1),
connected('ecat_ssc$1436293859$0$pad','ecat_ssc$01839239443$0$pin',1),
connected('ecat_ssc$1436293859$0$pad','ecat_ssc$0436332980$0$p1_rxd2',1),
connected('ecat_ssc$1436293860$0$pad','ecat_ssc$01839239442$0$pin',1),
connected('ecat_ssc$1436293860$0$pad','ecat_ssc$0436332980$0$p1_rxd3',1),
connected('ecat_ssc$1651056374$0$pad','ecat_ssc$2074581120$0$pin',1),
connected('ecat_ssc$1651056374$0$pad','ecat_ssc$0436332980$0$p1_tx_clk',1),
connected('ecat_ssc$1651058348$0$pad','ecat_ssc$2074583094$0$pin',1),
connected('ecat_ssc$1436353439$0$pad','ecat_ssc$01839179863$0$pin',1),
connected('ecat_ssc$1436353440$0$pad','ecat_ssc$01839179862$0$pin',1),
connected('ecat_ssc$1436353441$0$pad','ecat_ssc$01839179861$0$pin',1),
connected('ecat_ssc$1436353442$0$pad','ecat_ssc$01839179860$0$pin',1),
connected('ecat_ssc$0298576776$0$pad','ecat_ssc$124947970$0$pin',1),
connected('ecat_ssc$0284923166$0$pad','ecat_ssc$138601580$0$pin',1),
connected('timer$844337652$0$pmus_omds','interrupt$01436523993$0$signal_in',1),
connected('i2c_master$01076929087$0$pin','i2c_master$0125934517$0$pad',1),
connected('i2c_master$01076929067$0$pin','i2c_master$0125934497$0$pad',1),
connected('i2c_master$0517290200$0$sclkout','i2c_master$0125934517$0$pad',1),
connected('i2c_master$0517290200$0$dout0','i2c_master$0125934497$0$pad',1),
connected('i2c_master$0517290200$0$alternate_receive_buffer_int','i2c_master$692300343$0$signal_in',1),
connected('i2c_master$0517290200$0$standard_receive_buffer_int','i2c_master$692300343$0$signal_in',1),
connected('i2c_master$0517290200$0$standard_transmit_buffer_int','i2c_master$692300405$0$signal_in',1),
connected('i2c_master$0125934517$0$pad','i2c_master$01076929087$0$pin',1),
connected('i2c_master$0125934517$0$pad','i2c_master$0517290200$0$dx1ins',1),
connected('i2c_master$0125934497$0$pad','i2c_master$01076929067$0$pin',1),
connected('i2c_master$0125934497$0$pad','i2c_master$0517290200$0$dx0ins',1),
connected('uart$0164365666$0$pin','uart$01053640812$0$pad',1),
connected('uart$0164365604$0$pin','uart$01053640750$0$pad',1),
connected('uart$02118624699$0$dout0','uart$01053640750$0$pad',1),
connected('uart$02118624699$0$alternate_receive_buffer_int','uart$01148723603$0$signal_in',1),
connected('uart$02118624699$0$standard_receive_buffer_int','uart$01148723603$0$signal_in',1),
connected('uart$02118624699$0$standard_transmit_buffer_int','uart$01148723541$0$signal_in',1),
connected('uart$01053640812$0$pad','uart$0164365666$0$pin',1),
connected('uart$01053640812$0$pad','uart$02118624699$0$dx0ins',1),
connected('uart$01053640750$0$pad','uart$0164365604$0$pin',1),
connected('uart$0153049539$1$pin','uart$01120647565$1$pad',1),
connected('uart$0153049477$1$pin','uart$01120647503$1$pad',1),
connected('uart$0611072890$1$dout0','uart$01120647503$1$pad',1),
connected('uart$0611072890$1$alternate_receive_buffer_int','uart$01557547828$1$signal_in',1),
connected('uart$0611072890$1$standard_receive_buffer_int','uart$01557547828$1$signal_in',1),
connected('uart$0611072890$1$standard_transmit_buffer_int','uart$01557547766$1$signal_in',1),
connected('uart$01120647565$1$pad','uart$0153049539$1$pin',1),
connected('uart$01120647565$1$pad','uart$0611072890$1$dx0ins',1),
connected('uart$01120647503$1$pad','uart$0153049477$1$pin',1),
connected('bus_io$220146366$0$pad','bus_io$0834710442$0$pin',1),
connected('bus_io$220146367$0$pad','bus_io$0834710441$0$pin',1),
connected('bus_io$0834710442$0$pin','bus_io$220146366$0$pad',1),
connected('bus_io$0834710441$0$pin','bus_io$220146367$0$pad',1),
connected('analog_io$01694626416$0$pin','analog_io$0459569530$0$pad',1),
connected('analog_io$0459569530$0$pad','analog_io$01694626416$0$pin',1),
register_value('i2c_master$0517290200$0',tbctr_size,4),
register_value('i2c_master$0517290200$0',rbctr_size,4),
register_value('uart$0611072890$1',ccr_hpcen,0),
register_value('uart$0611072890$1',tbctr_size,4),
register_value('uart$0611072890$1',rbctr_size,4),
register_value('uart$02118624699$0',ccr_hpcen,0),
register_value('uart$02118624699$0',tbctr_size,4),
register_value('uart$02118624699$0',rbctr_size,4),
uri_element_range(BUS_IO0sv0,[0, 1, 2, 3, 4, 5, 6, 7, 8, 9, 14, 15]),
uri_element_range(BUS_IO0sv1,[0, 1, 2, 3, 4, 5, 6, 7, 8, 9, 14, 15]),
uri_element_range(E_EEPROM_XMC40sv0,[0, 1]),
register_range('uart_config$01648198931$0',dx1cr_dsel,[0, 1, 2, 3, 4]),
register_range('uart_config$01648198931$0',dx2cr_dsel,[0, 1, 2, 3, 4, 5]),
uri_element_range(ANALOG_IO0sv0,[14, 15])], 'uart','0', Output_signals),15,writeln(timeout),all_solution, Timer, Due, Remainder).



Dec 20, 2022 5:11:57 PM java.util.logging.LogManager$RootLogger log
INFO: 
End of solver : getOutputSignals() :  Difference in ms 168


