Copyright 1986-2020 Xilinx, Inc. All Rights Reserved.
------------------------------------------------------------------------------------------------------------------------------------
| Tool Version : Vivado v.2020.1 (lin64) Build 2902540 Wed May 27 19:54:35 MDT 2020
| Date         : Wed Aug 17 15:29:36 2022
| Host         : lxeng99 running 64-bit Ubuntu 16.04.6 LTS
| Command      : report_drc -file Mercury_XU5_PE1_drc_opted.rpt -pb Mercury_XU5_PE1_drc_opted.pb -rpx Mercury_XU5_PE1_drc_opted.rpx
| Design       : Mercury_XU5_PE1
| Device       : xczu5ev-sfvc784-2-i
| Speed File   : -2
| Design State : Synthesized
------------------------------------------------------------------------------------------------------------------------------------

Report DRC

Table of Contents
-----------------
1. REPORT SUMMARY
2. REPORT DETAILS

1. REPORT SUMMARY
-----------------
            Netlist: netlist
          Floorplan: design_1
      Design limits: <entire design considered>
           Ruledeck: default
             Max violations: <unlimited>
             Violations found: 1
+--------+----------+--------------------+------------+
| Rule   | Severity | Description        | Violations |
+--------+----------+--------------------+------------+
| MIG-69 | Warning  | Invalid Constraint | 1          |
+--------+----------+--------------------+------------+

2. REPORT DETAILS
-----------------
MIG-69#1 Warning
Invalid Constraint  
[Mercury_XU5_i/ddr4] The Memory IP reset port %ELG has an incompatible IO Standard LVCMOS18 selected. If a level shifter or similar is used to ensure compatibility, this DRC can be demoted. For more details please refer AR66800.
Related violations: <none>


