Copyright 1986-2020 Xilinx, Inc. All Rights Reserved.
---------------------------------------------------------------------------------------------------------------------------------------
| Tool Version : Vivado v.2020.1 (lin64) Build 2902540 Wed May 27 19:54:35 MDT 2020
| Date         : Wed Aug 17 15:32:34 2022
| Host         : lxeng99 running 64-bit Ubuntu 16.04.6 LTS
| Command      : report_drc -file Mercury_XU5_PE1_drc_routed.rpt -pb Mercury_XU5_PE1_drc_routed.pb -rpx Mercury_XU5_PE1_drc_routed.rpx
| Design       : Mercury_XU5_PE1
| Device       : xczu5ev-sfvc784-2-i
| Speed File   : -2
| Design State : Fully Routed
---------------------------------------------------------------------------------------------------------------------------------------

Report DRC

Table of Contents
-----------------
1. REPORT SUMMARY
2. REPORT DETAILS

1. REPORT SUMMARY
-----------------
            Netlist: netlist
          Floorplan: design_1
      Design limits: <entire design considered>
           Ruledeck: default
             Max violations: <unlimited>
             Violations found: 2
+-----------+----------+--------------------+------------+
| Rule      | Severity | Description        | Violations |
+-----------+----------+--------------------+------------+
| MIG-69    | Warning  | Invalid Constraint | 1          |
| RTSTAT-10 | Warning  | No routable loads  | 1          |
+-----------+----------+--------------------+------------+

2. REPORT DETAILS
-----------------
MIG-69#1 Warning
Invalid Constraint  
[Mercury_XU5_i/ddr4] The Memory IP reset port %ELG has an incompatible IO Standard LVCMOS18 selected. If a level shifter or similar is used to ensure compatibility, this DRC can be demoted. For more details please refer AR66800.
Related violations: <none>

RTSTAT-10#1 Warning
No routable loads  
288 net(s) have no routable loads. The problem bus(es) and/or net(s) are Mercury_XU5_i/ddr4/inst/u_ddr4_mem_intfc/u_ddr_cal_riu/LMB_CE_riu,
Mercury_XU5_i/ddr4/inst/u_ddr4_mem_intfc/u_ddr_cal_riu/LMB_UE_riu,
Mercury_XU5_i/ddr4/inst/u_ddr4_mem_intfc/u_ddr_cal_top/u_ddr_cal/u_xsdb_arbiter/Q[12],
Mercury_XU5_i/ddr4/inst/u_ddr4_mem_intfc/u_ddr_cal_top/u_ddr_cal/u_xsdb_arbiter/Q[13],
Mercury_XU5_i/ddr4/inst/u_ddr4_mem_intfc/u_ddr_cal_top/u_ddr_cal/u_xsdb_arbiter/Q[14],
Mercury_XU5_i/ddr4/inst/u_ddr4_mem_intfc/u_ddr_cal_top/u_ddr_cal/u_xsdb_arbiter/Q[15],
Mercury_XU5_i/ddr4/inst/u_ddr4_mem_intfc/u_phy2clb_fixdly_rdy_upp/SYNC[0].sync_reg[1],
Mercury_XU5_i/ddr4/inst/u_ddr4_mem_intfc/u_phy2clb_fixdly_rdy_low/SYNC[0].sync_reg[1],
Mercury_XU5_i/ddr4/inst/u_ddr4_mem_intfc/u_phy2clb_phy_rdy_upp/SYNC[0].sync_reg[1],
Mercury_XU5_i/ddr4/inst/u_ddr4_mem_intfc/u_phy2clb_phy_rdy_low/SYNC[0].sync_reg[1],
Mercury_XU5_i/ddr4/inst/u_ddr4_mem_intfc/u_phy2clb_fixdly_rdy_upp/SYNC[1].sync_reg[1],
Mercury_XU5_i/ddr4/inst/u_ddr4_mem_intfc/u_phy2clb_phy_rdy_low/SYNC[1].sync_reg[1],
Mercury_XU5_i/ddr4/inst/u_ddr4_mem_intfc/u_phy2clb_fixdly_rdy_low/SYNC[1].sync_reg[1],
Mercury_XU5_i/ddr4/inst/u_ddr4_mem_intfc/u_phy2clb_phy_rdy_upp/SYNC[1].sync_reg[1],
Mercury_XU5_i/ddr4/inst/u_ddr4_mem_intfc/u_phy2clb_phy_rdy_low/SYNC[2].sync_reg[1] (the first 15 of 154 listed).
Related violations: <none>


