Copyright 1986-2020 Xilinx, Inc. All Rights Reserved.
-----------------------------------------------------------------------------------------------------------------------------------------------------------------------------------
| Tool Version : Vivado v.2020.1 (lin64) Build 2902540 Wed May 27 19:54:35 MDT 2020
| Date         : Wed Aug 17 15:32:44 2022
| Host         : lxeng99 running 64-bit Ubuntu 16.04.6 LTS
| Command      : report_methodology -file Mercury_XU5_PE1_methodology_drc_routed.rpt -pb Mercury_XU5_PE1_methodology_drc_routed.pb -rpx Mercury_XU5_PE1_methodology_drc_routed.rpx
| Design       : Mercury_XU5_PE1
| Device       : xczu5ev-sfvc784-2-i
| Speed File   : -2
| Design State : Fully Routed
-----------------------------------------------------------------------------------------------------------------------------------------------------------------------------------

Report Methodology

Table of Contents
-----------------
1. REPORT SUMMARY
2. REPORT DETAILS

1. REPORT SUMMARY
-----------------
            Netlist: netlist
          Floorplan: design_1
      Design limits: <entire design considered>
             Max violations: <unlimited>
             Violations found: 139
+-----------+----------+-------------------------------------------------------------------+------------+
| Rule      | Severity | Description                                                       | Violations |
+-----------+----------+-------------------------------------------------------------------+------------+
| LUTAR-1   | Warning  | LUT drives async reset alert                                      | 8          |
| TIMING-10 | Warning  | Missing property on synchronizer                                  | 1          |
| TIMING-18 | Warning  | Missing input or output delay                                     | 1          |
| TIMING-28 | Warning  | Auto-derived clock referenced by a timing constraint              | 82         |
| TIMING-47 | Warning  | False path or asynchronous clock group between synchronous clocks | 44         |
| XDCH-1    | Warning  | Hold option missing in multicycle path constraint                 | 2          |
| CLKC-56   | Advisory | MMCME4 with global clock driver has no LOC                        | 1          |
+-----------+----------+-------------------------------------------------------------------+------------+

2. REPORT DETAILS
-----------------
LUTAR-1#1 Warning
LUT drives async reset alert  
LUT cell Mercury_XU5_i/ddr4/inst/u_ddr4_mem_intfc/u_mig_ddr4_phy/inst/u_ddr4_phy_pll/plle_loop[0].gen_plle4.PLLE4_BASE_INST_OTHER_i_1, with 2 or more inputs, drives asynchronous preset/clear pin(s) Mercury_XU5_i/ddr4/inst/u_ddr4_mem_intfc/u_mig_ddr4_phy/inst/u_ddr4_phy_pll/plle_loop[0].gen_plle4.PLLE4_BASE_INST_OTHER/RST. The LUT may glitch and trigger an unexpected reset, even if it is a properly timed path.
Related violations: <none>

LUTAR-1#2 Warning
LUT drives async reset alert  
LUT cell dbg_hub/inst/BSCANID.u_xsdbm_id/CORE_XSDB.UUT_MASTER/U_ICON_INTERFACE/U_CMD6_RD/U_RD_FIFO/SUBCORE_FIFO.xsdbm_v3_0_0_rdfifo_inst/inst_fifo_gen/gconvfifo.rf/grf.rf/rstblk/ngwrdrst.grst.g7serrst.gwrrd_rst_sync_stage[2].rrst_inst/ngwrdrst.grst.g7serrst.rd_rst_reg[2]_i_1, with 2 or more inputs, drives asynchronous preset/clear pin(s) dbg_hub/inst/BSCANID.u_xsdbm_id/CORE_XSDB.UUT_MASTER/U_ICON_INTERFACE/U_CMD6_RD/U_RD_FIFO/SUBCORE_FIFO.xsdbm_v3_0_0_rdfifo_inst/inst_fifo_gen/gconvfifo.rf/grf.rf/rstblk/ngwrdrst.grst.g7serrst.rd_rst_reg_reg[0]/PRE,
dbg_hub/inst/BSCANID.u_xsdbm_id/CORE_XSDB.UUT_MASTER/U_ICON_INTERFACE/U_CMD6_RD/U_RD_FIFO/SUBCORE_FIFO.xsdbm_v3_0_0_rdfifo_inst/inst_fifo_gen/gconvfifo.rf/grf.rf/rstblk/ngwrdrst.grst.g7serrst.rd_rst_reg_reg[1]/PRE,
dbg_hub/inst/BSCANID.u_xsdbm_id/CORE_XSDB.UUT_MASTER/U_ICON_INTERFACE/U_CMD6_RD/U_RD_FIFO/SUBCORE_FIFO.xsdbm_v3_0_0_rdfifo_inst/inst_fifo_gen/gconvfifo.rf/grf.rf/rstblk/ngwrdrst.grst.g7serrst.rd_rst_reg_reg[2]/PRE. The LUT may glitch and trigger an unexpected reset, even if it is a properly timed path.
Related violations: <none>

LUTAR-1#3 Warning
LUT drives async reset alert  
LUT cell dbg_hub/inst/BSCANID.u_xsdbm_id/CORE_XSDB.UUT_MASTER/U_ICON_INTERFACE/U_CMD6_RD/U_RD_FIFO/SUBCORE_FIFO.xsdbm_v3_0_0_rdfifo_inst/inst_fifo_gen/gconvfifo.rf/grf.rf/rstblk/ngwrdrst.grst.g7serrst.gwrrd_rst_sync_stage[2].wrst_inst/ngwrdrst.grst.g7serrst.wr_rst_reg[2]_i_1, with 2 or more inputs, drives asynchronous preset/clear pin(s) dbg_hub/inst/BSCANID.u_xsdbm_id/CORE_XSDB.UUT_MASTER/U_ICON_INTERFACE/U_CMD6_RD/U_RD_FIFO/SUBCORE_FIFO.xsdbm_v3_0_0_rdfifo_inst/inst_fifo_gen/gconvfifo.rf/grf.rf/rstblk/ngwrdrst.grst.g7serrst.wr_rst_reg_reg[0]/PRE,
dbg_hub/inst/BSCANID.u_xsdbm_id/CORE_XSDB.UUT_MASTER/U_ICON_INTERFACE/U_CMD6_RD/U_RD_FIFO/SUBCORE_FIFO.xsdbm_v3_0_0_rdfifo_inst/inst_fifo_gen/gconvfifo.rf/grf.rf/rstblk/ngwrdrst.grst.g7serrst.wr_rst_reg_reg[1]/PRE,
dbg_hub/inst/BSCANID.u_xsdbm_id/CORE_XSDB.UUT_MASTER/U_ICON_INTERFACE/U_CMD6_RD/U_RD_FIFO/SUBCORE_FIFO.xsdbm_v3_0_0_rdfifo_inst/inst_fifo_gen/gconvfifo.rf/grf.rf/rstblk/ngwrdrst.grst.g7serrst.wr_rst_reg_reg[2]/PRE. The LUT may glitch and trigger an unexpected reset, even if it is a properly timed path.
Related violations: <none>

LUTAR-1#4 Warning
LUT drives async reset alert  
LUT cell dbg_hub/inst/BSCANID.u_xsdbm_id/CORE_XSDB.UUT_MASTER/U_ICON_INTERFACE/U_CMD6_WR/U_WR_FIFO/SUBCORE_FIFO.xsdbm_v3_0_0_wrfifo_inst/inst_fifo_gen/gconvfifo.rf/grf.rf/rstblk/ngwrdrst.grst.g7serrst.gwrrd_rst_sync_stage[2].rrst_inst/ngwrdrst.grst.g7serrst.rd_rst_reg[2]_i_1, with 2 or more inputs, drives asynchronous preset/clear pin(s) dbg_hub/inst/BSCANID.u_xsdbm_id/CORE_XSDB.UUT_MASTER/U_ICON_INTERFACE/U_CMD6_WR/U_WR_FIFO/SUBCORE_FIFO.xsdbm_v3_0_0_wrfifo_inst/inst_fifo_gen/gconvfifo.rf/grf.rf/rstblk/ngwrdrst.grst.g7serrst.rd_rst_reg_reg[0]/PRE,
dbg_hub/inst/BSCANID.u_xsdbm_id/CORE_XSDB.UUT_MASTER/U_ICON_INTERFACE/U_CMD6_WR/U_WR_FIFO/SUBCORE_FIFO.xsdbm_v3_0_0_wrfifo_inst/inst_fifo_gen/gconvfifo.rf/grf.rf/rstblk/ngwrdrst.grst.g7serrst.rd_rst_reg_reg[1]/PRE,
dbg_hub/inst/BSCANID.u_xsdbm_id/CORE_XSDB.UUT_MASTER/U_ICON_INTERFACE/U_CMD6_WR/U_WR_FIFO/SUBCORE_FIFO.xsdbm_v3_0_0_wrfifo_inst/inst_fifo_gen/gconvfifo.rf/grf.rf/rstblk/ngwrdrst.grst.g7serrst.rd_rst_reg_reg[2]/PRE. The LUT may glitch and trigger an unexpected reset, even if it is a properly timed path.
Related violations: <none>

LUTAR-1#5 Warning
LUT drives async reset alert  
LUT cell dbg_hub/inst/BSCANID.u_xsdbm_id/CORE_XSDB.UUT_MASTER/U_ICON_INTERFACE/U_CMD6_WR/U_WR_FIFO/SUBCORE_FIFO.xsdbm_v3_0_0_wrfifo_inst/inst_fifo_gen/gconvfifo.rf/grf.rf/rstblk/ngwrdrst.grst.g7serrst.gwrrd_rst_sync_stage[2].wrst_inst/ngwrdrst.grst.g7serrst.wr_rst_reg[2]_i_1, with 2 or more inputs, drives asynchronous preset/clear pin(s) dbg_hub/inst/BSCANID.u_xsdbm_id/CORE_XSDB.UUT_MASTER/U_ICON_INTERFACE/U_CMD6_WR/U_WR_FIFO/SUBCORE_FIFO.xsdbm_v3_0_0_wrfifo_inst/inst_fifo_gen/gconvfifo.rf/grf.rf/rstblk/ngwrdrst.grst.g7serrst.wr_rst_reg_reg[0]/PRE,
dbg_hub/inst/BSCANID.u_xsdbm_id/CORE_XSDB.UUT_MASTER/U_ICON_INTERFACE/U_CMD6_WR/U_WR_FIFO/SUBCORE_FIFO.xsdbm_v3_0_0_wrfifo_inst/inst_fifo_gen/gconvfifo.rf/grf.rf/rstblk/ngwrdrst.grst.g7serrst.wr_rst_reg_reg[1]/PRE,
dbg_hub/inst/BSCANID.u_xsdbm_id/CORE_XSDB.UUT_MASTER/U_ICON_INTERFACE/U_CMD6_WR/U_WR_FIFO/SUBCORE_FIFO.xsdbm_v3_0_0_wrfifo_inst/inst_fifo_gen/gconvfifo.rf/grf.rf/rstblk/ngwrdrst.grst.g7serrst.wr_rst_reg_reg[2]/PRE. The LUT may glitch and trigger an unexpected reset, even if it is a properly timed path.
Related violations: <none>

LUTAR-1#6 Warning
LUT drives async reset alert  
LUT cell dbg_hub/inst/BSCANID.u_xsdbm_id/SWITCH_N_EXT_BSCAN.bscan_switch/m_bscan_sel[0]_INST_0, with 2 or more inputs, drives asynchronous preset/clear pin(s) dbg_hub/inst/BSCANID.u_xsdbm_id/CORE_XSDB.U_ICON/U_CMD/iTARGET_reg[10]/CLR,
dbg_hub/inst/BSCANID.u_xsdbm_id/CORE_XSDB.U_ICON/U_CMD/iTARGET_reg[11]/CLR,
dbg_hub/inst/BSCANID.u_xsdbm_id/CORE_XSDB.U_ICON/U_CMD/iTARGET_reg[12]/CLR,
dbg_hub/inst/BSCANID.u_xsdbm_id/CORE_XSDB.U_ICON/U_CMD/iTARGET_reg[13]/CLR,
dbg_hub/inst/BSCANID.u_xsdbm_id/CORE_XSDB.U_ICON/U_CMD/iTARGET_reg[14]/CLR,
dbg_hub/inst/BSCANID.u_xsdbm_id/CORE_XSDB.U_ICON/U_CMD/iTARGET_reg[15]/CLR,
dbg_hub/inst/BSCANID.u_xsdbm_id/CORE_XSDB.U_ICON/U_CMD/iTARGET_reg[6]/CLR,
dbg_hub/inst/BSCANID.u_xsdbm_id/CORE_XSDB.U_ICON/U_CMD/iTARGET_reg[7]/CLR,
dbg_hub/inst/BSCANID.u_xsdbm_id/CORE_XSDB.U_ICON/U_CMD/iTARGET_reg[8]/CLR,
dbg_hub/inst/BSCANID.u_xsdbm_id/CORE_XSDB.U_ICON/U_CMD/iTARGET_reg[9]/CLR. The LUT may glitch and trigger an unexpected reset, even if it is a properly timed path.
Related violations: <none>

LUTAR-1#7 Warning
LUT drives async reset alert  
LUT cell i_gmii2rgmii/i_rgmii_gmii/FifoResetMainClock_Reg[5]_i_1, with 2 or more inputs, drives asynchronous preset/clear pin(s) i_gmii2rgmii/i_rgmii_gmii/FifoResetMainClock_Reg_reg[0]/PRE,
i_gmii2rgmii/i_rgmii_gmii/FifoResetMainClock_Reg_reg[1]/PRE,
i_gmii2rgmii/i_rgmii_gmii/FifoResetMainClock_Reg_reg[2]/PRE,
i_gmii2rgmii/i_rgmii_gmii/FifoResetMainClock_Reg_reg[3]/PRE,
i_gmii2rgmii/i_rgmii_gmii/FifoResetMainClock_Reg_reg[4]/PRE,
i_gmii2rgmii/i_rgmii_gmii/FifoResetMainClock_Reg_reg[5]/PRE. The LUT may glitch and trigger an unexpected reset, even if it is a properly timed path.
Related violations: <none>

LUTAR-1#8 Warning
LUT drives async reset alert  
LUT cell i_gmii2rgmii/i_rgmii_gmii/FifoResetRxClock_Reg[5]_i_1, with 2 or more inputs, drives asynchronous preset/clear pin(s) i_gmii2rgmii/i_rgmii_gmii/FifoResetRxClock_Reg_reg[0]/PRE,
i_gmii2rgmii/i_rgmii_gmii/FifoResetRxClock_Reg_reg[1]/PRE,
i_gmii2rgmii/i_rgmii_gmii/FifoResetRxClock_Reg_reg[2]/PRE,
i_gmii2rgmii/i_rgmii_gmii/FifoResetRxClock_Reg_reg[3]/PRE,
i_gmii2rgmii/i_rgmii_gmii/FifoResetRxClock_Reg_reg[4]/PRE,
i_gmii2rgmii/i_rgmii_gmii/FifoResetRxClock_Reg_reg[5]/PRE. The LUT may glitch and trigger an unexpected reset, even if it is a properly timed path.
Related violations: <none>

TIMING-10#1 Warning
Missing property on synchronizer  
One or more logic synchronizer has been detected between 2 clock domains but the synchronizer does not have the property ASYNC_REG defined on one or both registers. It is recommended to run report_cdc for a complete and detailed CDC coverage
Related violations: <none>

TIMING-18#1 Warning
Missing input or output delay  
An input delay is missing on ETH1_MDIO relative to clock(s) mdio1_mdc_clock
Related violations: <none>

TIMING-28#1 Warning
Auto-derived clock referenced by a timing constraint  
The auto-derived clock Clk2_5 is referenced by name inside timing constraint (see constraint position 100 in the Timing Constraint window in Vivado IDE). It is recommended to reference an auto-derived clock by the pin name attached to the clock: get_clocks -of_objects [get_pins i_gmii2rgmii/i_rgmii_Div4/O]
Related violations: <none>

TIMING-28#2 Warning
Auto-derived clock referenced by a timing constraint  
The auto-derived clock Clk2_5 is referenced by name inside timing constraint (see constraint position 103 in the Timing Constraint window in Vivado IDE). It is recommended to reference an auto-derived clock by the pin name attached to the clock: get_clocks -of_objects [get_pins i_gmii2rgmii/i_rgmii_Div4/O]
Related violations: <none>

TIMING-28#3 Warning
Auto-derived clock referenced by a timing constraint  
The auto-derived clock Clk2_5 is referenced by name inside timing constraint (see constraint position 104 in the Timing Constraint window in Vivado IDE). It is recommended to reference an auto-derived clock by the pin name attached to the clock: get_clocks -of_objects [get_pins i_gmii2rgmii/i_rgmii_Div4/O]
Related violations: <none>

TIMING-28#4 Warning
Auto-derived clock referenced by a timing constraint  
The auto-derived clock Clk2_5 is referenced by name inside timing constraint (see constraint position 105 in the Timing Constraint window in Vivado IDE). It is recommended to reference an auto-derived clock by the pin name attached to the clock: get_clocks -of_objects [get_pins i_gmii2rgmii/i_rgmii_Div4/O]
Related violations: <none>

TIMING-28#5 Warning
Auto-derived clock referenced by a timing constraint  
The auto-derived clock Clk2_5 is referenced by name inside timing constraint (see constraint position 106 in the Timing Constraint window in Vivado IDE). It is recommended to reference an auto-derived clock by the pin name attached to the clock: get_clocks -of_objects [get_pins i_gmii2rgmii/i_rgmii_Div4/O]
Related violations: <none>

TIMING-28#6 Warning
Auto-derived clock referenced by a timing constraint  
The auto-derived clock Clk2_5 is referenced by name inside timing constraint (see constraint position 73 in the Timing Constraint window in Vivado IDE). It is recommended to reference an auto-derived clock by the pin name attached to the clock: get_clocks -of_objects [get_pins i_gmii2rgmii/i_rgmii_Div4/O]
Related violations: <none>

TIMING-28#7 Warning
Auto-derived clock referenced by a timing constraint  
The auto-derived clock Clk2_5 is referenced by name inside timing constraint (see constraint position 74 in the Timing Constraint window in Vivado IDE). It is recommended to reference an auto-derived clock by the pin name attached to the clock: get_clocks -of_objects [get_pins i_gmii2rgmii/i_rgmii_Div4/O]
Related violations: <none>

TIMING-28#8 Warning
Auto-derived clock referenced by a timing constraint  
The auto-derived clock Clk2_5 is referenced by name inside timing constraint (see constraint position 75 in the Timing Constraint window in Vivado IDE). It is recommended to reference an auto-derived clock by the pin name attached to the clock: get_clocks -of_objects [get_pins i_gmii2rgmii/i_rgmii_Div4/O]
Related violations: <none>

TIMING-28#9 Warning
Auto-derived clock referenced by a timing constraint  
The auto-derived clock Clk2_5 is referenced by name inside timing constraint (see constraint position 76 in the Timing Constraint window in Vivado IDE). It is recommended to reference an auto-derived clock by the pin name attached to the clock: get_clocks -of_objects [get_pins i_gmii2rgmii/i_rgmii_Div4/O]
Related violations: <none>

TIMING-28#10 Warning
Auto-derived clock referenced by a timing constraint  
The auto-derived clock Clk2_5 is referenced by name inside timing constraint (see constraint position 79 in the Timing Constraint window in Vivado IDE). It is recommended to reference an auto-derived clock by the pin name attached to the clock: get_clocks -of_objects [get_pins i_gmii2rgmii/i_rgmii_Div4/O]
Related violations: <none>

TIMING-28#11 Warning
Auto-derived clock referenced by a timing constraint  
The auto-derived clock Clk2_5 is referenced by name inside timing constraint (see constraint position 80 in the Timing Constraint window in Vivado IDE). It is recommended to reference an auto-derived clock by the pin name attached to the clock: get_clocks -of_objects [get_pins i_gmii2rgmii/i_rgmii_Div4/O]
Related violations: <none>

TIMING-28#12 Warning
Auto-derived clock referenced by a timing constraint  
The auto-derived clock Clk2_5 is referenced by name inside timing constraint (see constraint position 81 in the Timing Constraint window in Vivado IDE). It is recommended to reference an auto-derived clock by the pin name attached to the clock: get_clocks -of_objects [get_pins i_gmii2rgmii/i_rgmii_Div4/O]
Related violations: <none>

TIMING-28#13 Warning
Auto-derived clock referenced by a timing constraint  
The auto-derived clock Clk2_5 is referenced by name inside timing constraint (see constraint position 82 in the Timing Constraint window in Vivado IDE). It is recommended to reference an auto-derived clock by the pin name attached to the clock: get_clocks -of_objects [get_pins i_gmii2rgmii/i_rgmii_Div4/O]
Related violations: <none>

TIMING-28#14 Warning
Auto-derived clock referenced by a timing constraint  
The auto-derived clock Clk2_5 is referenced by name inside timing constraint (see constraint position 85 in the Timing Constraint window in Vivado IDE). It is recommended to reference an auto-derived clock by the pin name attached to the clock: get_clocks -of_objects [get_pins i_gmii2rgmii/i_rgmii_Div4/O]
Related violations: <none>

TIMING-28#15 Warning
Auto-derived clock referenced by a timing constraint  
The auto-derived clock Clk2_5 is referenced by name inside timing constraint (see constraint position 86 in the Timing Constraint window in Vivado IDE). It is recommended to reference an auto-derived clock by the pin name attached to the clock: get_clocks -of_objects [get_pins i_gmii2rgmii/i_rgmii_Div4/O]
Related violations: <none>

TIMING-28#16 Warning
Auto-derived clock referenced by a timing constraint  
The auto-derived clock Clk2_5 is referenced by name inside timing constraint (see constraint position 87 in the Timing Constraint window in Vivado IDE). It is recommended to reference an auto-derived clock by the pin name attached to the clock: get_clocks -of_objects [get_pins i_gmii2rgmii/i_rgmii_Div4/O]
Related violations: <none>

TIMING-28#17 Warning
Auto-derived clock referenced by a timing constraint  
The auto-derived clock Clk2_5 is referenced by name inside timing constraint (see constraint position 88 in the Timing Constraint window in Vivado IDE). It is recommended to reference an auto-derived clock by the pin name attached to the clock: get_clocks -of_objects [get_pins i_gmii2rgmii/i_rgmii_Div4/O]
Related violations: <none>

TIMING-28#18 Warning
Auto-derived clock referenced by a timing constraint  
The auto-derived clock Clk2_5 is referenced by name inside timing constraint (see constraint position 91 in the Timing Constraint window in Vivado IDE). It is recommended to reference an auto-derived clock by the pin name attached to the clock: get_clocks -of_objects [get_pins i_gmii2rgmii/i_rgmii_Div4/O]
Related violations: <none>

TIMING-28#19 Warning
Auto-derived clock referenced by a timing constraint  
The auto-derived clock Clk2_5 is referenced by name inside timing constraint (see constraint position 92 in the Timing Constraint window in Vivado IDE). It is recommended to reference an auto-derived clock by the pin name attached to the clock: get_clocks -of_objects [get_pins i_gmii2rgmii/i_rgmii_Div4/O]
Related violations: <none>

TIMING-28#20 Warning
Auto-derived clock referenced by a timing constraint  
The auto-derived clock Clk2_5 is referenced by name inside timing constraint (see constraint position 93 in the Timing Constraint window in Vivado IDE). It is recommended to reference an auto-derived clock by the pin name attached to the clock: get_clocks -of_objects [get_pins i_gmii2rgmii/i_rgmii_Div4/O]
Related violations: <none>

TIMING-28#21 Warning
Auto-derived clock referenced by a timing constraint  
The auto-derived clock Clk2_5 is referenced by name inside timing constraint (see constraint position 94 in the Timing Constraint window in Vivado IDE). It is recommended to reference an auto-derived clock by the pin name attached to the clock: get_clocks -of_objects [get_pins i_gmii2rgmii/i_rgmii_Div4/O]
Related violations: <none>

TIMING-28#22 Warning
Auto-derived clock referenced by a timing constraint  
The auto-derived clock Clk2_5 is referenced by name inside timing constraint (see constraint position 97 in the Timing Constraint window in Vivado IDE). It is recommended to reference an auto-derived clock by the pin name attached to the clock: get_clocks -of_objects [get_pins i_gmii2rgmii/i_rgmii_Div4/O]
Related violations: <none>

TIMING-28#23 Warning
Auto-derived clock referenced by a timing constraint  
The auto-derived clock Clk2_5 is referenced by name inside timing constraint (see constraint position 98 in the Timing Constraint window in Vivado IDE). It is recommended to reference an auto-derived clock by the pin name attached to the clock: get_clocks -of_objects [get_pins i_gmii2rgmii/i_rgmii_Div4/O]
Related violations: <none>

TIMING-28#24 Warning
Auto-derived clock referenced by a timing constraint  
The auto-derived clock Clk2_5 is referenced by name inside timing constraint (see constraint position 99 in the Timing Constraint window in Vivado IDE). It is recommended to reference an auto-derived clock by the pin name attached to the clock: get_clocks -of_objects [get_pins i_gmii2rgmii/i_rgmii_Div4/O]
Related violations: <none>

TIMING-28#25 Warning
Auto-derived clock referenced by a timing constraint  
The auto-derived clock clk_out1_Mercury_XU5_clk_wiz_0_0 is referenced by name inside timing constraint (see constraint position 101 in the Timing Constraint window in Vivado IDE). It is recommended to reference an auto-derived clock by the pin name attached to the clock: get_clocks -of_objects [get_pins Mercury_XU5_i/clk_wiz_0/inst/mmcme4_adv_inst/CLKOUT0]
Related violations: <none>

TIMING-28#26 Warning
Auto-derived clock referenced by a timing constraint  
The auto-derived clock clk_out1_Mercury_XU5_clk_wiz_0_0 is referenced by name inside timing constraint (see constraint position 102 in the Timing Constraint window in Vivado IDE). It is recommended to reference an auto-derived clock by the pin name attached to the clock: get_clocks -of_objects [get_pins Mercury_XU5_i/clk_wiz_0/inst/mmcme4_adv_inst/CLKOUT0]
Related violations: <none>

TIMING-28#27 Warning
Auto-derived clock referenced by a timing constraint  
The auto-derived clock clk_out1_Mercury_XU5_clk_wiz_0_0 is referenced by name inside timing constraint (see constraint position 103 in the Timing Constraint window in Vivado IDE). It is recommended to reference an auto-derived clock by the pin name attached to the clock: get_clocks -of_objects [get_pins Mercury_XU5_i/clk_wiz_0/inst/mmcme4_adv_inst/CLKOUT0]
Related violations: <none>

TIMING-28#28 Warning
Auto-derived clock referenced by a timing constraint  
The auto-derived clock clk_out1_Mercury_XU5_clk_wiz_0_0 is referenced by name inside timing constraint (see constraint position 104 in the Timing Constraint window in Vivado IDE). It is recommended to reference an auto-derived clock by the pin name attached to the clock: get_clocks -of_objects [get_pins Mercury_XU5_i/clk_wiz_0/inst/mmcme4_adv_inst/CLKOUT0]
Related violations: <none>

TIMING-28#29 Warning
Auto-derived clock referenced by a timing constraint  
The auto-derived clock clk_out1_Mercury_XU5_clk_wiz_0_0 is referenced by name inside timing constraint (see constraint position 107 in the Timing Constraint window in Vivado IDE). It is recommended to reference an auto-derived clock by the pin name attached to the clock: get_clocks -of_objects [get_pins Mercury_XU5_i/clk_wiz_0/inst/mmcme4_adv_inst/CLKOUT0]
Related violations: <none>

TIMING-28#30 Warning
Auto-derived clock referenced by a timing constraint  
The auto-derived clock clk_out1_Mercury_XU5_clk_wiz_0_0 is referenced by name inside timing constraint (see constraint position 108 in the Timing Constraint window in Vivado IDE). It is recommended to reference an auto-derived clock by the pin name attached to the clock: get_clocks -of_objects [get_pins Mercury_XU5_i/clk_wiz_0/inst/mmcme4_adv_inst/CLKOUT0]
Related violations: <none>

TIMING-28#31 Warning
Auto-derived clock referenced by a timing constraint  
The auto-derived clock clk_out1_Mercury_XU5_clk_wiz_0_0 is referenced by name inside timing constraint (see constraint position 51 in the Timing Constraint window in Vivado IDE). It is recommended to reference an auto-derived clock by the pin name attached to the clock: get_clocks -of_objects [get_pins Mercury_XU5_i/clk_wiz_0/inst/mmcme4_adv_inst/CLKOUT0]
Related violations: <none>

TIMING-28#32 Warning
Auto-derived clock referenced by a timing constraint  
The auto-derived clock clk_out1_Mercury_XU5_clk_wiz_0_0 is referenced by name inside timing constraint (see constraint position 52 in the Timing Constraint window in Vivado IDE). It is recommended to reference an auto-derived clock by the pin name attached to the clock: get_clocks -of_objects [get_pins Mercury_XU5_i/clk_wiz_0/inst/mmcme4_adv_inst/CLKOUT0]
Related violations: <none>

TIMING-28#33 Warning
Auto-derived clock referenced by a timing constraint  
The auto-derived clock clk_out1_Mercury_XU5_clk_wiz_0_0 is referenced by name inside timing constraint (see constraint position 65 in the Timing Constraint window in Vivado IDE). It is recommended to reference an auto-derived clock by the pin name attached to the clock: get_clocks -of_objects [get_pins Mercury_XU5_i/clk_wiz_0/inst/mmcme4_adv_inst/CLKOUT0]
Related violations: <none>

TIMING-28#34 Warning
Auto-derived clock referenced by a timing constraint  
The auto-derived clock clk_out1_Mercury_XU5_clk_wiz_0_0 is referenced by name inside timing constraint (see constraint position 66 in the Timing Constraint window in Vivado IDE). It is recommended to reference an auto-derived clock by the pin name attached to the clock: get_clocks -of_objects [get_pins Mercury_XU5_i/clk_wiz_0/inst/mmcme4_adv_inst/CLKOUT0]
Related violations: <none>

TIMING-28#35 Warning
Auto-derived clock referenced by a timing constraint  
The auto-derived clock clk_out1_Mercury_XU5_clk_wiz_0_0 is referenced by name inside timing constraint (see constraint position 67 in the Timing Constraint window in Vivado IDE). It is recommended to reference an auto-derived clock by the pin name attached to the clock: get_clocks -of_objects [get_pins Mercury_XU5_i/clk_wiz_0/inst/mmcme4_adv_inst/CLKOUT0]
Related violations: <none>

TIMING-28#36 Warning
Auto-derived clock referenced by a timing constraint  
The auto-derived clock clk_out1_Mercury_XU5_clk_wiz_0_0 is referenced by name inside timing constraint (see constraint position 68 in the Timing Constraint window in Vivado IDE). It is recommended to reference an auto-derived clock by the pin name attached to the clock: get_clocks -of_objects [get_pins Mercury_XU5_i/clk_wiz_0/inst/mmcme4_adv_inst/CLKOUT0]
Related violations: <none>

TIMING-28#37 Warning
Auto-derived clock referenced by a timing constraint  
The auto-derived clock clk_out1_Mercury_XU5_clk_wiz_0_0 is referenced by name inside timing constraint (see constraint position 69 in the Timing Constraint window in Vivado IDE). It is recommended to reference an auto-derived clock by the pin name attached to the clock: get_clocks -of_objects [get_pins Mercury_XU5_i/clk_wiz_0/inst/mmcme4_adv_inst/CLKOUT0]
Related violations: <none>

TIMING-28#38 Warning
Auto-derived clock referenced by a timing constraint  
The auto-derived clock clk_out1_Mercury_XU5_clk_wiz_0_0 is referenced by name inside timing constraint (see constraint position 70 in the Timing Constraint window in Vivado IDE). It is recommended to reference an auto-derived clock by the pin name attached to the clock: get_clocks -of_objects [get_pins Mercury_XU5_i/clk_wiz_0/inst/mmcme4_adv_inst/CLKOUT0]
Related violations: <none>

TIMING-28#39 Warning
Auto-derived clock referenced by a timing constraint  
The auto-derived clock clk_out1_Mercury_XU5_clk_wiz_0_0 is referenced by name inside timing constraint (see constraint position 71 in the Timing Constraint window in Vivado IDE). It is recommended to reference an auto-derived clock by the pin name attached to the clock: get_clocks -of_objects [get_pins Mercury_XU5_i/clk_wiz_0/inst/mmcme4_adv_inst/CLKOUT0]
Related violations: <none>

TIMING-28#40 Warning
Auto-derived clock referenced by a timing constraint  
The auto-derived clock clk_out1_Mercury_XU5_clk_wiz_0_0 is referenced by name inside timing constraint (see constraint position 72 in the Timing Constraint window in Vivado IDE). It is recommended to reference an auto-derived clock by the pin name attached to the clock: get_clocks -of_objects [get_pins Mercury_XU5_i/clk_wiz_0/inst/mmcme4_adv_inst/CLKOUT0]
Related violations: <none>

TIMING-28#41 Warning
Auto-derived clock referenced by a timing constraint  
The auto-derived clock clk_out1_Mercury_XU5_clk_wiz_0_0 is referenced by name inside timing constraint (see constraint position 73 in the Timing Constraint window in Vivado IDE). It is recommended to reference an auto-derived clock by the pin name attached to the clock: get_clocks -of_objects [get_pins Mercury_XU5_i/clk_wiz_0/inst/mmcme4_adv_inst/CLKOUT0]
Related violations: <none>

TIMING-28#42 Warning
Auto-derived clock referenced by a timing constraint  
The auto-derived clock clk_out1_Mercury_XU5_clk_wiz_0_0 is referenced by name inside timing constraint (see constraint position 74 in the Timing Constraint window in Vivado IDE). It is recommended to reference an auto-derived clock by the pin name attached to the clock: get_clocks -of_objects [get_pins Mercury_XU5_i/clk_wiz_0/inst/mmcme4_adv_inst/CLKOUT0]
Related violations: <none>

TIMING-28#43 Warning
Auto-derived clock referenced by a timing constraint  
The auto-derived clock clk_out1_Mercury_XU5_clk_wiz_0_0 is referenced by name inside timing constraint (see constraint position 77 in the Timing Constraint window in Vivado IDE). It is recommended to reference an auto-derived clock by the pin name attached to the clock: get_clocks -of_objects [get_pins Mercury_XU5_i/clk_wiz_0/inst/mmcme4_adv_inst/CLKOUT0]
Related violations: <none>

TIMING-28#44 Warning
Auto-derived clock referenced by a timing constraint  
The auto-derived clock clk_out1_Mercury_XU5_clk_wiz_0_0 is referenced by name inside timing constraint (see constraint position 78 in the Timing Constraint window in Vivado IDE). It is recommended to reference an auto-derived clock by the pin name attached to the clock: get_clocks -of_objects [get_pins Mercury_XU5_i/clk_wiz_0/inst/mmcme4_adv_inst/CLKOUT0]
Related violations: <none>

TIMING-28#45 Warning
Auto-derived clock referenced by a timing constraint  
The auto-derived clock clk_out1_Mercury_XU5_clk_wiz_0_0 is referenced by name inside timing constraint (see constraint position 79 in the Timing Constraint window in Vivado IDE). It is recommended to reference an auto-derived clock by the pin name attached to the clock: get_clocks -of_objects [get_pins Mercury_XU5_i/clk_wiz_0/inst/mmcme4_adv_inst/CLKOUT0]
Related violations: <none>

TIMING-28#46 Warning
Auto-derived clock referenced by a timing constraint  
The auto-derived clock clk_out1_Mercury_XU5_clk_wiz_0_0 is referenced by name inside timing constraint (see constraint position 80 in the Timing Constraint window in Vivado IDE). It is recommended to reference an auto-derived clock by the pin name attached to the clock: get_clocks -of_objects [get_pins Mercury_XU5_i/clk_wiz_0/inst/mmcme4_adv_inst/CLKOUT0]
Related violations: <none>

TIMING-28#47 Warning
Auto-derived clock referenced by a timing constraint  
The auto-derived clock clk_out1_Mercury_XU5_clk_wiz_0_0 is referenced by name inside timing constraint (see constraint position 83 in the Timing Constraint window in Vivado IDE). It is recommended to reference an auto-derived clock by the pin name attached to the clock: get_clocks -of_objects [get_pins Mercury_XU5_i/clk_wiz_0/inst/mmcme4_adv_inst/CLKOUT0]
Related violations: <none>

TIMING-28#48 Warning
Auto-derived clock referenced by a timing constraint  
The auto-derived clock clk_out1_Mercury_XU5_clk_wiz_0_0 is referenced by name inside timing constraint (see constraint position 84 in the Timing Constraint window in Vivado IDE). It is recommended to reference an auto-derived clock by the pin name attached to the clock: get_clocks -of_objects [get_pins Mercury_XU5_i/clk_wiz_0/inst/mmcme4_adv_inst/CLKOUT0]
Related violations: <none>

TIMING-28#49 Warning
Auto-derived clock referenced by a timing constraint  
The auto-derived clock clk_out1_Mercury_XU5_clk_wiz_0_0 is referenced by name inside timing constraint (see constraint position 85 in the Timing Constraint window in Vivado IDE). It is recommended to reference an auto-derived clock by the pin name attached to the clock: get_clocks -of_objects [get_pins Mercury_XU5_i/clk_wiz_0/inst/mmcme4_adv_inst/CLKOUT0]
Related violations: <none>

TIMING-28#50 Warning
Auto-derived clock referenced by a timing constraint  
The auto-derived clock clk_out1_Mercury_XU5_clk_wiz_0_0 is referenced by name inside timing constraint (see constraint position 86 in the Timing Constraint window in Vivado IDE). It is recommended to reference an auto-derived clock by the pin name attached to the clock: get_clocks -of_objects [get_pins Mercury_XU5_i/clk_wiz_0/inst/mmcme4_adv_inst/CLKOUT0]
Related violations: <none>

TIMING-28#51 Warning
Auto-derived clock referenced by a timing constraint  
The auto-derived clock clk_out1_Mercury_XU5_clk_wiz_0_0 is referenced by name inside timing constraint (see constraint position 89 in the Timing Constraint window in Vivado IDE). It is recommended to reference an auto-derived clock by the pin name attached to the clock: get_clocks -of_objects [get_pins Mercury_XU5_i/clk_wiz_0/inst/mmcme4_adv_inst/CLKOUT0]
Related violations: <none>

TIMING-28#52 Warning
Auto-derived clock referenced by a timing constraint  
The auto-derived clock clk_out1_Mercury_XU5_clk_wiz_0_0 is referenced by name inside timing constraint (see constraint position 90 in the Timing Constraint window in Vivado IDE). It is recommended to reference an auto-derived clock by the pin name attached to the clock: get_clocks -of_objects [get_pins Mercury_XU5_i/clk_wiz_0/inst/mmcme4_adv_inst/CLKOUT0]
Related violations: <none>

TIMING-28#53 Warning
Auto-derived clock referenced by a timing constraint  
The auto-derived clock clk_out1_Mercury_XU5_clk_wiz_0_0 is referenced by name inside timing constraint (see constraint position 91 in the Timing Constraint window in Vivado IDE). It is recommended to reference an auto-derived clock by the pin name attached to the clock: get_clocks -of_objects [get_pins Mercury_XU5_i/clk_wiz_0/inst/mmcme4_adv_inst/CLKOUT0]
Related violations: <none>

TIMING-28#54 Warning
Auto-derived clock referenced by a timing constraint  
The auto-derived clock clk_out1_Mercury_XU5_clk_wiz_0_0 is referenced by name inside timing constraint (see constraint position 92 in the Timing Constraint window in Vivado IDE). It is recommended to reference an auto-derived clock by the pin name attached to the clock: get_clocks -of_objects [get_pins Mercury_XU5_i/clk_wiz_0/inst/mmcme4_adv_inst/CLKOUT0]
Related violations: <none>

TIMING-28#55 Warning
Auto-derived clock referenced by a timing constraint  
The auto-derived clock clk_out1_Mercury_XU5_clk_wiz_0_0 is referenced by name inside timing constraint (see constraint position 95 in the Timing Constraint window in Vivado IDE). It is recommended to reference an auto-derived clock by the pin name attached to the clock: get_clocks -of_objects [get_pins Mercury_XU5_i/clk_wiz_0/inst/mmcme4_adv_inst/CLKOUT0]
Related violations: <none>

TIMING-28#56 Warning
Auto-derived clock referenced by a timing constraint  
The auto-derived clock clk_out1_Mercury_XU5_clk_wiz_0_0 is referenced by name inside timing constraint (see constraint position 96 in the Timing Constraint window in Vivado IDE). It is recommended to reference an auto-derived clock by the pin name attached to the clock: get_clocks -of_objects [get_pins Mercury_XU5_i/clk_wiz_0/inst/mmcme4_adv_inst/CLKOUT0]
Related violations: <none>

TIMING-28#57 Warning
Auto-derived clock referenced by a timing constraint  
The auto-derived clock clk_out1_Mercury_XU5_clk_wiz_0_0 is referenced by name inside timing constraint (see constraint position 97 in the Timing Constraint window in Vivado IDE). It is recommended to reference an auto-derived clock by the pin name attached to the clock: get_clocks -of_objects [get_pins Mercury_XU5_i/clk_wiz_0/inst/mmcme4_adv_inst/CLKOUT0]
Related violations: <none>

TIMING-28#58 Warning
Auto-derived clock referenced by a timing constraint  
The auto-derived clock clk_out1_Mercury_XU5_clk_wiz_0_0 is referenced by name inside timing constraint (see constraint position 98 in the Timing Constraint window in Vivado IDE). It is recommended to reference an auto-derived clock by the pin name attached to the clock: get_clocks -of_objects [get_pins Mercury_XU5_i/clk_wiz_0/inst/mmcme4_adv_inst/CLKOUT0]
Related violations: <none>

TIMING-28#59 Warning
Auto-derived clock referenced by a timing constraint  
The auto-derived clock clk_out3_Mercury_XU5_clk_wiz_0_0 is referenced by name inside timing constraint (see constraint position 100 in the Timing Constraint window in Vivado IDE). It is recommended to reference an auto-derived clock by the pin name attached to the clock: get_clocks -of_objects [get_pins Mercury_XU5_i/clk_wiz_0/inst/mmcme4_adv_inst/CLKOUT2]
Related violations: <none>

TIMING-28#60 Warning
Auto-derived clock referenced by a timing constraint  
The auto-derived clock clk_out3_Mercury_XU5_clk_wiz_0_0 is referenced by name inside timing constraint (see constraint position 101 in the Timing Constraint window in Vivado IDE). It is recommended to reference an auto-derived clock by the pin name attached to the clock: get_clocks -of_objects [get_pins Mercury_XU5_i/clk_wiz_0/inst/mmcme4_adv_inst/CLKOUT2]
Related violations: <none>

TIMING-28#61 Warning
Auto-derived clock referenced by a timing constraint  
The auto-derived clock clk_out3_Mercury_XU5_clk_wiz_0_0 is referenced by name inside timing constraint (see constraint position 102 in the Timing Constraint window in Vivado IDE). It is recommended to reference an auto-derived clock by the pin name attached to the clock: get_clocks -of_objects [get_pins Mercury_XU5_i/clk_wiz_0/inst/mmcme4_adv_inst/CLKOUT2]
Related violations: <none>

TIMING-28#62 Warning
Auto-derived clock referenced by a timing constraint  
The auto-derived clock clk_out3_Mercury_XU5_clk_wiz_0_0 is referenced by name inside timing constraint (see constraint position 105 in the Timing Constraint window in Vivado IDE). It is recommended to reference an auto-derived clock by the pin name attached to the clock: get_clocks -of_objects [get_pins Mercury_XU5_i/clk_wiz_0/inst/mmcme4_adv_inst/CLKOUT2]
Related violations: <none>

TIMING-28#63 Warning
Auto-derived clock referenced by a timing constraint  
The auto-derived clock clk_out3_Mercury_XU5_clk_wiz_0_0 is referenced by name inside timing constraint (see constraint position 106 in the Timing Constraint window in Vivado IDE). It is recommended to reference an auto-derived clock by the pin name attached to the clock: get_clocks -of_objects [get_pins Mercury_XU5_i/clk_wiz_0/inst/mmcme4_adv_inst/CLKOUT2]
Related violations: <none>

TIMING-28#64 Warning
Auto-derived clock referenced by a timing constraint  
The auto-derived clock clk_out3_Mercury_XU5_clk_wiz_0_0 is referenced by name inside timing constraint (see constraint position 107 in the Timing Constraint window in Vivado IDE). It is recommended to reference an auto-derived clock by the pin name attached to the clock: get_clocks -of_objects [get_pins Mercury_XU5_i/clk_wiz_0/inst/mmcme4_adv_inst/CLKOUT2]
Related violations: <none>

TIMING-28#65 Warning
Auto-derived clock referenced by a timing constraint  
The auto-derived clock clk_out3_Mercury_XU5_clk_wiz_0_0 is referenced by name inside timing constraint (see constraint position 108 in the Timing Constraint window in Vivado IDE). It is recommended to reference an auto-derived clock by the pin name attached to the clock: get_clocks -of_objects [get_pins Mercury_XU5_i/clk_wiz_0/inst/mmcme4_adv_inst/CLKOUT2]
Related violations: <none>

TIMING-28#66 Warning
Auto-derived clock referenced by a timing constraint  
The auto-derived clock clk_out3_Mercury_XU5_clk_wiz_0_0 is referenced by name inside timing constraint (see constraint position 75 in the Timing Constraint window in Vivado IDE). It is recommended to reference an auto-derived clock by the pin name attached to the clock: get_clocks -of_objects [get_pins Mercury_XU5_i/clk_wiz_0/inst/mmcme4_adv_inst/CLKOUT2]
Related violations: <none>

TIMING-28#67 Warning
Auto-derived clock referenced by a timing constraint  
The auto-derived clock clk_out3_Mercury_XU5_clk_wiz_0_0 is referenced by name inside timing constraint (see constraint position 76 in the Timing Constraint window in Vivado IDE). It is recommended to reference an auto-derived clock by the pin name attached to the clock: get_clocks -of_objects [get_pins Mercury_XU5_i/clk_wiz_0/inst/mmcme4_adv_inst/CLKOUT2]
Related violations: <none>

TIMING-28#68 Warning
Auto-derived clock referenced by a timing constraint  
The auto-derived clock clk_out3_Mercury_XU5_clk_wiz_0_0 is referenced by name inside timing constraint (see constraint position 77 in the Timing Constraint window in Vivado IDE). It is recommended to reference an auto-derived clock by the pin name attached to the clock: get_clocks -of_objects [get_pins Mercury_XU5_i/clk_wiz_0/inst/mmcme4_adv_inst/CLKOUT2]
Related violations: <none>

TIMING-28#69 Warning
Auto-derived clock referenced by a timing constraint  
The auto-derived clock clk_out3_Mercury_XU5_clk_wiz_0_0 is referenced by name inside timing constraint (see constraint position 78 in the Timing Constraint window in Vivado IDE). It is recommended to reference an auto-derived clock by the pin name attached to the clock: get_clocks -of_objects [get_pins Mercury_XU5_i/clk_wiz_0/inst/mmcme4_adv_inst/CLKOUT2]
Related violations: <none>

TIMING-28#70 Warning
Auto-derived clock referenced by a timing constraint  
The auto-derived clock clk_out3_Mercury_XU5_clk_wiz_0_0 is referenced by name inside timing constraint (see constraint position 81 in the Timing Constraint window in Vivado IDE). It is recommended to reference an auto-derived clock by the pin name attached to the clock: get_clocks -of_objects [get_pins Mercury_XU5_i/clk_wiz_0/inst/mmcme4_adv_inst/CLKOUT2]
Related violations: <none>

TIMING-28#71 Warning
Auto-derived clock referenced by a timing constraint  
The auto-derived clock clk_out3_Mercury_XU5_clk_wiz_0_0 is referenced by name inside timing constraint (see constraint position 82 in the Timing Constraint window in Vivado IDE). It is recommended to reference an auto-derived clock by the pin name attached to the clock: get_clocks -of_objects [get_pins Mercury_XU5_i/clk_wiz_0/inst/mmcme4_adv_inst/CLKOUT2]
Related violations: <none>

TIMING-28#72 Warning
Auto-derived clock referenced by a timing constraint  
The auto-derived clock clk_out3_Mercury_XU5_clk_wiz_0_0 is referenced by name inside timing constraint (see constraint position 83 in the Timing Constraint window in Vivado IDE). It is recommended to reference an auto-derived clock by the pin name attached to the clock: get_clocks -of_objects [get_pins Mercury_XU5_i/clk_wiz_0/inst/mmcme4_adv_inst/CLKOUT2]
Related violations: <none>

TIMING-28#73 Warning
Auto-derived clock referenced by a timing constraint  
The auto-derived clock clk_out3_Mercury_XU5_clk_wiz_0_0 is referenced by name inside timing constraint (see constraint position 84 in the Timing Constraint window in Vivado IDE). It is recommended to reference an auto-derived clock by the pin name attached to the clock: get_clocks -of_objects [get_pins Mercury_XU5_i/clk_wiz_0/inst/mmcme4_adv_inst/CLKOUT2]
Related violations: <none>

TIMING-28#74 Warning
Auto-derived clock referenced by a timing constraint  
The auto-derived clock clk_out3_Mercury_XU5_clk_wiz_0_0 is referenced by name inside timing constraint (see constraint position 87 in the Timing Constraint window in Vivado IDE). It is recommended to reference an auto-derived clock by the pin name attached to the clock: get_clocks -of_objects [get_pins Mercury_XU5_i/clk_wiz_0/inst/mmcme4_adv_inst/CLKOUT2]
Related violations: <none>

TIMING-28#75 Warning
Auto-derived clock referenced by a timing constraint  
The auto-derived clock clk_out3_Mercury_XU5_clk_wiz_0_0 is referenced by name inside timing constraint (see constraint position 88 in the Timing Constraint window in Vivado IDE). It is recommended to reference an auto-derived clock by the pin name attached to the clock: get_clocks -of_objects [get_pins Mercury_XU5_i/clk_wiz_0/inst/mmcme4_adv_inst/CLKOUT2]
Related violations: <none>

TIMING-28#76 Warning
Auto-derived clock referenced by a timing constraint  
The auto-derived clock clk_out3_Mercury_XU5_clk_wiz_0_0 is referenced by name inside timing constraint (see constraint position 89 in the Timing Constraint window in Vivado IDE). It is recommended to reference an auto-derived clock by the pin name attached to the clock: get_clocks -of_objects [get_pins Mercury_XU5_i/clk_wiz_0/inst/mmcme4_adv_inst/CLKOUT2]
Related violations: <none>

TIMING-28#77 Warning
Auto-derived clock referenced by a timing constraint  
The auto-derived clock clk_out3_Mercury_XU5_clk_wiz_0_0 is referenced by name inside timing constraint (see constraint position 90 in the Timing Constraint window in Vivado IDE). It is recommended to reference an auto-derived clock by the pin name attached to the clock: get_clocks -of_objects [get_pins Mercury_XU5_i/clk_wiz_0/inst/mmcme4_adv_inst/CLKOUT2]
Related violations: <none>

TIMING-28#78 Warning
Auto-derived clock referenced by a timing constraint  
The auto-derived clock clk_out3_Mercury_XU5_clk_wiz_0_0 is referenced by name inside timing constraint (see constraint position 93 in the Timing Constraint window in Vivado IDE). It is recommended to reference an auto-derived clock by the pin name attached to the clock: get_clocks -of_objects [get_pins Mercury_XU5_i/clk_wiz_0/inst/mmcme4_adv_inst/CLKOUT2]
Related violations: <none>

TIMING-28#79 Warning
Auto-derived clock referenced by a timing constraint  
The auto-derived clock clk_out3_Mercury_XU5_clk_wiz_0_0 is referenced by name inside timing constraint (see constraint position 94 in the Timing Constraint window in Vivado IDE). It is recommended to reference an auto-derived clock by the pin name attached to the clock: get_clocks -of_objects [get_pins Mercury_XU5_i/clk_wiz_0/inst/mmcme4_adv_inst/CLKOUT2]
Related violations: <none>

TIMING-28#80 Warning
Auto-derived clock referenced by a timing constraint  
The auto-derived clock clk_out3_Mercury_XU5_clk_wiz_0_0 is referenced by name inside timing constraint (see constraint position 95 in the Timing Constraint window in Vivado IDE). It is recommended to reference an auto-derived clock by the pin name attached to the clock: get_clocks -of_objects [get_pins Mercury_XU5_i/clk_wiz_0/inst/mmcme4_adv_inst/CLKOUT2]
Related violations: <none>

TIMING-28#81 Warning
Auto-derived clock referenced by a timing constraint  
The auto-derived clock clk_out3_Mercury_XU5_clk_wiz_0_0 is referenced by name inside timing constraint (see constraint position 96 in the Timing Constraint window in Vivado IDE). It is recommended to reference an auto-derived clock by the pin name attached to the clock: get_clocks -of_objects [get_pins Mercury_XU5_i/clk_wiz_0/inst/mmcme4_adv_inst/CLKOUT2]
Related violations: <none>

TIMING-28#82 Warning
Auto-derived clock referenced by a timing constraint  
The auto-derived clock clk_out3_Mercury_XU5_clk_wiz_0_0 is referenced by name inside timing constraint (see constraint position 99 in the Timing Constraint window in Vivado IDE). It is recommended to reference an auto-derived clock by the pin name attached to the clock: get_clocks -of_objects [get_pins Mercury_XU5_i/clk_wiz_0/inst/mmcme4_adv_inst/CLKOUT2]
Related violations: <none>

TIMING-47#1 Warning
False path or asynchronous clock group between synchronous clocks  
A False Path timing constraint is set between synchronous clocks Clk2_5 and clk_out1_Mercury_XU5_clk_wiz_0_0 (see constraint position 103 in the Timing Constraint window in Vivado IDE). Masking entire synchronous clock domains via set_false_path or set_clock_groups may result in failure in hardware.
Related violations: <none>

TIMING-47#2 Warning
False path or asynchronous clock group between synchronous clocks  
A False Path timing constraint is set between synchronous clocks Clk2_5 and clk_out1_Mercury_XU5_clk_wiz_0_0 (see constraint position 73 in the Timing Constraint window in Vivado IDE). Masking entire synchronous clock domains via set_false_path or set_clock_groups may result in failure in hardware.
Related violations: <none>

TIMING-47#3 Warning
False path or asynchronous clock group between synchronous clocks  
A False Path timing constraint is set between synchronous clocks Clk2_5 and clk_out1_Mercury_XU5_clk_wiz_0_0 (see constraint position 79 in the Timing Constraint window in Vivado IDE). Masking entire synchronous clock domains via set_false_path or set_clock_groups may result in failure in hardware.
Related violations: <none>

TIMING-47#4 Warning
False path or asynchronous clock group between synchronous clocks  
A False Path timing constraint is set between synchronous clocks Clk2_5 and clk_out1_Mercury_XU5_clk_wiz_0_0 (see constraint position 85 in the Timing Constraint window in Vivado IDE). Masking entire synchronous clock domains via set_false_path or set_clock_groups may result in failure in hardware.
Related violations: <none>

TIMING-47#5 Warning
False path or asynchronous clock group between synchronous clocks  
A False Path timing constraint is set between synchronous clocks Clk2_5 and clk_out1_Mercury_XU5_clk_wiz_0_0 (see constraint position 91 in the Timing Constraint window in Vivado IDE). Masking entire synchronous clock domains via set_false_path or set_clock_groups may result in failure in hardware.
Related violations: <none>

TIMING-47#6 Warning
False path or asynchronous clock group between synchronous clocks  
A False Path timing constraint is set between synchronous clocks Clk2_5 and clk_out1_Mercury_XU5_clk_wiz_0_0 (see constraint position 97 in the Timing Constraint window in Vivado IDE). Masking entire synchronous clock domains via set_false_path or set_clock_groups may result in failure in hardware.
Related violations: <none>

TIMING-47#7 Warning
False path or asynchronous clock group between synchronous clocks  
A False Path timing constraint is set between synchronous clocks Clk2_5 and clk_out3_Mercury_XU5_clk_wiz_0_0 (see constraint position 105 in the Timing Constraint window in Vivado IDE). Masking entire synchronous clock domains via set_false_path or set_clock_groups may result in failure in hardware.
Related violations: <none>

TIMING-47#8 Warning
False path or asynchronous clock group between synchronous clocks  
A False Path timing constraint is set between synchronous clocks Clk2_5 and clk_out3_Mercury_XU5_clk_wiz_0_0 (see constraint position 75 in the Timing Constraint window in Vivado IDE). Masking entire synchronous clock domains via set_false_path or set_clock_groups may result in failure in hardware.
Related violations: <none>

TIMING-47#9 Warning
False path or asynchronous clock group between synchronous clocks  
A False Path timing constraint is set between synchronous clocks Clk2_5 and clk_out3_Mercury_XU5_clk_wiz_0_0 (see constraint position 81 in the Timing Constraint window in Vivado IDE). Masking entire synchronous clock domains via set_false_path or set_clock_groups may result in failure in hardware.
Related violations: <none>

TIMING-47#10 Warning
False path or asynchronous clock group between synchronous clocks  
A False Path timing constraint is set between synchronous clocks Clk2_5 and clk_out3_Mercury_XU5_clk_wiz_0_0 (see constraint position 87 in the Timing Constraint window in Vivado IDE). Masking entire synchronous clock domains via set_false_path or set_clock_groups may result in failure in hardware.
Related violations: <none>

TIMING-47#11 Warning
False path or asynchronous clock group between synchronous clocks  
A False Path timing constraint is set between synchronous clocks Clk2_5 and clk_out3_Mercury_XU5_clk_wiz_0_0 (see constraint position 93 in the Timing Constraint window in Vivado IDE). Masking entire synchronous clock domains via set_false_path or set_clock_groups may result in failure in hardware.
Related violations: <none>

TIMING-47#12 Warning
False path or asynchronous clock group between synchronous clocks  
A False Path timing constraint is set between synchronous clocks Clk2_5 and clk_out3_Mercury_XU5_clk_wiz_0_0 (see constraint position 99 in the Timing Constraint window in Vivado IDE). Masking entire synchronous clock domains via set_false_path or set_clock_groups may result in failure in hardware.
Related violations: <none>

TIMING-47#13 Warning
False path or asynchronous clock group between synchronous clocks  
A False Path timing constraint is set between synchronous clocks RGMII_RX_CLK_VIRT and RGMII_RX_CLK (see constraint position 57 in the Timing Constraint window in Vivado IDE). Masking entire synchronous clock domains via set_false_path or set_clock_groups may result in failure in hardware.
Related violations: <none>

TIMING-47#14 Warning
False path or asynchronous clock group between synchronous clocks  
A False Path timing constraint is set between synchronous clocks RGMII_RX_CLK_VIRT and RGMII_RX_CLK (see constraint position 58 in the Timing Constraint window in Vivado IDE). Masking entire synchronous clock domains via set_false_path or set_clock_groups may result in failure in hardware.
Related violations: <none>

TIMING-47#15 Warning
False path or asynchronous clock group between synchronous clocks  
A False Path timing constraint is set between synchronous clocks RGMII_RX_CLK_VIRT and RGMII_RX_CLK (see constraint position 59 in the Timing Constraint window in Vivado IDE). Masking entire synchronous clock domains via set_false_path or set_clock_groups may result in failure in hardware.
Related violations: <none>

TIMING-47#16 Warning
False path or asynchronous clock group between synchronous clocks  
A False Path timing constraint is set between synchronous clocks RGMII_RX_CLK_VIRT and RGMII_RX_CLK (see constraint position 60 in the Timing Constraint window in Vivado IDE). Masking entire synchronous clock domains via set_false_path or set_clock_groups may result in failure in hardware.
Related violations: <none>

TIMING-47#17 Warning
False path or asynchronous clock group between synchronous clocks  
A False Path timing constraint is set between synchronous clocks clk_out1_Mercury_XU5_clk_wiz_0_0 and Clk2_5 (see constraint position 104 in the Timing Constraint window in Vivado IDE). Masking entire synchronous clock domains via set_false_path or set_clock_groups may result in failure in hardware.
Related violations: <none>

TIMING-47#18 Warning
False path or asynchronous clock group between synchronous clocks  
A False Path timing constraint is set between synchronous clocks clk_out1_Mercury_XU5_clk_wiz_0_0 and Clk2_5 (see constraint position 74 in the Timing Constraint window in Vivado IDE). Masking entire synchronous clock domains via set_false_path or set_clock_groups may result in failure in hardware.
Related violations: <none>

TIMING-47#19 Warning
False path or asynchronous clock group between synchronous clocks  
A False Path timing constraint is set between synchronous clocks clk_out1_Mercury_XU5_clk_wiz_0_0 and Clk2_5 (see constraint position 80 in the Timing Constraint window in Vivado IDE). Masking entire synchronous clock domains via set_false_path or set_clock_groups may result in failure in hardware.
Related violations: <none>

TIMING-47#20 Warning
False path or asynchronous clock group between synchronous clocks  
A False Path timing constraint is set between synchronous clocks clk_out1_Mercury_XU5_clk_wiz_0_0 and Clk2_5 (see constraint position 86 in the Timing Constraint window in Vivado IDE). Masking entire synchronous clock domains via set_false_path or set_clock_groups may result in failure in hardware.
Related violations: <none>

TIMING-47#21 Warning
False path or asynchronous clock group between synchronous clocks  
A False Path timing constraint is set between synchronous clocks clk_out1_Mercury_XU5_clk_wiz_0_0 and Clk2_5 (see constraint position 92 in the Timing Constraint window in Vivado IDE). Masking entire synchronous clock domains via set_false_path or set_clock_groups may result in failure in hardware.
Related violations: <none>

TIMING-47#22 Warning
False path or asynchronous clock group between synchronous clocks  
A False Path timing constraint is set between synchronous clocks clk_out1_Mercury_XU5_clk_wiz_0_0 and Clk2_5 (see constraint position 98 in the Timing Constraint window in Vivado IDE). Masking entire synchronous clock domains via set_false_path or set_clock_groups may result in failure in hardware.
Related violations: <none>

TIMING-47#23 Warning
False path or asynchronous clock group between synchronous clocks  
A False Path timing constraint is set between synchronous clocks clk_out1_Mercury_XU5_clk_wiz_0_0 and RGMII_TX_CLK_90 (see constraint position 69 in the Timing Constraint window in Vivado IDE). Masking entire synchronous clock domains via set_false_path or set_clock_groups may result in failure in hardware.
Related violations: <none>

TIMING-47#24 Warning
False path or asynchronous clock group between synchronous clocks  
A False Path timing constraint is set between synchronous clocks clk_out1_Mercury_XU5_clk_wiz_0_0 and RGMII_TX_CLK_90 (see constraint position 70 in the Timing Constraint window in Vivado IDE). Masking entire synchronous clock domains via set_false_path or set_clock_groups may result in failure in hardware.
Related violations: <none>

TIMING-47#25 Warning
False path or asynchronous clock group between synchronous clocks  
A False Path timing constraint is set between synchronous clocks clk_out1_Mercury_XU5_clk_wiz_0_0 and RGMII_TX_CLK_90 (see constraint position 71 in the Timing Constraint window in Vivado IDE). Masking entire synchronous clock domains via set_false_path or set_clock_groups may result in failure in hardware.
Related violations: <none>

TIMING-47#26 Warning
False path or asynchronous clock group between synchronous clocks  
A False Path timing constraint is set between synchronous clocks clk_out1_Mercury_XU5_clk_wiz_0_0 and RGMII_TX_CLK_90 (see constraint position 72 in the Timing Constraint window in Vivado IDE). Masking entire synchronous clock domains via set_false_path or set_clock_groups may result in failure in hardware.
Related violations: <none>

TIMING-47#27 Warning
False path or asynchronous clock group between synchronous clocks  
A False Path timing constraint is set between synchronous clocks clk_out1_Mercury_XU5_clk_wiz_0_0 and clk_out3_Mercury_XU5_clk_wiz_0_0 (see constraint position 101 in the Timing Constraint window in Vivado IDE). Masking entire synchronous clock domains via set_false_path or set_clock_groups may result in failure in hardware.
Related violations: <none>

TIMING-47#28 Warning
False path or asynchronous clock group between synchronous clocks  
A False Path timing constraint is set between synchronous clocks clk_out1_Mercury_XU5_clk_wiz_0_0 and clk_out3_Mercury_XU5_clk_wiz_0_0 (see constraint position 107 in the Timing Constraint window in Vivado IDE). Masking entire synchronous clock domains via set_false_path or set_clock_groups may result in failure in hardware.
Related violations: <none>

TIMING-47#29 Warning
False path or asynchronous clock group between synchronous clocks  
A False Path timing constraint is set between synchronous clocks clk_out1_Mercury_XU5_clk_wiz_0_0 and clk_out3_Mercury_XU5_clk_wiz_0_0 (see constraint position 77 in the Timing Constraint window in Vivado IDE). Masking entire synchronous clock domains via set_false_path or set_clock_groups may result in failure in hardware.
Related violations: <none>

TIMING-47#30 Warning
False path or asynchronous clock group between synchronous clocks  
A False Path timing constraint is set between synchronous clocks clk_out1_Mercury_XU5_clk_wiz_0_0 and clk_out3_Mercury_XU5_clk_wiz_0_0 (see constraint position 83 in the Timing Constraint window in Vivado IDE). Masking entire synchronous clock domains via set_false_path or set_clock_groups may result in failure in hardware.
Related violations: <none>

TIMING-47#31 Warning
False path or asynchronous clock group between synchronous clocks  
A False Path timing constraint is set between synchronous clocks clk_out1_Mercury_XU5_clk_wiz_0_0 and clk_out3_Mercury_XU5_clk_wiz_0_0 (see constraint position 89 in the Timing Constraint window in Vivado IDE). Masking entire synchronous clock domains via set_false_path or set_clock_groups may result in failure in hardware.
Related violations: <none>

TIMING-47#32 Warning
False path or asynchronous clock group between synchronous clocks  
A False Path timing constraint is set between synchronous clocks clk_out1_Mercury_XU5_clk_wiz_0_0 and clk_out3_Mercury_XU5_clk_wiz_0_0 (see constraint position 95 in the Timing Constraint window in Vivado IDE). Masking entire synchronous clock domains via set_false_path or set_clock_groups may result in failure in hardware.
Related violations: <none>

TIMING-47#33 Warning
False path or asynchronous clock group between synchronous clocks  
A False Path timing constraint is set between synchronous clocks clk_out3_Mercury_XU5_clk_wiz_0_0 and Clk2_5 (see constraint position 100 in the Timing Constraint window in Vivado IDE). Masking entire synchronous clock domains via set_false_path or set_clock_groups may result in failure in hardware.
Related violations: <none>

TIMING-47#34 Warning
False path or asynchronous clock group between synchronous clocks  
A False Path timing constraint is set between synchronous clocks clk_out3_Mercury_XU5_clk_wiz_0_0 and Clk2_5 (see constraint position 106 in the Timing Constraint window in Vivado IDE). Masking entire synchronous clock domains via set_false_path or set_clock_groups may result in failure in hardware.
Related violations: <none>

TIMING-47#35 Warning
False path or asynchronous clock group between synchronous clocks  
A False Path timing constraint is set between synchronous clocks clk_out3_Mercury_XU5_clk_wiz_0_0 and Clk2_5 (see constraint position 76 in the Timing Constraint window in Vivado IDE). Masking entire synchronous clock domains via set_false_path or set_clock_groups may result in failure in hardware.
Related violations: <none>

TIMING-47#36 Warning
False path or asynchronous clock group between synchronous clocks  
A False Path timing constraint is set between synchronous clocks clk_out3_Mercury_XU5_clk_wiz_0_0 and Clk2_5 (see constraint position 82 in the Timing Constraint window in Vivado IDE). Masking entire synchronous clock domains via set_false_path or set_clock_groups may result in failure in hardware.
Related violations: <none>

TIMING-47#37 Warning
False path or asynchronous clock group between synchronous clocks  
A False Path timing constraint is set between synchronous clocks clk_out3_Mercury_XU5_clk_wiz_0_0 and Clk2_5 (see constraint position 88 in the Timing Constraint window in Vivado IDE). Masking entire synchronous clock domains via set_false_path or set_clock_groups may result in failure in hardware.
Related violations: <none>

TIMING-47#38 Warning
False path or asynchronous clock group between synchronous clocks  
A False Path timing constraint is set between synchronous clocks clk_out3_Mercury_XU5_clk_wiz_0_0 and Clk2_5 (see constraint position 94 in the Timing Constraint window in Vivado IDE). Masking entire synchronous clock domains via set_false_path or set_clock_groups may result in failure in hardware.
Related violations: <none>

TIMING-47#39 Warning
False path or asynchronous clock group between synchronous clocks  
A False Path timing constraint is set between synchronous clocks clk_out3_Mercury_XU5_clk_wiz_0_0 and clk_out1_Mercury_XU5_clk_wiz_0_0 (see constraint position 102 in the Timing Constraint window in Vivado IDE). Masking entire synchronous clock domains via set_false_path or set_clock_groups may result in failure in hardware.
Related violations: <none>

TIMING-47#40 Warning
False path or asynchronous clock group between synchronous clocks  
A False Path timing constraint is set between synchronous clocks clk_out3_Mercury_XU5_clk_wiz_0_0 and clk_out1_Mercury_XU5_clk_wiz_0_0 (see constraint position 108 in the Timing Constraint window in Vivado IDE). Masking entire synchronous clock domains via set_false_path or set_clock_groups may result in failure in hardware.
Related violations: <none>

TIMING-47#41 Warning
False path or asynchronous clock group between synchronous clocks  
A False Path timing constraint is set between synchronous clocks clk_out3_Mercury_XU5_clk_wiz_0_0 and clk_out1_Mercury_XU5_clk_wiz_0_0 (see constraint position 78 in the Timing Constraint window in Vivado IDE). Masking entire synchronous clock domains via set_false_path or set_clock_groups may result in failure in hardware.
Related violations: <none>

TIMING-47#42 Warning
False path or asynchronous clock group between synchronous clocks  
A False Path timing constraint is set between synchronous clocks clk_out3_Mercury_XU5_clk_wiz_0_0 and clk_out1_Mercury_XU5_clk_wiz_0_0 (see constraint position 84 in the Timing Constraint window in Vivado IDE). Masking entire synchronous clock domains via set_false_path or set_clock_groups may result in failure in hardware.
Related violations: <none>

TIMING-47#43 Warning
False path or asynchronous clock group between synchronous clocks  
A False Path timing constraint is set between synchronous clocks clk_out3_Mercury_XU5_clk_wiz_0_0 and clk_out1_Mercury_XU5_clk_wiz_0_0 (see constraint position 90 in the Timing Constraint window in Vivado IDE). Masking entire synchronous clock domains via set_false_path or set_clock_groups may result in failure in hardware.
Related violations: <none>

TIMING-47#44 Warning
False path or asynchronous clock group between synchronous clocks  
A False Path timing constraint is set between synchronous clocks clk_out3_Mercury_XU5_clk_wiz_0_0 and clk_out1_Mercury_XU5_clk_wiz_0_0 (see constraint position 96 in the Timing Constraint window in Vivado IDE). Masking entire synchronous clock domains via set_false_path or set_clock_groups may result in failure in hardware.
Related violations: <none>

XDCH-1#1 Warning
Hold option missing in multicycle path constraint  
A multicycle constraint has been set to override the setup relationship, but no multicycle constraint has been defined to change the hold relationship. As a result, the default hold for those paths is derived from the setup and may not be evaluated as expected.
set_multicycle_path -setup -start -fall_from [get_clocks clk_out1_Mercury_XU5_clk_wiz_0_0] -fall_to [get_clocks RGMII_TX_CLK_90] 0
/home/lxeng99/PTC/ptc-firmware/reference_design/src/Mercury_XU5_gmii2rgmii_timing.xdc (Line: 54)
Related violations: <none>

XDCH-1#2 Warning
Hold option missing in multicycle path constraint  
A multicycle constraint has been set to override the setup relationship, but no multicycle constraint has been defined to change the hold relationship. As a result, the default hold for those paths is derived from the setup and may not be evaluated as expected.
set_multicycle_path -setup -start -rise_from [get_clocks clk_out1_Mercury_XU5_clk_wiz_0_0] -rise_to [get_clocks RGMII_TX_CLK_90] 0
/home/lxeng99/PTC/ptc-firmware/reference_design/src/Mercury_XU5_gmii2rgmii_timing.xdc (Line: 55)
Related violations: <none>

CLKC-56#1 Advisory
MMCME4 with global clock driver has no LOC  
The MMCME4_ADV cell Mercury_XU5_i/clk_wiz_0/inst/mmcme4_adv_inst CLKIN1 or CLKIN2 pin is driven by global Clock buffer(s) Mercury_XU5_i/zynq_ultra_ps_e/U0/buffer_pl_clk_1.PL_CLK_1_BUFG and does not have a LOC constraint. It is recommended to LOC the MMCM and use the CLOCK_DEDICATED_ROUTE constraint on the net(s) driven by the global Clock buffer(s).
Related violations: <none>


