Copyright 1986-2020 Xilinx, Inc. All Rights Reserved.
-------------------------------------------------------------------------------------------------------------------------------------------------------------------
| Tool Version     : Vivado v.2020.1 (lin64) Build 2902540 Wed May 27 19:54:35 MDT 2020
| Date             : Wed Aug 17 15:32:58 2022
| Host             : lxeng99 running 64-bit Ubuntu 16.04.6 LTS
| Command          : report_power -file Mercury_XU5_PE1_power_routed.rpt -pb Mercury_XU5_PE1_power_summary_routed.pb -rpx Mercury_XU5_PE1_power_routed.rpx
| Design           : Mercury_XU5_PE1
| Device           : xczu5ev-sfvc784-2-i
| Design State     : routed
| Grade            : industrial
| Process          : typical
| Characterization : Production
-------------------------------------------------------------------------------------------------------------------------------------------------------------------

Power Report

Table of Contents
-----------------
1. Summary
1.1 On-Chip Components
1.2 Power Supply Summary
1.3 Confidence Level
2. Settings
2.1 Environment
2.2 Clock Constraints
3. Detailed Reports
3.1 By Hierarchy

1. Summary
----------

+--------------------------+--------------+
| Total On-Chip Power (W)  | 4.167        |
| Design Power Budget (W)  | Unspecified* |
| Power Budget Margin (W)  | NA           |
| Dynamic (W)              | 3.699        |
| Device Static (W)        | 0.467        |
| Effective TJA (C/W)      | 2.3          |
| Max Ambient (C)          | 90.3         |
| Junction Temperature (C) | 34.7         |
| Confidence Level         | Low          |
| Setting File             | ---          |
| Simulation Activity File | ---          |
| Design Nets Matched      | NA           |
+--------------------------+--------------+
* Specify Design Power Budget using, set_operating_conditions -design_power_budget <value in Watts>


1.1 On-Chip Components
----------------------

+--------------------------+-----------+----------+-----------+-----------------+
| On-Chip                  | Power (W) | Used     | Available | Utilization (%) |
+--------------------------+-----------+----------+-----------+-----------------+
| Clocks                   |     0.122 |       20 |       --- |             --- |
| CLB Logic                |     0.078 |    29671 |       --- |             --- |
|   LUT as Distributed RAM |     0.039 |      600 |     57600 |            1.04 |
|   LUT as Logic           |     0.028 |    10289 |    117120 |            8.79 |
|   LUT as Shift Register  |     0.008 |      565 |     57600 |            0.98 |
|   Register               |     0.002 |    13272 |    234240 |            5.67 |
|   CARRY8                 |    <0.001 |       66 |     14640 |            0.45 |
|   Others                 |    <0.001 |     1029 |       --- |             --- |
|   F7/F8 Muxes            |     0.000 |      165 |    117120 |            0.14 |
| Signals                  |     0.050 |    30091 |       --- |             --- |
| Block RAM                |     0.020 |     25.5 |       144 |           17.71 |
| MMCM                     |     0.215 |        0 |       --- |             --- |
| PLL                      |     0.059 |        1 |       --- |             --- |
| DSPs                     |     0.001 |        3 |      1248 |            0.24 |
| I/O                      |     0.272 |       70 |       252 |           27.78 |
| SYSMON                   |     0.005 |        1 |       --- |             --- |
| PS8                      |     2.877 |        1 |       --- |             --- |
| Static Power             |     0.467 |          |           |                 |
|   PS Static              |     0.105 |          |           |                 |
|   PL Static              |     0.362 |          |           |                 |
| Total                    |     4.167 |          |           |                 |
+--------------------------+-----------+----------+-----------+-----------------+


1.2 Power Supply Summary
------------------------

+-----------------+-------------+-----------+-------------+------------+-------------+-------------+------------+
| Source          | Voltage (V) | Total (A) | Dynamic (A) | Static (A) | Powerup (A) | Budget (A)  | Margin (A) |
+-----------------+-------------+-----------+-------------+------------+-------------+-------------+------------+
| Vccint          |       0.850 |     0.440 |       0.328 |      0.112 |       NA    | Unspecified | NA         |
| Vccint_io       |       0.850 |     0.173 |       0.136 |      0.037 |       NA    | Unspecified | NA         |
| Vccbram         |       0.850 |     0.002 |       0.001 |      0.001 |       NA    | Unspecified | NA         |
| Vccaux          |       1.800 |     0.225 |       0.151 |      0.075 |       NA    | Unspecified | NA         |
| Vccaux_io       |       1.800 |     0.079 |       0.047 |      0.031 |       NA    | Unspecified | NA         |
| Vcco33          |       3.300 |     0.000 |       0.000 |      0.000 |       NA    | Unspecified | NA         |
| Vcco25          |       2.500 |     0.000 |       0.000 |      0.000 |       NA    | Unspecified | NA         |
| Vcco18          |       1.800 |     0.001 |       0.001 |      0.000 |       NA    | Unspecified | NA         |
| Vcco15          |       1.500 |     0.000 |       0.000 |      0.000 |       NA    | Unspecified | NA         |
| Vcco135         |       1.350 |     0.000 |       0.000 |      0.000 |       NA    | Unspecified | NA         |
| Vcco12          |       1.200 |     0.059 |       0.059 |      0.000 |       NA    | Unspecified | NA         |
| Vcco10          |       1.000 |     0.000 |       0.000 |      0.000 |       NA    | Unspecified | NA         |
| Vccadc          |       1.800 |     0.008 |       0.000 |      0.008 |       NA    | Unspecified | NA         |
| VCC_PSINTFP     |       0.850 |     1.090 |       1.049 |      0.041 |       NA    | Unspecified | NA         |
| VCC_PSINTLP     |       0.850 |     0.281 |       0.273 |      0.008 |       NA    | Unspecified | NA         |
| VPS_MGTRAVCC    |       0.850 |     0.068 |       0.067 |      0.001 |       NA    | Unspecified | NA         |
| VCC_PSINTFP_DDR |       0.850 |     0.878 |       0.873 |      0.005 |       NA    | Unspecified | NA         |
| VCC_PSPLL       |       1.200 |     0.071 |       0.069 |      0.002 |       NA    | Unspecified | NA         |
| VPS_MGTRAVTT    |       1.800 |     0.009 |       0.008 |      0.001 |       NA    | Unspecified | NA         |
| VCCO_PSDDR_504  |       1.200 |     0.746 |       0.712 |      0.034 |       NA    | Unspecified | NA         |
| VCC_PSAUX       |       1.800 |     0.002 |       0.000 |      0.002 |       NA    | Unspecified | NA         |
| VCC_PSBATT      |       1.200 |     0.000 |       0.000 |      0.000 |       NA    | Unspecified | NA         |
| VCC_PSDDR_PLL   |       1.800 |     0.001 |       0.000 |      0.001 |       NA    | Unspecified | NA         |
| VCCO_PSIO0_500  |       1.800 |     0.001 |       0.000 |      0.001 |       NA    | Unspecified | NA         |
| VCCO_PSIO1_501  |       1.800 |     0.001 |       0.000 |      0.001 |       NA    | Unspecified | NA         |
| VCCO_PSIO2_502  |       1.800 |     0.001 |       0.000 |      0.001 |       NA    | Unspecified | NA         |
| VCCO_PSIO3_503  |       1.800 |     0.001 |       0.000 |      0.001 |       NA    | Unspecified | NA         |
| VCC_PSADC       |       1.800 |     0.002 |       0.000 |      0.002 |       NA    | Unspecified | NA         |
| VCCINT_VCU      |       0.900 |     0.032 |       0.000 |      0.032 |       NA    | Unspecified | NA         |
| MGTAVcc         |       0.900 |     0.000 |       0.000 |      0.000 |       NA    | Unspecified | NA         |
| MGTAVtt         |       1.200 |     0.000 |       0.000 |      0.000 |       NA    | Unspecified | NA         |
| MGTVccaux       |       1.800 |     0.000 |       0.000 |      0.000 |       NA    | Unspecified | NA         |
+-----------------+-------------+-----------+-------------+------------+-------------+-------------+------------+


1.3 Confidence Level
--------------------

+-----------------------------+------------+--------------------------------------------------------+------------------------------------------------------------------------------------------------------------+
| User Input Data             | Confidence | Details                                                | Action                                                                                                     |
+-----------------------------+------------+--------------------------------------------------------+------------------------------------------------------------------------------------------------------------+
| Design implementation state | High       | Design is routed                                       |                                                                                                            |
| Clock nodes activity        | High       | User specified more than 95% of clocks                 |                                                                                                            |
| I/O nodes activity          | Low        | More than 75% of inputs are missing user specification | Provide missing input activity with simulation results or by editing the "By Resource Type -> I/Os" view   |
| Internal nodes activity     | Medium     | User specified less than 25% of internal nodes         | Provide missing internal nodes activity with simulation results or by editing the "By Resource Type" views |
| Device models               | High       | Device models are Production                           |                                                                                                            |
|                             |            |                                                        |                                                                                                            |
| Overall confidence level    | Low        |                                                        |                                                                                                            |
+-----------------------------+------------+--------------------------------------------------------+------------------------------------------------------------------------------------------------------------+


2. Settings
-----------

2.1 Environment
---------------

+-----------------------+--------------------------+
| Ambient Temp (C)      | 25.0                     |
| ThetaJA (C/W)         | 2.3                      |
| Airflow (LFM)         | 250                      |
| Heat Sink             | medium (Medium Profile)  |
| ThetaSA (C/W)         | 5.5                      |
| Board Selection       | medium (10"x10")         |
| # of Board Layers     | 12to15 (12 to 15 Layers) |
| Board Temperature (C) | 25.0                     |
+-----------------------+--------------------------+


2.2 Clock Constraints
---------------------

+-----------------------------------------------------------------------------------------------------+--------------------------------------------------------------------------------------------------------------------------------------------------------------------------------------------------------------+-----------------+
| Clock                                                                                               | Domain                                                                                                                                                                                                       | Constraint (ns) |
+-----------------------------------------------------------------------------------------------------+--------------------------------------------------------------------------------------------------------------------------------------------------------------------------------------------------------------+-----------------+
| CLK100_PL_P                                                                                         | CLK100_PL_P                                                                                                                                                                                                  |            10.0 |
| Clk2_5                                                                                              | i_gmii2rgmii/Clk2_5                                                                                                                                                                                          |           400.0 |
| RGMII_RX_CLK                                                                                        | ETH1_RXCLK                                                                                                                                                                                                   |             8.0 |
| clk_out1_Mercury_XU5_clk_wiz_0_0                                                                    | Mercury_XU5_i/clk_wiz_0/inst/clk_out1_Mercury_XU5_clk_wiz_0_0                                                                                                                                                |             8.0 |
| clk_out2_Mercury_XU5_clk_wiz_0_0                                                                    | Mercury_XU5_i/clk_wiz_0/inst/clk_out2_Mercury_XU5_clk_wiz_0_0                                                                                                                                                |             8.0 |
| clk_out3_Mercury_XU5_clk_wiz_0_0                                                                    | Mercury_XU5_i/clk_wiz_0/inst/clk_out3_Mercury_XU5_clk_wiz_0_0                                                                                                                                                |            40.0 |
| clk_out4_Mercury_XU5_clk_wiz_0_0                                                                    | Mercury_XU5_i/clk_wiz_0/inst/clk_out4_Mercury_XU5_clk_wiz_0_0                                                                                                                                                |           100.0 |
| clk_pl_0                                                                                            | Mercury_XU5_i/zynq_ultra_ps_e/U0/pl_clk_unbuffered[0]                                                                                                                                                        |            10.0 |
| clk_pl_1                                                                                            | Mercury_XU5_i/zynq_ultra_ps_e/U0/pl_clk_unbuffered[1]                                                                                                                                                        |            20.0 |
| dbg_hub/inst/BSCANID.u_xsdbm_id/SWITCH_N_EXT_BSCAN.bscan_inst/SERIES7_BSCAN.bscan_inst/INTERNAL_TCK | dbg_hub/inst/BSCANID.u_xsdbm_id/SWITCH_N_EXT_BSCAN.bscan_inst/in0                                                                                                                                            |            50.0 |
| mdio1_mdc_clock                                                                                     | Mercury_XU5_i/zynq_ultra_ps_e/U0/emio_enet1_mdio_mdc                                                                                                                                                         |           480.0 |
| mmcm_clkout0                                                                                        | Mercury_XU5_i/ddr4/inst/u_ddr4_infrastructure/mmcm_clkout0                                                                                                                                                   |             3.3 |
| mmcm_clkout5                                                                                        | Mercury_XU5_i/ddr4/inst/u_ddr4_infrastructure/mmcm_clkout5                                                                                                                                                   |            13.3 |
| mmcm_clkout6                                                                                        | Mercury_XU5_i/ddr4/inst/u_ddr4_infrastructure/mmcm_clkout6                                                                                                                                                   |             6.7 |
| pll_clk                                                                                             | Mercury_XU5_i/ddr4/inst/u_ddr4_mem_intfc/u_mig_ddr4_phy/inst/u_ddr4_phy_pll/pll_clk0                                                                                                                         |             0.4 |
| pll_clk_DIV                                                                                         | Mercury_XU5_i/ddr4/inst/u_ddr4_mem_intfc/u_mig_ddr4_phy/inst/generate_block1.u_ddr_xiphy/byte_num[0].xiphy_byte_wrapper.u_xiphy_byte_wrapper/I_CONTROL[0].GEN_I_CONTROL.u_xiphy_control/TX_BIT_CTRL_OUT0[26] |             3.3 |
+-----------------------------------------------------------------------------------------------------+--------------------------------------------------------------------------------------------------------------------------------------------------------------------------------------------------------------+-----------------+


3. Detailed Reports
-------------------

3.1 By Hierarchy
----------------

+---------------------------+-----------+
| Name                      | Power (W) |
+---------------------------+-----------+
| Mercury_XU5_PE1           |     3.699 |
|   Mercury_XU5_i           |     3.684 |
|     clk_wiz_0             |     0.101 |
|       inst                |     0.101 |
|     ddr4                  |     0.599 |
|       inst                |     0.599 |
|     smartconnect_0        |     0.006 |
|       inst                |     0.006 |
|     smartconnect_1        |     0.087 |
|       inst                |     0.087 |
|     system_management_wiz |     0.007 |
|       U0                  |     0.007 |
|     zynq_ultra_ps_e       |     2.882 |
|       U0                  |     2.882 |
|   dbg_hub                 |     0.003 |
|     inst                  |     0.003 |
|       BSCANID.u_xsdbm_id  |     0.003 |
|   i_gmii2rgmii            |     0.009 |
|     i_rgmii_gmii          |     0.006 |
|       i_fifo              |     0.003 |
+---------------------------+-----------+


