Copyright 1986-2020 Xilinx, Inc. All Rights Reserved.
---------------------------------------------------------------------------------------------------------------------------
| Tool Version : Vivado v.2020.1 (lin64) Build 2902540 Wed May 27 19:54:35 MDT 2020
| Date         : Wed Aug 17 15:31:15 2022
| Host         : lxeng99 running 64-bit Ubuntu 16.04.6 LTS
| Command      : report_utilization -file Mercury_XU5_PE1_utilization_placed.rpt -pb Mercury_XU5_PE1_utilization_placed.pb
| Design       : Mercury_XU5_PE1
| Device       : xczu5evsfvc784-2
| Design State : Fully Placed
---------------------------------------------------------------------------------------------------------------------------

Utilization Design Information

Table of Contents
-----------------
1. CLB Logic
1.1 Summary of Registers by Type
2. CLB Logic Distribution
3. BLOCKRAM
4. ARITHMETIC
5. I/O
6. CLOCK
7. ADVANCED
8. CONFIGURATION
9. Primitives
10. Black Boxes
11. Instantiated Netlists

1. CLB Logic
------------

+----------------------------+-------+-------+-----------+-------+
|          Site Type         |  Used | Fixed | Available | Util% |
+----------------------------+-------+-------+-----------+-------+
| CLB LUTs                   | 11454 |     0 |    117120 |  9.78 |
|   LUT as Logic             | 10289 |     0 |    117120 |  8.79 |
|   LUT as Memory            |  1165 |     0 |     57600 |  2.02 |
|     LUT as Distributed RAM |   600 |     0 |           |       |
|     LUT as Shift Register  |   565 |     0 |           |       |
| CLB Registers              | 13273 |     0 |    234240 |  5.67 |
|   Register as Flip Flop    | 13272 |     0 |    234240 |  5.67 |
|   Register as Latch        |     0 |     0 |    234240 |  0.00 |
|   Register as AND/OR       |     1 |     0 |    234240 | <0.01 |
| CARRY8                     |    66 |     0 |     14640 |  0.45 |
| F7 Muxes                   |   165 |     0 |     58560 |  0.28 |
| F8 Muxes                   |     0 |     0 |     29280 |  0.00 |
| F9 Muxes                   |     0 |     0 |     14640 |  0.00 |
+----------------------------+-------+-------+-----------+-------+


1.1 Summary of Registers by Type
--------------------------------

+-------+--------------+-------------+--------------+
| Total | Clock Enable | Synchronous | Asynchronous |
+-------+--------------+-------------+--------------+
| 1     |            _ |           - |            - |
| 0     |            _ |           - |          Set |
| 0     |            _ |           - |        Reset |
| 0     |            _ |         Set |            - |
| 0     |            _ |       Reset |            - |
| 0     |          Yes |           - |            - |
| 62    |          Yes |           - |          Set |
| 171   |          Yes |           - |        Reset |
| 478   |          Yes |         Set |            - |
| 12561 |          Yes |       Reset |            - |
+-------+--------------+-------------+--------------+


2. CLB Logic Distribution
-------------------------

+--------------------------------------------+-------+-------+-----------+-------+
|                  Site Type                 |  Used | Fixed | Available | Util% |
+--------------------------------------------+-------+-------+-----------+-------+
| CLB                                        |  2348 |     0 |     14640 | 16.04 |
|   CLBL                                     |  1088 |     0 |           |       |
|   CLBM                                     |  1260 |     0 |           |       |
| LUT as Logic                               | 10289 |     0 |    117120 |  8.79 |
|   using O5 output only                     |   293 |       |           |       |
|   using O6 output only                     |  6930 |       |           |       |
|   using O5 and O6                          |  3066 |       |           |       |
| LUT as Memory                              |  1165 |     0 |     57600 |  2.02 |
|   LUT as Distributed RAM                   |   600 |     0 |           |       |
|     using O5 output only                   |     0 |       |           |       |
|     using O6 output only                   |    16 |       |           |       |
|     using O5 and O6                        |   584 |       |           |       |
|   LUT as Shift Register                    |   565 |     0 |           |       |
|     using O5 output only                   |     0 |       |           |       |
|     using O6 output only                   |   530 |       |           |       |
|     using O5 and O6                        |    35 |       |           |       |
| CLB Registers                              | 13273 |     0 |    234240 |  5.67 |
|   Register driven from within the CLB      |  7688 |       |           |       |
|   Register driven from outside the CLB     |  5585 |       |           |       |
|     LUT in front of the register is unused |  3882 |       |           |       |
|     LUT in front of the register is used   |  1703 |       |           |       |
| Unique Control Sets                        |   688 |       |     29280 |  2.35 |
+--------------------------------------------+-------+-------+-----------+-------+
* * Note: Available Control Sets calculated as Slices * 2, Review the Control Sets Report for more information regarding control sets.


3. BLOCKRAM
-----------

+-------------------+------+-------+-----------+-------+
|     Site Type     | Used | Fixed | Available | Util% |
+-------------------+------+-------+-----------+-------+
| Block RAM Tile    | 25.5 |     0 |       144 | 17.71 |
|   RAMB36/FIFO*    |   25 |     0 |       144 | 17.36 |
|     RAMB36E2 only |   25 |       |           |       |
|   RAMB18          |    1 |     0 |       288 |  0.35 |
|     RAMB18E2 only |    1 |       |           |       |
| URAM              |    0 |     0 |        64 |  0.00 |
+-------------------+------+-------+-----------+-------+
* Note: Each Block RAM Tile only has one FIFO logic available and therefore can accommodate only one FIFO36E2 or one FIFO18E2. However, if a FIFO18E2 occupies a Block RAM Tile, that tile can still accommodate a RAMB18E2


4. ARITHMETIC
-------------

+----------------+------+-------+-----------+-------+
|    Site Type   | Used | Fixed | Available | Util% |
+----------------+------+-------+-----------+-------+
| DSPs           |    3 |     0 |      1248 |  0.24 |
|   DSP48E2 only |    3 |       |           |       |
+----------------+------+-------+-----------+-------+


5. I/O
------

+------------------+------+-------+-----------+-------+
|     Site Type    | Used | Fixed | Available | Util% |
+------------------+------+-------+-----------+-------+
| Bonded IOB       |   70 |    70 |       252 | 27.78 |
| HPIOB_M          |   24 |    24 |        72 | 33.33 |
|   INPUT          |    1 |       |           |       |
|   OUTPUT         |   11 |       |           |       |
|   BIDIR          |   12 |       |           |       |
| HPIOB_S          |   24 |    24 |        72 | 33.33 |
|   INPUT          |    1 |       |           |       |
|   OUTPUT         |   13 |       |           |       |
|   BIDIR          |   10 |       |           |       |
| HDIOB_M          |    7 |     7 |        48 | 14.58 |
|   INPUT          |    3 |       |           |       |
|   OUTPUT         |    3 |       |           |       |
|   BIDIR          |    1 |       |           |       |
| HDIOB_S          |    8 |     8 |        48 | 16.67 |
|   INPUT          |    3 |       |           |       |
|   OUTPUT         |    5 |       |           |       |
|   BIDIR          |    0 |       |           |       |
| HPIOB_SNGL       |    7 |     7 |        12 | 58.33 |
|   INPUT          |    0 |       |           |       |
|   OUTPUT         |    7 |       |           |       |
|   BIDIR          |    0 |       |           |       |
| HPIOBDIFFINBUF   |    3 |     3 |        96 |  3.13 |
|   DIFFINBUF      |    3 |     3 |           |       |
| HPIOBDIFFOUTBUF  |    0 |     0 |        96 |  0.00 |
| HDIOBDIFFINBUF   |    0 |     0 |        48 |  0.00 |
| BITSLICE_CONTROL |    8 |     0 |        32 | 25.00 |
| BITSLICE_RX_TX   |   45 |    45 |       208 | 21.63 |
|   RXTX_BITSLICE  |   45 |    45 |           |       |
| BITSLICE_TX      |    8 |     0 |        32 | 25.00 |
| RIU_OR           |    4 |     0 |        16 | 25.00 |
+------------------+------+-------+-----------+-------+


6. CLOCK
--------

+----------------------+------+-------+-----------+-------+
|       Site Type      | Used | Fixed | Available | Util% |
+----------------------+------+-------+-----------+-------+
| GLOBAL CLOCK BUFFERs |   16 |     0 |       352 |  4.55 |
|   BUFGCE             |    9 |     0 |       112 |  8.04 |
|   BUFGCE_DIV         |    1 |     0 |        16 |  6.25 |
|   BUFG_GT            |    0 |     0 |        96 |  0.00 |
|   BUFG_PS            |    2 |     0 |        96 |  2.08 |
|   BUFGCTRL*          |    2 |     0 |        32 |  6.25 |
| PLL                  |    1 |     0 |         8 | 12.50 |
| MMCM                 |    2 |     1 |         4 | 50.00 |
+----------------------+------+-------+-----------+-------+
* Note: Each used BUFGCTRL counts as two GLOBAL CLOCK BUFFERs. This table does not include global clocking resources, only buffer cell usage. See the Clock Utilization Report (report_clock_utilization) for detailed accounting of global clocking resource availability.


7. ADVANCED
-----------

+-----------------+------+-------+-----------+--------+
|    Site Type    | Used | Fixed | Available |  Util% |
+-----------------+------+-------+-----------+--------+
| GTHE4_CHANNEL   |    0 |     0 |         4 |   0.00 |
| GTHE4_COMMON    |    0 |     0 |         1 |   0.00 |
| OBUFDS_GTE4     |    0 |     0 |         2 |   0.00 |
| OBUFDS_GTE4_ADV |    0 |     0 |         2 |   0.00 |
| PCIE40E4        |    0 |     0 |         2 |   0.00 |
| PS8             |    1 |     0 |         1 | 100.00 |
| SYSMONE4        |    1 |     1 |         1 | 100.00 |
| VCU             |    0 |     0 |         1 |   0.00 |
+-----------------+------+-------+-----------+--------+


8. CONFIGURATION
----------------

+-------------+------+-------+-----------+-------+
|  Site Type  | Used | Fixed | Available | Util% |
+-------------+------+-------+-----------+-------+
| BSCANE2     |    1 |     0 |         4 | 25.00 |
| DNA_PORTE2  |    0 |     0 |         1 |  0.00 |
| EFUSE_USR   |    0 |     0 |         1 |  0.00 |
| FRAME_ECCE4 |    0 |     0 |         1 |  0.00 |
| ICAPE3      |    0 |     0 |         2 |  0.00 |
| MASTER_JTAG |    0 |     0 |         1 |  0.00 |
| STARTUPE3   |    0 |     0 |         1 |  0.00 |
+-------------+------+-------+-----------+-------+


9. Primitives
-------------

+------------------+-------+---------------------+
|     Ref Name     |  Used | Functional Category |
+------------------+-------+---------------------+
| FDRE             | 12561 |            Register |
| LUT6             |  3955 |                 CLB |
| LUT3             |  3213 |                 CLB |
| LUT4             |  2331 |                 CLB |
| LUT5             |  2247 |                 CLB |
| LUT2             |  1129 |                 CLB |
| RAMD32           |   954 |                 CLB |
| LUT1             |   480 |                 CLB |
| FDSE             |   478 |            Register |
| SRLC32E          |   404 |                 CLB |
| RAMS32           |   214 |                 CLB |
| SRL16E           |   196 |                 CLB |
| FDCE             |   171 |            Register |
| MUXF7            |   165 |                 CLB |
| CARRY8           |    66 |                 CLB |
| FDPE             |    62 |            Register |
| RXTX_BITSLICE    |    45 |                 I/O |
| OBUF             |    35 |                 I/O |
| IBUFCTRL         |    28 |              Others |
| RAMB36E2         |    25 |           Block Ram |
| INBUF            |    25 |                 I/O |
| OBUFT_DCIEN      |    18 |                 I/O |
| RAMD64E          |    16 |                 CLB |
| OBUFT            |     9 |                 I/O |
| BUFGCE           |     9 |               Clock |
| TX_BITSLICE_TRI  |     8 |                 I/O |
| BITSLICE_CONTROL |     8 |                 I/O |
| OSERDESE3        |     6 |                 I/O |
| RIU_OR           |     4 |                 I/O |
| INV              |     3 |                 CLB |
| DSP48E2          |     3 |          Arithmetic |
| DIFFINBUF        |     3 |                 I/O |
| MMCME4_ADV       |     2 |               Clock |
| HPIO_VREF        |     2 |                 I/O |
| BUFG_PS          |     2 |               Clock |
| BUFGCTRL         |     2 |               Clock |
| SYSMONE4         |     1 |            Advanced |
| RAMB18E2         |     1 |           Block Ram |
| PS8              |     1 |            Advanced |
| PLLE4_ADV        |     1 |               Clock |
| BUFGCE_DIV       |     1 |               Clock |
| BSCANE2          |     1 |       Configuration |
| AND2B1L          |     1 |              Others |
+------------------+-------+---------------------+


10. Black Boxes
---------------

+----------+------+
| Ref Name | Used |
+----------+------+


11. Instantiated Netlists
-------------------------

+-------------------------------------+------+
|               Ref Name              | Used |
+-------------------------------------+------+
| dbg_hub                             |    1 |
| Mercury_XU5_zynq_ultra_ps_e_0       |    1 |
| Mercury_XU5_system_management_wiz_0 |    1 |
| Mercury_XU5_smartconnect_1_0        |    1 |
| Mercury_XU5_smartconnect_0_0        |    1 |
| Mercury_XU5_ps_sys_rst_0            |    1 |
| Mercury_XU5_led_0                   |    1 |
| Mercury_XU5_ddr4_sys_rst_0          |    1 |
| Mercury_XU5_ddr4_0_phy              |    1 |
| Mercury_XU5_ddr4_0                  |    1 |
| Mercury_XU5_clk_wiz_0_0             |    1 |
+-------------------------------------+------+


