Copyright 1986-2020 Xilinx, Inc. All Rights Reserved.
--------------------------------------------------------------------------------------------------
| Tool Version      : Vivado v.2020.1 (lin64) Build 2902540 Wed May 27 19:54:35 MDT 2020
| Date              : Wed Aug 17 15:33:04 2022
| Host              : lxeng99 running 64-bit Ubuntu 16.04.6 LTS
| Command           : report_clock_utilization -file Mercury_XU5_PE1_clock_utilization_routed.rpt
| Design            : Mercury_XU5_PE1
| Device            : xczu5ev-sfvc784
| Speed File        : -2  PRODUCTION 1.27 02-28-2020
| Temperature Grade : I
| Design State      : Routed
--------------------------------------------------------------------------------------------------

Clock Utilization Report

Table of Contents
-----------------
1. Clock Primitive Utilization
2. Global Clock Resources
3. Global Clock Source Details
4. Clock Regions : Clock Primitives
5. Clock Regions : Load Primitives
6. Clock Regions : Global Clock Summary
7. Clock Regions : Routing Resource Utilization
8. Device Cell Placement Summary for Global Clock g0
9. Device Cell Placement Summary for Global Clock g1
10. Device Cell Placement Summary for Global Clock g2
11. Device Cell Placement Summary for Global Clock g3
12. Device Cell Placement Summary for Global Clock g4
13. Device Cell Placement Summary for Global Clock g5
14. Device Cell Placement Summary for Global Clock g6
15. Device Cell Placement Summary for Global Clock g7
16. Device Cell Placement Summary for Global Clock g8
17. Device Cell Placement Summary for Global Clock g9
18. Device Cell Placement Summary for Global Clock g10
19. Device Cell Placement Summary for Global Clock g11
20. Device Cell Placement Summary for Global Clock g12
21. Device Cell Placement Summary for Global Clock g13
22. Clock Region Cell Placement per Global Clock: Region X1Y0
23. Clock Region Cell Placement per Global Clock: Region X0Y1
24. Clock Region Cell Placement per Global Clock: Region X1Y1
25. Clock Region Cell Placement per Global Clock: Region X2Y1
26. Clock Region Cell Placement per Global Clock: Region X0Y2
27. Clock Region Cell Placement per Global Clock: Region X1Y2
28. Clock Region Cell Placement per Global Clock: Region X2Y2
29. Clock Region Cell Placement per Global Clock: Region X0Y3
30. Clock Region Cell Placement per Global Clock: Region X1Y3
31. Clock Region Cell Placement per Global Clock: Region X2Y3

1. Clock Primitive Utilization
------------------------------

+------------+------+-----------+-----+--------------+--------+
| Type       | Used | Available | LOC | Clock Region | Pblock |
+------------+------+-----------+-----+--------------+--------+
| BUFGCE     |    9 |       112 |   0 |            0 |      0 |
| BUFGCE_DIV |    1 |        16 |   0 |            0 |      0 |
| BUFGCTRL   |    2 |        32 |   0 |            0 |      0 |
| BUFG_GT    |    0 |        96 |   0 |            0 |      0 |
| MMCM       |    2 |         4 |   1 |            0 |      0 |
| PLL        |    1 |         8 |   0 |            0 |      1 |
+------------+------+-----------+-----+--------------+--------+


2. Global Clock Resources
-------------------------

+-----------+-----------+-----------------+------------+------------------+--------------+-----------+-------------------+-------------------+-------------+-----------------+--------------+-----------------------------------------------------------------------------------------------------+----------------------------------------------------------------------+--------------------------------------------------------------------+
| Global Id | Source Id | Driver Type/Pin | Constraint | Site             | Clock Region | Root      | Clock Delay Group | Load Clock Region | Clock Loads | Non-Clock Loads | Clock Period | Clock                                                                                               | Driver Pin                                                           | Net                                                                |
+-----------+-----------+-----------------+------------+------------------+--------------+-----------+-------------------+-------------------+-------------+-----------------+--------------+-----------------------------------------------------------------------------------------------------+----------------------------------------------------------------------+--------------------------------------------------------------------+
| g0        | src0      | BUFGCE/O        | None       | BUFGCE_X0Y44     | X1Y1         | X1Y1      |                   |                 4 |       10526 |               1 |        3.332 | mmcm_clkout0                                                                                        | Mercury_XU5_i/ddr4/inst/u_ddr4_infrastructure/u_bufg_divClk/O        | Mercury_XU5_i/ddr4/inst/u_ddr4_infrastructure/input_rst_mmcm_reg_0 |
| g1        | src0      | BUFGCE/O        | None       | BUFGCE_X0Y38     | X1Y1         | X1Y1      |                   |                 2 |        1444 |               0 |        6.664 | mmcm_clkout6                                                                                        | Mercury_XU5_i/ddr4/inst/u_ddr4_infrastructure/u_bufg_riuClk/O        | Mercury_XU5_i/ddr4/inst/u_ddr4_infrastructure/c0_riu_clk           |
| g2        | src1      | BUFG_PS/O       | None       | BUFG_PS_X0Y95    | X0Y3         | X1Y2      |                   |                 5 |         885 |               0 |       10.000 | clk_pl_0                                                                                            | Mercury_XU5_i/zynq_ultra_ps_e/U0/buffer_pl_clk_0.PL_CLK_0_BUFG/O     | Mercury_XU5_i/zynq_ultra_ps_e/U0/pl_clk0                           |
| g3        | src0      | BUFGCE/O        | None       | BUFGCE_X0Y32     | X1Y1         | X1Y1      |                   |                 3 |         536 |               0 |       13.328 | mmcm_clkout5                                                                                        | Mercury_XU5_i/ddr4/inst/u_ddr4_infrastructure/u_bufg_dbg_clk/O       | Mercury_XU5_i/ddr4/inst/u_ddr4_infrastructure/dbg_clk              |
| g4        | src2      | BUFGCE/O        | None       | BUFGCE_X0Y24     | X1Y1         | X1Y1      |                   |                 4 |         460 |               0 |       50.000 | dbg_hub/inst/BSCANID.u_xsdbm_id/SWITCH_N_EXT_BSCAN.bscan_inst/SERIES7_BSCAN.bscan_inst/INTERNAL_TCK | dbg_hub/inst/BSCANID.u_xsdbm_id/SWITCH_N_EXT_BSCAN.u_bufg_icon_tck/O | dbg_hub/inst/BSCANID.u_xsdbm_id/itck_i                             |
| g5        | src3      | BUFGCE/O        | None       | BUFGCE_X0Y12     | X1Y0         | X0Y2,X1Y0 | rgmii_tx_group    |                 3 |         127 |               0 |        8.000 | clk_out1_Mercury_XU5_clk_wiz_0_0                                                                    | Mercury_XU5_i/clk_wiz_0/inst/clkout1_buf/O                           | Mercury_XU5_i/clk_wiz_0/inst/clk_out1                              |
| g6        | src4      | BUFGCE/O        | None       | BUFGCE_HDIO_X0Y4 | X0Y2         | X0Y2      |                   |                 2 |          68 |               0 |        8.000 | RGMII_RX_CLK                                                                                        | i_gmii2rgmii/i_rgmii_rxclk_buf/O                                     | i_gmii2rgmii/RGMII_rxclk_buf                                       |
| g7        | src1      | BUFG_PS/O       | None       | BUFG_PS_X0Y94    | X0Y3         | X1Y1      |                   |                 2 |          24 |               1 |       20.000 | clk_pl_1                                                                                            | Mercury_XU5_i/zynq_ultra_ps_e/U0/buffer_pl_clk_1.PL_CLK_1_BUFG/O     | Mercury_XU5_i/zynq_ultra_ps_e/U0/pl_clk1                           |
| g8        | src5      | BUFGCE/O        | None       | BUFGCE_X0Y25     | X1Y1         | X2Y1      |                   |                 1 |          17 |               0 |        9.996 | CLK100_PL_P                                                                                         | Mercury_XU5_i/ddr4/inst/u_ddr4_infrastructure/u_bufg_inst/O          | Mercury_XU5_i/ddr4/inst/u_ddr4_infrastructure/sys_clk_in_bufg      |
| g9        | src6      | BUFGCTRL/O      | None       | BUFGCTRL_X0Y28   | X1Y3         | X0Y3      |                   |                 2 |          12 |               0 |       40.000 | Multiple                                                                                            | i_gmii2rgmii/i_rgmii_mux0/O                                          | i_gmii2rgmii/GMII_tx_clk                                           |
| g10       | src3      | BUFGCE/O        | None       | BUFGCE_X0Y13     | X1Y0         | X0Y2      | rgmii_tx_group    |                 1 |           1 |               0 |        8.000 | clk_out2_Mercury_XU5_clk_wiz_0_0                                                                    | Mercury_XU5_i/clk_wiz_0/inst/clkout2_buf/O                           | Mercury_XU5_i/clk_wiz_0/inst/clk_out2                              |
| g11       | src3      | BUFGCE/O        | None       | BUFGCE_X0Y2      | X1Y0         | X1Y0      |                   |                 1 |           1 |               0 |       40.000 | clk_out3_Mercury_XU5_clk_wiz_0_0                                                                    | Mercury_XU5_i/clk_wiz_0/inst/clkout3_buf/O                           | Mercury_XU5_i/clk_wiz_0/inst/clk_out3                              |
| g12       | src3      | BUFGCE_DIV/O    | None       | BUFGCE_DIV_X0Y2  | X1Y0         | X1Y0      |                   |                 1 |           1 |               0 |      400.000 | Clk2_5                                                                                              | i_gmii2rgmii/i_rgmii_Div4/O                                          | i_gmii2rgmii/Clk2_5                                                |
| g13       | src7      | BUFGCTRL/O      | None       | BUFGCTRL_X0Y29   | X1Y3         | X1Y3      |                   |                 1 |           1 |               0 |       40.000 | Multiple                                                                                            | i_gmii2rgmii/i_rgmii_mux1/O                                          | i_gmii2rgmii/Clk_mux0                                              |
+-----------+-----------+-----------------+------------+------------------+--------------+-----------+-------------------+-------------------+-------------+-----------------+--------------+-----------------------------------------------------------------------------------------------------+----------------------------------------------------------------------+--------------------------------------------------------------------+
* Clock Loads column represents the clock pin loads (pin count)
** Non-Clock Loads column represents the non-clock pin loads (pin count)


3. Global Clock Source Details
------------------------------

+-----------+-----------+--------------------+------------+------------------+--------------+-------------+-----------------+---------------------+-----------------------------------------------------------------------------------------------------+----------------------------------------------------------------------------------------------------------------------------+--------------------------------------------------------------------------------------------------------------+
| Source Id | Global Id | Driver Type/Pin    | Constraint | Site             | Clock Region | Clock Loads | Non-Clock Loads | Source Clock Period | Source Clock                                                                                        | Driver Pin                                                                                                                 | Net                                                                                                          |
+-----------+-----------+--------------------+------------+------------------+--------------+-------------+-----------------+---------------------+-----------------------------------------------------------------------------------------------------+----------------------------------------------------------------------------------------------------------------------------+--------------------------------------------------------------------------------------------------------------+
| src0      | g0        | MMCME4_ADV/CLKOUT0 | MMCM_X0Y1  | MMCM_X0Y1        | X1Y1         |           1 |               0 |               3.332 | mmcm_clkout0                                                                                        | Mercury_XU5_i/ddr4/inst/u_ddr4_infrastructure/gen_mmcme4.u_mmcme_adv_inst/CLKOUT0                                          | Mercury_XU5_i/ddr4/inst/u_ddr4_infrastructure/mmcm_clkout0                                                   |
| src0      | g3        | MMCME4_ADV/CLKOUT5 | MMCM_X0Y1  | MMCM_X0Y1        | X1Y1         |           1 |               0 |              13.328 | mmcm_clkout5                                                                                        | Mercury_XU5_i/ddr4/inst/u_ddr4_infrastructure/gen_mmcme4.u_mmcme_adv_inst/CLKOUT5                                          | Mercury_XU5_i/ddr4/inst/u_ddr4_infrastructure/mmcm_clkout5                                                   |
| src0      | g1        | MMCME4_ADV/CLKOUT6 | MMCM_X0Y1  | MMCM_X0Y1        | X1Y1         |           1 |               0 |               6.664 | mmcm_clkout6                                                                                        | Mercury_XU5_i/ddr4/inst/u_ddr4_infrastructure/gen_mmcme4.u_mmcme_adv_inst/CLKOUT6                                          | Mercury_XU5_i/ddr4/inst/u_ddr4_infrastructure/mmcm_clkout6                                                   |
| src1      | g2        | PS8/PLCLK[0]       | None       | PS8_X0Y0         | X0Y1         |           1 |               0 |              10.000 | clk_pl_0                                                                                            | Mercury_XU5_i/zynq_ultra_ps_e/U0/PS8_i/PLCLK[0]                                                                            | Mercury_XU5_i/zynq_ultra_ps_e/U0/pl_clk_unbuffered[0]                                                        |
| src1      | g7        | PS8/PLCLK[1]       | None       | PS8_X0Y0         | X0Y1         |           1 |               0 |              20.000 | clk_pl_1                                                                                            | Mercury_XU5_i/zynq_ultra_ps_e/U0/PS8_i/PLCLK[1]                                                                            | Mercury_XU5_i/zynq_ultra_ps_e/U0/pl_clk_unbuffered[1]                                                        |
| src2      | g4        | BSCANE2/TCK        | None       | CONFIG_SITE_X0Y0 | X2Y2         |           1 |               0 |              50.000 | dbg_hub/inst/BSCANID.u_xsdbm_id/SWITCH_N_EXT_BSCAN.bscan_inst/SERIES7_BSCAN.bscan_inst/INTERNAL_TCK | dbg_hub/inst/BSCANID.u_xsdbm_id/SWITCH_N_EXT_BSCAN.bscan_inst/SERIES7_BSCAN.bscan_inst/TCK                                 | dbg_hub/inst/BSCANID.u_xsdbm_id/SWITCH_N_EXT_BSCAN.bscan_inst/tck_bs                                         |
| src3      | g5        | MMCME4_ADV/CLKOUT0 | None       | MMCM_X0Y0        | X1Y0         |           1 |               0 |               8.000 | clk_out1_Mercury_XU5_clk_wiz_0_0                                                                    | Mercury_XU5_i/clk_wiz_0/inst/mmcme4_adv_inst/CLKOUT0                                                                       | Mercury_XU5_i/clk_wiz_0/inst/clk_out1_Mercury_XU5_clk_wiz_0_0                                                |
| src3      | g10       | MMCME4_ADV/CLKOUT1 | None       | MMCM_X0Y0        | X1Y0         |           1 |               0 |               8.000 | clk_out2_Mercury_XU5_clk_wiz_0_0                                                                    | Mercury_XU5_i/clk_wiz_0/inst/mmcme4_adv_inst/CLKOUT1                                                                       | Mercury_XU5_i/clk_wiz_0/inst/clk_out2_Mercury_XU5_clk_wiz_0_0                                                |
| src3      | g11       | MMCME4_ADV/CLKOUT2 | None       | MMCM_X0Y0        | X1Y0         |           1 |               0 |              40.000 | clk_out3_Mercury_XU5_clk_wiz_0_0                                                                    | Mercury_XU5_i/clk_wiz_0/inst/mmcme4_adv_inst/CLKOUT2                                                                       | Mercury_XU5_i/clk_wiz_0/inst/clk_out3_Mercury_XU5_clk_wiz_0_0                                                |
| src3      | g12       | MMCME4_ADV/CLKOUT3 | None       | MMCM_X0Y0        | X1Y0         |           1 |               0 |             100.000 | clk_out4_Mercury_XU5_clk_wiz_0_0                                                                    | Mercury_XU5_i/clk_wiz_0/inst/mmcme4_adv_inst/CLKOUT3                                                                       | Mercury_XU5_i/clk_wiz_0/inst/clk_out4_Mercury_XU5_clk_wiz_0_0                                                |
| src4      | g6        | IBUFCTRL/O         | IOB_X0Y112 | IOB_X0Y112       | X0Y2         |           1 |               0 |               8.000 | RGMII_RX_CLK                                                                                        | ETH1_RXCLK_IBUF_inst/IBUFCTRL_INST/O                                                                                       | ETH1_RXCLK_IBUF_inst/O                                                                                       |
| src5      | g8        | IBUFCTRL/O         | IOB_X1Y78  | IOB_X1Y78        | X1Y1         |           1 |               1 |               9.996 | CLK100_PL_P                                                                                         | Mercury_XU5_i/ddr4/inst/u_ddr4_mem_intfc/u_mig_ddr4_phy/inst/u_ddr4_phy_pll/diff_input_clk.u_ibufg_sys_clk/IBUFCTRL_INST/O | Mercury_XU5_i/ddr4/inst/u_ddr4_mem_intfc/u_mig_ddr4_phy/inst/u_ddr4_phy_pll/diff_input_clk.u_ibufg_sys_clk/O |
| src6      | g9        | BUFGCTRL/O         | None       | BUFGCTRL_X0Y29   | X1Y3         |           1 |               0 |              40.000 | Multiple                                                                                            | i_gmii2rgmii/i_rgmii_mux1/O                                                                                                | i_gmii2rgmii/Clk_mux0                                                                                        |
| src7      | g13       | BUFGCE_DIV/O       | None       | BUFGCE_DIV_X0Y2  | X1Y0         |           1 |               0 |             400.000 | Clk2_5                                                                                              | i_gmii2rgmii/i_rgmii_Div4/O                                                                                                | i_gmii2rgmii/Clk2_5                                                                                          |
+-----------+-----------+--------------------+------------+------------------+--------------+-------------+-----------------+---------------------+-----------------------------------------------------------------------------------------------------+----------------------------------------------------------------------------------------------------------------------------+--------------------------------------------------------------------------------------------------------------+
* Clock Loads column represents the clock pin loads (pin count)
** Non-Clock Loads column represents the non-clock pin loads (pin count)


4. Clock Regions : Clock Primitives
-----------------------------------

+-------------------+---------------+---------------+---------------+---------------+---------------+---------------+---------------+
|                   |  Global Clock |     BUFGCE    |   BUFGCE_DIV  |    BUFGCTRL   |    BUFG_GT    |      MMCM     |      PLL      |
+-------------------+-------+-------+-------+-------+-------+-------+-------+-------+-------+-------+-------+-------+-------+-------+
| Clock Region Name | Used  | Avail | Used  | Avail | Used  | Avail | Used  | Avail | Used  | Avail | Used  | Avail | Used  | Avail |
+-------------------+-------+-------+-------+-------+-------+-------+-------+-------+-------+-------+-------+-------+-------+-------+
| X0Y0              |     0 |    24 |     0 |     4 |     0 |     0 |     0 |     0 |     0 |     0 |     0 |     0 |     0 |     0 |
| X1Y0              |     3 |    24 |     3 |    24 |     1 |     4 |     0 |     8 |     0 |     0 |     1 |     1 |     0 |     2 |
| X2Y0              |     0 |    24 |     0 |     0 |     0 |     0 |     0 |     0 |     0 |    24 |     0 |     0 |     0 |     0 |
| X0Y1              |     1 |    24 |     0 |     4 |     0 |     0 |     0 |     0 |     0 |     0 |     0 |     0 |     0 |     0 |
| X1Y1              |     4 |    24 |     5 |    24 |     0 |     4 |     0 |     8 |     0 |     0 |     1 |     1 |     0 |     2 |
| X2Y1              |     5 |    24 |     0 |     0 |     0 |     0 |     0 |     0 |     0 |    24 |     0 |     0 |     0 |     0 |
| X0Y2              |     5 |    24 |     1 |     4 |     0 |     0 |     0 |     0 |     0 |     0 |     0 |     0 |     0 |     0 |
| X1Y2              |     4 |    24 |     0 |    24 |     0 |     4 |     0 |     8 |     0 |     0 |     0 |     1 |     0 |     2 |
| X2Y2              |     1 |    24 |     0 |     0 |     0 |     0 |     0 |     0 |     0 |    24 |     0 |     0 |     0 |     0 |
| X0Y3              |     4 |    24 |     0 |     4 |     0 |     0 |     0 |     0 |     0 |     0 |     0 |     0 |     0 |     0 |
| X1Y3              |     1 |    24 |     0 |    24 |     0 |     4 |     2 |     8 |     0 |     0 |     0 |     1 |     0 |     2 |
| X2Y3              |     1 |    24 |     0 |     0 |     0 |     0 |     0 |     0 |     0 |    24 |     0 |     0 |     0 |     0 |
+-------------------+-------+-------+-------+-------+-------+-------+-------+-------+-------+-------+-------+-------+-------+-------+
* Global Clock column represents track count; while other columns represents cell counts


5. Clock Regions : Load Primitives
----------------------------------

+-------------------+------------------+------------------+------------------+------------------+------------------+------------------+------------------+------------------+
|                   |   Global Clock   |        FF        |      LUTRAM      |  Block RAM (18K) |       URAM       |        DSP       |        GT        |      HARD IP     |
+-------------------+--------+---------+--------+---------+--------+---------+--------+---------+--------+---------+--------+---------+--------+---------+--------+---------+
| Clock Region Name | Used   | Avail   | Used   | Avail   | Used   | Avail   | Used   | Avail   | Used   | Avail   | Used   | Avail   | Used   | Avail   | Used   | Avail   |
+-------------------+--------+---------+--------+---------+--------+---------+--------+---------+--------+---------+--------+---------+--------+---------+--------+---------+
| X0Y0              |      0 |      24 |      0 |   22080 |      0 |    6240 |      0 |       0 |      0 |       0 |      0 |     144 |      0 |       0 |      0 |       0 |
| X1Y0              |      3 |      24 |    310 |   17280 |      0 |    5280 |      0 |      24 |      0 |       0 |      0 |     144 |      0 |       0 |      0 |       0 |
| X2Y0              |      0 |      24 |      0 |   19200 |      0 |    2880 |      0 |      48 |      0 |      16 |      0 |      24 |      0 |       4 |      0 |       1 |
| X0Y1              |      1 |      24 |   1888 |   22080 |    382 |    6240 |      0 |       0 |      0 |       0 |      0 |     144 |      0 |       0 |      0 |       0 |
| X1Y1              |      4 |      24 |   6677 |   17280 |    135 |    5280 |      9 |      24 |      0 |       0 |      0 |     144 |      0 |       0 |      0 |       0 |
| X2Y1              |      5 |      24 |   3131 |   19200 |     81 |    2880 |     42 |      48 |      0 |      16 |      3 |      24 |      0 |       4 |      0 |       1 |
| X0Y2              |      5 |      24 |     21 |   22080 |      0 |    6240 |      0 |       0 |      0 |       0 |      0 |     144 |      0 |       0 |      0 |       0 |
| X1Y2              |      4 |      24 |     24 |   17280 |      0 |    5280 |      0 |      24 |      0 |       0 |      0 |     144 |      0 |       0 |      0 |       0 |
| X2Y2              |      1 |      24 |    160 |   19200 |      0 |    2880 |      0 |      48 |      0 |      16 |      0 |      24 |      0 |       4 |      0 |       0 |
| X0Y3              |      4 |      24 |    829 |   22080 |      2 |    6240 |      0 |       0 |      0 |       0 |      0 |     144 |      0 |       0 |      0 |       0 |
| X1Y3              |      1 |      24 |    108 |   17280 |      0 |    5280 |      0 |      24 |      0 |       0 |      0 |     144 |      0 |       0 |      0 |       0 |
| X2Y3              |      1 |      24 |    124 |   19200 |      0 |    2880 |      0 |      48 |      0 |      16 |      0 |      24 |      0 |       4 |      0 |       0 |
+-------------------+--------+---------+--------+---------+--------+---------+--------+---------+--------+---------+--------+---------+--------+---------+--------+---------+
* Global Clock column represents track count; while other columns represents cell counts


6. Clock Regions : Global Clock Summary
---------------------------------------

All Modules
+----+----+----+----+
|    | X0 | X1 | X2 |
+----+----+----+----+
| Y3 |  5 |  7 |  1 |
| Y2 |  5 |  6 |  1 |
| Y1 |  5 |  8 |  5 |
| Y0 |  0 |  7 |  0 |
+----+----+----+----+


7. Clock Regions : Routing Resource Utilization
-----------------------------------------------

All Modules
+-------------------+----------------------+----------------------+----------------------+----------------------+
|                   |        HROUTES       |        HDISTRS       |        VROUTES       |        VDISTRS       |
+-------------------+------+-------+-------+------+-------+-------+------+-------+-------+------+-------+-------+
| Clock Region Name | Used | Avail | Util% | Used | Avail | Util% | Used | Avail | Util% | Used | Avail | Util% |
+-------------------+------+-------+-------+------+-------+-------+------+-------+-------+------+-------+-------+
| X0Y0              |    2 |    24 |  8.33 |    0 |    24 |  0.00 |    0 |    24 |  0.00 |    0 |    24 |  0.00 |
| X1Y0              |    4 |    24 | 16.67 |    3 |    24 | 12.50 |    0 |    24 |  0.00 |    3 |    24 | 12.50 |
| X2Y0              |    0 |    24 |  0.00 |    0 |    24 |  0.00 |    0 |    24 |  0.00 |    0 |    24 |  0.00 |
| X0Y1              |    0 |    24 |  0.00 |    1 |    24 |  4.17 |    2 |    24 |  8.33 |    0 |    24 |  0.00 |
| X1Y1              |    2 |    24 |  8.33 |    4 |    24 | 16.67 |    3 |    24 | 12.50 |    5 |    24 | 20.83 |
| X2Y1              |    1 |    24 |  4.17 |    5 |    24 | 20.83 |    0 |    24 |  0.00 |    1 |    24 |  4.17 |
| X0Y2              |    2 |    24 |  8.33 |    5 |    24 | 20.83 |    2 |    24 |  8.33 |    3 |    24 | 12.50 |
| X1Y2              |    0 |    24 |  0.00 |    4 |    24 | 16.67 |    4 |    24 | 16.67 |    1 |    24 |  4.17 |
| X2Y2              |    0 |    24 |  0.00 |    1 |    24 |  4.17 |    0 |    24 |  0.00 |    0 |    24 |  0.00 |
| X0Y3              |    7 |    24 | 29.17 |    4 |    24 | 16.67 |    1 |    24 |  4.17 |    1 |    24 |  4.17 |
| X1Y3              |   12 |    24 | 50.00 |    1 |    24 |  4.17 |    4 |    24 | 16.67 |    0 |    24 |  0.00 |
| X2Y3              |    0 |    24 |  0.00 |    1 |    24 |  4.17 |    0 |    24 |  0.00 |    0 |    24 |  0.00 |
+-------------------+------+-------+-------+------+-------+-------+------+-------+-------+------+-------+-------+


8. Device Cell Placement Summary for Global Clock g0
----------------------------------------------------

+-----------+-----------------+-------------------+--------------+-------------+---------------+----------+-------------+----------+----------------+----------+--------------------------------------------------------------------+
| Global Id | Driver Type/Pin | Driver Region (D) | Clock        | Period (ns) | Waveform (ns) | Root (R) | Slice Loads | IO Loads | Clocking Loads | GT Loads | Net                                                                |
+-----------+-----------------+-------------------+--------------+-------------+---------------+----------+-------------+----------+----------------+----------+--------------------------------------------------------------------+
| g0        | BUFGCE/O        | X1Y1              | mmcm_clkout0 |       3.332 | {0.000 1.666} | X1Y1     |       10438 |        0 |              1 |        0 | Mercury_XU5_i/ddr4/inst/u_ddr4_infrastructure/input_rst_mmcm_reg_0 |
+-----------+-----------------+-------------------+--------------+-------------+---------------+----------+-------------+----------+----------------+----------+--------------------------------------------------------------------+
* Slice Loads column represents load cell count of all cell types other than IO, GT and clock resources
** IO Loads column represents load cell count of IO types
*** Clocking Loads column represents load cell count that are clock resources (global clock buffer, MMCM, PLL, etc)
**** GT Loads column represents load cell count of GT types


+----+-------+--------------+-------+
|    | X0    | X1           | X2    |
+----+-------+--------------+-------+
| Y3 |     0 |            0 |     0 |
| Y2 |     4 |            0 |     0 |
| Y1 |  2271 | (R) (D) 6219 |  1945 |
| Y0 |     0 |            0 |     0 |
+----+-------+--------------+-------+


9. Device Cell Placement Summary for Global Clock g1
----------------------------------------------------

+-----------+-----------------+-------------------+--------------+-------------+---------------+----------+-------------+----------+----------------+----------+----------------------------------------------------------+
| Global Id | Driver Type/Pin | Driver Region (D) | Clock        | Period (ns) | Waveform (ns) | Root (R) | Slice Loads | IO Loads | Clocking Loads | GT Loads | Net                                                      |
+-----------+-----------------+-------------------+--------------+-------------+---------------+----------+-------------+----------+----------------+----------+----------------------------------------------------------+
| g1        | BUFGCE/O        | X1Y1              | mmcm_clkout6 |       6.664 | {0.000 3.332} | X1Y1     |        1404 |        0 |              0 |        0 | Mercury_XU5_i/ddr4/inst/u_ddr4_infrastructure/c0_riu_clk |
+-----------+-----------------+-------------------+--------------+-------------+---------------+----------+-------------+----------+----------------+----------+----------------------------------------------------------+
* Slice Loads column represents load cell count of all cell types other than IO, GT and clock resources
** IO Loads column represents load cell count of IO types
*** Clocking Loads column represents load cell count that are clock resources (global clock buffer, MMCM, PLL, etc)
**** GT Loads column represents load cell count of GT types


+----+----+-------------+-------+
|    | X0 | X1          | X2    |
+----+----+-------------+-------+
| Y3 |  0 |           0 |     0 |
| Y2 |  0 |           0 |     0 |
| Y1 |  0 | (R) (D) 211 |  1193 |
| Y0 |  0 |           0 |     0 |
+----+----+-------------+-------+


10. Device Cell Placement Summary for Global Clock g2
-----------------------------------------------------

+-----------+-----------------+-------------------+----------+-------------+---------------+----------+-------------+----------+----------------+----------+------------------------------------------+
| Global Id | Driver Type/Pin | Driver Region (D) | Clock    | Period (ns) | Waveform (ns) | Root (R) | Slice Loads | IO Loads | Clocking Loads | GT Loads | Net                                      |
+-----------+-----------------+-------------------+----------+-------------+---------------+----------+-------------+----------+----------------+----------+------------------------------------------+
| g2        | BUFG_PS/O       | X0Y3              | clk_pl_0 |      10.000 | {0.000 5.000} | X1Y2     |         885 |        0 |              0 |        0 | Mercury_XU5_i/zynq_ultra_ps_e/U0/pl_clk0 |
+-----------+-----------------+-------------------+----------+-------------+---------------+----------+-------------+----------+----------------+----------+------------------------------------------+
* Slice Loads column represents load cell count of all cell types other than IO, GT and clock resources
** IO Loads column represents load cell count of IO types
*** Clocking Loads column represents load cell count that are clock resources (global clock buffer, MMCM, PLL, etc)
**** GT Loads column represents load cell count of GT types


+----+----------+-------+------+
|    | X0       | X1    | X2   |
+----+----------+-------+------+
| Y3 |  (D) 647 |   108 |  125 |
| Y2 |        4 | (R) 0 |    0 |
| Y1 |        1 |     0 |    0 |
| Y0 |        0 |     0 |    0 |
+----+----------+-------+------+


11. Device Cell Placement Summary for Global Clock g3
-----------------------------------------------------

+-----------+-----------------+-------------------+--------------+-------------+---------------+----------+-------------+----------+----------------+----------+-------------------------------------------------------+
| Global Id | Driver Type/Pin | Driver Region (D) | Clock        | Period (ns) | Waveform (ns) | Root (R) | Slice Loads | IO Loads | Clocking Loads | GT Loads | Net                                                   |
+-----------+-----------------+-------------------+--------------+-------------+---------------+----------+-------------+----------+----------------+----------+-------------------------------------------------------+
| g3        | BUFGCE/O        | X1Y1              | mmcm_clkout5 |      13.328 | {0.000 6.664} | X1Y1     |         534 |        0 |              0 |        0 | Mercury_XU5_i/ddr4/inst/u_ddr4_infrastructure/dbg_clk |
+-----------+-----------------+-------------------+--------------+-------------+---------------+----------+-------------+----------+----------------+----------+-------------------------------------------------------+
* Slice Loads column represents load cell count of all cell types other than IO, GT and clock resources
** IO Loads column represents load cell count of IO types
*** Clocking Loads column represents load cell count that are clock resources (global clock buffer, MMCM, PLL, etc)
**** GT Loads column represents load cell count of GT types


+----+----+-------------+-----+
|    | X0 | X1          | X2  |
+----+----+-------------+-----+
| Y3 |  0 |           0 |   0 |
| Y2 |  0 |           0 |   0 |
| Y1 |  0 | (R) (D) 351 |  52 |
| Y0 |  0 |         131 |   0 |
+----+----+-------------+-----+


12. Device Cell Placement Summary for Global Clock g4
-----------------------------------------------------

+-----------+-----------------+-------------------+-----------------------------------------------------------------------------------------------------+-------------+----------------+----------+-------------+----------+----------------+----------+----------------------------------------+
| Global Id | Driver Type/Pin | Driver Region (D) | Clock                                                                                               | Period (ns) | Waveform (ns)  | Root (R) | Slice Loads | IO Loads | Clocking Loads | GT Loads | Net                                    |
+-----------+-----------------+-------------------+-----------------------------------------------------------------------------------------------------+-------------+----------------+----------+-------------+----------+----------------+----------+----------------------------------------+
| g4        | BUFGCE/O        | X1Y1              | dbg_hub/inst/BSCANID.u_xsdbm_id/SWITCH_N_EXT_BSCAN.bscan_inst/SERIES7_BSCAN.bscan_inst/INTERNAL_TCK |      50.000 | {0.000 25.000} | X1Y1     |         458 |        0 |              0 |        0 | dbg_hub/inst/BSCANID.u_xsdbm_id/itck_i |
+-----------+-----------------+-------------------+-----------------------------------------------------------------------------------------------------+-------------+----------------+----------+-------------+----------+----------------+----------+----------------------------------------+
* Slice Loads column represents load cell count of all cell types other than IO, GT and clock resources
** IO Loads column represents load cell count of IO types
*** Clocking Loads column represents load cell count that are clock resources (global clock buffer, MMCM, PLL, etc)
**** GT Loads column represents load cell count of GT types


+----+----+------------+------+
|    | X0 | X1         | X2   |
+----+----+------------+------+
| Y3 |  0 |          0 |    0 |
| Y2 |  0 |          0 |  160 |
| Y1 |  0 | (R) (D) 90 |   29 |
| Y0 |  0 |        179 |    0 |
+----+----+------------+------+


13. Device Cell Placement Summary for Global Clock g5
-----------------------------------------------------

+-----------+-----------------+-------------------+----------------------------------+-------------+---------------+-----------+-------------+----------+----------------+----------+---------------------------------------+
| Global Id | Driver Type/Pin | Driver Region (D) | Clock                            | Period (ns) | Waveform (ns) | Root (R)  | Slice Loads | IO Loads | Clocking Loads | GT Loads | Net                                   |
+-----------+-----------------+-------------------+----------------------------------+-------------+---------------+-----------+-------------+----------+----------------+----------+---------------------------------------+
| g5        | BUFGCE/O        | X1Y0              | clk_out1_Mercury_XU5_clk_wiz_0_0 |       8.000 | {0.000 4.000} | X0Y2,X1Y0 |         121 |        5 |              1 |        0 | Mercury_XU5_i/clk_wiz_0/inst/clk_out1 |
+-----------+-----------------+-------------------+----------------------------------+-------------+---------------+-----------+-------------+----------+----------------+----------+---------------------------------------+
* Slice Loads column represents load cell count of all cell types other than IO, GT and clock resources
** IO Loads column represents load cell count of IO types
*** Clocking Loads column represents load cell count that are clock resources (global clock buffer, MMCM, PLL, etc)
**** GT Loads column represents load cell count of GT types


+----+-------+-----------+----+
|    | X0    | X1        | X2 |
+----+-------+-----------+----+
| Y3 |   120 |         1 |  0 |
| Y2 | (R) 6 |         0 |  0 |
| Y1 |     0 |         0 |  0 |
| Y0 |     0 | (R) (D) 0 |  0 |
+----+-------+-----------+----+


14. Device Cell Placement Summary for Global Clock g6
-----------------------------------------------------

+-----------+-----------------+-------------------+--------------+-------------+---------------+----------+-------------+----------+----------------+----------+------------------------------+
| Global Id | Driver Type/Pin | Driver Region (D) | Clock        | Period (ns) | Waveform (ns) | Root (R) | Slice Loads | IO Loads | Clocking Loads | GT Loads | Net                          |
+-----------+-----------------+-------------------+--------------+-------------+---------------+----------+-------------+----------+----------------+----------+------------------------------+
| g6        | BUFGCE/O        | X0Y2              | RGMII_RX_CLK |       8.000 | {2.000 6.000} | X0Y2     |          66 |        0 |              0 |        0 | i_gmii2rgmii/RGMII_rxclk_buf |
+-----------+-----------------+-------------------+--------------+-------------+---------------+----------+-------------+----------+----------------+----------+------------------------------+
* Slice Loads column represents load cell count of all cell types other than IO, GT and clock resources
** IO Loads column represents load cell count of IO types
*** Clocking Loads column represents load cell count that are clock resources (global clock buffer, MMCM, PLL, etc)
**** GT Loads column represents load cell count of GT types


+----+------------+----+----+
|    | X0         | X1 | X2 |
+----+------------+----+----+
| Y3 |         54 |  0 |  0 |
| Y2 | (R) (D) 12 |  0 |  0 |
| Y1 |          0 |  0 |  0 |
| Y0 |          0 |  0 |  0 |
+----+------------+----+----+


15. Device Cell Placement Summary for Global Clock g7
-----------------------------------------------------

+-----------+-----------------+-------------------+----------+-------------+----------------+----------+-------------+----------+----------------+----------+------------------------------------------+
| Global Id | Driver Type/Pin | Driver Region (D) | Clock    | Period (ns) | Waveform (ns)  | Root (R) | Slice Loads | IO Loads | Clocking Loads | GT Loads | Net                                      |
+-----------+-----------------+-------------------+----------+-------------+----------------+----------+-------------+----------+----------------+----------+------------------------------------------+
| g7        | BUFG_PS/O       | X0Y3              | clk_pl_1 |      20.000 | {0.000 10.000} | X1Y1     |          24 |        0 |              1 |        0 | Mercury_XU5_i/zynq_ultra_ps_e/U0/pl_clk1 |
+-----------+-----------------+-------------------+----------+-------------+----------------+----------+-------------+----------+----------------+----------+------------------------------------------+
* Slice Loads column represents load cell count of all cell types other than IO, GT and clock resources
** IO Loads column represents load cell count of IO types
*** Clocking Loads column represents load cell count that are clock resources (global clock buffer, MMCM, PLL, etc)
**** GT Loads column represents load cell count of GT types


+----+--------+-------+----+
|    | X0     | X1    | X2 |
+----+--------+-------+----+
| Y3 |  (D) 0 |     0 |  0 |
| Y2 |      0 |    24 |  0 |
| Y1 |      0 | (R) 0 |  0 |
| Y0 |      0 |     1 |  0 |
+----+--------+-------+----+


16. Device Cell Placement Summary for Global Clock g8
-----------------------------------------------------

+-----------+-----------------+-------------------+-------------+-------------+---------------+----------+-------------+----------+----------------+----------+---------------------------------------------------------------+
| Global Id | Driver Type/Pin | Driver Region (D) | Clock       | Period (ns) | Waveform (ns) | Root (R) | Slice Loads | IO Loads | Clocking Loads | GT Loads | Net                                                           |
+-----------+-----------------+-------------------+-------------+-------------+---------------+----------+-------------+----------+----------------+----------+---------------------------------------------------------------+
| g8        | BUFGCE/O        | X1Y1              | CLK100_PL_P |       9.996 | {0.000 4.998} | X2Y1     |          17 |        0 |              0 |        0 | Mercury_XU5_i/ddr4/inst/u_ddr4_infrastructure/sys_clk_in_bufg |
+-----------+-----------------+-------------------+-------------+-------------+---------------+----------+-------------+----------+----------------+----------+---------------------------------------------------------------+
* Slice Loads column represents load cell count of all cell types other than IO, GT and clock resources
** IO Loads column represents load cell count of IO types
*** Clocking Loads column represents load cell count that are clock resources (global clock buffer, MMCM, PLL, etc)
**** GT Loads column represents load cell count of GT types


+----+----+--------+--------+
|    | X0 | X1     | X2     |
+----+----+--------+--------+
| Y3 |  0 |      0 |      0 |
| Y2 |  0 |      0 |      0 |
| Y1 |  0 |  (D) 0 | (R) 17 |
| Y0 |  0 |      0 |      0 |
+----+----+--------+--------+


17. Device Cell Placement Summary for Global Clock g9
-----------------------------------------------------

+-----------+-----------------+-------------------+----------+-------------+----------------+----------+-------------+----------+----------------+----------+--------------------------+
| Global Id | Driver Type/Pin | Driver Region (D) | Clock    | Period (ns) | Waveform (ns)  | Root (R) | Slice Loads | IO Loads | Clocking Loads | GT Loads | Net                      |
+-----------+-----------------+-------------------+----------+-------------+----------------+----------+-------------+----------+----------------+----------+--------------------------+
| g9        | BUFGCTRL/O      | X1Y3              | Multiple |      40.000 | {0.000 20.000} | X0Y3     |          11 |        0 |              0 |        0 | i_gmii2rgmii/GMII_tx_clk |
+-----------+-----------------+-------------------+----------+-------------+----------------+----------+-------------+----------+----------------+----------+--------------------------+
* Slice Loads column represents load cell count of all cell types other than IO, GT and clock resources
** IO Loads column represents load cell count of IO types
*** Clocking Loads column represents load cell count that are clock resources (global clock buffer, MMCM, PLL, etc)
**** GT Loads column represents load cell count of GT types


+----+--------+--------+----+
|    | X0     | X1     | X2 |
+----+--------+--------+----+
| Y3 | (R) 10 |  (D) 0 |  0 |
| Y2 |      0 |      0 |  0 |
| Y1 |      1 |      0 |  0 |
| Y0 |      0 |      0 |  0 |
+----+--------+--------+----+


18. Device Cell Placement Summary for Global Clock g10
------------------------------------------------------

+-----------+-----------------+-------------------+----------------------------------+-------------+---------------+----------+-------------+----------+----------------+----------+---------------------------------------+
| Global Id | Driver Type/Pin | Driver Region (D) | Clock                            | Period (ns) | Waveform (ns) | Root (R) | Slice Loads | IO Loads | Clocking Loads | GT Loads | Net                                   |
+-----------+-----------------+-------------------+----------------------------------+-------------+---------------+----------+-------------+----------+----------------+----------+---------------------------------------+
| g10       | BUFGCE/O        | X1Y0              | clk_out2_Mercury_XU5_clk_wiz_0_0 |       8.000 | {0.000 4.000} | X0Y2     |           0 |        1 |              0 |        0 | Mercury_XU5_i/clk_wiz_0/inst/clk_out2 |
+-----------+-----------------+-------------------+----------------------------------+-------------+---------------+----------+-------------+----------+----------------+----------+---------------------------------------+
* Slice Loads column represents load cell count of all cell types other than IO, GT and clock resources
** IO Loads column represents load cell count of IO types
*** Clocking Loads column represents load cell count that are clock resources (global clock buffer, MMCM, PLL, etc)
**** GT Loads column represents load cell count of GT types


+----+-------+--------+----+
|    | X0    | X1     | X2 |
+----+-------+--------+----+
| Y3 |     0 |      0 |  0 |
| Y2 | (R) 1 |      0 |  0 |
| Y1 |     0 |      0 |  0 |
| Y0 |     0 |  (D) 0 |  0 |
+----+-------+--------+----+


19. Device Cell Placement Summary for Global Clock g11
------------------------------------------------------

+-----------+-----------------+-------------------+----------------------------------+-------------+----------------+----------+-------------+----------+----------------+----------+---------------------------------------+
| Global Id | Driver Type/Pin | Driver Region (D) | Clock                            | Period (ns) | Waveform (ns)  | Root (R) | Slice Loads | IO Loads | Clocking Loads | GT Loads | Net                                   |
+-----------+-----------------+-------------------+----------------------------------+-------------+----------------+----------+-------------+----------+----------------+----------+---------------------------------------+
| g11       | BUFGCE/O        | X1Y0              | clk_out3_Mercury_XU5_clk_wiz_0_0 |      40.000 | {0.000 20.000} | X1Y0     |           0 |        0 |              1 |        0 | Mercury_XU5_i/clk_wiz_0/inst/clk_out3 |
+-----------+-----------------+-------------------+----------------------------------+-------------+----------------+----------+-------------+----------+----------------+----------+---------------------------------------+
* Slice Loads column represents load cell count of all cell types other than IO, GT and clock resources
** IO Loads column represents load cell count of IO types
*** Clocking Loads column represents load cell count that are clock resources (global clock buffer, MMCM, PLL, etc)
**** GT Loads column represents load cell count of GT types


+----+----+-----------+----+
|    | X0 | X1        | X2 |
+----+----+-----------+----+
| Y3 |  0 |         1 |  0 |
| Y2 |  0 |         0 |  0 |
| Y1 |  0 |         0 |  0 |
| Y0 |  0 | (R) (D) 0 |  0 |
+----+----+-----------+----+


20. Device Cell Placement Summary for Global Clock g12
------------------------------------------------------

+-----------+-----------------+-------------------+--------+-------------+-----------------+----------+-------------+----------+----------------+----------+---------------------+
| Global Id | Driver Type/Pin | Driver Region (D) | Clock  | Period (ns) | Waveform (ns)   | Root (R) | Slice Loads | IO Loads | Clocking Loads | GT Loads | Net                 |
+-----------+-----------------+-------------------+--------+-------------+-----------------+----------+-------------+----------+----------------+----------+---------------------+
| g12       | BUFGCE_DIV/O    | X1Y0              | Clk2_5 |     400.000 | {0.000 200.000} | X1Y0     |           0 |        0 |              1 |        0 | i_gmii2rgmii/Clk2_5 |
+-----------+-----------------+-------------------+--------+-------------+-----------------+----------+-------------+----------+----------------+----------+---------------------+
* Slice Loads column represents load cell count of all cell types other than IO, GT and clock resources
** IO Loads column represents load cell count of IO types
*** Clocking Loads column represents load cell count that are clock resources (global clock buffer, MMCM, PLL, etc)
**** GT Loads column represents load cell count of GT types


+----+----+-----------+----+
|    | X0 | X1        | X2 |
+----+----+-----------+----+
| Y3 |  0 |         1 |  0 |
| Y2 |  0 |         0 |  0 |
| Y1 |  0 |         0 |  0 |
| Y0 |  0 | (R) (D) 0 |  0 |
+----+----+-----------+----+


21. Device Cell Placement Summary for Global Clock g13
------------------------------------------------------

+-----------+-----------------+-------------------+----------+-------------+----------------+----------+-------------+----------+----------------+----------+-----------------------+
| Global Id | Driver Type/Pin | Driver Region (D) | Clock    | Period (ns) | Waveform (ns)  | Root (R) | Slice Loads | IO Loads | Clocking Loads | GT Loads | Net                   |
+-----------+-----------------+-------------------+----------+-------------+----------------+----------+-------------+----------+----------------+----------+-----------------------+
| g13       | BUFGCTRL/O      | X1Y3              | Multiple |      40.000 | {0.000 20.000} | X1Y3     |           0 |        0 |              1 |        0 | i_gmii2rgmii/Clk_mux0 |
+-----------+-----------------+-------------------+----------+-------------+----------------+----------+-------------+----------+----------------+----------+-----------------------+
* Slice Loads column represents load cell count of all cell types other than IO, GT and clock resources
** IO Loads column represents load cell count of IO types
*** Clocking Loads column represents load cell count that are clock resources (global clock buffer, MMCM, PLL, etc)
**** GT Loads column represents load cell count of GT types


+----+----+-----------+----+
|    | X0 | X1        | X2 |
+----+----+-----------+----+
| Y3 |  0 | (R) (D) 1 |  0 |
| Y2 |  0 |         0 |  0 |
| Y1 |  0 |         0 |  0 |
| Y0 |  0 |         0 |  0 |
+----+----+-----------+----+


22. Clock Region Cell Placement per Global Clock: Region X1Y0
-------------------------------------------------------------

+-----------+-------+-----------------+------------+-------------+-----------------+-----+--------+------+------+-----+----+------+-----+---------+-------------------------------------------------------+
| Global Id | Track | Driver Type/Pin | Constraint | Clock Loads | Non-Clock Loads | FF  | LUTRAM | RAMB | URAM | DSP | GT | MMCM | PLL | Hard IP | Net                                                   |
+-----------+-------+-----------------+------------+-------------+-----------------+-----+--------+------+------+-----+----+------+-----+---------+-------------------------------------------------------+
| g3        | 8     | BUFGCE/O        | None       |         131 |               0 | 131 |      0 |    0 |    0 |   0 |  0 |    0 |   0 |       0 | Mercury_XU5_i/ddr4/inst/u_ddr4_infrastructure/dbg_clk |
| g4        | 0     | BUFGCE/O        | None       |         179 |               0 | 179 |      0 |    0 |    0 |   0 |  0 |    0 |   0 |       0 | dbg_hub/inst/BSCANID.u_xsdbm_id/itck_i                |
| g5+       | 12    | BUFGCE/O        | None       |           0 |               0 |   0 |      0 |    0 |    0 |   0 |  0 |    0 |   0 |       0 | Mercury_XU5_i/clk_wiz_0/inst/clk_out1                 |
| g7        | 22    | BUFG_PS/O       | None       |           0 |               1 |   0 |      0 |    0 |    0 |   0 |  0 |    1 |   0 |       0 | Mercury_XU5_i/zynq_ultra_ps_e/U0/pl_clk1              |
| g10+      | 13    | BUFGCE/O        | None       |           0 |               0 |   0 |      0 |    0 |    0 |   0 |  0 |    0 |   0 |       0 | Mercury_XU5_i/clk_wiz_0/inst/clk_out2                 |
| g11+      | 2     | BUFGCE/O        | None       |           0 |               0 |   0 |      0 |    0 |    0 |   0 |  0 |    0 |   0 |       0 | Mercury_XU5_i/clk_wiz_0/inst/clk_out3                 |
| g12+      | 7     | BUFGCE_DIV/O    | None       |           0 |               0 |   0 |      0 |    0 |    0 |   0 |  0 |    0 |   0 |       0 | i_gmii2rgmii/Clk2_5                                   |
+-----------+-------+-----------------+------------+-------------+-----------------+-----+--------+------+------+-----+----+------+-----+---------+-------------------------------------------------------+
* Clock Loads column represents the clock pin loads (pin count)
** Non-Clock Loads column represents the non-clock pin loads (pin count)
*** Columns FF, LUTRAM, RAMB through 'Hard IP' represents load cell counts
**** In Global Id column, sympbol '+' indicates that global clock was used only to route through the clock region.


23. Clock Region Cell Placement per Global Clock: Region X0Y1
-------------------------------------------------------------

+-----------+-------+-----------------+------------+-------------+-----------------+------+--------+------+------+-----+----+------+-----+---------+--------------------------------------------------------------------+
| Global Id | Track | Driver Type/Pin | Constraint | Clock Loads | Non-Clock Loads | FF   | LUTRAM | RAMB | URAM | DSP | GT | MMCM | PLL | Hard IP | Net                                                                |
+-----------+-------+-----------------+------------+-------------+-----------------+------+--------+------+------+-----+----+------+-----+---------+--------------------------------------------------------------------+
| g0        | 20    | BUFGCE/O        | None       |        2271 |               0 | 1888 |    382 |    0 |    0 |   0 |  0 |    0 |   0 |       0 | Mercury_XU5_i/ddr4/inst/u_ddr4_infrastructure/input_rst_mmcm_reg_0 |
| g2        | 23    | BUFG_PS/O       | None       |           1 |               0 |    0 |      0 |    0 |    0 |   0 |  0 |    0 |   0 |       0 | Mercury_XU5_i/zynq_ultra_ps_e/U0/pl_clk0                           |
| g5+       | 12    | BUFGCE/O        | None       |           0 |               0 |    0 |      0 |    0 |    0 |   0 |  0 |    0 |   0 |       0 | Mercury_XU5_i/clk_wiz_0/inst/clk_out1                              |
| g9        | 1     | BUFGCTRL/O      | None       |           1 |               0 |    0 |      0 |    0 |    0 |   0 |  0 |    0 |   0 |       0 | i_gmii2rgmii/GMII_tx_clk                                           |
| g10+      | 13    | BUFGCE/O        | None       |           0 |               0 |    0 |      0 |    0 |    0 |   0 |  0 |    0 |   0 |       0 | Mercury_XU5_i/clk_wiz_0/inst/clk_out2                              |
+-----------+-------+-----------------+------------+-------------+-----------------+------+--------+------+------+-----+----+------+-----+---------+--------------------------------------------------------------------+
* Clock Loads column represents the clock pin loads (pin count)
** Non-Clock Loads column represents the non-clock pin loads (pin count)
*** Columns FF, LUTRAM, RAMB through 'Hard IP' represents load cell counts
**** In Global Id column, sympbol '+' indicates that global clock was used only to route through the clock region.


24. Clock Region Cell Placement per Global Clock: Region X1Y1
-------------------------------------------------------------

+-----------+-------+-----------------+------------+-------------+-----------------+------+--------+------+------+-----+----+------+-----+---------+--------------------------------------------------------------------+
| Global Id | Track | Driver Type/Pin | Constraint | Clock Loads | Non-Clock Loads | FF   | LUTRAM | RAMB | URAM | DSP | GT | MMCM | PLL | Hard IP | Net                                                                |
+-----------+-------+-----------------+------------+-------------+-----------------+------+--------+------+------+-----+----+------+-----+---------+--------------------------------------------------------------------+
| g0        | 20    | BUFGCE/O        | None       |        6218 |               1 | 6037 |    134 |    2 |    0 |   0 |  0 |    0 |   1 |       0 | Mercury_XU5_i/ddr4/inst/u_ddr4_infrastructure/input_rst_mmcm_reg_0 |
| g1        | 14    | BUFGCE/O        | None       |         211 |               0 |  199 |      1 |    3 |    0 |   0 |  0 |    0 |   0 |       0 | Mercury_XU5_i/ddr4/inst/u_ddr4_infrastructure/c0_riu_clk           |
| g3        | 8     | BUFGCE/O        | None       |         351 |               0 |  351 |      0 |    0 |    0 |   0 |  0 |    0 |   0 |       0 | Mercury_XU5_i/ddr4/inst/u_ddr4_infrastructure/dbg_clk              |
| g4        | 0     | BUFGCE/O        | None       |          90 |               0 |   90 |      0 |    0 |    0 |   0 |  0 |    0 |   0 |       0 | dbg_hub/inst/BSCANID.u_xsdbm_id/itck_i                             |
| g7+       | 22    | BUFG_PS/O       | None       |           0 |               0 |    0 |      0 |    0 |    0 |   0 |  0 |    0 |   0 |       0 | Mercury_XU5_i/zynq_ultra_ps_e/U0/pl_clk1                           |
| g8+       | 1     | BUFGCE/O        | None       |           0 |               0 |    0 |      0 |    0 |    0 |   0 |  0 |    0 |   0 |       0 | Mercury_XU5_i/ddr4/inst/u_ddr4_infrastructure/sys_clk_in_bufg      |
| g11+      | 2     | BUFGCE/O        | None       |           0 |               0 |    0 |      0 |    0 |    0 |   0 |  0 |    0 |   0 |       0 | Mercury_XU5_i/clk_wiz_0/inst/clk_out3                              |
| g12+      | 7     | BUFGCE_DIV/O    | None       |           0 |               0 |    0 |      0 |    0 |    0 |   0 |  0 |    0 |   0 |       0 | i_gmii2rgmii/Clk2_5                                                |
+-----------+-------+-----------------+------------+-------------+-----------------+------+--------+------+------+-----+----+------+-----+---------+--------------------------------------------------------------------+
* Clock Loads column represents the clock pin loads (pin count)
** Non-Clock Loads column represents the non-clock pin loads (pin count)
*** Columns FF, LUTRAM, RAMB through 'Hard IP' represents load cell counts
**** In Global Id column, sympbol '+' indicates that global clock was used only to route through the clock region.


25. Clock Region Cell Placement per Global Clock: Region X2Y1
-------------------------------------------------------------

+-----------+-------+-----------------+------------+-------------+-----------------+------+--------+------+------+-----+----+------+-----+---------+--------------------------------------------------------------------+
| Global Id | Track | Driver Type/Pin | Constraint | Clock Loads | Non-Clock Loads | FF   | LUTRAM | RAMB | URAM | DSP | GT | MMCM | PLL | Hard IP | Net                                                                |
+-----------+-------+-----------------+------------+-------------+-----------------+------+--------+------+------+-----+----+------+-----+---------+--------------------------------------------------------------------+
| g0        | 20    | BUFGCE/O        | None       |        1945 |               0 | 1945 |      0 |    0 |    0 |   0 |  0 |    0 |   0 |       0 | Mercury_XU5_i/ddr4/inst/u_ddr4_infrastructure/input_rst_mmcm_reg_0 |
| g1        | 14    | BUFGCE/O        | None       |        1193 |               0 | 1088 |     81 |   21 |    0 |   3 |  0 |    0 |   0 |       0 | Mercury_XU5_i/ddr4/inst/u_ddr4_infrastructure/c0_riu_clk           |
| g3        | 8     | BUFGCE/O        | None       |          52 |               0 |   52 |      0 |    0 |    0 |   0 |  0 |    0 |   0 |       0 | Mercury_XU5_i/ddr4/inst/u_ddr4_infrastructure/dbg_clk              |
| g4        | 0     | BUFGCE/O        | None       |          29 |               0 |   29 |      0 |    0 |    0 |   0 |  0 |    0 |   0 |       0 | dbg_hub/inst/BSCANID.u_xsdbm_id/itck_i                             |
| g8        | 1     | BUFGCE/O        | None       |          17 |               0 |   17 |      0 |    0 |    0 |   0 |  0 |    0 |   0 |       0 | Mercury_XU5_i/ddr4/inst/u_ddr4_infrastructure/sys_clk_in_bufg      |
+-----------+-------+-----------------+------------+-------------+-----------------+------+--------+------+------+-----+----+------+-----+---------+--------------------------------------------------------------------+
* Clock Loads column represents the clock pin loads (pin count)
** Non-Clock Loads column represents the non-clock pin loads (pin count)
*** Columns FF, LUTRAM, RAMB through 'Hard IP' represents load cell counts


26. Clock Region Cell Placement per Global Clock: Region X0Y2
-------------------------------------------------------------

+-----------+-------+-----------------+------------+-------------+-----------------+----+--------+------+------+-----+----+------+-----+---------+--------------------------------------------------------------------+
| Global Id | Track | Driver Type/Pin | Constraint | Clock Loads | Non-Clock Loads | FF | LUTRAM | RAMB | URAM | DSP | GT | MMCM | PLL | Hard IP | Net                                                                |
+-----------+-------+-----------------+------------+-------------+-----------------+----+--------+------+------+-----+----+------+-----+---------+--------------------------------------------------------------------+
| g0        | 20    | BUFGCE/O        | None       |           4 |               0 |  4 |      0 |    0 |    0 |   0 |  0 |    0 |   0 |       0 | Mercury_XU5_i/ddr4/inst/u_ddr4_infrastructure/input_rst_mmcm_reg_0 |
| g2        | 23    | BUFG_PS/O       | None       |           4 |               0 |  4 |      0 |    0 |    0 |   0 |  0 |    0 |   0 |       0 | Mercury_XU5_i/zynq_ultra_ps_e/U0/pl_clk0                           |
| g5        | 12    | BUFGCE/O        | None       |           6 |               0 |  1 |      0 |    0 |    0 |   0 |  0 |    0 |   0 |       0 | Mercury_XU5_i/clk_wiz_0/inst/clk_out1                              |
| g6        | 2     | BUFGCE/O        | None       |          12 |               0 | 12 |      0 |    0 |    0 |   0 |  0 |    0 |   0 |       0 | i_gmii2rgmii/RGMII_rxclk_buf                                       |
| g10       | 13    | BUFGCE/O        | None       |           1 |               0 |  0 |      0 |    0 |    0 |   0 |  0 |    0 |   0 |       0 | Mercury_XU5_i/clk_wiz_0/inst/clk_out2                              |
+-----------+-------+-----------------+------------+-------------+-----------------+----+--------+------+------+-----+----+------+-----+---------+--------------------------------------------------------------------+
* Clock Loads column represents the clock pin loads (pin count)
** Non-Clock Loads column represents the non-clock pin loads (pin count)
*** Columns FF, LUTRAM, RAMB through 'Hard IP' represents load cell counts


27. Clock Region Cell Placement per Global Clock: Region X1Y2
-------------------------------------------------------------

+-----------+-------+-----------------+------------+-------------+-----------------+----+--------+------+------+-----+----+------+-----+---------+--------------------------------------------------------------------+
| Global Id | Track | Driver Type/Pin | Constraint | Clock Loads | Non-Clock Loads | FF | LUTRAM | RAMB | URAM | DSP | GT | MMCM | PLL | Hard IP | Net                                                                |
+-----------+-------+-----------------+------------+-------------+-----------------+----+--------+------+------+-----+----+------+-----+---------+--------------------------------------------------------------------+
| g0+       | 20    | BUFGCE/O        | None       |           0 |               0 |  0 |      0 |    0 |    0 |   0 |  0 |    0 |   0 |       0 | Mercury_XU5_i/ddr4/inst/u_ddr4_infrastructure/input_rst_mmcm_reg_0 |
| g2+       | 23    | BUFG_PS/O       | None       |           0 |               0 |  0 |      0 |    0 |    0 |   0 |  0 |    0 |   0 |       0 | Mercury_XU5_i/zynq_ultra_ps_e/U0/pl_clk0                           |
| g4+       | 0     | BUFGCE/O        | None       |           0 |               0 |  0 |      0 |    0 |    0 |   0 |  0 |    0 |   0 |       0 | dbg_hub/inst/BSCANID.u_xsdbm_id/itck_i                             |
| g7        | 22    | BUFG_PS/O       | None       |          24 |               0 | 24 |      0 |    0 |    0 |   0 |  0 |    0 |   0 |       0 | Mercury_XU5_i/zynq_ultra_ps_e/U0/pl_clk1                           |
| g11+      | 2     | BUFGCE/O        | None       |           0 |               0 |  0 |      0 |    0 |    0 |   0 |  0 |    0 |   0 |       0 | Mercury_XU5_i/clk_wiz_0/inst/clk_out3                              |
| g12+      | 7     | BUFGCE_DIV/O    | None       |           0 |               0 |  0 |      0 |    0 |    0 |   0 |  0 |    0 |   0 |       0 | i_gmii2rgmii/Clk2_5                                                |
+-----------+-------+-----------------+------------+-------------+-----------------+----+--------+------+------+-----+----+------+-----+---------+--------------------------------------------------------------------+
* Clock Loads column represents the clock pin loads (pin count)
** Non-Clock Loads column represents the non-clock pin loads (pin count)
*** Columns FF, LUTRAM, RAMB through 'Hard IP' represents load cell counts
**** In Global Id column, sympbol '+' indicates that global clock was used only to route through the clock region.


28. Clock Region Cell Placement per Global Clock: Region X2Y2
-------------------------------------------------------------

+-----------+-------+-----------------+------------+-------------+-----------------+-----+--------+------+------+-----+----+------+-----+---------+----------------------------------------+
| Global Id | Track | Driver Type/Pin | Constraint | Clock Loads | Non-Clock Loads | FF  | LUTRAM | RAMB | URAM | DSP | GT | MMCM | PLL | Hard IP | Net                                    |
+-----------+-------+-----------------+------------+-------------+-----------------+-----+--------+------+------+-----+----+------+-----+---------+----------------------------------------+
| g4        | 0     | BUFGCE/O        | None       |         160 |               0 | 160 |      0 |    0 |    0 |   0 |  0 |    0 |   0 |       0 | dbg_hub/inst/BSCANID.u_xsdbm_id/itck_i |
+-----------+-------+-----------------+------------+-------------+-----------------+-----+--------+------+------+-----+----+------+-----+---------+----------------------------------------+
* Clock Loads column represents the clock pin loads (pin count)
** Non-Clock Loads column represents the non-clock pin loads (pin count)
*** Columns FF, LUTRAM, RAMB through 'Hard IP' represents load cell counts


29. Clock Region Cell Placement per Global Clock: Region X0Y3
-------------------------------------------------------------

+-----------+-------+-----------------+------------+-------------+-----------------+-----+--------+------+------+-----+----+------+-----+---------+------------------------------------------+
| Global Id | Track | Driver Type/Pin | Constraint | Clock Loads | Non-Clock Loads | FF  | LUTRAM | RAMB | URAM | DSP | GT | MMCM | PLL | Hard IP | Net                                      |
+-----------+-------+-----------------+------------+-------------+-----------------+-----+--------+------+------+-----+----+------+-----+---------+------------------------------------------+
| g2        | 23    | BUFG_PS/O       | None       |         647 |               0 | 645 |      2 |    0 |    0 |   0 |  0 |    0 |   0 |       0 | Mercury_XU5_i/zynq_ultra_ps_e/U0/pl_clk0 |
| g5        | 12    | BUFGCE/O        | None       |         120 |               0 | 120 |      0 |    0 |    0 |   0 |  0 |    0 |   0 |       0 | Mercury_XU5_i/clk_wiz_0/inst/clk_out1    |
| g6        | 2     | BUFGCE/O        | None       |          54 |               0 |  54 |      0 |    0 |    0 |   0 |  0 |    0 |   0 |       0 | i_gmii2rgmii/RGMII_rxclk_buf             |
| g7+       | 22    | BUFG_PS/O       | None       |           0 |               0 |   0 |      0 |    0 |    0 |   0 |  0 |    0 |   0 |       0 | Mercury_XU5_i/zynq_ultra_ps_e/U0/pl_clk1 |
| g9        | 1     | BUFGCTRL/O      | None       |          10 |               0 |  10 |      0 |    0 |    0 |   0 |  0 |    0 |   0 |       0 | i_gmii2rgmii/GMII_tx_clk                 |
+-----------+-------+-----------------+------------+-------------+-----------------+-----+--------+------+------+-----+----+------+-----+---------+------------------------------------------+
* Clock Loads column represents the clock pin loads (pin count)
** Non-Clock Loads column represents the non-clock pin loads (pin count)
*** Columns FF, LUTRAM, RAMB through 'Hard IP' represents load cell counts
**** In Global Id column, sympbol '+' indicates that global clock was used only to route through the clock region.


30. Clock Region Cell Placement per Global Clock: Region X1Y3
-------------------------------------------------------------

+-----------+-------+-----------------+------------+-------------+-----------------+-----+--------+------+------+-----+----+------+-----+---------+------------------------------------------+
| Global Id | Track | Driver Type/Pin | Constraint | Clock Loads | Non-Clock Loads | FF  | LUTRAM | RAMB | URAM | DSP | GT | MMCM | PLL | Hard IP | Net                                      |
+-----------+-------+-----------------+------------+-------------+-----------------+-----+--------+------+------+-----+----+------+-----+---------+------------------------------------------+
| g2        | 23    | BUFG_PS/O       | None       |         108 |               0 | 108 |      0 |    0 |    0 |   0 |  0 |    0 |   0 |       0 | Mercury_XU5_i/zynq_ultra_ps_e/U0/pl_clk0 |
| g5        | 12    | BUFGCE/O        | None       |           1 |               0 |   0 |      0 |    0 |    0 |   0 |  0 |    0 |   0 |       0 | Mercury_XU5_i/clk_wiz_0/inst/clk_out1    |
| g7+       | 22    | BUFG_PS/O       | None       |           0 |               0 |   0 |      0 |    0 |    0 |   0 |  0 |    0 |   0 |       0 | Mercury_XU5_i/zynq_ultra_ps_e/U0/pl_clk1 |
| g9+       | 1     | BUFGCTRL/O      | None       |           0 |               0 |   0 |      0 |    0 |    0 |   0 |  0 |    0 |   0 |       0 | i_gmii2rgmii/GMII_tx_clk                 |
| g11       | 2     | BUFGCE/O        | None       |           1 |               0 |   0 |      0 |    0 |    0 |   0 |  0 |    0 |   0 |       0 | Mercury_XU5_i/clk_wiz_0/inst/clk_out3    |
| g12       | 7     | BUFGCE_DIV/O    | None       |           1 |               0 |   0 |      0 |    0 |    0 |   0 |  0 |    0 |   0 |       0 | i_gmii2rgmii/Clk2_5                      |
| g13       | n/a   | BUFGCTRL/O      | None       |           1 |               0 |   0 |      0 |    0 |    0 |   0 |  0 |    0 |   0 |       0 | i_gmii2rgmii/Clk_mux0                    |
+-----------+-------+-----------------+------------+-------------+-----------------+-----+--------+------+------+-----+----+------+-----+---------+------------------------------------------+
* Clock Loads column represents the clock pin loads (pin count)
** Non-Clock Loads column represents the non-clock pin loads (pin count)
*** Columns FF, LUTRAM, RAMB through 'Hard IP' represents load cell counts
**** In Global Id column, sympbol '+' indicates that global clock was used only to route through the clock region.


31. Clock Region Cell Placement per Global Clock: Region X2Y3
-------------------------------------------------------------

+-----------+-------+-----------------+------------+-------------+-----------------+-----+--------+------+------+-----+----+------+-----+---------+------------------------------------------+
| Global Id | Track | Driver Type/Pin | Constraint | Clock Loads | Non-Clock Loads | FF  | LUTRAM | RAMB | URAM | DSP | GT | MMCM | PLL | Hard IP | Net                                      |
+-----------+-------+-----------------+------------+-------------+-----------------+-----+--------+------+------+-----+----+------+-----+---------+------------------------------------------+
| g2        | 23    | BUFG_PS/O       | None       |         125 |               0 | 124 |      0 |    0 |    0 |   0 |  0 |    0 |   0 |       0 | Mercury_XU5_i/zynq_ultra_ps_e/U0/pl_clk0 |
+-----------+-------+-----------------+------------+-------------+-----------------+-----+--------+------+------+-----+----+------+-----+---------+------------------------------------------+
* Clock Loads column represents the clock pin loads (pin count)
** Non-Clock Loads column represents the non-clock pin loads (pin count)
*** Columns FF, LUTRAM, RAMB through 'Hard IP' represents load cell counts


