
*** Running vivado
    with args -log Mercury_XU5_zynq_ultra_ps_e_0.vds -m64 -product Vivado -mode batch -messageDb vivado.pb -notrace -source Mercury_XU5_zynq_ultra_ps_e_0.tcl


****** Vivado v2020.1 (64-bit)
  **** SW Build 2902540 on Wed May 27 19:54:35 MDT 2020
  **** IP Build 2902112 on Wed May 27 22:43:36 MDT 2020
    ** Copyright 1986-2020 Xilinx, Inc. All Rights Reserved.

WARNING: [Runs 36-547] User Strategy 'Vivado Synthesis Defaults' from file '/home/lxeng99/.Xilinx/Vivado/strategies/Vivado Synthesis Defaults.Vivado Synthesis 2019.psg' discarded because strategy with same name already parsed from '/opt/Xilinx/Vivado/2020.1/strategies/VDS2019.psg'
WARNING: [Runs 36-547] User Strategy 'Vivado Implementation Defaults' from file '/home/lxeng99/.Xilinx/Vivado/strategies/Vivado Implementation Defaults.Vivado Implementation 2019.psg' discarded because strategy with same name already parsed from '/opt/Xilinx/Vivado/2020.1/strategies/VDI2019.psg'
source Mercury_XU5_zynq_ultra_ps_e_0.tcl -notrace
Command: synth_design -top Mercury_XU5_zynq_ultra_ps_e_0 -part xczu5ev-sfvc784-2-i -mode out_of_context
Starting synth_design
Attempting to get a license for feature 'Synthesis' and/or device 'xczu5ev'
INFO: [Common 17-349] Got license for feature 'Synthesis' and/or device 'xczu5ev'
INFO: [Device 21-403] Loading part xczu5ev-sfvc784-2-i
INFO: [Synth 8-7079] Multithreading enabled for synth_design using a maximum of 4 processes.
INFO: [Synth 8-7078] Launching helper process for spawning children vivado processes
INFO: [Synth 8-7075] Helper process launched with PID 29798
---------------------------------------------------------------------------------
Starting RTL Elaboration : Time (s): cpu = 00:00:04 ; elapsed = 00:00:10 . Memory (MB): peak = 2618.668 ; gain = 7.801 ; free physical = 1254 ; free virtual = 20098
---------------------------------------------------------------------------------
INFO: [Synth 8-638] synthesizing module 'Mercury_XU5_zynq_ultra_ps_e_0' [/home/lxeng99/PTC/ptc-firmware/reference_design/Vivado/ME-XU5-5EV-2I-D12E/Mercury_XU5_PE1.srcs/sources_1/bd/Mercury_XU5/ip/Mercury_XU5_zynq_ultra_ps_e_0/synth/Mercury_XU5_zynq_ultra_ps_e_0.vhd:164]
WARNING: [Synth 8-3819] Generic 'BG_WIDTH' not present in instantiated entity will be ignored
	Parameter C_DP_USE_AUDIO bound to: 0 - type: integer 
	Parameter C_DP_USE_VIDEO bound to: 0 - type: integer 
	Parameter C_MAXIGP0_DATA_WIDTH bound to: 128 - type: integer 
	Parameter C_MAXIGP1_DATA_WIDTH bound to: 128 - type: integer 
	Parameter C_MAXIGP2_DATA_WIDTH bound to: 32 - type: integer 
	Parameter C_SAXIGP0_DATA_WIDTH bound to: 128 - type: integer 
	Parameter C_SAXIGP1_DATA_WIDTH bound to: 128 - type: integer 
	Parameter C_SAXIGP2_DATA_WIDTH bound to: 128 - type: integer 
	Parameter C_SAXIGP3_DATA_WIDTH bound to: 128 - type: integer 
	Parameter C_SAXIGP4_DATA_WIDTH bound to: 128 - type: integer 
	Parameter C_SAXIGP5_DATA_WIDTH bound to: 128 - type: integer 
	Parameter C_SAXIGP6_DATA_WIDTH bound to: 128 - type: integer 
	Parameter C_USE_DIFF_RW_CLK_GP0 bound to: 0 - type: integer 
	Parameter C_USE_DIFF_RW_CLK_GP1 bound to: 0 - type: integer 
	Parameter C_USE_DIFF_RW_CLK_GP2 bound to: 0 - type: integer 
	Parameter C_USE_DIFF_RW_CLK_GP3 bound to: 0 - type: integer 
	Parameter C_USE_DIFF_RW_CLK_GP4 bound to: 0 - type: integer 
	Parameter C_USE_DIFF_RW_CLK_GP5 bound to: 0 - type: integer 
	Parameter C_USE_DIFF_RW_CLK_GP6 bound to: 0 - type: integer 
	Parameter C_EN_FIFO_ENET0 bound to: 0 - type: string 
	Parameter C_EN_FIFO_ENET1 bound to: 0 - type: string 
	Parameter C_EN_FIFO_ENET2 bound to: 0 - type: string 
	Parameter C_EN_FIFO_ENET3 bound to: 0 - type: string 
	Parameter C_PL_CLK0_BUF bound to: TRUE - type: string 
	Parameter C_PL_CLK1_BUF bound to: TRUE - type: string 
	Parameter C_PL_CLK2_BUF bound to: FALSE - type: string 
	Parameter C_PL_CLK3_BUF bound to: FALSE - type: string 
	Parameter C_TRACE_PIPELINE_WIDTH bound to: 8 - type: integer 
	Parameter C_EN_EMIO_TRACE bound to: 0 - type: integer 
	Parameter C_TRACE_DATA_WIDTH bound to: 32 - type: integer 
	Parameter C_USE_DEBUG_TEST bound to: 0 - type: integer 
	Parameter C_SD0_INTERNAL_BUS_WIDTH bound to: 8 - type: integer 
	Parameter C_SD1_INTERNAL_BUS_WIDTH bound to: 4 - type: integer 
	Parameter C_NUM_F2P_0_INTR_INPUTS bound to: 1 - type: integer 
	Parameter C_NUM_F2P_1_INTR_INPUTS bound to: 1 - type: integer 
	Parameter C_EMIO_GPIO_WIDTH bound to: 1 - type: integer 
	Parameter C_NUM_FABRIC_RESETS bound to: 1 - type: integer 
INFO: [Synth 8-3491] module 'zynq_ultra_ps_e_v3_3_2_zynq_ultra_ps_e' declared at '/home/lxeng99/PTC/ptc-firmware/reference_design/Vivado/ME-XU5-5EV-2I-D12E/Mercury_XU5_PE1.srcs/sources_1/bd/Mercury_XU5/ip/Mercury_XU5_zynq_ultra_ps_e_0/hdl/zynq_ultra_ps_e_v3_3_2.v:334' bound to instance 'U0' of component 'zynq_ultra_ps_e_v3_3_2_zynq_ultra_ps_e' [/home/lxeng99/PTC/ptc-firmware/reference_design/Vivado/ME-XU5-5EV-2I-D12E/Mercury_XU5_PE1.srcs/sources_1/bd/Mercury_XU5/ip/Mercury_XU5_zynq_ultra_ps_e_0/synth/Mercury_XU5_zynq_ultra_ps_e_0.vhd:1816]
INFO: [Synth 8-6157] synthesizing module 'zynq_ultra_ps_e_v3_3_2_zynq_ultra_ps_e' [/home/lxeng99/PTC/ptc-firmware/reference_design/Vivado/ME-XU5-5EV-2I-D12E/Mercury_XU5_PE1.srcs/sources_1/bd/Mercury_XU5/ip/Mercury_XU5_zynq_ultra_ps_e_0/hdl/zynq_ultra_ps_e_v3_3_2.v:334]
	Parameter C_MAXIGP0_DATA_WIDTH bound to: 128 - type: integer 
	Parameter C_MAXIGP1_DATA_WIDTH bound to: 128 - type: integer 
	Parameter C_MAXIGP2_DATA_WIDTH bound to: 32 - type: integer 
	Parameter C_SAXIGP0_DATA_WIDTH bound to: 128 - type: integer 
	Parameter C_SAXIGP1_DATA_WIDTH bound to: 128 - type: integer 
	Parameter C_SAXIGP2_DATA_WIDTH bound to: 128 - type: integer 
	Parameter C_SAXIGP3_DATA_WIDTH bound to: 128 - type: integer 
	Parameter C_SAXIGP4_DATA_WIDTH bound to: 128 - type: integer 
	Parameter C_SAXIGP5_DATA_WIDTH bound to: 128 - type: integer 
	Parameter C_SAXIGP6_DATA_WIDTH bound to: 128 - type: integer 
	Parameter C_SD0_INTERNAL_BUS_WIDTH bound to: 8 - type: integer 
	Parameter C_SD1_INTERNAL_BUS_WIDTH bound to: 4 - type: integer 
	Parameter C_PL_CLK0_BUF bound to: TRUE - type: string 
	Parameter C_PL_CLK1_BUF bound to: TRUE - type: string 
	Parameter C_PL_CLK2_BUF bound to: FALSE - type: string 
	Parameter C_PL_CLK3_BUF bound to: FALSE - type: string 
	Parameter C_NUM_F2P_0_INTR_INPUTS bound to: 1 - type: integer 
	Parameter C_NUM_F2P_1_INTR_INPUTS bound to: 1 - type: integer 
	Parameter C_NUM_FABRIC_RESETS bound to: 1 - type: integer 
	Parameter C_EMIO_GPIO_WIDTH bound to: 1 - type: integer 
	Parameter C_USE_DIFF_RW_CLK_GP0 bound to: 0 - type: integer 
	Parameter C_USE_DIFF_RW_CLK_GP1 bound to: 0 - type: integer 
	Parameter C_USE_DIFF_RW_CLK_GP2 bound to: 0 - type: integer 
	Parameter C_USE_DIFF_RW_CLK_GP3 bound to: 0 - type: integer 
	Parameter C_USE_DIFF_RW_CLK_GP4 bound to: 0 - type: integer 
	Parameter C_USE_DIFF_RW_CLK_GP5 bound to: 0 - type: integer 
	Parameter C_USE_DIFF_RW_CLK_GP6 bound to: 0 - type: integer 
	Parameter C_TRACE_PIPELINE_WIDTH bound to: 8 - type: integer 
	Parameter C_EN_EMIO_TRACE bound to: 0 - type: integer 
	Parameter C_EN_FIFO_ENET0 bound to: 0 - type: string 
	Parameter C_EN_FIFO_ENET1 bound to: 0 - type: string 
	Parameter C_EN_FIFO_ENET2 bound to: 0 - type: string 
	Parameter C_EN_FIFO_ENET3 bound to: 0 - type: string 
	Parameter C_TRACE_DATA_WIDTH bound to: 32 - type: integer 
	Parameter C_USE_DEBUG_TEST bound to: 0 - type: integer 
	Parameter C_DP_USE_AUDIO bound to: 0 - type: integer 
	Parameter C_DP_USE_VIDEO bound to: 0 - type: integer 
INFO: [Synth 8-6157] synthesizing module 'BUFG_PS' [/opt/Xilinx/Vivado/2020.1/scripts/rt/data/unisim_comp.v:1307]
	Parameter SIM_DEVICE bound to: ULTRASCALE_PLUS - type: string 
	Parameter STARTUP_SYNC bound to: FALSE - type: string 
INFO: [Synth 8-6155] done synthesizing module 'BUFG_PS' (1#1) [/opt/Xilinx/Vivado/2020.1/scripts/rt/data/unisim_comp.v:1307]
INFO: [Synth 8-6157] synthesizing module 'PS8' [/opt/Xilinx/Vivado/2020.1/scripts/rt/data/unisim_comp.v:63273]
INFO: [Synth 8-6155] done synthesizing module 'PS8' (2#1) [/opt/Xilinx/Vivado/2020.1/scripts/rt/data/unisim_comp.v:63273]
WARNING: [Synth 8-689] width (4) of port connection 'EMIOSDIO1DATAOUT' does not match port width (8) of module 'PS8' [/home/lxeng99/PTC/ptc-firmware/reference_design/Vivado/ME-XU5-5EV-2I-D12E/Mercury_XU5_PE1.srcs/sources_1/bd/Mercury_XU5/ip/Mercury_XU5_zynq_ultra_ps_e_0/hdl/zynq_ultra_ps_e_v3_3_2.v:4711]
WARNING: [Synth 8-689] width (4) of port connection 'EMIOSDIO1DATAENA' does not match port width (8) of module 'PS8' [/home/lxeng99/PTC/ptc-firmware/reference_design/Vivado/ME-XU5-5EV-2I-D12E/Mercury_XU5_PE1.srcs/sources_1/bd/Mercury_XU5/ip/Mercury_XU5_zynq_ultra_ps_e_0/hdl/zynq_ultra_ps_e_v3_3_2.v:4712]
WARNING: [Synth 8-7071] port 'PSS_ALTO_CORE_PAD_MGTTXN0OUT' of module 'PS8' is unconnected for instance 'PS8_i' [/home/lxeng99/PTC/ptc-firmware/reference_design/Vivado/ME-XU5-5EV-2I-D12E/Mercury_XU5_PE1.srcs/sources_1/bd/Mercury_XU5/ip/Mercury_XU5_zynq_ultra_ps_e_0/hdl/zynq_ultra_ps_e_v3_3_2.v:3888]
WARNING: [Synth 8-7071] port 'PSS_ALTO_CORE_PAD_MGTTXN1OUT' of module 'PS8' is unconnected for instance 'PS8_i' [/home/lxeng99/PTC/ptc-firmware/reference_design/Vivado/ME-XU5-5EV-2I-D12E/Mercury_XU5_PE1.srcs/sources_1/bd/Mercury_XU5/ip/Mercury_XU5_zynq_ultra_ps_e_0/hdl/zynq_ultra_ps_e_v3_3_2.v:3888]
WARNING: [Synth 8-7071] port 'PSS_ALTO_CORE_PAD_MGTTXN2OUT' of module 'PS8' is unconnected for instance 'PS8_i' [/home/lxeng99/PTC/ptc-firmware/reference_design/Vivado/ME-XU5-5EV-2I-D12E/Mercury_XU5_PE1.srcs/sources_1/bd/Mercury_XU5/ip/Mercury_XU5_zynq_ultra_ps_e_0/hdl/zynq_ultra_ps_e_v3_3_2.v:3888]
WARNING: [Synth 8-7071] port 'PSS_ALTO_CORE_PAD_MGTTXN3OUT' of module 'PS8' is unconnected for instance 'PS8_i' [/home/lxeng99/PTC/ptc-firmware/reference_design/Vivado/ME-XU5-5EV-2I-D12E/Mercury_XU5_PE1.srcs/sources_1/bd/Mercury_XU5/ip/Mercury_XU5_zynq_ultra_ps_e_0/hdl/zynq_ultra_ps_e_v3_3_2.v:3888]
WARNING: [Synth 8-7071] port 'PSS_ALTO_CORE_PAD_MGTTXP0OUT' of module 'PS8' is unconnected for instance 'PS8_i' [/home/lxeng99/PTC/ptc-firmware/reference_design/Vivado/ME-XU5-5EV-2I-D12E/Mercury_XU5_PE1.srcs/sources_1/bd/Mercury_XU5/ip/Mercury_XU5_zynq_ultra_ps_e_0/hdl/zynq_ultra_ps_e_v3_3_2.v:3888]
WARNING: [Synth 8-7071] port 'PSS_ALTO_CORE_PAD_MGTTXP1OUT' of module 'PS8' is unconnected for instance 'PS8_i' [/home/lxeng99/PTC/ptc-firmware/reference_design/Vivado/ME-XU5-5EV-2I-D12E/Mercury_XU5_PE1.srcs/sources_1/bd/Mercury_XU5/ip/Mercury_XU5_zynq_ultra_ps_e_0/hdl/zynq_ultra_ps_e_v3_3_2.v:3888]
WARNING: [Synth 8-7071] port 'PSS_ALTO_CORE_PAD_MGTTXP2OUT' of module 'PS8' is unconnected for instance 'PS8_i' [/home/lxeng99/PTC/ptc-firmware/reference_design/Vivado/ME-XU5-5EV-2I-D12E/Mercury_XU5_PE1.srcs/sources_1/bd/Mercury_XU5/ip/Mercury_XU5_zynq_ultra_ps_e_0/hdl/zynq_ultra_ps_e_v3_3_2.v:3888]
WARNING: [Synth 8-7071] port 'PSS_ALTO_CORE_PAD_MGTTXP3OUT' of module 'PS8' is unconnected for instance 'PS8_i' [/home/lxeng99/PTC/ptc-firmware/reference_design/Vivado/ME-XU5-5EV-2I-D12E/Mercury_XU5_PE1.srcs/sources_1/bd/Mercury_XU5/ip/Mercury_XU5_zynq_ultra_ps_e_0/hdl/zynq_ultra_ps_e_v3_3_2.v:3888]
WARNING: [Synth 8-7071] port 'PSS_ALTO_CORE_PAD_PADO' of module 'PS8' is unconnected for instance 'PS8_i' [/home/lxeng99/PTC/ptc-firmware/reference_design/Vivado/ME-XU5-5EV-2I-D12E/Mercury_XU5_PE1.srcs/sources_1/bd/Mercury_XU5/ip/Mercury_XU5_zynq_ultra_ps_e_0/hdl/zynq_ultra_ps_e_v3_3_2.v:3888]
WARNING: [Synth 8-7071] port 'PSS_ALTO_CORE_PAD_BOOTMODE' of module 'PS8' is unconnected for instance 'PS8_i' [/home/lxeng99/PTC/ptc-firmware/reference_design/Vivado/ME-XU5-5EV-2I-D12E/Mercury_XU5_PE1.srcs/sources_1/bd/Mercury_XU5/ip/Mercury_XU5_zynq_ultra_ps_e_0/hdl/zynq_ultra_ps_e_v3_3_2.v:3888]
WARNING: [Synth 8-7071] port 'PSS_ALTO_CORE_PAD_CLK' of module 'PS8' is unconnected for instance 'PS8_i' [/home/lxeng99/PTC/ptc-firmware/reference_design/Vivado/ME-XU5-5EV-2I-D12E/Mercury_XU5_PE1.srcs/sources_1/bd/Mercury_XU5/ip/Mercury_XU5_zynq_ultra_ps_e_0/hdl/zynq_ultra_ps_e_v3_3_2.v:3888]
WARNING: [Synth 8-7071] port 'PSS_ALTO_CORE_PAD_DONEB' of module 'PS8' is unconnected for instance 'PS8_i' [/home/lxeng99/PTC/ptc-firmware/reference_design/Vivado/ME-XU5-5EV-2I-D12E/Mercury_XU5_PE1.srcs/sources_1/bd/Mercury_XU5/ip/Mercury_XU5_zynq_ultra_ps_e_0/hdl/zynq_ultra_ps_e_v3_3_2.v:3888]
WARNING: [Synth 8-7071] port 'PSS_ALTO_CORE_PAD_DRAMA' of module 'PS8' is unconnected for instance 'PS8_i' [/home/lxeng99/PTC/ptc-firmware/reference_design/Vivado/ME-XU5-5EV-2I-D12E/Mercury_XU5_PE1.srcs/sources_1/bd/Mercury_XU5/ip/Mercury_XU5_zynq_ultra_ps_e_0/hdl/zynq_ultra_ps_e_v3_3_2.v:3888]
WARNING: [Synth 8-7071] port 'PSS_ALTO_CORE_PAD_DRAMACTN' of module 'PS8' is unconnected for instance 'PS8_i' [/home/lxeng99/PTC/ptc-firmware/reference_design/Vivado/ME-XU5-5EV-2I-D12E/Mercury_XU5_PE1.srcs/sources_1/bd/Mercury_XU5/ip/Mercury_XU5_zynq_ultra_ps_e_0/hdl/zynq_ultra_ps_e_v3_3_2.v:3888]
WARNING: [Synth 8-7071] port 'PSS_ALTO_CORE_PAD_DRAMALERTN' of module 'PS8' is unconnected for instance 'PS8_i' [/home/lxeng99/PTC/ptc-firmware/reference_design/Vivado/ME-XU5-5EV-2I-D12E/Mercury_XU5_PE1.srcs/sources_1/bd/Mercury_XU5/ip/Mercury_XU5_zynq_ultra_ps_e_0/hdl/zynq_ultra_ps_e_v3_3_2.v:3888]
WARNING: [Synth 8-7071] port 'PSS_ALTO_CORE_PAD_DRAMBA' of module 'PS8' is unconnected for instance 'PS8_i' [/home/lxeng99/PTC/ptc-firmware/reference_design/Vivado/ME-XU5-5EV-2I-D12E/Mercury_XU5_PE1.srcs/sources_1/bd/Mercury_XU5/ip/Mercury_XU5_zynq_ultra_ps_e_0/hdl/zynq_ultra_ps_e_v3_3_2.v:3888]
WARNING: [Synth 8-7071] port 'PSS_ALTO_CORE_PAD_DRAMBG' of module 'PS8' is unconnected for instance 'PS8_i' [/home/lxeng99/PTC/ptc-firmware/reference_design/Vivado/ME-XU5-5EV-2I-D12E/Mercury_XU5_PE1.srcs/sources_1/bd/Mercury_XU5/ip/Mercury_XU5_zynq_ultra_ps_e_0/hdl/zynq_ultra_ps_e_v3_3_2.v:3888]
WARNING: [Synth 8-7071] port 'PSS_ALTO_CORE_PAD_DRAMCK' of module 'PS8' is unconnected for instance 'PS8_i' [/home/lxeng99/PTC/ptc-firmware/reference_design/Vivado/ME-XU5-5EV-2I-D12E/Mercury_XU5_PE1.srcs/sources_1/bd/Mercury_XU5/ip/Mercury_XU5_zynq_ultra_ps_e_0/hdl/zynq_ultra_ps_e_v3_3_2.v:3888]
WARNING: [Synth 8-7071] port 'PSS_ALTO_CORE_PAD_DRAMCKE' of module 'PS8' is unconnected for instance 'PS8_i' [/home/lxeng99/PTC/ptc-firmware/reference_design/Vivado/ME-XU5-5EV-2I-D12E/Mercury_XU5_PE1.srcs/sources_1/bd/Mercury_XU5/ip/Mercury_XU5_zynq_ultra_ps_e_0/hdl/zynq_ultra_ps_e_v3_3_2.v:3888]
WARNING: [Synth 8-7071] port 'PSS_ALTO_CORE_PAD_DRAMCKN' of module 'PS8' is unconnected for instance 'PS8_i' [/home/lxeng99/PTC/ptc-firmware/reference_design/Vivado/ME-XU5-5EV-2I-D12E/Mercury_XU5_PE1.srcs/sources_1/bd/Mercury_XU5/ip/Mercury_XU5_zynq_ultra_ps_e_0/hdl/zynq_ultra_ps_e_v3_3_2.v:3888]
WARNING: [Synth 8-7071] port 'PSS_ALTO_CORE_PAD_DRAMCSN' of module 'PS8' is unconnected for instance 'PS8_i' [/home/lxeng99/PTC/ptc-firmware/reference_design/Vivado/ME-XU5-5EV-2I-D12E/Mercury_XU5_PE1.srcs/sources_1/bd/Mercury_XU5/ip/Mercury_XU5_zynq_ultra_ps_e_0/hdl/zynq_ultra_ps_e_v3_3_2.v:3888]
WARNING: [Synth 8-7071] port 'PSS_ALTO_CORE_PAD_DRAMDM' of module 'PS8' is unconnected for instance 'PS8_i' [/home/lxeng99/PTC/ptc-firmware/reference_design/Vivado/ME-XU5-5EV-2I-D12E/Mercury_XU5_PE1.srcs/sources_1/bd/Mercury_XU5/ip/Mercury_XU5_zynq_ultra_ps_e_0/hdl/zynq_ultra_ps_e_v3_3_2.v:3888]
WARNING: [Synth 8-7071] port 'PSS_ALTO_CORE_PAD_DRAMDQ' of module 'PS8' is unconnected for instance 'PS8_i' [/home/lxeng99/PTC/ptc-firmware/reference_design/Vivado/ME-XU5-5EV-2I-D12E/Mercury_XU5_PE1.srcs/sources_1/bd/Mercury_XU5/ip/Mercury_XU5_zynq_ultra_ps_e_0/hdl/zynq_ultra_ps_e_v3_3_2.v:3888]
WARNING: [Synth 8-7071] port 'PSS_ALTO_CORE_PAD_DRAMDQS' of module 'PS8' is unconnected for instance 'PS8_i' [/home/lxeng99/PTC/ptc-firmware/reference_design/Vivado/ME-XU5-5EV-2I-D12E/Mercury_XU5_PE1.srcs/sources_1/bd/Mercury_XU5/ip/Mercury_XU5_zynq_ultra_ps_e_0/hdl/zynq_ultra_ps_e_v3_3_2.v:3888]
WARNING: [Synth 8-7071] port 'PSS_ALTO_CORE_PAD_DRAMDQSN' of module 'PS8' is unconnected for instance 'PS8_i' [/home/lxeng99/PTC/ptc-firmware/reference_design/Vivado/ME-XU5-5EV-2I-D12E/Mercury_XU5_PE1.srcs/sources_1/bd/Mercury_XU5/ip/Mercury_XU5_zynq_ultra_ps_e_0/hdl/zynq_ultra_ps_e_v3_3_2.v:3888]
WARNING: [Synth 8-7071] port 'PSS_ALTO_CORE_PAD_DRAMODT' of module 'PS8' is unconnected for instance 'PS8_i' [/home/lxeng99/PTC/ptc-firmware/reference_design/Vivado/ME-XU5-5EV-2I-D12E/Mercury_XU5_PE1.srcs/sources_1/bd/Mercury_XU5/ip/Mercury_XU5_zynq_ultra_ps_e_0/hdl/zynq_ultra_ps_e_v3_3_2.v:3888]
WARNING: [Synth 8-7071] port 'PSS_ALTO_CORE_PAD_DRAMPARITY' of module 'PS8' is unconnected for instance 'PS8_i' [/home/lxeng99/PTC/ptc-firmware/reference_design/Vivado/ME-XU5-5EV-2I-D12E/Mercury_XU5_PE1.srcs/sources_1/bd/Mercury_XU5/ip/Mercury_XU5_zynq_ultra_ps_e_0/hdl/zynq_ultra_ps_e_v3_3_2.v:3888]
WARNING: [Synth 8-7071] port 'PSS_ALTO_CORE_PAD_DRAMRAMRSTN' of module 'PS8' is unconnected for instance 'PS8_i' [/home/lxeng99/PTC/ptc-firmware/reference_design/Vivado/ME-XU5-5EV-2I-D12E/Mercury_XU5_PE1.srcs/sources_1/bd/Mercury_XU5/ip/Mercury_XU5_zynq_ultra_ps_e_0/hdl/zynq_ultra_ps_e_v3_3_2.v:3888]
WARNING: [Synth 8-7071] port 'PSS_ALTO_CORE_PAD_ERROROUT' of module 'PS8' is unconnected for instance 'PS8_i' [/home/lxeng99/PTC/ptc-firmware/reference_design/Vivado/ME-XU5-5EV-2I-D12E/Mercury_XU5_PE1.srcs/sources_1/bd/Mercury_XU5/ip/Mercury_XU5_zynq_ultra_ps_e_0/hdl/zynq_ultra_ps_e_v3_3_2.v:3888]
WARNING: [Synth 8-7071] port 'PSS_ALTO_CORE_PAD_ERRORSTATUS' of module 'PS8' is unconnected for instance 'PS8_i' [/home/lxeng99/PTC/ptc-firmware/reference_design/Vivado/ME-XU5-5EV-2I-D12E/Mercury_XU5_PE1.srcs/sources_1/bd/Mercury_XU5/ip/Mercury_XU5_zynq_ultra_ps_e_0/hdl/zynq_ultra_ps_e_v3_3_2.v:3888]
WARNING: [Synth 8-7071] port 'PSS_ALTO_CORE_PAD_INITB' of module 'PS8' is unconnected for instance 'PS8_i' [/home/lxeng99/PTC/ptc-firmware/reference_design/Vivado/ME-XU5-5EV-2I-D12E/Mercury_XU5_PE1.srcs/sources_1/bd/Mercury_XU5/ip/Mercury_XU5_zynq_ultra_ps_e_0/hdl/zynq_ultra_ps_e_v3_3_2.v:3888]
WARNING: [Synth 8-7071] port 'PSS_ALTO_CORE_PAD_JTAGTCK' of module 'PS8' is unconnected for instance 'PS8_i' [/home/lxeng99/PTC/ptc-firmware/reference_design/Vivado/ME-XU5-5EV-2I-D12E/Mercury_XU5_PE1.srcs/sources_1/bd/Mercury_XU5/ip/Mercury_XU5_zynq_ultra_ps_e_0/hdl/zynq_ultra_ps_e_v3_3_2.v:3888]
WARNING: [Synth 8-7071] port 'PSS_ALTO_CORE_PAD_JTAGTDI' of module 'PS8' is unconnected for instance 'PS8_i' [/home/lxeng99/PTC/ptc-firmware/reference_design/Vivado/ME-XU5-5EV-2I-D12E/Mercury_XU5_PE1.srcs/sources_1/bd/Mercury_XU5/ip/Mercury_XU5_zynq_ultra_ps_e_0/hdl/zynq_ultra_ps_e_v3_3_2.v:3888]
WARNING: [Synth 8-7071] port 'PSS_ALTO_CORE_PAD_JTAGTDO' of module 'PS8' is unconnected for instance 'PS8_i' [/home/lxeng99/PTC/ptc-firmware/reference_design/Vivado/ME-XU5-5EV-2I-D12E/Mercury_XU5_PE1.srcs/sources_1/bd/Mercury_XU5/ip/Mercury_XU5_zynq_ultra_ps_e_0/hdl/zynq_ultra_ps_e_v3_3_2.v:3888]
WARNING: [Synth 8-7071] port 'PSS_ALTO_CORE_PAD_JTAGTMS' of module 'PS8' is unconnected for instance 'PS8_i' [/home/lxeng99/PTC/ptc-firmware/reference_design/Vivado/ME-XU5-5EV-2I-D12E/Mercury_XU5_PE1.srcs/sources_1/bd/Mercury_XU5/ip/Mercury_XU5_zynq_ultra_ps_e_0/hdl/zynq_ultra_ps_e_v3_3_2.v:3888]
WARNING: [Synth 8-7071] port 'PSS_ALTO_CORE_PAD_MIO' of module 'PS8' is unconnected for instance 'PS8_i' [/home/lxeng99/PTC/ptc-firmware/reference_design/Vivado/ME-XU5-5EV-2I-D12E/Mercury_XU5_PE1.srcs/sources_1/bd/Mercury_XU5/ip/Mercury_XU5_zynq_ultra_ps_e_0/hdl/zynq_ultra_ps_e_v3_3_2.v:3888]
WARNING: [Synth 8-7071] port 'PSS_ALTO_CORE_PAD_PORB' of module 'PS8' is unconnected for instance 'PS8_i' [/home/lxeng99/PTC/ptc-firmware/reference_design/Vivado/ME-XU5-5EV-2I-D12E/Mercury_XU5_PE1.srcs/sources_1/bd/Mercury_XU5/ip/Mercury_XU5_zynq_ultra_ps_e_0/hdl/zynq_ultra_ps_e_v3_3_2.v:3888]
WARNING: [Synth 8-7071] port 'PSS_ALTO_CORE_PAD_PROGB' of module 'PS8' is unconnected for instance 'PS8_i' [/home/lxeng99/PTC/ptc-firmware/reference_design/Vivado/ME-XU5-5EV-2I-D12E/Mercury_XU5_PE1.srcs/sources_1/bd/Mercury_XU5/ip/Mercury_XU5_zynq_ultra_ps_e_0/hdl/zynq_ultra_ps_e_v3_3_2.v:3888]
WARNING: [Synth 8-7071] port 'PSS_ALTO_CORE_PAD_RCALIBINOUT' of module 'PS8' is unconnected for instance 'PS8_i' [/home/lxeng99/PTC/ptc-firmware/reference_design/Vivado/ME-XU5-5EV-2I-D12E/Mercury_XU5_PE1.srcs/sources_1/bd/Mercury_XU5/ip/Mercury_XU5_zynq_ultra_ps_e_0/hdl/zynq_ultra_ps_e_v3_3_2.v:3888]
WARNING: [Synth 8-7071] port 'PSS_ALTO_CORE_PAD_SRSTB' of module 'PS8' is unconnected for instance 'PS8_i' [/home/lxeng99/PTC/ptc-firmware/reference_design/Vivado/ME-XU5-5EV-2I-D12E/Mercury_XU5_PE1.srcs/sources_1/bd/Mercury_XU5/ip/Mercury_XU5_zynq_ultra_ps_e_0/hdl/zynq_ultra_ps_e_v3_3_2.v:3888]
WARNING: [Synth 8-7071] port 'PSS_ALTO_CORE_PAD_ZQ' of module 'PS8' is unconnected for instance 'PS8_i' [/home/lxeng99/PTC/ptc-firmware/reference_design/Vivado/ME-XU5-5EV-2I-D12E/Mercury_XU5_PE1.srcs/sources_1/bd/Mercury_XU5/ip/Mercury_XU5_zynq_ultra_ps_e_0/hdl/zynq_ultra_ps_e_v3_3_2.v:3888]
WARNING: [Synth 8-7071] port 'PSS_ALTO_CORE_PAD_MGTRXN0IN' of module 'PS8' is unconnected for instance 'PS8_i' [/home/lxeng99/PTC/ptc-firmware/reference_design/Vivado/ME-XU5-5EV-2I-D12E/Mercury_XU5_PE1.srcs/sources_1/bd/Mercury_XU5/ip/Mercury_XU5_zynq_ultra_ps_e_0/hdl/zynq_ultra_ps_e_v3_3_2.v:3888]
WARNING: [Synth 8-7071] port 'PSS_ALTO_CORE_PAD_MGTRXN1IN' of module 'PS8' is unconnected for instance 'PS8_i' [/home/lxeng99/PTC/ptc-firmware/reference_design/Vivado/ME-XU5-5EV-2I-D12E/Mercury_XU5_PE1.srcs/sources_1/bd/Mercury_XU5/ip/Mercury_XU5_zynq_ultra_ps_e_0/hdl/zynq_ultra_ps_e_v3_3_2.v:3888]
WARNING: [Synth 8-7071] port 'PSS_ALTO_CORE_PAD_MGTRXN2IN' of module 'PS8' is unconnected for instance 'PS8_i' [/home/lxeng99/PTC/ptc-firmware/reference_design/Vivado/ME-XU5-5EV-2I-D12E/Mercury_XU5_PE1.srcs/sources_1/bd/Mercury_XU5/ip/Mercury_XU5_zynq_ultra_ps_e_0/hdl/zynq_ultra_ps_e_v3_3_2.v:3888]
WARNING: [Synth 8-7071] port 'PSS_ALTO_CORE_PAD_MGTRXN3IN' of module 'PS8' is unconnected for instance 'PS8_i' [/home/lxeng99/PTC/ptc-firmware/reference_design/Vivado/ME-XU5-5EV-2I-D12E/Mercury_XU5_PE1.srcs/sources_1/bd/Mercury_XU5/ip/Mercury_XU5_zynq_ultra_ps_e_0/hdl/zynq_ultra_ps_e_v3_3_2.v:3888]
WARNING: [Synth 8-7071] port 'PSS_ALTO_CORE_PAD_MGTRXP0IN' of module 'PS8' is unconnected for instance 'PS8_i' [/home/lxeng99/PTC/ptc-firmware/reference_design/Vivado/ME-XU5-5EV-2I-D12E/Mercury_XU5_PE1.srcs/sources_1/bd/Mercury_XU5/ip/Mercury_XU5_zynq_ultra_ps_e_0/hdl/zynq_ultra_ps_e_v3_3_2.v:3888]
WARNING: [Synth 8-7071] port 'PSS_ALTO_CORE_PAD_MGTRXP1IN' of module 'PS8' is unconnected for instance 'PS8_i' [/home/lxeng99/PTC/ptc-firmware/reference_design/Vivado/ME-XU5-5EV-2I-D12E/Mercury_XU5_PE1.srcs/sources_1/bd/Mercury_XU5/ip/Mercury_XU5_zynq_ultra_ps_e_0/hdl/zynq_ultra_ps_e_v3_3_2.v:3888]
WARNING: [Synth 8-7071] port 'PSS_ALTO_CORE_PAD_MGTRXP2IN' of module 'PS8' is unconnected for instance 'PS8_i' [/home/lxeng99/PTC/ptc-firmware/reference_design/Vivado/ME-XU5-5EV-2I-D12E/Mercury_XU5_PE1.srcs/sources_1/bd/Mercury_XU5/ip/Mercury_XU5_zynq_ultra_ps_e_0/hdl/zynq_ultra_ps_e_v3_3_2.v:3888]
WARNING: [Synth 8-7071] port 'PSS_ALTO_CORE_PAD_MGTRXP3IN' of module 'PS8' is unconnected for instance 'PS8_i' [/home/lxeng99/PTC/ptc-firmware/reference_design/Vivado/ME-XU5-5EV-2I-D12E/Mercury_XU5_PE1.srcs/sources_1/bd/Mercury_XU5/ip/Mercury_XU5_zynq_ultra_ps_e_0/hdl/zynq_ultra_ps_e_v3_3_2.v:3888]
WARNING: [Synth 8-7071] port 'PSS_ALTO_CORE_PAD_PADI' of module 'PS8' is unconnected for instance 'PS8_i' [/home/lxeng99/PTC/ptc-firmware/reference_design/Vivado/ME-XU5-5EV-2I-D12E/Mercury_XU5_PE1.srcs/sources_1/bd/Mercury_XU5/ip/Mercury_XU5_zynq_ultra_ps_e_0/hdl/zynq_ultra_ps_e_v3_3_2.v:3888]
WARNING: [Synth 8-7071] port 'PSS_ALTO_CORE_PAD_REFN0IN' of module 'PS8' is unconnected for instance 'PS8_i' [/home/lxeng99/PTC/ptc-firmware/reference_design/Vivado/ME-XU5-5EV-2I-D12E/Mercury_XU5_PE1.srcs/sources_1/bd/Mercury_XU5/ip/Mercury_XU5_zynq_ultra_ps_e_0/hdl/zynq_ultra_ps_e_v3_3_2.v:3888]
WARNING: [Synth 8-7071] port 'PSS_ALTO_CORE_PAD_REFN1IN' of module 'PS8' is unconnected for instance 'PS8_i' [/home/lxeng99/PTC/ptc-firmware/reference_design/Vivado/ME-XU5-5EV-2I-D12E/Mercury_XU5_PE1.srcs/sources_1/bd/Mercury_XU5/ip/Mercury_XU5_zynq_ultra_ps_e_0/hdl/zynq_ultra_ps_e_v3_3_2.v:3888]
WARNING: [Synth 8-7071] port 'PSS_ALTO_CORE_PAD_REFN2IN' of module 'PS8' is unconnected for instance 'PS8_i' [/home/lxeng99/PTC/ptc-firmware/reference_design/Vivado/ME-XU5-5EV-2I-D12E/Mercury_XU5_PE1.srcs/sources_1/bd/Mercury_XU5/ip/Mercury_XU5_zynq_ultra_ps_e_0/hdl/zynq_ultra_ps_e_v3_3_2.v:3888]
WARNING: [Synth 8-7071] port 'PSS_ALTO_CORE_PAD_REFN3IN' of module 'PS8' is unconnected for instance 'PS8_i' [/home/lxeng99/PTC/ptc-firmware/reference_design/Vivado/ME-XU5-5EV-2I-D12E/Mercury_XU5_PE1.srcs/sources_1/bd/Mercury_XU5/ip/Mercury_XU5_zynq_ultra_ps_e_0/hdl/zynq_ultra_ps_e_v3_3_2.v:3888]
WARNING: [Synth 8-7071] port 'PSS_ALTO_CORE_PAD_REFP0IN' of module 'PS8' is unconnected for instance 'PS8_i' [/home/lxeng99/PTC/ptc-firmware/reference_design/Vivado/ME-XU5-5EV-2I-D12E/Mercury_XU5_PE1.srcs/sources_1/bd/Mercury_XU5/ip/Mercury_XU5_zynq_ultra_ps_e_0/hdl/zynq_ultra_ps_e_v3_3_2.v:3888]
WARNING: [Synth 8-7071] port 'PSS_ALTO_CORE_PAD_REFP1IN' of module 'PS8' is unconnected for instance 'PS8_i' [/home/lxeng99/PTC/ptc-firmware/reference_design/Vivado/ME-XU5-5EV-2I-D12E/Mercury_XU5_PE1.srcs/sources_1/bd/Mercury_XU5/ip/Mercury_XU5_zynq_ultra_ps_e_0/hdl/zynq_ultra_ps_e_v3_3_2.v:3888]
WARNING: [Synth 8-7071] port 'PSS_ALTO_CORE_PAD_REFP2IN' of module 'PS8' is unconnected for instance 'PS8_i' [/home/lxeng99/PTC/ptc-firmware/reference_design/Vivado/ME-XU5-5EV-2I-D12E/Mercury_XU5_PE1.srcs/sources_1/bd/Mercury_XU5/ip/Mercury_XU5_zynq_ultra_ps_e_0/hdl/zynq_ultra_ps_e_v3_3_2.v:3888]
WARNING: [Synth 8-7071] port 'PSS_ALTO_CORE_PAD_REFP3IN' of module 'PS8' is unconnected for instance 'PS8_i' [/home/lxeng99/PTC/ptc-firmware/reference_design/Vivado/ME-XU5-5EV-2I-D12E/Mercury_XU5_PE1.srcs/sources_1/bd/Mercury_XU5/ip/Mercury_XU5_zynq_ultra_ps_e_0/hdl/zynq_ultra_ps_e_v3_3_2.v:3888]
WARNING: [Synth 8-7023] instance 'PS8_i' of module 'PS8' has 1015 connections declared, but only 957 given [/home/lxeng99/PTC/ptc-firmware/reference_design/Vivado/ME-XU5-5EV-2I-D12E/Mercury_XU5_PE1.srcs/sources_1/bd/Mercury_XU5/ip/Mercury_XU5_zynq_ultra_ps_e_0/hdl/zynq_ultra_ps_e_v3_3_2.v:3888]
INFO: [Synth 8-6155] done synthesizing module 'zynq_ultra_ps_e_v3_3_2_zynq_ultra_ps_e' (3#1) [/home/lxeng99/PTC/ptc-firmware/reference_design/Vivado/ME-XU5-5EV-2I-D12E/Mercury_XU5_PE1.srcs/sources_1/bd/Mercury_XU5/ip/Mercury_XU5_zynq_ultra_ps_e_0/hdl/zynq_ultra_ps_e_v3_3_2.v:334]
INFO: [Synth 8-256] done synthesizing module 'Mercury_XU5_zynq_ultra_ps_e_0' (4#1) [/home/lxeng99/PTC/ptc-firmware/reference_design/Vivado/ME-XU5-5EV-2I-D12E/Mercury_XU5_PE1.srcs/sources_1/bd/Mercury_XU5/ip/Mercury_XU5_zynq_ultra_ps_e_0/synth/Mercury_XU5_zynq_ultra_ps_e_0.vhd:164]
---------------------------------------------------------------------------------
Finished RTL Elaboration : Time (s): cpu = 00:00:05 ; elapsed = 00:00:13 . Memory (MB): peak = 2676.574 ; gain = 65.707 ; free physical = 2642 ; free virtual = 21544
---------------------------------------------------------------------------------
---------------------------------------------------------------------------------
Start Handling Custom Attributes
---------------------------------------------------------------------------------
---------------------------------------------------------------------------------
Finished Handling Custom Attributes : Time (s): cpu = 00:00:06 ; elapsed = 00:00:13 . Memory (MB): peak = 2691.418 ; gain = 80.551 ; free physical = 2620 ; free virtual = 21523
---------------------------------------------------------------------------------
---------------------------------------------------------------------------------
Finished RTL Optimization Phase 1 : Time (s): cpu = 00:00:06 ; elapsed = 00:00:13 . Memory (MB): peak = 2691.418 ; gain = 80.551 ; free physical = 2620 ; free virtual = 21523
---------------------------------------------------------------------------------
Netlist sorting complete. Time (s): cpu = 00:00:00.02 ; elapsed = 00:00:00.03 . Memory (MB): peak = 2703.324 ; gain = 0.000 ; free physical = 2604 ; free virtual = 21507
INFO: [Project 1-570] Preparing netlist for logic optimization

Processing XDC Constraints
Initializing timing engine
Parsing XDC File [/home/lxeng99/PTC/ptc-firmware/reference_design/Vivado/ME-XU5-5EV-2I-D12E/Mercury_XU5_PE1.srcs/sources_1/bd/Mercury_XU5/ip/Mercury_XU5_zynq_ultra_ps_e_0/Mercury_XU5_zynq_ultra_ps_e_0_ooc.xdc] for cell 'U0'
Finished Parsing XDC File [/home/lxeng99/PTC/ptc-firmware/reference_design/Vivado/ME-XU5-5EV-2I-D12E/Mercury_XU5_PE1.srcs/sources_1/bd/Mercury_XU5/ip/Mercury_XU5_zynq_ultra_ps_e_0/Mercury_XU5_zynq_ultra_ps_e_0_ooc.xdc] for cell 'U0'
Parsing XDC File [/home/lxeng99/PTC/ptc-firmware/reference_design/Vivado/ME-XU5-5EV-2I-D12E/Mercury_XU5_PE1.srcs/sources_1/bd/Mercury_XU5/ip/Mercury_XU5_zynq_ultra_ps_e_0/Mercury_XU5_zynq_ultra_ps_e_0.xdc] for cell 'U0'
Finished Parsing XDC File [/home/lxeng99/PTC/ptc-firmware/reference_design/Vivado/ME-XU5-5EV-2I-D12E/Mercury_XU5_PE1.srcs/sources_1/bd/Mercury_XU5/ip/Mercury_XU5_zynq_ultra_ps_e_0/Mercury_XU5_zynq_ultra_ps_e_0.xdc] for cell 'U0'
Parsing XDC File [/home/lxeng99/PTC/ptc-firmware/reference_design/Vivado/ME-XU5-5EV-2I-D12E/Mercury_XU5_PE1.runs/Mercury_XU5_zynq_ultra_ps_e_0_synth_1/dont_touch.xdc]
Finished Parsing XDC File [/home/lxeng99/PTC/ptc-firmware/reference_design/Vivado/ME-XU5-5EV-2I-D12E/Mercury_XU5_PE1.runs/Mercury_XU5_zynq_ultra_ps_e_0_synth_1/dont_touch.xdc]
Completed Processing XDC Constraints

Netlist sorting complete. Time (s): cpu = 00:00:00 ; elapsed = 00:00:00 . Memory (MB): peak = 2755.152 ; gain = 0.000 ; free physical = 2485 ; free virtual = 21412
INFO: [Project 1-111] Unisim Transformation Summary:
No Unisim elements were transformed.

Constraint Validation Runtime : Time (s): cpu = 00:00:00.02 ; elapsed = 00:00:00.02 . Memory (MB): peak = 2755.152 ; gain = 0.000 ; free physical = 2481 ; free virtual = 21408
---------------------------------------------------------------------------------
Finished Constraint Validation : Time (s): cpu = 00:00:17 ; elapsed = 00:00:28 . Memory (MB): peak = 2755.152 ; gain = 144.285 ; free physical = 2490 ; free virtual = 21424
---------------------------------------------------------------------------------
---------------------------------------------------------------------------------
Start Loading Part and Timing Information
---------------------------------------------------------------------------------
Loading part: xczu5ev-sfvc784-2-i
INFO: [Synth 8-6742] Reading net delay rules and data
---------------------------------------------------------------------------------
Finished Loading Part and Timing Information : Time (s): cpu = 00:00:17 ; elapsed = 00:00:28 . Memory (MB): peak = 2755.152 ; gain = 144.285 ; free physical = 2489 ; free virtual = 21424
---------------------------------------------------------------------------------
---------------------------------------------------------------------------------
Start Applying 'set_property' XDC Constraints
---------------------------------------------------------------------------------
Applied set_property DONT_TOUCH = true for U0/PS8_i. (constraint file  /home/lxeng99/PTC/ptc-firmware/reference_design/Vivado/ME-XU5-5EV-2I-D12E/Mercury_XU5_PE1.srcs/sources_1/bd/Mercury_XU5/ip/Mercury_XU5_zynq_ultra_ps_e_0/Mercury_XU5_zynq_ultra_ps_e_0.xdc, line 27).
Applied set_property DONT_TOUCH = true for U0. (constraint file  /home/lxeng99/PTC/ptc-firmware/reference_design/Vivado/ME-XU5-5EV-2I-D12E/Mercury_XU5_PE1.runs/Mercury_XU5_zynq_ultra_ps_e_0_synth_1/dont_touch.xdc, line 9).
---------------------------------------------------------------------------------
Finished applying 'set_property' XDC Constraints : Time (s): cpu = 00:00:17 ; elapsed = 00:00:28 . Memory (MB): peak = 2755.152 ; gain = 144.285 ; free physical = 2487 ; free virtual = 21423
---------------------------------------------------------------------------------
---------------------------------------------------------------------------------
Finished RTL Optimization Phase 2 : Time (s): cpu = 00:00:17 ; elapsed = 00:00:29 . Memory (MB): peak = 2755.152 ; gain = 144.285 ; free physical = 2476 ; free virtual = 21414
---------------------------------------------------------------------------------
---------------------------------------------------------------------------------
Start RTL Component Statistics 
---------------------------------------------------------------------------------
Detailed RTL Component Info : 
+---Registers : 
	                1 Bit    Registers := 1     
---------------------------------------------------------------------------------
Finished RTL Component Statistics 
---------------------------------------------------------------------------------
---------------------------------------------------------------------------------
Start Part Resource Summary
---------------------------------------------------------------------------------
Part Resources:
DSPs: 1248 (col length:96)
BRAMs: 288 (col length: RAMB18 96 RAMB36 48)
---------------------------------------------------------------------------------
Finished Part Resource Summary
---------------------------------------------------------------------------------
---------------------------------------------------------------------------------
Start Cross Boundary and Area Optimization
---------------------------------------------------------------------------------
---------------------------------------------------------------------------------
Finished Cross Boundary and Area Optimization : Time (s): cpu = 00:00:18 ; elapsed = 00:00:29 . Memory (MB): peak = 2755.152 ; gain = 144.285 ; free physical = 2419 ; free virtual = 21361
---------------------------------------------------------------------------------
---------------------------------------------------------------------------------
Start Applying XDC Timing Constraints
---------------------------------------------------------------------------------
---------------------------------------------------------------------------------
Finished Applying XDC Timing Constraints : Time (s): cpu = 00:00:48 ; elapsed = 00:01:23 . Memory (MB): peak = 4360.035 ; gain = 1749.168 ; free physical = 160 ; free virtual = 18537
---------------------------------------------------------------------------------
---------------------------------------------------------------------------------
Start Timing Optimization
---------------------------------------------------------------------------------
---------------------------------------------------------------------------------
Finished Timing Optimization : Time (s): cpu = 00:00:48 ; elapsed = 00:01:23 . Memory (MB): peak = 4386.043 ; gain = 1775.176 ; free physical = 171 ; free virtual = 18522
---------------------------------------------------------------------------------
---------------------------------------------------------------------------------
Start Technology Mapping
---------------------------------------------------------------------------------
---------------------------------------------------------------------------------
Finished Technology Mapping : Time (s): cpu = 00:00:55 ; elapsed = 00:01:30 . Memory (MB): peak = 4402.059 ; gain = 1791.191 ; free physical = 1624 ; free virtual = 19921
---------------------------------------------------------------------------------
---------------------------------------------------------------------------------
Start IO Insertion
---------------------------------------------------------------------------------
---------------------------------------------------------------------------------
Start Flattening Before IO Insertion
---------------------------------------------------------------------------------
---------------------------------------------------------------------------------
Finished Flattening Before IO Insertion
---------------------------------------------------------------------------------
---------------------------------------------------------------------------------
Start Final Netlist Cleanup
---------------------------------------------------------------------------------
---------------------------------------------------------------------------------
Finished Final Netlist Cleanup
---------------------------------------------------------------------------------
INFO: [Synth 8-3295] tying undriven pin trace_ctl_pipe[0]_inferred:in0 to constant 0
INFO: [Synth 8-3295] tying undriven pin trace_data_pipe[0]_inferred:in0[31] to constant 0
INFO: [Synth 8-3295] tying undriven pin trace_data_pipe[0]_inferred:in0[30] to constant 0
INFO: [Synth 8-3295] tying undriven pin trace_data_pipe[0]_inferred:in0[29] to constant 0
INFO: [Synth 8-3295] tying undriven pin trace_data_pipe[0]_inferred:in0[28] to constant 0
INFO: [Synth 8-3295] tying undriven pin trace_data_pipe[0]_inferred:in0[27] to constant 0
INFO: [Synth 8-3295] tying undriven pin trace_data_pipe[0]_inferred:in0[26] to constant 0
INFO: [Synth 8-3295] tying undriven pin trace_data_pipe[0]_inferred:in0[25] to constant 0
INFO: [Synth 8-3295] tying undriven pin trace_data_pipe[0]_inferred:in0[24] to constant 0
INFO: [Synth 8-3295] tying undriven pin trace_data_pipe[0]_inferred:in0[23] to constant 0
INFO: [Synth 8-3295] tying undriven pin trace_data_pipe[0]_inferred:in0[22] to constant 0
INFO: [Synth 8-3295] tying undriven pin trace_data_pipe[0]_inferred:in0[21] to constant 0
INFO: [Synth 8-3295] tying undriven pin trace_data_pipe[0]_inferred:in0[20] to constant 0
INFO: [Synth 8-3295] tying undriven pin trace_data_pipe[0]_inferred:in0[19] to constant 0
INFO: [Synth 8-3295] tying undriven pin trace_data_pipe[0]_inferred:in0[18] to constant 0
INFO: [Synth 8-3295] tying undriven pin trace_data_pipe[0]_inferred:in0[17] to constant 0
INFO: [Synth 8-3295] tying undriven pin trace_data_pipe[0]_inferred:in0[16] to constant 0
INFO: [Synth 8-3295] tying undriven pin trace_data_pipe[0]_inferred:in0[15] to constant 0
INFO: [Synth 8-3295] tying undriven pin trace_data_pipe[0]_inferred:in0[14] to constant 0
INFO: [Synth 8-3295] tying undriven pin trace_data_pipe[0]_inferred:in0[13] to constant 0
INFO: [Synth 8-3295] tying undriven pin trace_data_pipe[0]_inferred:in0[12] to constant 0
INFO: [Synth 8-3295] tying undriven pin trace_data_pipe[0]_inferred:in0[11] to constant 0
INFO: [Synth 8-3295] tying undriven pin trace_data_pipe[0]_inferred:in0[10] to constant 0
INFO: [Synth 8-3295] tying undriven pin trace_data_pipe[0]_inferred:in0[9] to constant 0
INFO: [Synth 8-3295] tying undriven pin trace_data_pipe[0]_inferred:in0[8] to constant 0
INFO: [Synth 8-3295] tying undriven pin trace_data_pipe[0]_inferred:in0[7] to constant 0
INFO: [Synth 8-3295] tying undriven pin trace_data_pipe[0]_inferred:in0[6] to constant 0
INFO: [Synth 8-3295] tying undriven pin trace_data_pipe[0]_inferred:in0[5] to constant 0
INFO: [Synth 8-3295] tying undriven pin trace_data_pipe[0]_inferred:in0[4] to constant 0
INFO: [Synth 8-3295] tying undriven pin trace_data_pipe[0]_inferred:in0[3] to constant 0
INFO: [Synth 8-3295] tying undriven pin trace_data_pipe[0]_inferred:in0[2] to constant 0
INFO: [Synth 8-3295] tying undriven pin trace_data_pipe[0]_inferred:in0[1] to constant 0
INFO: [Synth 8-3295] tying undriven pin trace_data_pipe[0]_inferred:in0[0] to constant 0
INFO: [Synth 8-3295] tying undriven pin trace_ctl_pipe[7]_inferred:in0 to constant 0
INFO: [Synth 8-3295] tying undriven pin trace_ctl_pipe[6]_inferred:in0 to constant 0
INFO: [Synth 8-3295] tying undriven pin trace_ctl_pipe[5]_inferred:in0 to constant 0
INFO: [Synth 8-3295] tying undriven pin trace_ctl_pipe[4]_inferred:in0 to constant 0
INFO: [Synth 8-3295] tying undriven pin trace_ctl_pipe[3]_inferred:in0 to constant 0
INFO: [Synth 8-3295] tying undriven pin trace_ctl_pipe[2]_inferred:in0 to constant 0
INFO: [Synth 8-3295] tying undriven pin trace_ctl_pipe[1]_inferred:in0 to constant 0
INFO: [Synth 8-3295] tying undriven pin trace_data_pipe[7]_inferred:in0[31] to constant 0
INFO: [Synth 8-3295] tying undriven pin trace_data_pipe[7]_inferred:in0[30] to constant 0
INFO: [Synth 8-3295] tying undriven pin trace_data_pipe[7]_inferred:in0[29] to constant 0
INFO: [Synth 8-3295] tying undriven pin trace_data_pipe[7]_inferred:in0[28] to constant 0
INFO: [Synth 8-3295] tying undriven pin trace_data_pipe[7]_inferred:in0[27] to constant 0
INFO: [Synth 8-3295] tying undriven pin trace_data_pipe[7]_inferred:in0[26] to constant 0
INFO: [Synth 8-3295] tying undriven pin trace_data_pipe[7]_inferred:in0[25] to constant 0
INFO: [Synth 8-3295] tying undriven pin trace_data_pipe[7]_inferred:in0[24] to constant 0
INFO: [Synth 8-3295] tying undriven pin trace_data_pipe[7]_inferred:in0[23] to constant 0
INFO: [Synth 8-3295] tying undriven pin trace_data_pipe[7]_inferred:in0[22] to constant 0
INFO: [Synth 8-3295] tying undriven pin trace_data_pipe[7]_inferred:in0[21] to constant 0
INFO: [Synth 8-3295] tying undriven pin trace_data_pipe[7]_inferred:in0[20] to constant 0
INFO: [Synth 8-3295] tying undriven pin trace_data_pipe[7]_inferred:in0[19] to constant 0
INFO: [Synth 8-3295] tying undriven pin trace_data_pipe[7]_inferred:in0[18] to constant 0
INFO: [Synth 8-3295] tying undriven pin trace_data_pipe[7]_inferred:in0[17] to constant 0
INFO: [Synth 8-3295] tying undriven pin trace_data_pipe[7]_inferred:in0[16] to constant 0
INFO: [Synth 8-3295] tying undriven pin trace_data_pipe[7]_inferred:in0[15] to constant 0
INFO: [Synth 8-3295] tying undriven pin trace_data_pipe[7]_inferred:in0[14] to constant 0
INFO: [Synth 8-3295] tying undriven pin trace_data_pipe[7]_inferred:in0[13] to constant 0
INFO: [Synth 8-3295] tying undriven pin trace_data_pipe[7]_inferred:in0[12] to constant 0
INFO: [Synth 8-3295] tying undriven pin trace_data_pipe[7]_inferred:in0[11] to constant 0
INFO: [Synth 8-3295] tying undriven pin trace_data_pipe[7]_inferred:in0[10] to constant 0
INFO: [Synth 8-3295] tying undriven pin trace_data_pipe[7]_inferred:in0[9] to constant 0
INFO: [Synth 8-3295] tying undriven pin trace_data_pipe[7]_inferred:in0[8] to constant 0
INFO: [Synth 8-3295] tying undriven pin trace_data_pipe[7]_inferred:in0[7] to constant 0
INFO: [Synth 8-3295] tying undriven pin trace_data_pipe[7]_inferred:in0[6] to constant 0
INFO: [Synth 8-3295] tying undriven pin trace_data_pipe[7]_inferred:in0[5] to constant 0
INFO: [Synth 8-3295] tying undriven pin trace_data_pipe[7]_inferred:in0[4] to constant 0
INFO: [Synth 8-3295] tying undriven pin trace_data_pipe[7]_inferred:in0[3] to constant 0
INFO: [Synth 8-3295] tying undriven pin trace_data_pipe[7]_inferred:in0[2] to constant 0
INFO: [Synth 8-3295] tying undriven pin trace_data_pipe[7]_inferred:in0[1] to constant 0
INFO: [Synth 8-3295] tying undriven pin trace_data_pipe[7]_inferred:in0[0] to constant 0
INFO: [Synth 8-3295] tying undriven pin trace_data_pipe[6]_inferred:in0[31] to constant 0
INFO: [Synth 8-3295] tying undriven pin trace_data_pipe[6]_inferred:in0[30] to constant 0
INFO: [Synth 8-3295] tying undriven pin trace_data_pipe[6]_inferred:in0[29] to constant 0
INFO: [Synth 8-3295] tying undriven pin trace_data_pipe[6]_inferred:in0[28] to constant 0
INFO: [Synth 8-3295] tying undriven pin trace_data_pipe[6]_inferred:in0[27] to constant 0
INFO: [Synth 8-3295] tying undriven pin trace_data_pipe[6]_inferred:in0[26] to constant 0
INFO: [Synth 8-3295] tying undriven pin trace_data_pipe[6]_inferred:in0[25] to constant 0
INFO: [Synth 8-3295] tying undriven pin trace_data_pipe[6]_inferred:in0[24] to constant 0
INFO: [Synth 8-3295] tying undriven pin trace_data_pipe[6]_inferred:in0[23] to constant 0
INFO: [Synth 8-3295] tying undriven pin trace_data_pipe[6]_inferred:in0[22] to constant 0
INFO: [Synth 8-3295] tying undriven pin trace_data_pipe[6]_inferred:in0[21] to constant 0
INFO: [Synth 8-3295] tying undriven pin trace_data_pipe[6]_inferred:in0[20] to constant 0
INFO: [Synth 8-3295] tying undriven pin trace_data_pipe[6]_inferred:in0[19] to constant 0
INFO: [Synth 8-3295] tying undriven pin trace_data_pipe[6]_inferred:in0[18] to constant 0
INFO: [Synth 8-3295] tying undriven pin trace_data_pipe[6]_inferred:in0[17] to constant 0
INFO: [Synth 8-3295] tying undriven pin trace_data_pipe[6]_inferred:in0[16] to constant 0
INFO: [Synth 8-3295] tying undriven pin trace_data_pipe[6]_inferred:in0[15] to constant 0
INFO: [Synth 8-3295] tying undriven pin trace_data_pipe[6]_inferred:in0[14] to constant 0
INFO: [Synth 8-3295] tying undriven pin trace_data_pipe[6]_inferred:in0[13] to constant 0
INFO: [Synth 8-3295] tying undriven pin trace_data_pipe[6]_inferred:in0[12] to constant 0
INFO: [Synth 8-3295] tying undriven pin trace_data_pipe[6]_inferred:in0[11] to constant 0
INFO: [Synth 8-3295] tying undriven pin trace_data_pipe[6]_inferred:in0[10] to constant 0
INFO: [Synth 8-3295] tying undriven pin trace_data_pipe[6]_inferred:in0[9] to constant 0
INFO: [Synth 8-3295] tying undriven pin trace_data_pipe[6]_inferred:in0[8] to constant 0
INFO: [Synth 8-3295] tying undriven pin trace_data_pipe[6]_inferred:in0[7] to constant 0
INFO: [Synth 8-3295] tying undriven pin trace_data_pipe[6]_inferred:in0[6] to constant 0
INFO: [Synth 8-3295] tying undriven pin trace_data_pipe[6]_inferred:in0[5] to constant 0
INFO: [Synth 8-3295] tying undriven pin trace_data_pipe[6]_inferred:in0[4] to constant 0
INFO: [Common 17-14] Message 'Synth 8-3295' appears 100 times and further instances of the messages will be disabled. Use the Tcl command set_msg_config to change the current settings.
---------------------------------------------------------------------------------
Finished IO Insertion : Time (s): cpu = 00:01:02 ; elapsed = 00:01:38 . Memory (MB): peak = 4407.996 ; gain = 1797.129 ; free physical = 3879 ; free virtual = 22183
---------------------------------------------------------------------------------
---------------------------------------------------------------------------------
Start Renaming Generated Instances
---------------------------------------------------------------------------------
---------------------------------------------------------------------------------
Finished Renaming Generated Instances : Time (s): cpu = 00:01:02 ; elapsed = 00:01:38 . Memory (MB): peak = 4407.996 ; gain = 1797.129 ; free physical = 3879 ; free virtual = 22183
---------------------------------------------------------------------------------
---------------------------------------------------------------------------------
Start Rebuilding User Hierarchy
---------------------------------------------------------------------------------
---------------------------------------------------------------------------------
Finished Rebuilding User Hierarchy : Time (s): cpu = 00:01:02 ; elapsed = 00:01:38 . Memory (MB): peak = 4407.996 ; gain = 1797.129 ; free physical = 3879 ; free virtual = 22183
---------------------------------------------------------------------------------
---------------------------------------------------------------------------------
Start Renaming Generated Ports
---------------------------------------------------------------------------------
---------------------------------------------------------------------------------
Finished Renaming Generated Ports : Time (s): cpu = 00:01:02 ; elapsed = 00:01:38 . Memory (MB): peak = 4407.996 ; gain = 1797.129 ; free physical = 3878 ; free virtual = 22183
---------------------------------------------------------------------------------
---------------------------------------------------------------------------------
Start Handling Custom Attributes
---------------------------------------------------------------------------------
---------------------------------------------------------------------------------
Finished Handling Custom Attributes : Time (s): cpu = 00:01:02 ; elapsed = 00:01:38 . Memory (MB): peak = 4407.996 ; gain = 1797.129 ; free physical = 3878 ; free virtual = 22182
---------------------------------------------------------------------------------
---------------------------------------------------------------------------------
Start Renaming Generated Nets
---------------------------------------------------------------------------------
---------------------------------------------------------------------------------
Finished Renaming Generated Nets : Time (s): cpu = 00:01:02 ; elapsed = 00:01:38 . Memory (MB): peak = 4407.996 ; gain = 1797.129 ; free physical = 3878 ; free virtual = 22182
---------------------------------------------------------------------------------
---------------------------------------------------------------------------------
Start Writing Synthesis Report
---------------------------------------------------------------------------------

Report BlackBoxes: 
+-+--------------+----------+
| |BlackBox name |Instances |
+-+--------------+----------+
+-+--------------+----------+

Report Cell Usage: 
+------+--------+------+
|      |Cell    |Count |
+------+--------+------+
|1     |BUFG_PS |     2|
|2     |LUT1    |   296|
|3     |PS8     |     1|
|4     |FDRE    |     1|
+------+--------+------+
---------------------------------------------------------------------------------
Finished Writing Synthesis Report : Time (s): cpu = 00:01:02 ; elapsed = 00:01:38 . Memory (MB): peak = 4407.996 ; gain = 1797.129 ; free physical = 3878 ; free virtual = 22182
---------------------------------------------------------------------------------
Synthesis finished with 0 errors, 0 critical warnings and 0 warnings.
Synthesis Optimization Runtime : Time (s): cpu = 00:00:56 ; elapsed = 00:01:29 . Memory (MB): peak = 4407.996 ; gain = 1733.395 ; free physical = 3917 ; free virtual = 22222
Synthesis Optimization Complete : Time (s): cpu = 00:01:02 ; elapsed = 00:01:39 . Memory (MB): peak = 4408.004 ; gain = 1797.129 ; free physical = 3917 ; free virtual = 22222
INFO: [Project 1-571] Translating synthesized netlist
Netlist sorting complete. Time (s): cpu = 00:00:00.03 ; elapsed = 00:00:00.03 . Memory (MB): peak = 4408.004 ; gain = 0.000 ; free physical = 3981 ; free virtual = 22286
INFO: [Project 1-570] Preparing netlist for logic optimization
INFO: [Opt 31-138] Pushed 0 inverter(s) to 0 load pin(s).
Netlist sorting complete. Time (s): cpu = 00:00:00 ; elapsed = 00:00:00 . Memory (MB): peak = 4437.746 ; gain = 0.000 ; free physical = 2594 ; free virtual = 20900
INFO: [Project 1-111] Unisim Transformation Summary:
No Unisim elements were transformed.

INFO: [Common 17-83] Releasing license: Synthesis
123 Infos, 62 Warnings, 0 Critical Warnings and 0 Errors encountered.
synth_design completed successfully
synth_design: Time (s): cpu = 00:01:20 ; elapsed = 00:02:00 . Memory (MB): peak = 4437.746 ; gain = 2294.559 ; free physical = 3610 ; free virtual = 21917
INFO: [Common 17-1381] The checkpoint '/home/lxeng99/PTC/ptc-firmware/reference_design/Vivado/ME-XU5-5EV-2I-D12E/Mercury_XU5_PE1.runs/Mercury_XU5_zynq_ultra_ps_e_0_synth_1/Mercury_XU5_zynq_ultra_ps_e_0.dcp' has been generated.
WARNING: [Common 17-576] 'use_project_ipc' is deprecated. This option is deprecated and no longer used.
INFO: [Coretcl 2-1648] Added synthesis output to IP cache for IP Mercury_XU5_zynq_ultra_ps_e_0, cache-ID = a55176c72399e6ef
INFO: [Common 17-1381] The checkpoint '/home/lxeng99/PTC/ptc-firmware/reference_design/Vivado/ME-XU5-5EV-2I-D12E/Mercury_XU5_PE1.runs/Mercury_XU5_zynq_ultra_ps_e_0_synth_1/Mercury_XU5_zynq_ultra_ps_e_0.dcp' has been generated.
INFO: [runtcl-4] Executing : report_utilization -file Mercury_XU5_zynq_ultra_ps_e_0_utilization_synth.rpt -pb Mercury_XU5_zynq_ultra_ps_e_0_utilization_synth.pb
INFO: [Common 17-206] Exiting Vivado at Wed Aug 17 15:12:20 2022...
