Copyright 1986-2020 Xilinx, Inc. All Rights Reserved.
-------------------------------------------------------------------------------------------------------------------------------
| Tool Version : Vivado v.2020.1 (lin64) Build 2902540 Wed May 27 19:54:35 MDT 2020
| Date         : Wed Aug 17 15:19:42 2022
| Host         : lxeng99 running 64-bit Ubuntu 16.04.6 LTS
| Command      : report_utilization -file Mercury_XU5_ddr4_0_utilization_synth.rpt -pb Mercury_XU5_ddr4_0_utilization_synth.pb
| Design       : Mercury_XU5_ddr4_0
| Device       : xczu5evsfvc784-2
| Design State : Synthesized
-------------------------------------------------------------------------------------------------------------------------------

Utilization Design Information

Table of Contents
-----------------
1. CLB Logic
1.1 Summary of Registers by Type
2. BLOCKRAM
3. ARITHMETIC
4. I/O
5. CLOCK
6. ADVANCED
7. CONFIGURATION
8. Primitives
9. Black Boxes
10. Instantiated Netlists

1. CLB Logic
------------

+----------------------------+-------+-------+-----------+-------+
|          Site Type         |  Used | Fixed | Available | Util% |
+----------------------------+-------+-------+-----------+-------+
| CLB LUTs*                  |  8828 |     0 |    117120 |  7.54 |
|   LUT as Logic             |  8338 |     0 |    117120 |  7.12 |
|   LUT as Memory            |   490 |     0 |     57600 |  0.85 |
|     LUT as Distributed RAM |   272 |     0 |           |       |
|     LUT as Shift Register  |   218 |     0 |           |       |
| CLB Registers              | 10299 |     0 |    234240 |  4.40 |
|   Register as Flip Flop    | 10298 |     0 |    234240 |  4.40 |
|   Register as Latch        |     0 |     0 |    234240 |  0.00 |
|   Register as AND/OR       |     1 |     0 |    234240 | <0.01 |
| CARRY8                     |    56 |     0 |     14640 |  0.38 |
| F7 Muxes                   |   167 |     0 |     58560 |  0.29 |
| F8 Muxes                   |     0 |     0 |     29280 |  0.00 |
| F9 Muxes                   |     0 |     0 |     14640 |  0.00 |
+----------------------------+-------+-------+-----------+-------+
* Warning! The Final LUT count, after physical optimizations and full implementation, is typically lower. Run opt_design after synthesis, if not already completed, for a more realistic count.


1.1 Summary of Registers by Type
--------------------------------

+-------+--------------+-------------+--------------+
| Total | Clock Enable | Synchronous | Asynchronous |
+-------+--------------+-------------+--------------+
| 1     |            _ |           - |            - |
| 0     |            _ |           - |          Set |
| 0     |            _ |           - |        Reset |
| 0     |            _ |         Set |            - |
| 0     |            _ |       Reset |            - |
| 0     |          Yes |           - |            - |
| 2     |          Yes |           - |          Set |
| 0     |          Yes |           - |        Reset |
| 302   |          Yes |         Set |            - |
| 9994  |          Yes |       Reset |            - |
+-------+--------------+-------------+--------------+


2. BLOCKRAM
-----------

+-------------------+------+-------+-----------+-------+
|     Site Type     | Used | Fixed | Available | Util% |
+-------------------+------+-------+-----------+-------+
| Block RAM Tile    | 25.5 |     0 |       144 | 17.71 |
|   RAMB36/FIFO*    |   25 |     0 |       144 | 17.36 |
|     RAMB36E2 only |   25 |       |           |       |
|   RAMB18          |    1 |     0 |       288 |  0.35 |
|     RAMB18E2 only |    1 |       |           |       |
| URAM              |    0 |     0 |        64 |  0.00 |
+-------------------+------+-------+-----------+-------+
* Note: Each Block RAM Tile only has one FIFO logic available and therefore can accommodate only one FIFO36E2 or one FIFO18E2. However, if a FIFO18E2 occupies a Block RAM Tile, that tile can still accommodate a RAMB18E2


3. ARITHMETIC
-------------

+----------------+------+-------+-----------+-------+
|    Site Type   | Used | Fixed | Available | Util% |
+----------------+------+-------+-----------+-------+
| DSPs           |    3 |     0 |      1248 |  0.24 |
|   DSP48E2 only |    3 |       |           |       |
+----------------+------+-------+-----------+-------+


4. I/O
------

+------------+------+-------+-----------+-------+
|  Site Type | Used | Fixed | Available | Util% |
+------------+------+-------+-----------+-------+
| Bonded IOB |   51 |     0 |       252 | 20.24 |
+------------+------+-------+-----------+-------+


5. CLOCK
--------

+----------------------+------+-------+-----------+-------+
|       Site Type      | Used | Fixed | Available | Util% |
+----------------------+------+-------+-----------+-------+
| GLOBAL CLOCK BUFFERs |    8 |     0 |       352 |  2.27 |
|   BUFGCE             |    8 |     0 |       112 |  7.14 |
|   BUFGCE_DIV         |    0 |     0 |        16 |  0.00 |
|   BUFG_GT            |    0 |     0 |        96 |  0.00 |
|   BUFG_PS            |    0 |     0 |        96 |  0.00 |
|   BUFGCTRL*          |    0 |     0 |        32 |  0.00 |
| PLL                  |    1 |     0 |         8 | 12.50 |
| MMCM                 |    1 |     0 |         4 | 25.00 |
+----------------------+------+-------+-----------+-------+
* Note: Each used BUFGCTRL counts as two GLOBAL CLOCK BUFFERs. This table does not include global clocking resources, only buffer cell usage. See the Clock Utilization Report (report_clock_utilization) for detailed accounting of global clocking resource availability.


6. ADVANCED
-----------

+-----------------+------+-------+-----------+-------+
|    Site Type    | Used | Fixed | Available | Util% |
+-----------------+------+-------+-----------+-------+
| GTHE4_CHANNEL   |    0 |     0 |         4 |  0.00 |
| GTHE4_COMMON    |    0 |     0 |         1 |  0.00 |
| OBUFDS_GTE4     |    0 |     0 |         2 |  0.00 |
| OBUFDS_GTE4_ADV |    0 |     0 |         2 |  0.00 |
| PCIE40E4        |    0 |     0 |         2 |  0.00 |
| PS8             |    0 |     0 |         1 |  0.00 |
| SYSMONE4        |    0 |     0 |         1 |  0.00 |
| VCU             |    0 |     0 |         1 |  0.00 |
+-----------------+------+-------+-----------+-------+


7. CONFIGURATION
----------------

+-------------+------+-------+-----------+-------+
|  Site Type  | Used | Fixed | Available | Util% |
+-------------+------+-------+-----------+-------+
| BSCANE2     |    0 |     0 |         4 |  0.00 |
| DNA_PORTE2  |    0 |     0 |         1 |  0.00 |
| EFUSE_USR   |    0 |     0 |         1 |  0.00 |
| FRAME_ECCE4 |    0 |     0 |         1 |  0.00 |
| ICAPE3      |    0 |     0 |         2 |  0.00 |
| MASTER_JTAG |    0 |     0 |         1 |  0.00 |
| STARTUPE3   |    0 |     0 |         1 |  0.00 |
+-------------+------+-------+-----------+-------+


8. Primitives
-------------

+------------------+------+---------------------+
|     Ref Name     | Used | Functional Category |
+------------------+------+---------------------+
| FDRE             | 9994 |            Register |
| LUT6             | 3311 |                 CLB |
| LUT3             | 2516 |                 CLB |
| LUT5             | 1784 |                 CLB |
| LUT4             | 1707 |                 CLB |
| LUT2             |  733 |                 CLB |
| RAMD32           |  408 |                 CLB |
| FDSE             |  302 |            Register |
| LUT1             |  221 |                 CLB |
| MUXF7            |  167 |                 CLB |
| RAMS32           |  136 |                 CLB |
| SRLC32E          |  132 |                 CLB |
| SRL16E           |   86 |                 CLB |
| CARRY8           |   56 |                 CLB |
| RXTX_BITSLICE    |   45 |                 I/O |
| OBUF             |   27 |                 I/O |
| RAMB36E2         |   25 |           Block Ram |
| IBUFCTRL         |   21 |              Others |
| OBUFT_DCIEN      |   18 |                 I/O |
| INBUF            |   18 |                 I/O |
| TX_BITSLICE_TRI  |    8 |                 I/O |
| BUFGCE           |    8 |               Clock |
| BITSLICE_CONTROL |    8 |                 I/O |
| RIU_OR           |    4 |                 I/O |
| OBUFT            |    4 |                 I/O |
| INV              |    3 |                 CLB |
| DSP48E2          |    3 |          Arithmetic |
| DIFFINBUF        |    3 |                 I/O |
| HPIO_VREF        |    2 |                 I/O |
| FDPE             |    2 |            Register |
| RAMB18E2         |    1 |           Block Ram |
| PLLE4_ADV        |    1 |               Clock |
| MMCME4_ADV       |    1 |               Clock |
| AND2B1L          |    1 |              Others |
+------------------+------+---------------------+


9. Black Boxes
--------------

+----------+------+
| Ref Name | Used |
+----------+------+


10. Instantiated Netlists
-------------------------

+----------+------+
| Ref Name | Used |
+----------+------+


