
*** Running vivado
    with args -log Mercury_XU5_system_management_wiz_0.vds -m64 -product Vivado -mode batch -messageDb vivado.pb -notrace -source Mercury_XU5_system_management_wiz_0.tcl


****** Vivado v2020.1 (64-bit)
  **** SW Build 2902540 on Wed May 27 19:54:35 MDT 2020
  **** IP Build 2902112 on Wed May 27 22:43:36 MDT 2020
    ** Copyright 1986-2020 Xilinx, Inc. All Rights Reserved.

WARNING: [Runs 36-547] User Strategy 'Vivado Synthesis Defaults' from file '/home/lxeng99/.Xilinx/Vivado/strategies/Vivado Synthesis Defaults.Vivado Synthesis 2019.psg' discarded because strategy with same name already parsed from '/opt/Xilinx/Vivado/2020.1/strategies/VDS2019.psg'
WARNING: [Runs 36-547] User Strategy 'Vivado Implementation Defaults' from file '/home/lxeng99/.Xilinx/Vivado/strategies/Vivado Implementation Defaults.Vivado Implementation 2019.psg' discarded because strategy with same name already parsed from '/opt/Xilinx/Vivado/2020.1/strategies/VDI2019.psg'
source Mercury_XU5_system_management_wiz_0.tcl -notrace
Command: synth_design -top Mercury_XU5_system_management_wiz_0 -part xczu5ev-sfvc784-2-i -mode out_of_context
Starting synth_design
Attempting to get a license for feature 'Synthesis' and/or device 'xczu5ev'
INFO: [Common 17-349] Got license for feature 'Synthesis' and/or device 'xczu5ev'
INFO: [Device 21-403] Loading part xczu5ev-sfvc784-2-i
INFO: [Synth 8-7079] Multithreading enabled for synth_design using a maximum of 4 processes.
INFO: [Synth 8-7078] Launching helper process for spawning children vivado processes
INFO: [Synth 8-7075] Helper process launched with PID 29766
---------------------------------------------------------------------------------
Starting RTL Elaboration : Time (s): cpu = 00:00:04 ; elapsed = 00:00:09 . Memory (MB): peak = 2609.668 ; gain = 7.801 ; free physical = 175 ; free virtual = 19132
---------------------------------------------------------------------------------
INFO: [Synth 8-638] synthesizing module 'Mercury_XU5_system_management_wiz_0' [/home/lxeng99/PTC/ptc-firmware/reference_design/Vivado/ME-XU5-5EV-2I-D12E/Mercury_XU5_PE1.srcs/sources_1/bd/Mercury_XU5/ip/Mercury_XU5_system_management_wiz_0/Mercury_XU5_system_management_wiz_0.vhd:100]
WARNING: [Synth 8-3819] Generic 'BG_WIDTH' not present in instantiated entity will be ignored
	Parameter C_INSTANCE bound to: Mercury_XU5_system_management_wiz_0_axi_xadc - type: string 
	Parameter C_FAMILY bound to: kintexu - type: string 
	Parameter C_S_AXI_ADDR_WIDTH bound to: 13 - type: integer 
	Parameter C_S_AXI_DATA_WIDTH bound to: 32 - type: integer 
	Parameter C_INCLUDE_INTR bound to: 1 - type: integer 
	Parameter C_SIM_MONITOR_FILE bound to: design.txt - type: string 
INFO: [Synth 8-3491] module 'Mercury_XU5_system_management_wiz_0_axi_xadc' declared at '/home/lxeng99/PTC/ptc-firmware/reference_design/Vivado/ME-XU5-5EV-2I-D12E/Mercury_XU5_PE1.srcs/sources_1/bd/Mercury_XU5/ip/Mercury_XU5_system_management_wiz_0/Mercury_XU5_system_management_wiz_0_axi_xadc.vhd:142' bound to instance 'U0' of component 'Mercury_XU5_system_management_wiz_0_axi_xadc' [/home/lxeng99/PTC/ptc-firmware/reference_design/Vivado/ME-XU5-5EV-2I-D12E/Mercury_XU5_PE1.srcs/sources_1/bd/Mercury_XU5/ip/Mercury_XU5_system_management_wiz_0/Mercury_XU5_system_management_wiz_0.vhd:180]
INFO: [Synth 8-638] synthesizing module 'Mercury_XU5_system_management_wiz_0_axi_xadc' [/home/lxeng99/PTC/ptc-firmware/reference_design/Vivado/ME-XU5-5EV-2I-D12E/Mercury_XU5_PE1.srcs/sources_1/bd/Mercury_XU5/ip/Mercury_XU5_system_management_wiz_0/Mercury_XU5_system_management_wiz_0_axi_xadc.vhd:237]
	Parameter C_INSTANCE bound to: Mercury_XU5_system_management_wiz_0_axi_xadc - type: string 
	Parameter C_FAMILY bound to: kintexu - type: string 
	Parameter C_S_AXI_ADDR_WIDTH bound to: 13 - type: integer 
	Parameter C_S_AXI_DATA_WIDTH bound to: 32 - type: integer 
	Parameter C_INCLUDE_INTR bound to: 1 - type: integer 
	Parameter C_SIM_MONITOR_FILE bound to: design.txt - type: string 
INFO: [Synth 8-638] synthesizing module 'Mercury_XU5_system_management_wiz_0_axi_lite_ipif' [/home/lxeng99/PTC/ptc-firmware/reference_design/Vivado/ME-XU5-5EV-2I-D12E/Mercury_XU5_PE1.srcs/sources_1/bd/Mercury_XU5/ip/Mercury_XU5_system_management_wiz_0/axi_lite_ipif_v1_31_a/hdl/src/vhdl/Mercury_XU5_system_management_wiz_0_axi_lite_ipif.vhd:241]
	Parameter C_S_AXI_DATA_WIDTH bound to: 32 - type: integer 
	Parameter C_S_AXI_ADDR_WIDTH bound to: 13 - type: integer 
	Parameter C_S_AXI_MIN_SIZE bound to: 32'b00000000000000000000011111111111 
	Parameter C_USE_WSTRB bound to: 1 - type: integer 
	Parameter C_DPHASE_TIMEOUT bound to: 64 - type: integer 
	Parameter C_ARD_ADDR_RANGE_ARRAY bound to: 384'b000000000000000000000000000000000000000000000000000000000000000000000000000000000000000000000000000000000000000000000000000111110000000000000000000000000000000000000000000000000000000001000000000000000000000000000000000000000000000000000000000000000111111100000000000000000000000000000000000000000000000000000100000000000000000000000000000000000000000000000000000000000001111111111111 
	Parameter C_ARD_NUM_CE_ARRAY bound to: 96'b000000000000000000000000000010000000000000000000000000000001000000000000000000000000000000000001 
	Parameter C_FAMILY bound to: kintexu - type: string 
INFO: [Synth 8-638] synthesizing module 'Mercury_XU5_system_management_wiz_0_slave_attachment' [/home/lxeng99/PTC/ptc-firmware/reference_design/Vivado/ME-XU5-5EV-2I-D12E/Mercury_XU5_PE1.srcs/sources_1/bd/Mercury_XU5/ip/Mercury_XU5_system_management_wiz_0/axi_lite_ipif_v1_31_a/hdl/src/vhdl/Mercury_XU5_system_management_wiz_0_slave_attachment.vhd:227]
	Parameter C_ARD_ADDR_RANGE_ARRAY bound to: 384'b000000000000000000000000000000000000000000000000000000000000000000000000000000000000000000000000000000000000000000000000000111110000000000000000000000000000000000000000000000000000000001000000000000000000000000000000000000000000000000000000000000000111111100000000000000000000000000000000000000000000000000000100000000000000000000000000000000000000000000000000000000000001111111111111 
	Parameter C_ARD_NUM_CE_ARRAY bound to: 96'b000000000000000000000000000010000000000000000000000000000001000000000000000000000000000000000001 
	Parameter C_IPIF_ABUS_WIDTH bound to: 13 - type: integer 
	Parameter C_IPIF_DBUS_WIDTH bound to: 32 - type: integer 
	Parameter C_S_AXI_MIN_SIZE bound to: 2047 - type: integer 
	Parameter C_USE_WSTRB bound to: 1 - type: integer 
	Parameter C_DPHASE_TIMEOUT bound to: 64 - type: integer 
	Parameter C_FAMILY bound to: kintexu - type: string 
INFO: [Synth 8-638] synthesizing module 'Mercury_XU5_system_management_wiz_0_address_decoder' [/home/lxeng99/PTC/ptc-firmware/reference_design/Vivado/ME-XU5-5EV-2I-D12E/Mercury_XU5_PE1.srcs/sources_1/bd/Mercury_XU5/ip/Mercury_XU5_system_management_wiz_0/axi_lite_ipif_v1_31_a/hdl/src/vhdl/Mercury_XU5_system_management_wiz_0_address_decoder.vhd:176]
	Parameter C_BUS_AWIDTH bound to: 11 - type: integer 
	Parameter C_S_AXI_MIN_SIZE bound to: 2047 - type: integer 
	Parameter C_ARD_ADDR_RANGE_ARRAY bound to: 384'b000000000000000000000000000000000000000000000000000000000000000000000000000000000000000000000000000000000000000000000000000111110000000000000000000000000000000000000000000000000000000001000000000000000000000000000000000000000000000000000000000000000111111100000000000000000000000000000000000000000000000000000100000000000000000000000000000000000000000000000000000000000001111111111111 
	Parameter C_ARD_NUM_CE_ARRAY bound to: 96'b000000000000000000000000000010000000000000000000000000000001000000000000000000000000000000000001 
	Parameter C_FAMILY bound to: nofamily - type: string 
INFO: [Synth 8-638] synthesizing module 'Mercury_XU5_system_management_wiz_0_pselect_f' [/home/lxeng99/PTC/ptc-firmware/reference_design/Vivado/ME-XU5-5EV-2I-D12E/Mercury_XU5_PE1.srcs/sources_1/bd/Mercury_XU5/ip/Mercury_XU5_system_management_wiz_0/proc_common_v3_00_a/hdl/src/vhdl/Mercury_XU5_system_management_wiz_0_pselect_f.vhd:167]
	Parameter C_AB bound to: 6 - type: integer 
	Parameter C_AW bound to: 11 - type: integer 
	Parameter C_BAR bound to: 11'b00000000000 
	Parameter C_FAMILY bound to: nofamily - type: string 
INFO: [Synth 8-256] done synthesizing module 'Mercury_XU5_system_management_wiz_0_pselect_f' (1#1) [/home/lxeng99/PTC/ptc-firmware/reference_design/Vivado/ME-XU5-5EV-2I-D12E/Mercury_XU5_PE1.srcs/sources_1/bd/Mercury_XU5/ip/Mercury_XU5_system_management_wiz_0/proc_common_v3_00_a/hdl/src/vhdl/Mercury_XU5_system_management_wiz_0_pselect_f.vhd:167]
INFO: [Synth 8-638] synthesizing module 'Mercury_XU5_system_management_wiz_0_pselect_f__parameterized0' [/home/lxeng99/PTC/ptc-firmware/reference_design/Vivado/ME-XU5-5EV-2I-D12E/Mercury_XU5_PE1.srcs/sources_1/bd/Mercury_XU5/ip/Mercury_XU5_system_management_wiz_0/proc_common_v3_00_a/hdl/src/vhdl/Mercury_XU5_system_management_wiz_0_pselect_f.vhd:167]
	Parameter C_AB bound to: 3 - type: integer 
	Parameter C_AW bound to: 3 - type: integer 
	Parameter C_BAR bound to: 3'b000 
	Parameter C_FAMILY bound to: nofamily - type: string 
INFO: [Synth 8-256] done synthesizing module 'Mercury_XU5_system_management_wiz_0_pselect_f__parameterized0' (1#1) [/home/lxeng99/PTC/ptc-firmware/reference_design/Vivado/ME-XU5-5EV-2I-D12E/Mercury_XU5_PE1.srcs/sources_1/bd/Mercury_XU5/ip/Mercury_XU5_system_management_wiz_0/proc_common_v3_00_a/hdl/src/vhdl/Mercury_XU5_system_management_wiz_0_pselect_f.vhd:167]
INFO: [Synth 8-638] synthesizing module 'Mercury_XU5_system_management_wiz_0_pselect_f__parameterized1' [/home/lxeng99/PTC/ptc-firmware/reference_design/Vivado/ME-XU5-5EV-2I-D12E/Mercury_XU5_PE1.srcs/sources_1/bd/Mercury_XU5/ip/Mercury_XU5_system_management_wiz_0/proc_common_v3_00_a/hdl/src/vhdl/Mercury_XU5_system_management_wiz_0_pselect_f.vhd:167]
	Parameter C_AB bound to: 3 - type: integer 
	Parameter C_AW bound to: 3 - type: integer 
	Parameter C_BAR bound to: 3'b001 
	Parameter C_FAMILY bound to: nofamily - type: string 
INFO: [Synth 8-256] done synthesizing module 'Mercury_XU5_system_management_wiz_0_pselect_f__parameterized1' (1#1) [/home/lxeng99/PTC/ptc-firmware/reference_design/Vivado/ME-XU5-5EV-2I-D12E/Mercury_XU5_PE1.srcs/sources_1/bd/Mercury_XU5/ip/Mercury_XU5_system_management_wiz_0/proc_common_v3_00_a/hdl/src/vhdl/Mercury_XU5_system_management_wiz_0_pselect_f.vhd:167]
INFO: [Synth 8-638] synthesizing module 'Mercury_XU5_system_management_wiz_0_pselect_f__parameterized2' [/home/lxeng99/PTC/ptc-firmware/reference_design/Vivado/ME-XU5-5EV-2I-D12E/Mercury_XU5_PE1.srcs/sources_1/bd/Mercury_XU5/ip/Mercury_XU5_system_management_wiz_0/proc_common_v3_00_a/hdl/src/vhdl/Mercury_XU5_system_management_wiz_0_pselect_f.vhd:167]
	Parameter C_AB bound to: 3 - type: integer 
	Parameter C_AW bound to: 3 - type: integer 
	Parameter C_BAR bound to: 3'b010 
	Parameter C_FAMILY bound to: nofamily - type: string 
INFO: [Synth 8-256] done synthesizing module 'Mercury_XU5_system_management_wiz_0_pselect_f__parameterized2' (1#1) [/home/lxeng99/PTC/ptc-firmware/reference_design/Vivado/ME-XU5-5EV-2I-D12E/Mercury_XU5_PE1.srcs/sources_1/bd/Mercury_XU5/ip/Mercury_XU5_system_management_wiz_0/proc_common_v3_00_a/hdl/src/vhdl/Mercury_XU5_system_management_wiz_0_pselect_f.vhd:167]
INFO: [Synth 8-638] synthesizing module 'Mercury_XU5_system_management_wiz_0_pselect_f__parameterized3' [/home/lxeng99/PTC/ptc-firmware/reference_design/Vivado/ME-XU5-5EV-2I-D12E/Mercury_XU5_PE1.srcs/sources_1/bd/Mercury_XU5/ip/Mercury_XU5_system_management_wiz_0/proc_common_v3_00_a/hdl/src/vhdl/Mercury_XU5_system_management_wiz_0_pselect_f.vhd:167]
	Parameter C_AB bound to: 3 - type: integer 
	Parameter C_AW bound to: 3 - type: integer 
	Parameter C_BAR bound to: 3'b011 
	Parameter C_FAMILY bound to: nofamily - type: string 
INFO: [Synth 8-256] done synthesizing module 'Mercury_XU5_system_management_wiz_0_pselect_f__parameterized3' (1#1) [/home/lxeng99/PTC/ptc-firmware/reference_design/Vivado/ME-XU5-5EV-2I-D12E/Mercury_XU5_PE1.srcs/sources_1/bd/Mercury_XU5/ip/Mercury_XU5_system_management_wiz_0/proc_common_v3_00_a/hdl/src/vhdl/Mercury_XU5_system_management_wiz_0_pselect_f.vhd:167]
INFO: [Synth 8-638] synthesizing module 'Mercury_XU5_system_management_wiz_0_pselect_f__parameterized4' [/home/lxeng99/PTC/ptc-firmware/reference_design/Vivado/ME-XU5-5EV-2I-D12E/Mercury_XU5_PE1.srcs/sources_1/bd/Mercury_XU5/ip/Mercury_XU5_system_management_wiz_0/proc_common_v3_00_a/hdl/src/vhdl/Mercury_XU5_system_management_wiz_0_pselect_f.vhd:167]
	Parameter C_AB bound to: 3 - type: integer 
	Parameter C_AW bound to: 3 - type: integer 
	Parameter C_BAR bound to: 3'b100 
	Parameter C_FAMILY bound to: nofamily - type: string 
INFO: [Synth 8-256] done synthesizing module 'Mercury_XU5_system_management_wiz_0_pselect_f__parameterized4' (1#1) [/home/lxeng99/PTC/ptc-firmware/reference_design/Vivado/ME-XU5-5EV-2I-D12E/Mercury_XU5_PE1.srcs/sources_1/bd/Mercury_XU5/ip/Mercury_XU5_system_management_wiz_0/proc_common_v3_00_a/hdl/src/vhdl/Mercury_XU5_system_management_wiz_0_pselect_f.vhd:167]
INFO: [Synth 8-638] synthesizing module 'Mercury_XU5_system_management_wiz_0_pselect_f__parameterized5' [/home/lxeng99/PTC/ptc-firmware/reference_design/Vivado/ME-XU5-5EV-2I-D12E/Mercury_XU5_PE1.srcs/sources_1/bd/Mercury_XU5/ip/Mercury_XU5_system_management_wiz_0/proc_common_v3_00_a/hdl/src/vhdl/Mercury_XU5_system_management_wiz_0_pselect_f.vhd:167]
	Parameter C_AB bound to: 3 - type: integer 
	Parameter C_AW bound to: 3 - type: integer 
	Parameter C_BAR bound to: 3'b101 
	Parameter C_FAMILY bound to: nofamily - type: string 
INFO: [Synth 8-256] done synthesizing module 'Mercury_XU5_system_management_wiz_0_pselect_f__parameterized5' (1#1) [/home/lxeng99/PTC/ptc-firmware/reference_design/Vivado/ME-XU5-5EV-2I-D12E/Mercury_XU5_PE1.srcs/sources_1/bd/Mercury_XU5/ip/Mercury_XU5_system_management_wiz_0/proc_common_v3_00_a/hdl/src/vhdl/Mercury_XU5_system_management_wiz_0_pselect_f.vhd:167]
INFO: [Synth 8-638] synthesizing module 'Mercury_XU5_system_management_wiz_0_pselect_f__parameterized6' [/home/lxeng99/PTC/ptc-firmware/reference_design/Vivado/ME-XU5-5EV-2I-D12E/Mercury_XU5_PE1.srcs/sources_1/bd/Mercury_XU5/ip/Mercury_XU5_system_management_wiz_0/proc_common_v3_00_a/hdl/src/vhdl/Mercury_XU5_system_management_wiz_0_pselect_f.vhd:167]
	Parameter C_AB bound to: 3 - type: integer 
	Parameter C_AW bound to: 3 - type: integer 
	Parameter C_BAR bound to: 3'b110 
	Parameter C_FAMILY bound to: nofamily - type: string 
INFO: [Synth 8-256] done synthesizing module 'Mercury_XU5_system_management_wiz_0_pselect_f__parameterized6' (1#1) [/home/lxeng99/PTC/ptc-firmware/reference_design/Vivado/ME-XU5-5EV-2I-D12E/Mercury_XU5_PE1.srcs/sources_1/bd/Mercury_XU5/ip/Mercury_XU5_system_management_wiz_0/proc_common_v3_00_a/hdl/src/vhdl/Mercury_XU5_system_management_wiz_0_pselect_f.vhd:167]
INFO: [Synth 8-638] synthesizing module 'Mercury_XU5_system_management_wiz_0_pselect_f__parameterized7' [/home/lxeng99/PTC/ptc-firmware/reference_design/Vivado/ME-XU5-5EV-2I-D12E/Mercury_XU5_PE1.srcs/sources_1/bd/Mercury_XU5/ip/Mercury_XU5_system_management_wiz_0/proc_common_v3_00_a/hdl/src/vhdl/Mercury_XU5_system_management_wiz_0_pselect_f.vhd:167]
	Parameter C_AB bound to: 3 - type: integer 
	Parameter C_AW bound to: 3 - type: integer 
	Parameter C_BAR bound to: 3'b111 
	Parameter C_FAMILY bound to: nofamily - type: string 
INFO: [Synth 8-256] done synthesizing module 'Mercury_XU5_system_management_wiz_0_pselect_f__parameterized7' (1#1) [/home/lxeng99/PTC/ptc-firmware/reference_design/Vivado/ME-XU5-5EV-2I-D12E/Mercury_XU5_PE1.srcs/sources_1/bd/Mercury_XU5/ip/Mercury_XU5_system_management_wiz_0/proc_common_v3_00_a/hdl/src/vhdl/Mercury_XU5_system_management_wiz_0_pselect_f.vhd:167]
INFO: [Synth 8-638] synthesizing module 'Mercury_XU5_system_management_wiz_0_pselect_f__parameterized8' [/home/lxeng99/PTC/ptc-firmware/reference_design/Vivado/ME-XU5-5EV-2I-D12E/Mercury_XU5_PE1.srcs/sources_1/bd/Mercury_XU5/ip/Mercury_XU5_system_management_wiz_0/proc_common_v3_00_a/hdl/src/vhdl/Mercury_XU5_system_management_wiz_0_pselect_f.vhd:167]
	Parameter C_AB bound to: 5 - type: integer 
	Parameter C_AW bound to: 11 - type: integer 
	Parameter C_BAR bound to: 11'b00001000000 
	Parameter C_FAMILY bound to: nofamily - type: string 
INFO: [Synth 8-256] done synthesizing module 'Mercury_XU5_system_management_wiz_0_pselect_f__parameterized8' (1#1) [/home/lxeng99/PTC/ptc-firmware/reference_design/Vivado/ME-XU5-5EV-2I-D12E/Mercury_XU5_PE1.srcs/sources_1/bd/Mercury_XU5/ip/Mercury_XU5_system_management_wiz_0/proc_common_v3_00_a/hdl/src/vhdl/Mercury_XU5_system_management_wiz_0_pselect_f.vhd:167]
INFO: [Synth 8-638] synthesizing module 'Mercury_XU5_system_management_wiz_0_pselect_f__parameterized9' [/home/lxeng99/PTC/ptc-firmware/reference_design/Vivado/ME-XU5-5EV-2I-D12E/Mercury_XU5_PE1.srcs/sources_1/bd/Mercury_XU5/ip/Mercury_XU5_system_management_wiz_0/proc_common_v3_00_a/hdl/src/vhdl/Mercury_XU5_system_management_wiz_0_pselect_f.vhd:167]
	Parameter C_AB bound to: 4 - type: integer 
	Parameter C_AW bound to: 4 - type: integer 
	Parameter C_BAR bound to: 4'b0000 
	Parameter C_FAMILY bound to: nofamily - type: string 
INFO: [Synth 8-256] done synthesizing module 'Mercury_XU5_system_management_wiz_0_pselect_f__parameterized9' (1#1) [/home/lxeng99/PTC/ptc-firmware/reference_design/Vivado/ME-XU5-5EV-2I-D12E/Mercury_XU5_PE1.srcs/sources_1/bd/Mercury_XU5/ip/Mercury_XU5_system_management_wiz_0/proc_common_v3_00_a/hdl/src/vhdl/Mercury_XU5_system_management_wiz_0_pselect_f.vhd:167]
INFO: [Synth 8-638] synthesizing module 'Mercury_XU5_system_management_wiz_0_pselect_f__parameterized10' [/home/lxeng99/PTC/ptc-firmware/reference_design/Vivado/ME-XU5-5EV-2I-D12E/Mercury_XU5_PE1.srcs/sources_1/bd/Mercury_XU5/ip/Mercury_XU5_system_management_wiz_0/proc_common_v3_00_a/hdl/src/vhdl/Mercury_XU5_system_management_wiz_0_pselect_f.vhd:167]
	Parameter C_AB bound to: 4 - type: integer 
	Parameter C_AW bound to: 4 - type: integer 
	Parameter C_BAR bound to: 4'b0001 
	Parameter C_FAMILY bound to: nofamily - type: string 
INFO: [Synth 8-256] done synthesizing module 'Mercury_XU5_system_management_wiz_0_pselect_f__parameterized10' (1#1) [/home/lxeng99/PTC/ptc-firmware/reference_design/Vivado/ME-XU5-5EV-2I-D12E/Mercury_XU5_PE1.srcs/sources_1/bd/Mercury_XU5/ip/Mercury_XU5_system_management_wiz_0/proc_common_v3_00_a/hdl/src/vhdl/Mercury_XU5_system_management_wiz_0_pselect_f.vhd:167]
INFO: [Synth 8-638] synthesizing module 'Mercury_XU5_system_management_wiz_0_pselect_f__parameterized11' [/home/lxeng99/PTC/ptc-firmware/reference_design/Vivado/ME-XU5-5EV-2I-D12E/Mercury_XU5_PE1.srcs/sources_1/bd/Mercury_XU5/ip/Mercury_XU5_system_management_wiz_0/proc_common_v3_00_a/hdl/src/vhdl/Mercury_XU5_system_management_wiz_0_pselect_f.vhd:167]
	Parameter C_AB bound to: 4 - type: integer 
	Parameter C_AW bound to: 4 - type: integer 
	Parameter C_BAR bound to: 4'b0010 
	Parameter C_FAMILY bound to: nofamily - type: string 
INFO: [Synth 8-256] done synthesizing module 'Mercury_XU5_system_management_wiz_0_pselect_f__parameterized11' (1#1) [/home/lxeng99/PTC/ptc-firmware/reference_design/Vivado/ME-XU5-5EV-2I-D12E/Mercury_XU5_PE1.srcs/sources_1/bd/Mercury_XU5/ip/Mercury_XU5_system_management_wiz_0/proc_common_v3_00_a/hdl/src/vhdl/Mercury_XU5_system_management_wiz_0_pselect_f.vhd:167]
INFO: [Synth 8-638] synthesizing module 'Mercury_XU5_system_management_wiz_0_pselect_f__parameterized12' [/home/lxeng99/PTC/ptc-firmware/reference_design/Vivado/ME-XU5-5EV-2I-D12E/Mercury_XU5_PE1.srcs/sources_1/bd/Mercury_XU5/ip/Mercury_XU5_system_management_wiz_0/proc_common_v3_00_a/hdl/src/vhdl/Mercury_XU5_system_management_wiz_0_pselect_f.vhd:167]
	Parameter C_AB bound to: 4 - type: integer 
	Parameter C_AW bound to: 4 - type: integer 
	Parameter C_BAR bound to: 4'b0011 
	Parameter C_FAMILY bound to: nofamily - type: string 
INFO: [Synth 8-256] done synthesizing module 'Mercury_XU5_system_management_wiz_0_pselect_f__parameterized12' (1#1) [/home/lxeng99/PTC/ptc-firmware/reference_design/Vivado/ME-XU5-5EV-2I-D12E/Mercury_XU5_PE1.srcs/sources_1/bd/Mercury_XU5/ip/Mercury_XU5_system_management_wiz_0/proc_common_v3_00_a/hdl/src/vhdl/Mercury_XU5_system_management_wiz_0_pselect_f.vhd:167]
INFO: [Synth 8-638] synthesizing module 'Mercury_XU5_system_management_wiz_0_pselect_f__parameterized13' [/home/lxeng99/PTC/ptc-firmware/reference_design/Vivado/ME-XU5-5EV-2I-D12E/Mercury_XU5_PE1.srcs/sources_1/bd/Mercury_XU5/ip/Mercury_XU5_system_management_wiz_0/proc_common_v3_00_a/hdl/src/vhdl/Mercury_XU5_system_management_wiz_0_pselect_f.vhd:167]
	Parameter C_AB bound to: 4 - type: integer 
	Parameter C_AW bound to: 4 - type: integer 
	Parameter C_BAR bound to: 4'b0100 
	Parameter C_FAMILY bound to: nofamily - type: string 
INFO: [Synth 8-256] done synthesizing module 'Mercury_XU5_system_management_wiz_0_pselect_f__parameterized13' (1#1) [/home/lxeng99/PTC/ptc-firmware/reference_design/Vivado/ME-XU5-5EV-2I-D12E/Mercury_XU5_PE1.srcs/sources_1/bd/Mercury_XU5/ip/Mercury_XU5_system_management_wiz_0/proc_common_v3_00_a/hdl/src/vhdl/Mercury_XU5_system_management_wiz_0_pselect_f.vhd:167]
INFO: [Synth 8-638] synthesizing module 'Mercury_XU5_system_management_wiz_0_pselect_f__parameterized14' [/home/lxeng99/PTC/ptc-firmware/reference_design/Vivado/ME-XU5-5EV-2I-D12E/Mercury_XU5_PE1.srcs/sources_1/bd/Mercury_XU5/ip/Mercury_XU5_system_management_wiz_0/proc_common_v3_00_a/hdl/src/vhdl/Mercury_XU5_system_management_wiz_0_pselect_f.vhd:167]
	Parameter C_AB bound to: 4 - type: integer 
	Parameter C_AW bound to: 4 - type: integer 
	Parameter C_BAR bound to: 4'b0101 
	Parameter C_FAMILY bound to: nofamily - type: string 
INFO: [Synth 8-256] done synthesizing module 'Mercury_XU5_system_management_wiz_0_pselect_f__parameterized14' (1#1) [/home/lxeng99/PTC/ptc-firmware/reference_design/Vivado/ME-XU5-5EV-2I-D12E/Mercury_XU5_PE1.srcs/sources_1/bd/Mercury_XU5/ip/Mercury_XU5_system_management_wiz_0/proc_common_v3_00_a/hdl/src/vhdl/Mercury_XU5_system_management_wiz_0_pselect_f.vhd:167]
INFO: [Synth 8-638] synthesizing module 'Mercury_XU5_system_management_wiz_0_pselect_f__parameterized15' [/home/lxeng99/PTC/ptc-firmware/reference_design/Vivado/ME-XU5-5EV-2I-D12E/Mercury_XU5_PE1.srcs/sources_1/bd/Mercury_XU5/ip/Mercury_XU5_system_management_wiz_0/proc_common_v3_00_a/hdl/src/vhdl/Mercury_XU5_system_management_wiz_0_pselect_f.vhd:167]
	Parameter C_AB bound to: 4 - type: integer 
	Parameter C_AW bound to: 4 - type: integer 
	Parameter C_BAR bound to: 4'b0110 
	Parameter C_FAMILY bound to: nofamily - type: string 
INFO: [Synth 8-256] done synthesizing module 'Mercury_XU5_system_management_wiz_0_pselect_f__parameterized15' (1#1) [/home/lxeng99/PTC/ptc-firmware/reference_design/Vivado/ME-XU5-5EV-2I-D12E/Mercury_XU5_PE1.srcs/sources_1/bd/Mercury_XU5/ip/Mercury_XU5_system_management_wiz_0/proc_common_v3_00_a/hdl/src/vhdl/Mercury_XU5_system_management_wiz_0_pselect_f.vhd:167]
INFO: [Synth 8-638] synthesizing module 'Mercury_XU5_system_management_wiz_0_pselect_f__parameterized16' [/home/lxeng99/PTC/ptc-firmware/reference_design/Vivado/ME-XU5-5EV-2I-D12E/Mercury_XU5_PE1.srcs/sources_1/bd/Mercury_XU5/ip/Mercury_XU5_system_management_wiz_0/proc_common_v3_00_a/hdl/src/vhdl/Mercury_XU5_system_management_wiz_0_pselect_f.vhd:167]
	Parameter C_AB bound to: 4 - type: integer 
	Parameter C_AW bound to: 4 - type: integer 
	Parameter C_BAR bound to: 4'b0111 
	Parameter C_FAMILY bound to: nofamily - type: string 
INFO: [Synth 8-256] done synthesizing module 'Mercury_XU5_system_management_wiz_0_pselect_f__parameterized16' (1#1) [/home/lxeng99/PTC/ptc-firmware/reference_design/Vivado/ME-XU5-5EV-2I-D12E/Mercury_XU5_PE1.srcs/sources_1/bd/Mercury_XU5/ip/Mercury_XU5_system_management_wiz_0/proc_common_v3_00_a/hdl/src/vhdl/Mercury_XU5_system_management_wiz_0_pselect_f.vhd:167]
INFO: [Synth 8-638] synthesizing module 'Mercury_XU5_system_management_wiz_0_pselect_f__parameterized17' [/home/lxeng99/PTC/ptc-firmware/reference_design/Vivado/ME-XU5-5EV-2I-D12E/Mercury_XU5_PE1.srcs/sources_1/bd/Mercury_XU5/ip/Mercury_XU5_system_management_wiz_0/proc_common_v3_00_a/hdl/src/vhdl/Mercury_XU5_system_management_wiz_0_pselect_f.vhd:167]
	Parameter C_AB bound to: 4 - type: integer 
	Parameter C_AW bound to: 4 - type: integer 
	Parameter C_BAR bound to: 4'b1000 
	Parameter C_FAMILY bound to: nofamily - type: string 
INFO: [Synth 8-256] done synthesizing module 'Mercury_XU5_system_management_wiz_0_pselect_f__parameterized17' (1#1) [/home/lxeng99/PTC/ptc-firmware/reference_design/Vivado/ME-XU5-5EV-2I-D12E/Mercury_XU5_PE1.srcs/sources_1/bd/Mercury_XU5/ip/Mercury_XU5_system_management_wiz_0/proc_common_v3_00_a/hdl/src/vhdl/Mercury_XU5_system_management_wiz_0_pselect_f.vhd:167]
INFO: [Synth 8-638] synthesizing module 'Mercury_XU5_system_management_wiz_0_pselect_f__parameterized18' [/home/lxeng99/PTC/ptc-firmware/reference_design/Vivado/ME-XU5-5EV-2I-D12E/Mercury_XU5_PE1.srcs/sources_1/bd/Mercury_XU5/ip/Mercury_XU5_system_management_wiz_0/proc_common_v3_00_a/hdl/src/vhdl/Mercury_XU5_system_management_wiz_0_pselect_f.vhd:167]
	Parameter C_AB bound to: 4 - type: integer 
	Parameter C_AW bound to: 4 - type: integer 
	Parameter C_BAR bound to: 4'b1001 
	Parameter C_FAMILY bound to: nofamily - type: string 
INFO: [Synth 8-256] done synthesizing module 'Mercury_XU5_system_management_wiz_0_pselect_f__parameterized18' (1#1) [/home/lxeng99/PTC/ptc-firmware/reference_design/Vivado/ME-XU5-5EV-2I-D12E/Mercury_XU5_PE1.srcs/sources_1/bd/Mercury_XU5/ip/Mercury_XU5_system_management_wiz_0/proc_common_v3_00_a/hdl/src/vhdl/Mercury_XU5_system_management_wiz_0_pselect_f.vhd:167]
INFO: [Synth 8-638] synthesizing module 'Mercury_XU5_system_management_wiz_0_pselect_f__parameterized19' [/home/lxeng99/PTC/ptc-firmware/reference_design/Vivado/ME-XU5-5EV-2I-D12E/Mercury_XU5_PE1.srcs/sources_1/bd/Mercury_XU5/ip/Mercury_XU5_system_management_wiz_0/proc_common_v3_00_a/hdl/src/vhdl/Mercury_XU5_system_management_wiz_0_pselect_f.vhd:167]
	Parameter C_AB bound to: 4 - type: integer 
	Parameter C_AW bound to: 4 - type: integer 
	Parameter C_BAR bound to: 4'b1010 
	Parameter C_FAMILY bound to: nofamily - type: string 
INFO: [Synth 8-256] done synthesizing module 'Mercury_XU5_system_management_wiz_0_pselect_f__parameterized19' (1#1) [/home/lxeng99/PTC/ptc-firmware/reference_design/Vivado/ME-XU5-5EV-2I-D12E/Mercury_XU5_PE1.srcs/sources_1/bd/Mercury_XU5/ip/Mercury_XU5_system_management_wiz_0/proc_common_v3_00_a/hdl/src/vhdl/Mercury_XU5_system_management_wiz_0_pselect_f.vhd:167]
INFO: [Synth 8-638] synthesizing module 'Mercury_XU5_system_management_wiz_0_pselect_f__parameterized20' [/home/lxeng99/PTC/ptc-firmware/reference_design/Vivado/ME-XU5-5EV-2I-D12E/Mercury_XU5_PE1.srcs/sources_1/bd/Mercury_XU5/ip/Mercury_XU5_system_management_wiz_0/proc_common_v3_00_a/hdl/src/vhdl/Mercury_XU5_system_management_wiz_0_pselect_f.vhd:167]
	Parameter C_AB bound to: 4 - type: integer 
	Parameter C_AW bound to: 4 - type: integer 
	Parameter C_BAR bound to: 4'b1011 
	Parameter C_FAMILY bound to: nofamily - type: string 
INFO: [Synth 8-256] done synthesizing module 'Mercury_XU5_system_management_wiz_0_pselect_f__parameterized20' (1#1) [/home/lxeng99/PTC/ptc-firmware/reference_design/Vivado/ME-XU5-5EV-2I-D12E/Mercury_XU5_PE1.srcs/sources_1/bd/Mercury_XU5/ip/Mercury_XU5_system_management_wiz_0/proc_common_v3_00_a/hdl/src/vhdl/Mercury_XU5_system_management_wiz_0_pselect_f.vhd:167]
INFO: [Synth 8-638] synthesizing module 'Mercury_XU5_system_management_wiz_0_pselect_f__parameterized21' [/home/lxeng99/PTC/ptc-firmware/reference_design/Vivado/ME-XU5-5EV-2I-D12E/Mercury_XU5_PE1.srcs/sources_1/bd/Mercury_XU5/ip/Mercury_XU5_system_management_wiz_0/proc_common_v3_00_a/hdl/src/vhdl/Mercury_XU5_system_management_wiz_0_pselect_f.vhd:167]
	Parameter C_AB bound to: 4 - type: integer 
	Parameter C_AW bound to: 4 - type: integer 
	Parameter C_BAR bound to: 4'b1100 
	Parameter C_FAMILY bound to: nofamily - type: string 
INFO: [Synth 8-256] done synthesizing module 'Mercury_XU5_system_management_wiz_0_pselect_f__parameterized21' (1#1) [/home/lxeng99/PTC/ptc-firmware/reference_design/Vivado/ME-XU5-5EV-2I-D12E/Mercury_XU5_PE1.srcs/sources_1/bd/Mercury_XU5/ip/Mercury_XU5_system_management_wiz_0/proc_common_v3_00_a/hdl/src/vhdl/Mercury_XU5_system_management_wiz_0_pselect_f.vhd:167]
INFO: [Synth 8-638] synthesizing module 'Mercury_XU5_system_management_wiz_0_pselect_f__parameterized22' [/home/lxeng99/PTC/ptc-firmware/reference_design/Vivado/ME-XU5-5EV-2I-D12E/Mercury_XU5_PE1.srcs/sources_1/bd/Mercury_XU5/ip/Mercury_XU5_system_management_wiz_0/proc_common_v3_00_a/hdl/src/vhdl/Mercury_XU5_system_management_wiz_0_pselect_f.vhd:167]
	Parameter C_AB bound to: 4 - type: integer 
	Parameter C_AW bound to: 4 - type: integer 
	Parameter C_BAR bound to: 4'b1101 
	Parameter C_FAMILY bound to: nofamily - type: string 
INFO: [Synth 8-256] done synthesizing module 'Mercury_XU5_system_management_wiz_0_pselect_f__parameterized22' (1#1) [/home/lxeng99/PTC/ptc-firmware/reference_design/Vivado/ME-XU5-5EV-2I-D12E/Mercury_XU5_PE1.srcs/sources_1/bd/Mercury_XU5/ip/Mercury_XU5_system_management_wiz_0/proc_common_v3_00_a/hdl/src/vhdl/Mercury_XU5_system_management_wiz_0_pselect_f.vhd:167]
INFO: [Synth 8-638] synthesizing module 'Mercury_XU5_system_management_wiz_0_pselect_f__parameterized23' [/home/lxeng99/PTC/ptc-firmware/reference_design/Vivado/ME-XU5-5EV-2I-D12E/Mercury_XU5_PE1.srcs/sources_1/bd/Mercury_XU5/ip/Mercury_XU5_system_management_wiz_0/proc_common_v3_00_a/hdl/src/vhdl/Mercury_XU5_system_management_wiz_0_pselect_f.vhd:167]
	Parameter C_AB bound to: 4 - type: integer 
	Parameter C_AW bound to: 4 - type: integer 
	Parameter C_BAR bound to: 4'b1110 
	Parameter C_FAMILY bound to: nofamily - type: string 
INFO: [Synth 8-256] done synthesizing module 'Mercury_XU5_system_management_wiz_0_pselect_f__parameterized23' (1#1) [/home/lxeng99/PTC/ptc-firmware/reference_design/Vivado/ME-XU5-5EV-2I-D12E/Mercury_XU5_PE1.srcs/sources_1/bd/Mercury_XU5/ip/Mercury_XU5_system_management_wiz_0/proc_common_v3_00_a/hdl/src/vhdl/Mercury_XU5_system_management_wiz_0_pselect_f.vhd:167]
INFO: [Synth 8-638] synthesizing module 'Mercury_XU5_system_management_wiz_0_pselect_f__parameterized24' [/home/lxeng99/PTC/ptc-firmware/reference_design/Vivado/ME-XU5-5EV-2I-D12E/Mercury_XU5_PE1.srcs/sources_1/bd/Mercury_XU5/ip/Mercury_XU5_system_management_wiz_0/proc_common_v3_00_a/hdl/src/vhdl/Mercury_XU5_system_management_wiz_0_pselect_f.vhd:167]
	Parameter C_AB bound to: 4 - type: integer 
	Parameter C_AW bound to: 4 - type: integer 
	Parameter C_BAR bound to: 4'b1111 
	Parameter C_FAMILY bound to: nofamily - type: string 
INFO: [Synth 8-256] done synthesizing module 'Mercury_XU5_system_management_wiz_0_pselect_f__parameterized24' (1#1) [/home/lxeng99/PTC/ptc-firmware/reference_design/Vivado/ME-XU5-5EV-2I-D12E/Mercury_XU5_PE1.srcs/sources_1/bd/Mercury_XU5/ip/Mercury_XU5_system_management_wiz_0/proc_common_v3_00_a/hdl/src/vhdl/Mercury_XU5_system_management_wiz_0_pselect_f.vhd:167]
INFO: [Synth 8-638] synthesizing module 'Mercury_XU5_system_management_wiz_0_pselect_f__parameterized25' [/home/lxeng99/PTC/ptc-firmware/reference_design/Vivado/ME-XU5-5EV-2I-D12E/Mercury_XU5_PE1.srcs/sources_1/bd/Mercury_XU5/ip/Mercury_XU5_system_management_wiz_0/proc_common_v3_00_a/hdl/src/vhdl/Mercury_XU5_system_management_wiz_0_pselect_f.vhd:167]
	Parameter C_AB bound to: 1 - type: integer 
	Parameter C_AW bound to: 11 - type: integer 
	Parameter C_BAR bound to: 11'b10000000000 
	Parameter C_FAMILY bound to: nofamily - type: string 
INFO: [Synth 8-256] done synthesizing module 'Mercury_XU5_system_management_wiz_0_pselect_f__parameterized25' (1#1) [/home/lxeng99/PTC/ptc-firmware/reference_design/Vivado/ME-XU5-5EV-2I-D12E/Mercury_XU5_PE1.srcs/sources_1/bd/Mercury_XU5/ip/Mercury_XU5_system_management_wiz_0/proc_common_v3_00_a/hdl/src/vhdl/Mercury_XU5_system_management_wiz_0_pselect_f.vhd:167]
INFO: [Synth 8-256] done synthesizing module 'Mercury_XU5_system_management_wiz_0_address_decoder' (2#1) [/home/lxeng99/PTC/ptc-firmware/reference_design/Vivado/ME-XU5-5EV-2I-D12E/Mercury_XU5_PE1.srcs/sources_1/bd/Mercury_XU5/ip/Mercury_XU5_system_management_wiz_0/axi_lite_ipif_v1_31_a/hdl/src/vhdl/Mercury_XU5_system_management_wiz_0_address_decoder.vhd:176]
INFO: [Synth 8-226] default block is never used [/home/lxeng99/PTC/ptc-firmware/reference_design/Vivado/ME-XU5-5EV-2I-D12E/Mercury_XU5_PE1.srcs/sources_1/bd/Mercury_XU5/ip/Mercury_XU5_system_management_wiz_0/axi_lite_ipif_v1_31_a/hdl/src/vhdl/Mercury_XU5_system_management_wiz_0_slave_attachment.vhd:424]
INFO: [Synth 8-256] done synthesizing module 'Mercury_XU5_system_management_wiz_0_slave_attachment' (3#1) [/home/lxeng99/PTC/ptc-firmware/reference_design/Vivado/ME-XU5-5EV-2I-D12E/Mercury_XU5_PE1.srcs/sources_1/bd/Mercury_XU5/ip/Mercury_XU5_system_management_wiz_0/axi_lite_ipif_v1_31_a/hdl/src/vhdl/Mercury_XU5_system_management_wiz_0_slave_attachment.vhd:227]
INFO: [Synth 8-256] done synthesizing module 'Mercury_XU5_system_management_wiz_0_axi_lite_ipif' (4#1) [/home/lxeng99/PTC/ptc-firmware/reference_design/Vivado/ME-XU5-5EV-2I-D12E/Mercury_XU5_PE1.srcs/sources_1/bd/Mercury_XU5/ip/Mercury_XU5_system_management_wiz_0/axi_lite_ipif_v1_31_a/hdl/src/vhdl/Mercury_XU5_system_management_wiz_0_axi_lite_ipif.vhd:241]
	Parameter C_S_AXI_ADDR_WIDTH bound to: 13 - type: integer 
	Parameter C_S_AXI_DATA_WIDTH bound to: 32 - type: integer 
	Parameter C_FAMILY bound to: kintexu - type: string 
	Parameter CE_NUMBERS bound to: 9 - type: integer 
	Parameter IP_INTR_NUM bound to: 18 - type: integer 
	Parameter C_SIM_MONITOR_FILE bound to: design.txt - type: string 
	Parameter MUX_ADDR_NO bound to: 5 - type: integer 
INFO: [Synth 8-3491] module 'Mercury_XU5_system_management_wiz_0_xadc_core_drp' declared at '/home/lxeng99/PTC/ptc-firmware/reference_design/Vivado/ME-XU5-5EV-2I-D12E/Mercury_XU5_PE1.srcs/sources_1/bd/Mercury_XU5/ip/Mercury_XU5_system_management_wiz_0/Mercury_XU5_system_management_wiz_0_xadc_core_drp.vhd:140' bound to instance 'AXI_SYSMON_CORE_I' of component 'Mercury_XU5_system_management_wiz_0_xadc_core_drp' [/home/lxeng99/PTC/ptc-firmware/reference_design/Vivado/ME-XU5-5EV-2I-D12E/Mercury_XU5_PE1.srcs/sources_1/bd/Mercury_XU5/ip/Mercury_XU5_system_management_wiz_0/Mercury_XU5_system_management_wiz_0_axi_xadc.vhd:692]
INFO: [Synth 8-638] synthesizing module 'Mercury_XU5_system_management_wiz_0_xadc_core_drp' [/home/lxeng99/PTC/ptc-firmware/reference_design/Vivado/ME-XU5-5EV-2I-D12E/Mercury_XU5_PE1.srcs/sources_1/bd/Mercury_XU5/ip/Mercury_XU5_system_management_wiz_0/Mercury_XU5_system_management_wiz_0_xadc_core_drp.vhd:185]
	Parameter C_S_AXI_ADDR_WIDTH bound to: 13 - type: integer 
	Parameter C_S_AXI_DATA_WIDTH bound to: 32 - type: integer 
	Parameter C_FAMILY bound to: kintexu - type: string 
	Parameter CE_NUMBERS bound to: 9 - type: integer 
	Parameter IP_INTR_NUM bound to: 18 - type: integer 
	Parameter C_SIM_MONITOR_FILE bound to: design.txt - type: string 
	Parameter MUX_ADDR_NO bound to: 5 - type: integer 
	Parameter COMMON_N_SOURCE bound to: 16'b1111111111111111 
	Parameter INIT_40 bound to: 16'b0000000000000000 
	Parameter INIT_41 bound to: 16'b0010000110010000 
	Parameter INIT_42 bound to: 16'b0001010000000000 
	Parameter INIT_43 bound to: 16'b0010000000001111 
	Parameter INIT_44 bound to: 16'b0000000000000000 
	Parameter INIT_45 bound to: 16'b1110111011011100 
	Parameter INIT_46 bound to: 16'b0000000000000000 
	Parameter INIT_47 bound to: 16'b0000000000000000 
	Parameter INIT_48 bound to: 16'b0100011100000001 
	Parameter INIT_49 bound to: 16'b0000000000000000 
	Parameter INIT_4A bound to: 16'b0000000000000000 
	Parameter INIT_4B bound to: 16'b0000000000000000 
	Parameter INIT_4C bound to: 16'b0000000000000000 
	Parameter INIT_4D bound to: 16'b0000000000000000 
	Parameter INIT_4E bound to: 16'b0000000000000000 
	Parameter INIT_4F bound to: 16'b0000000000000000 
	Parameter INIT_50 bound to: 16'b1011011110010100 
	Parameter INIT_51 bound to: 16'b0100111010000001 
	Parameter INIT_52 bound to: 16'b1010000101000111 
	Parameter INIT_53 bound to: 16'b1100101110100011 
	Parameter INIT_54 bound to: 16'b1010101100000010 
	Parameter INIT_55 bound to: 16'b0100100101100011 
	Parameter INIT_56 bound to: 16'b1001010101010101 
	Parameter INIT_57 bound to: 16'b1011000000001010 
	Parameter INIT_58 bound to: 16'b0100111010000001 
	Parameter INIT_59 bound to: 16'b0100100101100011 
	Parameter INIT_5A bound to: 16'b0100100101100011 
	Parameter INIT_5B bound to: 16'b1001101001110100 
	Parameter INIT_5C bound to: 16'b0100100101100011 
	Parameter INIT_5D bound to: 16'b0100010100011110 
	Parameter INIT_5E bound to: 16'b0100010100011110 
	Parameter INIT_5F bound to: 16'b1001000111101011 
	Parameter INIT_60 bound to: 16'b0100110100111001 
	Parameter INIT_61 bound to: 16'b0100110110100111 
	Parameter INIT_62 bound to: 16'b1001101001110100 
	Parameter INIT_63 bound to: 16'b1001101001110100 
	Parameter INIT_64 bound to: 16'b0000000000000000 
	Parameter INIT_65 bound to: 16'b0000000000000000 
	Parameter INIT_66 bound to: 16'b0000000000000000 
	Parameter INIT_67 bound to: 16'b0000000000000000 
	Parameter INIT_68 bound to: 16'b0100110001011110 
	Parameter INIT_69 bound to: 16'b0100101111110010 
	Parameter INIT_6A bound to: 16'b1001100010111111 
	Parameter INIT_6B bound to: 16'b1001100010111111 
	Parameter INIT_6C bound to: 16'b0000000000000000 
	Parameter INIT_6D bound to: 16'b0000000000000000 
	Parameter INIT_6E bound to: 16'b0000000000000000 
	Parameter INIT_6F bound to: 16'b0000000000000000 
	Parameter INIT_70 bound to: 16'b0000000000000000 
	Parameter INIT_71 bound to: 16'b0000000000000000 
	Parameter INIT_72 bound to: 16'b0000000000000000 
	Parameter INIT_73 bound to: 16'b0000000000000000 
	Parameter INIT_74 bound to: 16'b0000000000000000 
	Parameter INIT_75 bound to: 16'b0000000000000000 
	Parameter INIT_76 bound to: 16'b0000000000000000 
	Parameter INIT_77 bound to: 16'b0000000000000000 
	Parameter INIT_78 bound to: 16'b0000000000000000 
	Parameter INIT_79 bound to: 16'b0000000000000000 
	Parameter INIT_7A bound to: 16'b0000000000000000 
	Parameter INIT_7B bound to: 16'b0000000000000000 
	Parameter INIT_7C bound to: 16'b0000000000000000 
	Parameter INIT_7D bound to: 16'b0000000000000000 
	Parameter INIT_7E bound to: 16'b0000000000000000 
	Parameter INIT_7F bound to: 16'b0000000000000000 
	Parameter IS_CONVSTCLK_INVERTED bound to: 1'b0 
	Parameter IS_DCLK_INVERTED bound to: 1'b0 
	Parameter SIM_DEVICE bound to: ZYNQ_ULTRASCALE - type: string 
	Parameter SIM_MONITOR_FILE bound to: design.dat - type: string 
	Parameter SYSMON_VUSER0_BANK bound to: 0 - type: integer 
	Parameter SYSMON_VUSER0_MONITOR bound to: NONE - type: string 
	Parameter SYSMON_VUSER1_BANK bound to: 0 - type: integer 
	Parameter SYSMON_VUSER1_MONITOR bound to: NONE - type: string 
	Parameter SYSMON_VUSER2_BANK bound to: 0 - type: integer 
	Parameter SYSMON_VUSER2_MONITOR bound to: NONE - type: string 
	Parameter SYSMON_VUSER3_BANK bound to: 0 - type: integer 
	Parameter SYSMON_VUSER3_MONITOR bound to: NONE - type: string 
INFO: [Synth 8-113] binding component instance 'inst_sysmon' to cell 'SYSMONE4' [/home/lxeng99/PTC/ptc-firmware/reference_design/Vivado/ME-XU5-5EV-2I-D12E/Mercury_XU5_PE1.srcs/sources_1/bd/Mercury_XU5/ip/Mercury_XU5_system_management_wiz_0/Mercury_XU5_system_management_wiz_0_xadc_core_drp.vhd:1109]
INFO: [Synth 8-256] done synthesizing module 'Mercury_XU5_system_management_wiz_0_xadc_core_drp' (5#1) [/home/lxeng99/PTC/ptc-firmware/reference_design/Vivado/ME-XU5-5EV-2I-D12E/Mercury_XU5_PE1.srcs/sources_1/bd/Mercury_XU5/ip/Mercury_XU5_system_management_wiz_0/Mercury_XU5_system_management_wiz_0_xadc_core_drp.vhd:185]
INFO: [Synth 8-638] synthesizing module 'Mercury_XU5_system_management_wiz_0_soft_reset' [/home/lxeng99/PTC/ptc-firmware/reference_design/Vivado/ME-XU5-5EV-2I-D12E/Mercury_XU5_PE1.srcs/sources_1/bd/Mercury_XU5/ip/Mercury_XU5_system_management_wiz_0/proc_common_v3_00_a/hdl/src/vhdl/Mercury_XU5_system_management_wiz_0_soft_reset.vhd:142]
	Parameter C_SIPIF_DWIDTH bound to: 32 - type: integer 
	Parameter C_RESET_WIDTH bound to: 16 - type: integer 
	Parameter INIT bound to: 1'b0 
	Parameter IS_CE_INVERTED bound to: 1'b0 
	Parameter IS_C_INVERTED bound to: 1'b0 
	Parameter IS_D_INVERTED bound to: 1'b0 
	Parameter IS_R_INVERTED bound to: 1'b0 
	Parameter IS_S_INVERTED bound to: 1'b0 
INFO: [Synth 8-113] binding component instance 'RST_FLOPS' to cell 'FDRSE' [/home/lxeng99/PTC/ptc-firmware/reference_design/Vivado/ME-XU5-5EV-2I-D12E/Mercury_XU5_PE1.srcs/sources_1/bd/Mercury_XU5/ip/Mercury_XU5_system_management_wiz_0/proc_common_v3_00_a/hdl/src/vhdl/Mercury_XU5_system_management_wiz_0_soft_reset.vhd:273]
	Parameter INIT bound to: 1'b0 
	Parameter IS_CE_INVERTED bound to: 1'b0 
	Parameter IS_C_INVERTED bound to: 1'b0 
	Parameter IS_D_INVERTED bound to: 1'b0 
	Parameter IS_R_INVERTED bound to: 1'b0 
	Parameter IS_S_INVERTED bound to: 1'b0 
INFO: [Synth 8-113] binding component instance 'RST_FLOPS' to cell 'FDRSE' [/home/lxeng99/PTC/ptc-firmware/reference_design/Vivado/ME-XU5-5EV-2I-D12E/Mercury_XU5_PE1.srcs/sources_1/bd/Mercury_XU5/ip/Mercury_XU5_system_management_wiz_0/proc_common_v3_00_a/hdl/src/vhdl/Mercury_XU5_system_management_wiz_0_soft_reset.vhd:273]
	Parameter INIT bound to: 1'b0 
	Parameter IS_CE_INVERTED bound to: 1'b0 
	Parameter IS_C_INVERTED bound to: 1'b0 
	Parameter IS_D_INVERTED bound to: 1'b0 
	Parameter IS_R_INVERTED bound to: 1'b0 
	Parameter IS_S_INVERTED bound to: 1'b0 
INFO: [Synth 8-113] binding component instance 'RST_FLOPS' to cell 'FDRSE' [/home/lxeng99/PTC/ptc-firmware/reference_design/Vivado/ME-XU5-5EV-2I-D12E/Mercury_XU5_PE1.srcs/sources_1/bd/Mercury_XU5/ip/Mercury_XU5_system_management_wiz_0/proc_common_v3_00_a/hdl/src/vhdl/Mercury_XU5_system_management_wiz_0_soft_reset.vhd:273]
	Parameter INIT bound to: 1'b0 
	Parameter IS_CE_INVERTED bound to: 1'b0 
	Parameter IS_C_INVERTED bound to: 1'b0 
	Parameter IS_D_INVERTED bound to: 1'b0 
	Parameter IS_R_INVERTED bound to: 1'b0 
	Parameter IS_S_INVERTED bound to: 1'b0 
INFO: [Synth 8-113] binding component instance 'RST_FLOPS' to cell 'FDRSE' [/home/lxeng99/PTC/ptc-firmware/reference_design/Vivado/ME-XU5-5EV-2I-D12E/Mercury_XU5_PE1.srcs/sources_1/bd/Mercury_XU5/ip/Mercury_XU5_system_management_wiz_0/proc_common_v3_00_a/hdl/src/vhdl/Mercury_XU5_system_management_wiz_0_soft_reset.vhd:273]
	Parameter INIT bound to: 1'b0 
	Parameter IS_CE_INVERTED bound to: 1'b0 
	Parameter IS_C_INVERTED bound to: 1'b0 
	Parameter IS_D_INVERTED bound to: 1'b0 
	Parameter IS_R_INVERTED bound to: 1'b0 
	Parameter IS_S_INVERTED bound to: 1'b0 
INFO: [Synth 8-113] binding component instance 'RST_FLOPS' to cell 'FDRSE' [/home/lxeng99/PTC/ptc-firmware/reference_design/Vivado/ME-XU5-5EV-2I-D12E/Mercury_XU5_PE1.srcs/sources_1/bd/Mercury_XU5/ip/Mercury_XU5_system_management_wiz_0/proc_common_v3_00_a/hdl/src/vhdl/Mercury_XU5_system_management_wiz_0_soft_reset.vhd:273]
	Parameter INIT bound to: 1'b0 
	Parameter IS_CE_INVERTED bound to: 1'b0 
	Parameter IS_C_INVERTED bound to: 1'b0 
	Parameter IS_D_INVERTED bound to: 1'b0 
	Parameter IS_R_INVERTED bound to: 1'b0 
	Parameter IS_S_INVERTED bound to: 1'b0 
INFO: [Synth 8-113] binding component instance 'RST_FLOPS' to cell 'FDRSE' [/home/lxeng99/PTC/ptc-firmware/reference_design/Vivado/ME-XU5-5EV-2I-D12E/Mercury_XU5_PE1.srcs/sources_1/bd/Mercury_XU5/ip/Mercury_XU5_system_management_wiz_0/proc_common_v3_00_a/hdl/src/vhdl/Mercury_XU5_system_management_wiz_0_soft_reset.vhd:273]
	Parameter INIT bound to: 1'b0 
	Parameter IS_CE_INVERTED bound to: 1'b0 
	Parameter IS_C_INVERTED bound to: 1'b0 
	Parameter IS_D_INVERTED bound to: 1'b0 
	Parameter IS_R_INVERTED bound to: 1'b0 
	Parameter IS_S_INVERTED bound to: 1'b0 
INFO: [Synth 8-113] binding component instance 'RST_FLOPS' to cell 'FDRSE' [/home/lxeng99/PTC/ptc-firmware/reference_design/Vivado/ME-XU5-5EV-2I-D12E/Mercury_XU5_PE1.srcs/sources_1/bd/Mercury_XU5/ip/Mercury_XU5_system_management_wiz_0/proc_common_v3_00_a/hdl/src/vhdl/Mercury_XU5_system_management_wiz_0_soft_reset.vhd:273]
	Parameter INIT bound to: 1'b0 
	Parameter IS_CE_INVERTED bound to: 1'b0 
	Parameter IS_C_INVERTED bound to: 1'b0 
	Parameter IS_D_INVERTED bound to: 1'b0 
	Parameter IS_R_INVERTED bound to: 1'b0 
	Parameter IS_S_INVERTED bound to: 1'b0 
INFO: [Synth 8-113] binding component instance 'RST_FLOPS' to cell 'FDRSE' [/home/lxeng99/PTC/ptc-firmware/reference_design/Vivado/ME-XU5-5EV-2I-D12E/Mercury_XU5_PE1.srcs/sources_1/bd/Mercury_XU5/ip/Mercury_XU5_system_management_wiz_0/proc_common_v3_00_a/hdl/src/vhdl/Mercury_XU5_system_management_wiz_0_soft_reset.vhd:273]
	Parameter INIT bound to: 1'b0 
	Parameter IS_CE_INVERTED bound to: 1'b0 
	Parameter IS_C_INVERTED bound to: 1'b0 
	Parameter IS_D_INVERTED bound to: 1'b0 
	Parameter IS_R_INVERTED bound to: 1'b0 
	Parameter IS_S_INVERTED bound to: 1'b0 
INFO: [Synth 8-113] binding component instance 'RST_FLOPS' to cell 'FDRSE' [/home/lxeng99/PTC/ptc-firmware/reference_design/Vivado/ME-XU5-5EV-2I-D12E/Mercury_XU5_PE1.srcs/sources_1/bd/Mercury_XU5/ip/Mercury_XU5_system_management_wiz_0/proc_common_v3_00_a/hdl/src/vhdl/Mercury_XU5_system_management_wiz_0_soft_reset.vhd:273]
	Parameter INIT bound to: 1'b0 
	Parameter IS_CE_INVERTED bound to: 1'b0 
	Parameter IS_C_INVERTED bound to: 1'b0 
	Parameter IS_D_INVERTED bound to: 1'b0 
	Parameter IS_R_INVERTED bound to: 1'b0 
	Parameter IS_S_INVERTED bound to: 1'b0 
INFO: [Synth 8-113] binding component instance 'RST_FLOPS' to cell 'FDRSE' [/home/lxeng99/PTC/ptc-firmware/reference_design/Vivado/ME-XU5-5EV-2I-D12E/Mercury_XU5_PE1.srcs/sources_1/bd/Mercury_XU5/ip/Mercury_XU5_system_management_wiz_0/proc_common_v3_00_a/hdl/src/vhdl/Mercury_XU5_system_management_wiz_0_soft_reset.vhd:273]
	Parameter INIT bound to: 1'b0 
	Parameter IS_CE_INVERTED bound to: 1'b0 
	Parameter IS_C_INVERTED bound to: 1'b0 
	Parameter IS_D_INVERTED bound to: 1'b0 
	Parameter IS_R_INVERTED bound to: 1'b0 
	Parameter IS_S_INVERTED bound to: 1'b0 
INFO: [Synth 8-113] binding component instance 'RST_FLOPS' to cell 'FDRSE' [/home/lxeng99/PTC/ptc-firmware/reference_design/Vivado/ME-XU5-5EV-2I-D12E/Mercury_XU5_PE1.srcs/sources_1/bd/Mercury_XU5/ip/Mercury_XU5_system_management_wiz_0/proc_common_v3_00_a/hdl/src/vhdl/Mercury_XU5_system_management_wiz_0_soft_reset.vhd:273]
	Parameter INIT bound to: 1'b0 
	Parameter IS_CE_INVERTED bound to: 1'b0 
	Parameter IS_C_INVERTED bound to: 1'b0 
	Parameter IS_D_INVERTED bound to: 1'b0 
	Parameter IS_R_INVERTED bound to: 1'b0 
	Parameter IS_S_INVERTED bound to: 1'b0 
INFO: [Synth 8-113] binding component instance 'RST_FLOPS' to cell 'FDRSE' [/home/lxeng99/PTC/ptc-firmware/reference_design/Vivado/ME-XU5-5EV-2I-D12E/Mercury_XU5_PE1.srcs/sources_1/bd/Mercury_XU5/ip/Mercury_XU5_system_management_wiz_0/proc_common_v3_00_a/hdl/src/vhdl/Mercury_XU5_system_management_wiz_0_soft_reset.vhd:273]
	Parameter INIT bound to: 1'b0 
	Parameter IS_CE_INVERTED bound to: 1'b0 
	Parameter IS_C_INVERTED bound to: 1'b0 
	Parameter IS_D_INVERTED bound to: 1'b0 
	Parameter IS_R_INVERTED bound to: 1'b0 
	Parameter IS_S_INVERTED bound to: 1'b0 
INFO: [Synth 8-113] binding component instance 'RST_FLOPS' to cell 'FDRSE' [/home/lxeng99/PTC/ptc-firmware/reference_design/Vivado/ME-XU5-5EV-2I-D12E/Mercury_XU5_PE1.srcs/sources_1/bd/Mercury_XU5/ip/Mercury_XU5_system_management_wiz_0/proc_common_v3_00_a/hdl/src/vhdl/Mercury_XU5_system_management_wiz_0_soft_reset.vhd:273]
	Parameter INIT bound to: 1'b0 
	Parameter IS_CE_INVERTED bound to: 1'b0 
	Parameter IS_C_INVERTED bound to: 1'b0 
	Parameter IS_D_INVERTED bound to: 1'b0 
	Parameter IS_R_INVERTED bound to: 1'b0 
	Parameter IS_S_INVERTED bound to: 1'b0 
INFO: [Synth 8-113] binding component instance 'RST_FLOPS' to cell 'FDRSE' [/home/lxeng99/PTC/ptc-firmware/reference_design/Vivado/ME-XU5-5EV-2I-D12E/Mercury_XU5_PE1.srcs/sources_1/bd/Mercury_XU5/ip/Mercury_XU5_system_management_wiz_0/proc_common_v3_00_a/hdl/src/vhdl/Mercury_XU5_system_management_wiz_0_soft_reset.vhd:273]
	Parameter INIT bound to: 1'b0 
	Parameter IS_CE_INVERTED bound to: 1'b0 
	Parameter IS_C_INVERTED bound to: 1'b0 
	Parameter IS_D_INVERTED bound to: 1'b0 
	Parameter IS_R_INVERTED bound to: 1'b0 
	Parameter IS_S_INVERTED bound to: 1'b0 
INFO: [Synth 8-113] binding component instance 'RST_FLOPS' to cell 'FDRSE' [/home/lxeng99/PTC/ptc-firmware/reference_design/Vivado/ME-XU5-5EV-2I-D12E/Mercury_XU5_PE1.srcs/sources_1/bd/Mercury_XU5/ip/Mercury_XU5_system_management_wiz_0/proc_common_v3_00_a/hdl/src/vhdl/Mercury_XU5_system_management_wiz_0_soft_reset.vhd:273]
	Parameter INIT bound to: 1'b0 
	Parameter IS_CE_INVERTED bound to: 1'b0 
	Parameter IS_C_INVERTED bound to: 1'b0 
	Parameter IS_D_INVERTED bound to: 1'b0 
	Parameter IS_R_INVERTED bound to: 1'b0 
	Parameter IS_S_INVERTED bound to: 1'b0 
INFO: [Synth 8-113] binding component instance 'RST_FLOPS' to cell 'FDRSE' [/home/lxeng99/PTC/ptc-firmware/reference_design/Vivado/ME-XU5-5EV-2I-D12E/Mercury_XU5_PE1.srcs/sources_1/bd/Mercury_XU5/ip/Mercury_XU5_system_management_wiz_0/proc_common_v3_00_a/hdl/src/vhdl/Mercury_XU5_system_management_wiz_0_soft_reset.vhd:273]
	Parameter INIT bound to: 1'b0 
	Parameter IS_CE_INVERTED bound to: 1'b0 
	Parameter IS_C_INVERTED bound to: 1'b0 
	Parameter IS_D_INVERTED bound to: 1'b0 
	Parameter IS_R_INVERTED bound to: 1'b0 
	Parameter IS_S_INVERTED bound to: 1'b0 
INFO: [Synth 8-113] binding component instance 'FF_WRACK' to cell 'FDRSE' [/home/lxeng99/PTC/ptc-firmware/reference_design/Vivado/ME-XU5-5EV-2I-D12E/Mercury_XU5_PE1.srcs/sources_1/bd/Mercury_XU5/ip/Mercury_XU5_system_management_wiz_0/proc_common_v3_00_a/hdl/src/vhdl/Mercury_XU5_system_management_wiz_0_soft_reset.vhd:296]
INFO: [Synth 8-256] done synthesizing module 'Mercury_XU5_system_management_wiz_0_soft_reset' (6#1) [/home/lxeng99/PTC/ptc-firmware/reference_design/Vivado/ME-XU5-5EV-2I-D12E/Mercury_XU5_PE1.srcs/sources_1/bd/Mercury_XU5/ip/Mercury_XU5_system_management_wiz_0/proc_common_v3_00_a/hdl/src/vhdl/Mercury_XU5_system_management_wiz_0_soft_reset.vhd:142]
INFO: [Synth 8-638] synthesizing module 'Mercury_XU5_system_management_wiz_0_interrupt_control' [/home/lxeng99/PTC/ptc-firmware/reference_design/Vivado/ME-XU5-5EV-2I-D12E/Mercury_XU5_PE1.srcs/sources_1/bd/Mercury_XU5/ip/Mercury_XU5_system_management_wiz_0/interrupt_control_v2_01_a/hdl/src/vhdl/Mercury_XU5_system_management_wiz_0_interrupt_control.vhd:240]
	Parameter C_NUM_CE bound to: 16 - type: integer 
	Parameter C_NUM_IPIF_IRPT_SRC bound to: 1 - type: integer 
	Parameter C_IP_INTR_MODE_ARRAY bound to: 576'b000000000000000000000000000001010000000000000000000000000000010100000000000000000000000000000101000000000000000000000000000001010000000000000000000000000000010100000000000000000000000000000101000000000000000000000000000001010000000000000000000000000000010100000000000000000000000000000101000000000000000000000000000001010000000000000000000000000000010100000000000000000000000000000101000000000000000000000000000001010000000000000000000000000000010100000000000000000000000000000101000000000000000000000000000001010000000000000000000000000000010100000000000000000000000000000101 
	Parameter C_INCLUDE_DEV_PENCODER bound to: 0 - type: bool 
	Parameter C_INCLUDE_DEV_ISC bound to: 0 - type: bool 
	Parameter C_IPIF_DWIDTH bound to: 32 - type: integer 
INFO: [Synth 8-256] done synthesizing module 'Mercury_XU5_system_management_wiz_0_interrupt_control' (7#1) [/home/lxeng99/PTC/ptc-firmware/reference_design/Vivado/ME-XU5-5EV-2I-D12E/Mercury_XU5_PE1.srcs/sources_1/bd/Mercury_XU5/ip/Mercury_XU5_system_management_wiz_0/interrupt_control_v2_01_a/hdl/src/vhdl/Mercury_XU5_system_management_wiz_0_interrupt_control.vhd:240]
INFO: [Synth 8-256] done synthesizing module 'Mercury_XU5_system_management_wiz_0_axi_xadc' (8#1) [/home/lxeng99/PTC/ptc-firmware/reference_design/Vivado/ME-XU5-5EV-2I-D12E/Mercury_XU5_PE1.srcs/sources_1/bd/Mercury_XU5/ip/Mercury_XU5_system_management_wiz_0/Mercury_XU5_system_management_wiz_0_axi_xadc.vhd:237]
INFO: [Synth 8-256] done synthesizing module 'Mercury_XU5_system_management_wiz_0' (9#1) [/home/lxeng99/PTC/ptc-firmware/reference_design/Vivado/ME-XU5-5EV-2I-D12E/Mercury_XU5_PE1.srcs/sources_1/bd/Mercury_XU5/ip/Mercury_XU5_system_management_wiz_0/Mercury_XU5_system_management_wiz_0.vhd:100]
---------------------------------------------------------------------------------
Finished RTL Elaboration : Time (s): cpu = 00:00:06 ; elapsed = 00:00:12 . Memory (MB): peak = 2685.574 ; gain = 83.707 ; free physical = 2471 ; free virtual = 21365
---------------------------------------------------------------------------------
---------------------------------------------------------------------------------
Start Handling Custom Attributes
---------------------------------------------------------------------------------
---------------------------------------------------------------------------------
Finished Handling Custom Attributes : Time (s): cpu = 00:00:06 ; elapsed = 00:00:13 . Memory (MB): peak = 2694.480 ; gain = 92.613 ; free physical = 2642 ; free virtual = 21544
---------------------------------------------------------------------------------
---------------------------------------------------------------------------------
Finished RTL Optimization Phase 1 : Time (s): cpu = 00:00:06 ; elapsed = 00:00:13 . Memory (MB): peak = 2694.480 ; gain = 92.613 ; free physical = 2642 ; free virtual = 21544
---------------------------------------------------------------------------------
Netlist sorting complete. Time (s): cpu = 00:00:00 ; elapsed = 00:00:00.01 . Memory (MB): peak = 2710.418 ; gain = 0.000 ; free physical = 2625 ; free virtual = 21529
INFO: [Netlist 29-17] Analyzing 17 Unisim elements for replacement
INFO: [Netlist 29-28] Unisim Transformation completed in 0 CPU seconds
INFO: [Project 1-570] Preparing netlist for logic optimization

Processing XDC Constraints
Initializing timing engine
Parsing XDC File [/home/lxeng99/PTC/ptc-firmware/reference_design/Vivado/ME-XU5-5EV-2I-D12E/Mercury_XU5_PE1.srcs/sources_1/bd/Mercury_XU5/ip/Mercury_XU5_system_management_wiz_0/Mercury_XU5_system_management_wiz_0_ooc.xdc] for cell 'U0'
Finished Parsing XDC File [/home/lxeng99/PTC/ptc-firmware/reference_design/Vivado/ME-XU5-5EV-2I-D12E/Mercury_XU5_PE1.srcs/sources_1/bd/Mercury_XU5/ip/Mercury_XU5_system_management_wiz_0/Mercury_XU5_system_management_wiz_0_ooc.xdc] for cell 'U0'
Parsing XDC File [/home/lxeng99/PTC/ptc-firmware/reference_design/Vivado/ME-XU5-5EV-2I-D12E/Mercury_XU5_PE1.srcs/sources_1/bd/Mercury_XU5/ip/Mercury_XU5_system_management_wiz_0/Mercury_XU5_system_management_wiz_0_board.xdc] for cell 'U0'
Finished Parsing XDC File [/home/lxeng99/PTC/ptc-firmware/reference_design/Vivado/ME-XU5-5EV-2I-D12E/Mercury_XU5_PE1.srcs/sources_1/bd/Mercury_XU5/ip/Mercury_XU5_system_management_wiz_0/Mercury_XU5_system_management_wiz_0_board.xdc] for cell 'U0'
Parsing XDC File [/home/lxeng99/PTC/ptc-firmware/reference_design/Vivado/ME-XU5-5EV-2I-D12E/Mercury_XU5_PE1.srcs/sources_1/bd/Mercury_XU5/ip/Mercury_XU5_system_management_wiz_0/Mercury_XU5_system_management_wiz_0.xdc] for cell 'U0'
Finished Parsing XDC File [/home/lxeng99/PTC/ptc-firmware/reference_design/Vivado/ME-XU5-5EV-2I-D12E/Mercury_XU5_PE1.srcs/sources_1/bd/Mercury_XU5/ip/Mercury_XU5_system_management_wiz_0/Mercury_XU5_system_management_wiz_0.xdc] for cell 'U0'
INFO: [Project 1-236] Implementation specific constraints were found while reading constraint file [/home/lxeng99/PTC/ptc-firmware/reference_design/Vivado/ME-XU5-5EV-2I-D12E/Mercury_XU5_PE1.srcs/sources_1/bd/Mercury_XU5/ip/Mercury_XU5_system_management_wiz_0/Mercury_XU5_system_management_wiz_0.xdc]. These constraints will be ignored for synthesis but will be used in implementation. Impacted constraints are listed in the file [.Xil/Mercury_XU5_system_management_wiz_0_propImpl.xdc].
Resolution: To avoid this warning, move constraints listed in [.Xil/Mercury_XU5_system_management_wiz_0_propImpl.xdc] to another XDC file and exclude this new file from synthesis with the used_in_synthesis property (File Properties dialog in GUI) and re-run elaboration/synthesis.
Parsing XDC File [/home/lxeng99/PTC/ptc-firmware/reference_design/Vivado/ME-XU5-5EV-2I-D12E/Mercury_XU5_PE1.runs/Mercury_XU5_system_management_wiz_0_synth_1/dont_touch.xdc]
Finished Parsing XDC File [/home/lxeng99/PTC/ptc-firmware/reference_design/Vivado/ME-XU5-5EV-2I-D12E/Mercury_XU5_PE1.runs/Mercury_XU5_system_management_wiz_0_synth_1/dont_touch.xdc]
Completed Processing XDC Constraints

Netlist sorting complete. Time (s): cpu = 00:00:00 ; elapsed = 00:00:00 . Memory (MB): peak = 2830.246 ; gain = 0.000 ; free physical = 2390 ; free virtual = 21316
INFO: [Project 1-111] Unisim Transformation Summary:
  A total of 17 instances were transformed.
  FDRSE => FDRSE (FDRE, LUT4, VCC): 17 instances

Constraint Validation Runtime : Time (s): cpu = 00:00:00.01 ; elapsed = 00:00:00.01 . Memory (MB): peak = 2830.246 ; gain = 0.000 ; free physical = 2392 ; free virtual = 21319
---------------------------------------------------------------------------------
Finished Constraint Validation : Time (s): cpu = 00:00:17 ; elapsed = 00:00:27 . Memory (MB): peak = 2830.246 ; gain = 228.379 ; free physical = 2474 ; free virtual = 21402
---------------------------------------------------------------------------------
---------------------------------------------------------------------------------
Start Loading Part and Timing Information
---------------------------------------------------------------------------------
Loading part: xczu5ev-sfvc784-2-i
INFO: [Synth 8-6742] Reading net delay rules and data
---------------------------------------------------------------------------------
Finished Loading Part and Timing Information : Time (s): cpu = 00:00:17 ; elapsed = 00:00:27 . Memory (MB): peak = 2830.246 ; gain = 228.379 ; free physical = 2486 ; free virtual = 21413
---------------------------------------------------------------------------------
---------------------------------------------------------------------------------
Start Applying 'set_property' XDC Constraints
---------------------------------------------------------------------------------
Applied set_property DONT_TOUCH = true for U0. (constraint file  /home/lxeng99/PTC/ptc-firmware/reference_design/Vivado/ME-XU5-5EV-2I-D12E/Mercury_XU5_PE1.runs/Mercury_XU5_system_management_wiz_0_synth_1/dont_touch.xdc, line 9).
---------------------------------------------------------------------------------
Finished applying 'set_property' XDC Constraints : Time (s): cpu = 00:00:17 ; elapsed = 00:00:27 . Memory (MB): peak = 2830.246 ; gain = 228.379 ; free physical = 2488 ; free virtual = 21415
---------------------------------------------------------------------------------
INFO: [Synth 8-802] inferred FSM for state register 'state_reg' in module 'Mercury_XU5_system_management_wiz_0_slave_attachment'
---------------------------------------------------------------------------------------------------
                   State |                     New Encoding |                Previous Encoding 
---------------------------------------------------------------------------------------------------
                 iSTATE2 |                             0001 |                               00
                  iSTATE |                             0010 |                               01
                 iSTATE0 |                             0100 |                               10
                 iSTATE1 |                             1000 |                               11
---------------------------------------------------------------------------------------------------
INFO: [Synth 8-3354] encoded FSM with state register 'state_reg' using encoding 'one-hot' in module 'Mercury_XU5_system_management_wiz_0_slave_attachment'
---------------------------------------------------------------------------------
Finished RTL Optimization Phase 2 : Time (s): cpu = 00:00:17 ; elapsed = 00:00:28 . Memory (MB): peak = 2830.246 ; gain = 228.379 ; free physical = 2491 ; free virtual = 21425
---------------------------------------------------------------------------------
---------------------------------------------------------------------------------
Start RTL Component Statistics 
---------------------------------------------------------------------------------
Detailed RTL Component Info : 
+---Adders : 
	   2 Input    7 Bit       Adders := 1     
+---XORs : 
	   2 Input      1 Bit         XORs := 18    
+---Registers : 
	               32 Bit    Registers := 2     
	               18 Bit    Registers := 1     
	               16 Bit    Registers := 2     
	               13 Bit    Registers := 1     
	               12 Bit    Registers := 1     
	                7 Bit    Registers := 1     
	                2 Bit    Registers := 3     
	                1 Bit    Registers := 128   
+---Muxes : 
	   2 Input   32 Bit        Muxes := 3     
	   4 Input   18 Bit        Muxes := 1     
	   2 Input   13 Bit        Muxes := 1     
	   4 Input    4 Bit        Muxes := 1     
	   2 Input    4 Bit        Muxes := 6     
	   7 Input    2 Bit        Muxes := 1     
	   2 Input    2 Bit        Muxes := 2     
	   2 Input    1 Bit        Muxes := 55    
	   3 Input    1 Bit        Muxes := 1     
---------------------------------------------------------------------------------
Finished RTL Component Statistics 
---------------------------------------------------------------------------------
---------------------------------------------------------------------------------
Start Part Resource Summary
---------------------------------------------------------------------------------
Part Resources:
DSPs: 1248 (col length:96)
BRAMs: 288 (col length: RAMB18 96 RAMB36 48)
---------------------------------------------------------------------------------
Finished Part Resource Summary
---------------------------------------------------------------------------------
---------------------------------------------------------------------------------
Start Cross Boundary and Area Optimization
---------------------------------------------------------------------------------
---------------------------------------------------------------------------------
Finished Cross Boundary and Area Optimization : Time (s): cpu = 00:00:19 ; elapsed = 00:00:30 . Memory (MB): peak = 2830.246 ; gain = 228.379 ; free physical = 2428 ; free virtual = 21370
---------------------------------------------------------------------------------
---------------------------------------------------------------------------------
Start Applying XDC Timing Constraints
---------------------------------------------------------------------------------
---------------------------------------------------------------------------------
Finished Applying XDC Timing Constraints : Time (s): cpu = 00:00:47 ; elapsed = 00:01:21 . Memory (MB): peak = 3240.215 ; gain = 638.348 ; free physical = 527 ; free virtual = 19487
---------------------------------------------------------------------------------
---------------------------------------------------------------------------------
Start Timing Optimization
---------------------------------------------------------------------------------
---------------------------------------------------------------------------------
Finished Timing Optimization : Time (s): cpu = 00:00:48 ; elapsed = 00:01:22 . Memory (MB): peak = 3285.254 ; gain = 683.387 ; free physical = 162 ; free virtual = 19047
---------------------------------------------------------------------------------
---------------------------------------------------------------------------------
Start Technology Mapping
---------------------------------------------------------------------------------
---------------------------------------------------------------------------------
Finished Technology Mapping : Time (s): cpu = 00:00:48 ; elapsed = 00:01:22 . Memory (MB): peak = 3285.254 ; gain = 683.387 ; free physical = 159 ; free virtual = 18602
---------------------------------------------------------------------------------
---------------------------------------------------------------------------------
Start IO Insertion
---------------------------------------------------------------------------------
---------------------------------------------------------------------------------
Start Flattening Before IO Insertion
---------------------------------------------------------------------------------
---------------------------------------------------------------------------------
Finished Flattening Before IO Insertion
---------------------------------------------------------------------------------
---------------------------------------------------------------------------------
Start Final Netlist Cleanup
---------------------------------------------------------------------------------
---------------------------------------------------------------------------------
Finished Final Netlist Cleanup
---------------------------------------------------------------------------------
WARNING: [Synth 8-3295] tying undriven pin AXI_SYSMON_CORE_I/daddr_C_master_reg_inferred:in0[7] to constant 0
WARNING: [Synth 8-3295] tying undriven pin AXI_SYSMON_CORE_I/daddr_C_master_reg_inferred:in0[6] to constant 0
WARNING: [Synth 8-3295] tying undriven pin AXI_SYSMON_CORE_I/daddr_C_master_reg_inferred:in0[5] to constant 0
WARNING: [Synth 8-3295] tying undriven pin AXI_SYSMON_CORE_I/daddr_C_master_reg_inferred:in0[4] to constant 0
WARNING: [Synth 8-3295] tying undriven pin AXI_SYSMON_CORE_I/daddr_C_master_reg_inferred:in0[3] to constant 0
WARNING: [Synth 8-3295] tying undriven pin AXI_SYSMON_CORE_I/daddr_C_master_reg_inferred:in0[2] to constant 0
WARNING: [Synth 8-3295] tying undriven pin AXI_SYSMON_CORE_I/daddr_C_master_reg_inferred:in0[1] to constant 0
WARNING: [Synth 8-3295] tying undriven pin AXI_SYSMON_CORE_I/daddr_C_master_reg_inferred:in0[0] to constant 0
WARNING: [Synth 8-3295] tying undriven pin AXI_SYSMON_CORE_I/di_C_master_reg_inferred:in0[15] to constant 0
WARNING: [Synth 8-3295] tying undriven pin AXI_SYSMON_CORE_I/di_C_master_reg_inferred:in0[14] to constant 0
WARNING: [Synth 8-3295] tying undriven pin AXI_SYSMON_CORE_I/di_C_master_reg_inferred:in0[13] to constant 0
WARNING: [Synth 8-3295] tying undriven pin AXI_SYSMON_CORE_I/di_C_master_reg_inferred:in0[12] to constant 0
WARNING: [Synth 8-3295] tying undriven pin AXI_SYSMON_CORE_I/di_C_master_reg_inferred:in0[11] to constant 0
WARNING: [Synth 8-3295] tying undriven pin AXI_SYSMON_CORE_I/di_C_master_reg_inferred:in0[10] to constant 0
WARNING: [Synth 8-3295] tying undriven pin AXI_SYSMON_CORE_I/di_C_master_reg_inferred:in0[9] to constant 0
WARNING: [Synth 8-3295] tying undriven pin AXI_SYSMON_CORE_I/di_C_master_reg_inferred:in0[8] to constant 0
WARNING: [Synth 8-3295] tying undriven pin AXI_SYSMON_CORE_I/di_C_master_reg_inferred:in0[7] to constant 0
WARNING: [Synth 8-3295] tying undriven pin AXI_SYSMON_CORE_I/di_C_master_reg_inferred:in0[6] to constant 0
WARNING: [Synth 8-3295] tying undriven pin AXI_SYSMON_CORE_I/di_C_master_reg_inferred:in0[5] to constant 0
WARNING: [Synth 8-3295] tying undriven pin AXI_SYSMON_CORE_I/di_C_master_reg_inferred:in0[4] to constant 0
WARNING: [Synth 8-3295] tying undriven pin AXI_SYSMON_CORE_I/di_C_master_reg_inferred:in0[3] to constant 0
WARNING: [Synth 8-3295] tying undriven pin AXI_SYSMON_CORE_I/di_C_master_reg_inferred:in0[2] to constant 0
WARNING: [Synth 8-3295] tying undriven pin AXI_SYSMON_CORE_I/di_C_master_reg_inferred:in0[1] to constant 0
WARNING: [Synth 8-3295] tying undriven pin AXI_SYSMON_CORE_I/di_C_master_reg_inferred:in0[0] to constant 0
WARNING: [Synth 8-3295] tying undriven pin AXI_SYSMON_CORE_I/dwe_C_master_reg_inferred:in0 to constant 0
WARNING: [Synth 8-3295] tying undriven pin AXI_SYSMON_CORE_I/daddr_C_slave0_reg_inferred:in0[7] to constant 0
WARNING: [Synth 8-3295] tying undriven pin AXI_SYSMON_CORE_I/daddr_C_slave0_reg_inferred:in0[6] to constant 0
WARNING: [Synth 8-3295] tying undriven pin AXI_SYSMON_CORE_I/daddr_C_slave0_reg_inferred:in0[5] to constant 0
WARNING: [Synth 8-3295] tying undriven pin AXI_SYSMON_CORE_I/daddr_C_slave0_reg_inferred:in0[4] to constant 0
WARNING: [Synth 8-3295] tying undriven pin AXI_SYSMON_CORE_I/daddr_C_slave0_reg_inferred:in0[3] to constant 0
WARNING: [Synth 8-3295] tying undriven pin AXI_SYSMON_CORE_I/daddr_C_slave0_reg_inferred:in0[2] to constant 0
WARNING: [Synth 8-3295] tying undriven pin AXI_SYSMON_CORE_I/daddr_C_slave0_reg_inferred:in0[1] to constant 0
WARNING: [Synth 8-3295] tying undriven pin AXI_SYSMON_CORE_I/daddr_C_slave0_reg_inferred:in0[0] to constant 0
WARNING: [Synth 8-3295] tying undriven pin AXI_SYSMON_CORE_I/di_C_slave0_reg_inferred:in0[15] to constant 0
WARNING: [Synth 8-3295] tying undriven pin AXI_SYSMON_CORE_I/di_C_slave0_reg_inferred:in0[14] to constant 0
WARNING: [Synth 8-3295] tying undriven pin AXI_SYSMON_CORE_I/di_C_slave0_reg_inferred:in0[13] to constant 0
WARNING: [Synth 8-3295] tying undriven pin AXI_SYSMON_CORE_I/di_C_slave0_reg_inferred:in0[12] to constant 0
WARNING: [Synth 8-3295] tying undriven pin AXI_SYSMON_CORE_I/di_C_slave0_reg_inferred:in0[11] to constant 0
WARNING: [Synth 8-3295] tying undriven pin AXI_SYSMON_CORE_I/di_C_slave0_reg_inferred:in0[10] to constant 0
WARNING: [Synth 8-3295] tying undriven pin AXI_SYSMON_CORE_I/di_C_slave0_reg_inferred:in0[9] to constant 0
WARNING: [Synth 8-3295] tying undriven pin AXI_SYSMON_CORE_I/di_C_slave0_reg_inferred:in0[8] to constant 0
WARNING: [Synth 8-3295] tying undriven pin AXI_SYSMON_CORE_I/di_C_slave0_reg_inferred:in0[7] to constant 0
WARNING: [Synth 8-3295] tying undriven pin AXI_SYSMON_CORE_I/di_C_slave0_reg_inferred:in0[6] to constant 0
WARNING: [Synth 8-3295] tying undriven pin AXI_SYSMON_CORE_I/di_C_slave0_reg_inferred:in0[5] to constant 0
WARNING: [Synth 8-3295] tying undriven pin AXI_SYSMON_CORE_I/di_C_slave0_reg_inferred:in0[4] to constant 0
WARNING: [Synth 8-3295] tying undriven pin AXI_SYSMON_CORE_I/di_C_slave0_reg_inferred:in0[3] to constant 0
WARNING: [Synth 8-3295] tying undriven pin AXI_SYSMON_CORE_I/di_C_slave0_reg_inferred:in0[2] to constant 0
WARNING: [Synth 8-3295] tying undriven pin AXI_SYSMON_CORE_I/di_C_slave0_reg_inferred:in0[1] to constant 0
WARNING: [Synth 8-3295] tying undriven pin AXI_SYSMON_CORE_I/di_C_slave0_reg_inferred:in0[0] to constant 0
WARNING: [Synth 8-3295] tying undriven pin AXI_SYSMON_CORE_I/dwe_C_slave0_reg_inferred:in0 to constant 0
WARNING: [Synth 8-3295] tying undriven pin AXI_SYSMON_CORE_I/daddr_C_slave1_reg_inferred:in0[7] to constant 0
WARNING: [Synth 8-3295] tying undriven pin AXI_SYSMON_CORE_I/daddr_C_slave1_reg_inferred:in0[6] to constant 0
WARNING: [Synth 8-3295] tying undriven pin AXI_SYSMON_CORE_I/daddr_C_slave1_reg_inferred:in0[5] to constant 0
WARNING: [Synth 8-3295] tying undriven pin AXI_SYSMON_CORE_I/daddr_C_slave1_reg_inferred:in0[4] to constant 0
WARNING: [Synth 8-3295] tying undriven pin AXI_SYSMON_CORE_I/daddr_C_slave1_reg_inferred:in0[3] to constant 0
WARNING: [Synth 8-3295] tying undriven pin AXI_SYSMON_CORE_I/daddr_C_slave1_reg_inferred:in0[2] to constant 0
WARNING: [Synth 8-3295] tying undriven pin AXI_SYSMON_CORE_I/daddr_C_slave1_reg_inferred:in0[1] to constant 0
WARNING: [Synth 8-3295] tying undriven pin AXI_SYSMON_CORE_I/daddr_C_slave1_reg_inferred:in0[0] to constant 0
WARNING: [Synth 8-3295] tying undriven pin AXI_SYSMON_CORE_I/di_C_slave1_reg_inferred:in0[15] to constant 0
WARNING: [Synth 8-3295] tying undriven pin AXI_SYSMON_CORE_I/di_C_slave1_reg_inferred:in0[14] to constant 0
WARNING: [Synth 8-3295] tying undriven pin AXI_SYSMON_CORE_I/di_C_slave1_reg_inferred:in0[13] to constant 0
WARNING: [Synth 8-3295] tying undriven pin AXI_SYSMON_CORE_I/di_C_slave1_reg_inferred:in0[12] to constant 0
WARNING: [Synth 8-3295] tying undriven pin AXI_SYSMON_CORE_I/di_C_slave1_reg_inferred:in0[11] to constant 0
WARNING: [Synth 8-3295] tying undriven pin AXI_SYSMON_CORE_I/di_C_slave1_reg_inferred:in0[10] to constant 0
WARNING: [Synth 8-3295] tying undriven pin AXI_SYSMON_CORE_I/di_C_slave1_reg_inferred:in0[9] to constant 0
WARNING: [Synth 8-3295] tying undriven pin AXI_SYSMON_CORE_I/di_C_slave1_reg_inferred:in0[8] to constant 0
WARNING: [Synth 8-3295] tying undriven pin AXI_SYSMON_CORE_I/di_C_slave1_reg_inferred:in0[7] to constant 0
WARNING: [Synth 8-3295] tying undriven pin AXI_SYSMON_CORE_I/di_C_slave1_reg_inferred:in0[6] to constant 0
WARNING: [Synth 8-3295] tying undriven pin AXI_SYSMON_CORE_I/di_C_slave1_reg_inferred:in0[5] to constant 0
WARNING: [Synth 8-3295] tying undriven pin AXI_SYSMON_CORE_I/di_C_slave1_reg_inferred:in0[4] to constant 0
WARNING: [Synth 8-3295] tying undriven pin AXI_SYSMON_CORE_I/di_C_slave1_reg_inferred:in0[3] to constant 0
WARNING: [Synth 8-3295] tying undriven pin AXI_SYSMON_CORE_I/di_C_slave1_reg_inferred:in0[2] to constant 0
WARNING: [Synth 8-3295] tying undriven pin AXI_SYSMON_CORE_I/di_C_slave1_reg_inferred:in0[1] to constant 0
WARNING: [Synth 8-3295] tying undriven pin AXI_SYSMON_CORE_I/di_C_slave1_reg_inferred:in0[0] to constant 0
WARNING: [Synth 8-3295] tying undriven pin AXI_SYSMON_CORE_I/dwe_C_slave1_reg_inferred:in0 to constant 0
WARNING: [Synth 8-3295] tying undriven pin AXI_SYSMON_CORE_I/daddr_C_master_reg2_inferred:in0[7] to constant 0
WARNING: [Synth 8-3295] tying undriven pin AXI_SYSMON_CORE_I/daddr_C_master_reg2_inferred:in0[6] to constant 0
WARNING: [Synth 8-3295] tying undriven pin AXI_SYSMON_CORE_I/daddr_C_master_reg2_inferred:in0[5] to constant 0
WARNING: [Synth 8-3295] tying undriven pin AXI_SYSMON_CORE_I/daddr_C_master_reg2_inferred:in0[4] to constant 0
WARNING: [Synth 8-3295] tying undriven pin AXI_SYSMON_CORE_I/daddr_C_master_reg2_inferred:in0[3] to constant 0
WARNING: [Synth 8-3295] tying undriven pin AXI_SYSMON_CORE_I/daddr_C_master_reg2_inferred:in0[2] to constant 0
WARNING: [Synth 8-3295] tying undriven pin AXI_SYSMON_CORE_I/daddr_C_master_reg2_inferred:in0[1] to constant 0
WARNING: [Synth 8-3295] tying undriven pin AXI_SYSMON_CORE_I/daddr_C_master_reg2_inferred:in0[0] to constant 0
WARNING: [Synth 8-3295] tying undriven pin AXI_SYSMON_CORE_I/di_C_master_reg2_inferred:in0[15] to constant 0
WARNING: [Synth 8-3295] tying undriven pin AXI_SYSMON_CORE_I/di_C_master_reg2_inferred:in0[14] to constant 0
WARNING: [Synth 8-3295] tying undriven pin AXI_SYSMON_CORE_I/di_C_master_reg2_inferred:in0[13] to constant 0
WARNING: [Synth 8-3295] tying undriven pin AXI_SYSMON_CORE_I/di_C_master_reg2_inferred:in0[12] to constant 0
WARNING: [Synth 8-3295] tying undriven pin AXI_SYSMON_CORE_I/di_C_master_reg2_inferred:in0[11] to constant 0
WARNING: [Synth 8-3295] tying undriven pin AXI_SYSMON_CORE_I/di_C_master_reg2_inferred:in0[10] to constant 0
WARNING: [Synth 8-3295] tying undriven pin AXI_SYSMON_CORE_I/di_C_master_reg2_inferred:in0[9] to constant 0
WARNING: [Synth 8-3295] tying undriven pin AXI_SYSMON_CORE_I/di_C_master_reg2_inferred:in0[8] to constant 0
WARNING: [Synth 8-3295] tying undriven pin AXI_SYSMON_CORE_I/di_C_master_reg2_inferred:in0[7] to constant 0
WARNING: [Synth 8-3295] tying undriven pin AXI_SYSMON_CORE_I/di_C_master_reg2_inferred:in0[6] to constant 0
WARNING: [Synth 8-3295] tying undriven pin AXI_SYSMON_CORE_I/di_C_master_reg2_inferred:in0[5] to constant 0
WARNING: [Synth 8-3295] tying undriven pin AXI_SYSMON_CORE_I/di_C_master_reg2_inferred:in0[4] to constant 0
WARNING: [Synth 8-3295] tying undriven pin AXI_SYSMON_CORE_I/di_C_master_reg2_inferred:in0[3] to constant 0
WARNING: [Synth 8-3295] tying undriven pin AXI_SYSMON_CORE_I/di_C_master_reg2_inferred:in0[2] to constant 0
WARNING: [Synth 8-3295] tying undriven pin AXI_SYSMON_CORE_I/di_C_master_reg2_inferred:in0[1] to constant 0
WARNING: [Synth 8-3295] tying undriven pin AXI_SYSMON_CORE_I/di_C_master_reg2_inferred:in0[0] to constant 0
WARNING: [Synth 8-3295] tying undriven pin AXI_SYSMON_CORE_I/dwe_C_master_reg2_inferred:in0 to constant 0
INFO: [Common 17-14] Message 'Synth 8-3295' appears 100 times and further instances of the messages will be disabled. Use the Tcl command set_msg_config to change the current settings.
---------------------------------------------------------------------------------
Finished IO Insertion : Time (s): cpu = 00:00:51 ; elapsed = 00:01:25 . Memory (MB): peak = 3285.254 ; gain = 683.387 ; free physical = 389 ; free virtual = 18718
---------------------------------------------------------------------------------
---------------------------------------------------------------------------------
Start Renaming Generated Instances
---------------------------------------------------------------------------------
---------------------------------------------------------------------------------
Finished Renaming Generated Instances : Time (s): cpu = 00:00:51 ; elapsed = 00:01:25 . Memory (MB): peak = 3285.254 ; gain = 683.387 ; free physical = 389 ; free virtual = 18718
---------------------------------------------------------------------------------
---------------------------------------------------------------------------------
Start Rebuilding User Hierarchy
---------------------------------------------------------------------------------
---------------------------------------------------------------------------------
Finished Rebuilding User Hierarchy : Time (s): cpu = 00:00:51 ; elapsed = 00:01:25 . Memory (MB): peak = 3285.254 ; gain = 683.387 ; free physical = 388 ; free virtual = 18717
---------------------------------------------------------------------------------
---------------------------------------------------------------------------------
Start Renaming Generated Ports
---------------------------------------------------------------------------------
---------------------------------------------------------------------------------
Finished Renaming Generated Ports : Time (s): cpu = 00:00:51 ; elapsed = 00:01:25 . Memory (MB): peak = 3285.254 ; gain = 683.387 ; free physical = 388 ; free virtual = 18717
---------------------------------------------------------------------------------
---------------------------------------------------------------------------------
Start Handling Custom Attributes
---------------------------------------------------------------------------------
---------------------------------------------------------------------------------
Finished Handling Custom Attributes : Time (s): cpu = 00:00:51 ; elapsed = 00:01:25 . Memory (MB): peak = 3285.254 ; gain = 683.387 ; free physical = 388 ; free virtual = 18717
---------------------------------------------------------------------------------
---------------------------------------------------------------------------------
Start Renaming Generated Nets
---------------------------------------------------------------------------------
---------------------------------------------------------------------------------
Finished Renaming Generated Nets : Time (s): cpu = 00:00:51 ; elapsed = 00:01:25 . Memory (MB): peak = 3285.254 ; gain = 683.387 ; free physical = 388 ; free virtual = 18717
---------------------------------------------------------------------------------
---------------------------------------------------------------------------------
Start Writing Synthesis Report
---------------------------------------------------------------------------------

Report BlackBoxes: 
+-+--------------+----------+
| |BlackBox name |Instances |
+-+--------------+----------+
+-+--------------+----------+

Report Cell Usage: 
+------+---------+------+
|      |Cell     |Count |
+------+---------+------+
|1     |LUT1     |   152|
|2     |LUT2     |    36|
|3     |LUT3     |    26|
|4     |LUT4     |    23|
|5     |LUT5     |    69|
|6     |LUT6     |    46|
|7     |SYSMONE4 |     1|
|8     |FDRE     |   227|
|9     |FDSE     |    37|
+------+---------+------+
---------------------------------------------------------------------------------
Finished Writing Synthesis Report : Time (s): cpu = 00:00:51 ; elapsed = 00:01:25 . Memory (MB): peak = 3285.254 ; gain = 683.387 ; free physical = 388 ; free virtual = 18717
---------------------------------------------------------------------------------
Synthesis finished with 0 errors, 0 critical warnings and 150 warnings.
Synthesis Optimization Runtime : Time (s): cpu = 00:00:45 ; elapsed = 00:01:16 . Memory (MB): peak = 3285.254 ; gain = 547.621 ; free physical = 424 ; free virtual = 18753
Synthesis Optimization Complete : Time (s): cpu = 00:00:51 ; elapsed = 00:01:26 . Memory (MB): peak = 3285.262 ; gain = 683.387 ; free physical = 424 ; free virtual = 18753
INFO: [Project 1-571] Translating synthesized netlist
Netlist sorting complete. Time (s): cpu = 00:00:00.01 ; elapsed = 00:00:00.01 . Memory (MB): peak = 3285.262 ; gain = 0.000 ; free physical = 417 ; free virtual = 18746
INFO: [Project 1-570] Preparing netlist for logic optimization
INFO: [Opt 31-138] Pushed 0 inverter(s) to 0 load pin(s).
Netlist sorting complete. Time (s): cpu = 00:00:00 ; elapsed = 00:00:00 . Memory (MB): peak = 3299.129 ; gain = 0.000 ; free physical = 430 ; free virtual = 18760
INFO: [Project 1-111] Unisim Transformation Summary:
No Unisim elements were transformed.

INFO: [Common 17-83] Releasing license: Synthesis
110 Infos, 101 Warnings, 0 Critical Warnings and 0 Errors encountered.
synth_design completed successfully
synth_design: Time (s): cpu = 00:01:08 ; elapsed = 00:01:46 . Memory (MB): peak = 3299.129 ; gain = 1155.941 ; free physical = 563 ; free virtual = 18893
INFO: [Common 17-1381] The checkpoint '/home/lxeng99/PTC/ptc-firmware/reference_design/Vivado/ME-XU5-5EV-2I-D12E/Mercury_XU5_PE1.runs/Mercury_XU5_system_management_wiz_0_synth_1/Mercury_XU5_system_management_wiz_0.dcp' has been generated.
WARNING: [Common 17-576] 'use_project_ipc' is deprecated. This option is deprecated and no longer used.
INFO: [Coretcl 2-1648] Added synthesis output to IP cache for IP Mercury_XU5_system_management_wiz_0, cache-ID = 19aebc88d0c8b5b8
INFO: [Coretcl 2-1174] Renamed 7 cell refs.
INFO: [Common 17-1381] The checkpoint '/home/lxeng99/PTC/ptc-firmware/reference_design/Vivado/ME-XU5-5EV-2I-D12E/Mercury_XU5_PE1.runs/Mercury_XU5_system_management_wiz_0_synth_1/Mercury_XU5_system_management_wiz_0.dcp' has been generated.
INFO: [runtcl-4] Executing : report_utilization -file Mercury_XU5_system_management_wiz_0_utilization_synth.rpt -pb Mercury_XU5_system_management_wiz_0_utilization_synth.pb
INFO: [Common 17-206] Exiting Vivado at Wed Aug 17 15:12:04 2022...
