#! /usr/bin/vvp
:ivl_version "11.0 (stable)";
:ivl_delay_selection "TYPICAL";
:vpi_time_precision - 12;
:vpi_module "/usr/lib/x86_64-linux-gnu/ivl/system.vpi";
:vpi_module "/usr/lib/x86_64-linux-gnu/ivl/vhdl_sys.vpi";
:vpi_module "/usr/lib/x86_64-linux-gnu/ivl/vhdl_textio.vpi";
:vpi_module "/usr/lib/x86_64-linux-gnu/ivl/v2005_math.vpi";
:vpi_module "/usr/lib/x86_64-linux-gnu/ivl/va_math.vpi";
S_0x597d80014ee0 .scope module, "demux_tb" "demux_tb" 2 4;
 .timescale -9 -12;
P_0x597d7ffd6620 .param/l "CYCLE" 0 2 12, +C4<00000000000000000000000001100100>;
P_0x597d7ffd6660 .param/l "HALF_CYCLE" 0 2 11, +C4<00000000000000000000000000110010>;
P_0x597d7ffd66a0 .param/l "PAUSE" 0 2 13, +C4<0000000000000000000000000000000000000000000000000000000111110100>;
v0x597d8002e8b0_0 .var "clk", 0 0;
v0x597d8002e970_0 .var "i", 0 0;
v0x597d8002ea40_0 .var "sel", 2 0;
v0x597d8002eb40_0 .net "y0", 0 0, v0x597d8002e0a0_0;  1 drivers
v0x597d8002ec10_0 .net "y1", 0 0, v0x597d8002e160_0;  1 drivers
v0x597d8002ecb0_0 .net "y2", 0 0, v0x597d8002e270_0;  1 drivers
v0x597d8002ed80_0 .net "y3", 0 0, v0x597d8002e330_0;  1 drivers
v0x597d8002ee50_0 .net "y4", 0 0, v0x597d8002e3f0_0;  1 drivers
v0x597d8002ef20_0 .net "y5", 0 0, v0x597d8002e4b0_0;  1 drivers
v0x597d8002f080_0 .net "y6", 0 0, v0x597d8002e570_0;  1 drivers
S_0x597d7ffd4cf0 .scope module, "demux_inst" "demux_1_8" 2 15, 3 1 0, S_0x597d80014ee0;
 .timescale 0 0;
    .port_info 0 /INPUT 3 "sel";
    .port_info 1 /INPUT 1 "i";
    .port_info 2 /INPUT 1 "clk";
    .port_info 3 /OUTPUT 1 "y0";
    .port_info 4 /OUTPUT 1 "y1";
    .port_info 5 /OUTPUT 1 "y2";
    .port_info 6 /OUTPUT 1 "y3";
    .port_info 7 /OUTPUT 1 "y4";
    .port_info 8 /OUTPUT 1 "y5";
    .port_info 9 /OUTPUT 1 "y6";
    .port_info 10 /OUTPUT 1 "y7";
v0x597d7ffd4ef0_0 .net "clk", 0 0, v0x597d8002e8b0_0;  1 drivers
v0x597d8002def0_0 .net "i", 0 0, v0x597d8002e970_0;  1 drivers
v0x597d8002dfb0_0 .net "sel", 2 0, v0x597d8002ea40_0;  1 drivers
v0x597d8002e0a0_0 .var "y0", 0 0;
v0x597d8002e160_0 .var "y1", 0 0;
v0x597d8002e270_0 .var "y2", 0 0;
v0x597d8002e330_0 .var "y3", 0 0;
v0x597d8002e3f0_0 .var "y4", 0 0;
v0x597d8002e4b0_0 .var "y5", 0 0;
v0x597d8002e570_0 .var "y6", 0 0;
v0x597d8002e630_0 .var "y7", 0 0;
E_0x597d8000eab0 .event posedge, v0x597d7ffd4ef0_0;
    .scope S_0x597d7ffd4cf0;
T_0 ;
    %wait E_0x597d8000eab0;
    %load/vec4 v0x597d8002dfb0_0;
    %dup/vec4;
    %pushi/vec4 0, 0, 3;
    %cmp/u;
    %jmp/1 T_0.0, 6;
    %dup/vec4;
    %pushi/vec4 1, 0, 3;
    %cmp/u;
    %jmp/1 T_0.1, 6;
    %dup/vec4;
    %pushi/vec4 2, 0, 3;
    %cmp/u;
    %jmp/1 T_0.2, 6;
    %dup/vec4;
    %pushi/vec4 3, 0, 3;
    %cmp/u;
    %jmp/1 T_0.3, 6;
    %dup/vec4;
    %pushi/vec4 4, 0, 3;
    %cmp/u;
    %jmp/1 T_0.4, 6;
    %dup/vec4;
    %pushi/vec4 5, 0, 3;
    %cmp/u;
    %jmp/1 T_0.5, 6;
    %dup/vec4;
    %pushi/vec4 6, 0, 3;
    %cmp/u;
    %jmp/1 T_0.6, 6;
    %dup/vec4;
    %pushi/vec4 7, 0, 3;
    %cmp/u;
    %jmp/1 T_0.7, 6;
    %jmp T_0.8;
T_0.0 ;
    %load/vec4 v0x597d8002def0_0;
    %concati/vec4 0, 0, 1;
    %concati/vec4 0, 0, 1;
    %concati/vec4 0, 0, 1;
    %concati/vec4 0, 0, 1;
    %concati/vec4 0, 0, 1;
    %concati/vec4 0, 0, 1;
    %concati/vec4 0, 0, 1;
    %split/vec4 1;
    %store/vec4 v0x597d8002e630_0, 0, 1;
    %split/vec4 1;
    %store/vec4 v0x597d8002e570_0, 0, 1;
    %split/vec4 1;
    %store/vec4 v0x597d8002e4b0_0, 0, 1;
    %split/vec4 1;
    %store/vec4 v0x597d8002e3f0_0, 0, 1;
    %split/vec4 1;
    %store/vec4 v0x597d8002e330_0, 0, 1;
    %split/vec4 1;
    %store/vec4 v0x597d8002e270_0, 0, 1;
    %split/vec4 1;
    %store/vec4 v0x597d8002e160_0, 0, 1;
    %store/vec4 v0x597d8002e0a0_0, 0, 1;
    %jmp T_0.8;
T_0.1 ;
    %pushi/vec4 0, 0, 1;
    %load/vec4 v0x597d8002def0_0;
    %concat/vec4; draw_concat_vec4
    %concati/vec4 0, 0, 1;
    %concati/vec4 0, 0, 1;
    %concati/vec4 0, 0, 1;
    %concati/vec4 0, 0, 1;
    %concati/vec4 0, 0, 1;
    %concati/vec4 0, 0, 1;
    %split/vec4 1;
    %store/vec4 v0x597d8002e630_0, 0, 1;
    %split/vec4 1;
    %store/vec4 v0x597d8002e570_0, 0, 1;
    %split/vec4 1;
    %store/vec4 v0x597d8002e4b0_0, 0, 1;
    %split/vec4 1;
    %store/vec4 v0x597d8002e3f0_0, 0, 1;
    %split/vec4 1;
    %store/vec4 v0x597d8002e330_0, 0, 1;
    %split/vec4 1;
    %store/vec4 v0x597d8002e270_0, 0, 1;
    %split/vec4 1;
    %store/vec4 v0x597d8002e160_0, 0, 1;
    %store/vec4 v0x597d8002e0a0_0, 0, 1;
    %jmp T_0.8;
T_0.2 ;
    %pushi/vec4 0, 0, 1;
    %concati/vec4 0, 0, 1;
    %load/vec4 v0x597d8002def0_0;
    %concat/vec4; draw_concat_vec4
    %concati/vec4 0, 0, 1;
    %concati/vec4 0, 0, 1;
    %concati/vec4 0, 0, 1;
    %concati/vec4 0, 0, 1;
    %concati/vec4 0, 0, 1;
    %split/vec4 1;
    %store/vec4 v0x597d8002e630_0, 0, 1;
    %split/vec4 1;
    %store/vec4 v0x597d8002e570_0, 0, 1;
    %split/vec4 1;
    %store/vec4 v0x597d8002e4b0_0, 0, 1;
    %split/vec4 1;
    %store/vec4 v0x597d8002e3f0_0, 0, 1;
    %split/vec4 1;
    %store/vec4 v0x597d8002e330_0, 0, 1;
    %split/vec4 1;
    %store/vec4 v0x597d8002e270_0, 0, 1;
    %split/vec4 1;
    %store/vec4 v0x597d8002e160_0, 0, 1;
    %store/vec4 v0x597d8002e0a0_0, 0, 1;
    %jmp T_0.8;
T_0.3 ;
    %pushi/vec4 0, 0, 1;
    %concati/vec4 0, 0, 1;
    %concati/vec4 0, 0, 1;
    %load/vec4 v0x597d8002def0_0;
    %concat/vec4; draw_concat_vec4
    %concati/vec4 0, 0, 1;
    %concati/vec4 0, 0, 1;
    %concati/vec4 0, 0, 1;
    %concati/vec4 0, 0, 1;
    %split/vec4 1;
    %store/vec4 v0x597d8002e630_0, 0, 1;
    %split/vec4 1;
    %store/vec4 v0x597d8002e570_0, 0, 1;
    %split/vec4 1;
    %store/vec4 v0x597d8002e4b0_0, 0, 1;
    %split/vec4 1;
    %store/vec4 v0x597d8002e3f0_0, 0, 1;
    %split/vec4 1;
    %store/vec4 v0x597d8002e330_0, 0, 1;
    %split/vec4 1;
    %store/vec4 v0x597d8002e270_0, 0, 1;
    %split/vec4 1;
    %store/vec4 v0x597d8002e160_0, 0, 1;
    %store/vec4 v0x597d8002e0a0_0, 0, 1;
    %jmp T_0.8;
T_0.4 ;
    %pushi/vec4 0, 0, 1;
    %concati/vec4 0, 0, 1;
    %concati/vec4 0, 0, 1;
    %concati/vec4 0, 0, 1;
    %load/vec4 v0x597d8002def0_0;
    %concat/vec4; draw_concat_vec4
    %concati/vec4 0, 0, 1;
    %concati/vec4 0, 0, 1;
    %concati/vec4 0, 0, 1;
    %split/vec4 1;
    %store/vec4 v0x597d8002e630_0, 0, 1;
    %split/vec4 1;
    %store/vec4 v0x597d8002e570_0, 0, 1;
    %split/vec4 1;
    %store/vec4 v0x597d8002e4b0_0, 0, 1;
    %split/vec4 1;
    %store/vec4 v0x597d8002e3f0_0, 0, 1;
    %split/vec4 1;
    %store/vec4 v0x597d8002e330_0, 0, 1;
    %split/vec4 1;
    %store/vec4 v0x597d8002e270_0, 0, 1;
    %split/vec4 1;
    %store/vec4 v0x597d8002e160_0, 0, 1;
    %store/vec4 v0x597d8002e0a0_0, 0, 1;
    %jmp T_0.8;
T_0.5 ;
    %pushi/vec4 0, 0, 1;
    %concati/vec4 0, 0, 1;
    %concati/vec4 0, 0, 1;
    %concati/vec4 0, 0, 1;
    %concati/vec4 0, 0, 1;
    %load/vec4 v0x597d8002def0_0;
    %concat/vec4; draw_concat_vec4
    %concati/vec4 0, 0, 1;
    %concati/vec4 0, 0, 1;
    %split/vec4 1;
    %store/vec4 v0x597d8002e630_0, 0, 1;
    %split/vec4 1;
    %store/vec4 v0x597d8002e570_0, 0, 1;
    %split/vec4 1;
    %store/vec4 v0x597d8002e4b0_0, 0, 1;
    %split/vec4 1;
    %store/vec4 v0x597d8002e3f0_0, 0, 1;
    %split/vec4 1;
    %store/vec4 v0x597d8002e330_0, 0, 1;
    %split/vec4 1;
    %store/vec4 v0x597d8002e270_0, 0, 1;
    %split/vec4 1;
    %store/vec4 v0x597d8002e160_0, 0, 1;
    %store/vec4 v0x597d8002e0a0_0, 0, 1;
    %jmp T_0.8;
T_0.6 ;
    %pushi/vec4 0, 0, 8;
    %split/vec4 1;
    %store/vec4 v0x597d8002e630_0, 0, 1;
    %split/vec4 1;
    %store/vec4 v0x597d8002e570_0, 0, 1;
    %split/vec4 1;
    %store/vec4 v0x597d8002e4b0_0, 0, 1;
    %split/vec4 1;
    %store/vec4 v0x597d8002e3f0_0, 0, 1;
    %split/vec4 1;
    %store/vec4 v0x597d8002e330_0, 0, 1;
    %split/vec4 1;
    %store/vec4 v0x597d8002e270_0, 0, 1;
    %split/vec4 1;
    %store/vec4 v0x597d8002e160_0, 0, 1;
    %store/vec4 v0x597d8002e0a0_0, 0, 1;
    %jmp T_0.8;
T_0.7 ;
    %pushi/vec4 0, 0, 8;
    %split/vec4 1;
    %store/vec4 v0x597d8002e630_0, 0, 1;
    %split/vec4 1;
    %store/vec4 v0x597d8002e570_0, 0, 1;
    %split/vec4 1;
    %store/vec4 v0x597d8002e4b0_0, 0, 1;
    %split/vec4 1;
    %store/vec4 v0x597d8002e3f0_0, 0, 1;
    %split/vec4 1;
    %store/vec4 v0x597d8002e330_0, 0, 1;
    %split/vec4 1;
    %store/vec4 v0x597d8002e270_0, 0, 1;
    %split/vec4 1;
    %store/vec4 v0x597d8002e160_0, 0, 1;
    %store/vec4 v0x597d8002e0a0_0, 0, 1;
    %jmp T_0.8;
T_0.8 ;
    %pop/vec4 1;
    %jmp T_0;
    .thread T_0;
    .scope S_0x597d80014ee0;
T_1 ;
T_1.0 ;
    %delay 50000, 0;
    %load/vec4 v0x597d8002e8b0_0;
    %nor/r;
    %store/vec4 v0x597d8002e8b0_0, 0, 1;
    %jmp T_1.0;
    %jmp T_1;
    .thread T_1;
    .scope S_0x597d80014ee0;
T_2 ;
    %vpi_call 2 34 "$dumpfile", "demux.vcd" {0 0 0};
    %vpi_call 2 35 "$dumpvars", 32'sb00000000000000000000000000000000, v0x597d8002ea40_0, v0x597d8002e970_0, v0x597d8002e8b0_0, v0x597d8002eb40_0, v0x597d8002ec10_0, v0x597d8002ecb0_0, v0x597d8002ed80_0, v0x597d8002ee50_0, v0x597d8002ef20_0, v0x597d8002f080_0 {0 0 0};
    %pushi/vec4 0, 0, 1;
    %store/vec4 v0x597d8002e8b0_0, 0, 1;
    %pushi/vec4 1, 0, 1;
    %store/vec4 v0x597d8002e970_0, 0, 1;
    %delay 500000, 0;
    %pushi/vec4 0, 0, 3;
    %store/vec4 v0x597d8002ea40_0, 0, 3;
    %delay 500000, 0;
    %pushi/vec4 1, 0, 3;
    %store/vec4 v0x597d8002ea40_0, 0, 3;
    %delay 500000, 0;
    %pushi/vec4 2, 0, 3;
    %store/vec4 v0x597d8002ea40_0, 0, 3;
    %delay 500000, 0;
    %pushi/vec4 3, 0, 3;
    %store/vec4 v0x597d8002ea40_0, 0, 3;
    %delay 500000, 0;
    %pushi/vec4 4, 0, 3;
    %store/vec4 v0x597d8002ea40_0, 0, 3;
    %delay 500000, 0;
    %pushi/vec4 5, 0, 3;
    %store/vec4 v0x597d8002ea40_0, 0, 3;
    %delay 500000, 0;
    %pushi/vec4 6, 0, 3;
    %store/vec4 v0x597d8002ea40_0, 0, 3;
    %delay 500000, 0;
    %vpi_call 2 60 "$finish" {0 0 0};
    %end;
    .thread T_2;
# The file index is used to find the file name in the following table.
:file_names 4;
    "N/A";
    "<interactive>";
    "demux_tb.v";
    "./demux.v";
